Starting Script
Changed Directory
Loaded Packages
Got Files
create first climatology
Starting Read
/vortexfs1/home/anthony.meza/GLORYS_data/1993/01/glorys_NEP_19930101.nc
/vortexfs1/home/anthony.meza/GLORYS_data/1993/04/glorys_NEP_19930410.nc
/vortexfs1/home/anthony.meza/GLORYS_data/1993/07/glorys_NEP_19930719.nc
/vortexfs1/home/anthony.meza/GLORYS_data/1993/10/glorys_NEP_19931027.nc
/vortexfs1/home/anthony.meza/GLORYS_data/1994/02/glorys_NEP_19940204.nc
/vortexfs1/home/anthony.meza/GLORYS_data/1994/05/glorys_NEP_19940515.nc
/vortexfs1/home/anthony.meza/GLORYS_data/1994/08/glorys_NEP_19940823.nc
/vortexfs1/home/anthony.meza/GLORYS_data/1994/12/glorys_NEP_19941201.nc
/vortexfs1/home/anthony.meza/GLORYS_data/1995/03/glorys_NEP_19950310.nc
/vortexfs1/home/anthony.meza/GLORYS_data/1995/06/glorys_NEP_19950618.nc
/vortexfs1/home/anthony.meza/GLORYS_data/1995/09/glorys_NEP_19950926.nc
/vortexfs1/home/anthony.meza/GLORYS_data/1996/01/glorys_NEP_19960104.nc
/vortexfs1/home/anthony.meza/GLORYS_data/1996/04/glorys_NEP_19960413.nc
/vortexfs1/home/anthony.meza/GLORYS_data/1996/07/glorys_NEP_19960722.nc
/vortexfs1/home/anthony.meza/GLORYS_data/1996/10/glorys_NEP_19961030.nc
/vortexfs1/home/anthony.meza/GLORYS_data/1997/02/glorys_NEP_19970207.nc
/vortexfs1/home/anthony.meza/GLORYS_data/1997/05/glorys_NEP_19970517.nc
/vortexfs1/home/anthony.meza/GLORYS_data/1997/08/glorys_NEP_19970825.nc
/vortexfs1/home/anthony.meza/GLORYS_data/1997/12/glorys_NEP_19971203.nc
/vortexfs1/home/anthony.meza/GLORYS_data/1998/03/glorys_NEP_19980312.nc
/vortexfs1/home/anthony.meza/GLORYS_data/1998/06/glorys_NEP_19980620.nc
/vortexfs1/home/anthony.meza/GLORYS_data/1998/09/glorys_NEP_19980928.nc
/vortexfs1/home/anthony.meza/GLORYS_data/1999/01/glorys_NEP_19990106.nc
/vortexfs1/home/anthony.meza/GLORYS_data/1999/04/glorys_NEP_19990416.nc
/vortexfs1/home/anthony.meza/GLORYS_data/1999/07/glorys_NEP_19990725.nc
/vortexfs1/home/anthony.meza/GLORYS_data/1999/11/glorys_NEP_19991102.nc
/vortexfs1/home/anthony.meza/GLORYS_data/2000/02/glorys_NEP_20000210.nc
/vortexfs1/home/anthony.meza/GLORYS_data/2000/05/glorys_NEP_20000520.nc
/vortexfs1/home/anthony.meza/GLORYS_data/2000/08/glorys_NEP_20000828.nc
/vortexfs1/home/anthony.meza/GLORYS_data/2000/12/glorys_NEP_20001206.nc
/vortexfs1/home/anthony.meza/GLORYS_data/2001/03/glorys_NEP_20010315.nc
/vortexfs1/home/anthony.meza/GLORYS_data/2001/06/glorys_NEP_20010623.nc
/vortexfs1/home/anthony.meza/GLORYS_data/2001/10/glorys_NEP_20011001.nc
/vortexfs1/home/anthony.meza/GLORYS_data/2002/01/glorys_NEP_20020109.nc
/vortexfs1/home/anthony.meza/GLORYS_data/2002/04/glorys_NEP_20020418.nc
/vortexfs1/home/anthony.meza/GLORYS_data/2002/07/glorys_NEP_20020727.nc
/vortexfs1/home/anthony.meza/GLORYS_data/2002/11/glorys_NEP_20021104.nc
/vortexfs1/home/anthony.meza/GLORYS_data/2003/02/glorys_NEP_20030212.nc
/vortexfs1/home/anthony.meza/GLORYS_data/2003/05/glorys_NEP_20030522.nc
/vortexfs1/home/anthony.meza/GLORYS_data/2003/08/glorys_NEP_20030830.nc
/vortexfs1/home/anthony.meza/GLORYS_data/2003/12/glorys_NEP_20031208.nc
/vortexfs1/home/anthony.meza/GLORYS_data/2004/03/glorys_NEP_20040317.nc
/vortexfs1/home/anthony.meza/GLORYS_data/2004/06/glorys_NEP_20040625.nc
/vortexfs1/home/anthony.meza/GLORYS_data/2004/10/glorys_NEP_20041003.nc
/vortexfs1/home/anthony.meza/GLORYS_data/2005/01/glorys_NEP_20050111.nc
/vortexfs1/home/anthony.meza/GLORYS_data/2005/04/glorys_NEP_20050421.nc
/vortexfs1/home/anthony.meza/GLORYS_data/2005/07/glorys_NEP_20050730.nc
/vortexfs1/home/anthony.meza/GLORYS_data/2005/11/glorys_NEP_20051107.nc
/vortexfs1/home/anthony.meza/GLORYS_data/2006/02/glorys_NEP_20060215.nc
/vortexfs1/home/anthony.meza/GLORYS_data/2006/05/glorys_NEP_20060525.nc
/vortexfs1/home/anthony.meza/GLORYS_data/2006/09/glorys_NEP_20060902.nc
/vortexfs1/home/anthony.meza/GLORYS_data/2006/12/glorys_NEP_20061211.nc
/vortexfs1/home/anthony.meza/GLORYS_data/2007/03/glorys_NEP_20070320.nc
/vortexfs1/home/anthony.meza/GLORYS_data/2007/06/glorys_NEP_20070628.nc
/vortexfs1/home/anthony.meza/GLORYS_data/2007/10/glorys_NEP_20071006.nc
/vortexfs1/home/anthony.meza/GLORYS_data/2008/01/glorys_NEP_20080114.nc
/vortexfs1/home/anthony.meza/GLORYS_data/2008/04/glorys_NEP_20080423.nc
/vortexfs1/home/anthony.meza/GLORYS_data/2008/08/glorys_NEP_20080801.nc
/vortexfs1/home/anthony.meza/GLORYS_data/2008/11/glorys_NEP_20081109.nc
/vortexfs1/home/anthony.meza/GLORYS_data/2009/02/glorys_NEP_20090217.nc
/vortexfs1/home/anthony.meza/GLORYS_data/2009/05/glorys_NEP_20090527.nc
/vortexfs1/home/anthony.meza/GLORYS_data/2009/09/glorys_NEP_20090904.nc
/vortexfs1/home/anthony.meza/GLORYS_data/2009/12/glorys_NEP_20091213.nc
/vortexfs1/home/anthony.meza/GLORYS_data/2010/03/glorys_NEP_20100322.nc
/vortexfs1/home/anthony.meza/GLORYS_data/2010/06/glorys_NEP_20100630.nc
/vortexfs1/home/anthony.meza/GLORYS_data/2010/10/glorys_NEP_20101008.nc
/vortexfs1/home/anthony.meza/GLORYS_data/2011/01/glorys_NEP_20110116.nc
/vortexfs1/home/anthony.meza/GLORYS_data/2011/04/glorys_NEP_20110425.nc
/vortexfs1/home/anthony.meza/GLORYS_data/2011/08/glorys_NEP_20110803.nc
/vortexfs1/home/anthony.meza/GLORYS_data/2011/11/glorys_NEP_20111111.nc
/vortexfs1/home/anthony.meza/GLORYS_data/2012/02/glorys_NEP_20120219.nc
/vortexfs1/home/anthony.meza/GLORYS_data/2012/05/glorys_NEP_20120529.nc
/vortexfs1/home/anthony.meza/GLORYS_data/2012/09/glorys_NEP_20120906.nc
/vortexfs1/home/anthony.meza/GLORYS_data/2012/12/glorys_NEP_20121215.nc
/vortexfs1/home/anthony.meza/GLORYS_data/2013/03/glorys_NEP_20130324.nc
/vortexfs1/home/anthony.meza/GLORYS_data/2013/07/glorys_NEP_20130702.nc
/vortexfs1/home/anthony.meza/GLORYS_data/2013/10/glorys_NEP_20131010.nc
/vortexfs1/home/anthony.meza/GLORYS_data/2014/01/glorys_NEP_20140118.nc
/vortexfs1/home/anthony.meza/GLORYS_data/2014/04/glorys_NEP_20140427.nc
/vortexfs1/home/anthony.meza/GLORYS_data/2014/08/glorys_NEP_20140805.nc
/vortexfs1/home/anthony.meza/GLORYS_data/2014/11/glorys_NEP_20141113.nc
/vortexfs1/home/anthony.meza/GLORYS_data/2015/02/glorys_NEP_20150221.nc
/vortexfs1/home/anthony.meza/GLORYS_data/2015/05/glorys_NEP_20150531.nc
/vortexfs1/home/anthony.meza/GLORYS_data/2015/09/glorys_NEP_20150908.nc
/vortexfs1/home/anthony.meza/GLORYS_data/2015/12/glorys_NEP_20151217.nc
/vortexfs1/home/anthony.meza/GLORYS_data/2016/03/glorys_NEP_20160326.nc
/vortexfs1/home/anthony.meza/GLORYS_data/2016/07/glorys_NEP_20160704.nc
/vortexfs1/home/anthony.meza/GLORYS_data/2016/10/glorys_NEP_20161012.nc
/vortexfs1/home/anthony.meza/GLORYS_data/2017/01/glorys_NEP_20170120.nc
/vortexfs1/home/anthony.meza/GLORYS_data/2017/04/glorys_NEP_20170429.nc
/vortexfs1/home/anthony.meza/GLORYS_data/2017/08/glorys_NEP_20170807.nc
/vortexfs1/home/anthony.meza/GLORYS_data/2017/11/glorys_NEP_20171115.nc
/vortexfs1/home/anthony.meza/GLORYS_data/2018/02/glorys_NEP_20180223.nc
/vortexfs1/home/anthony.meza/GLORYS_data/2018/06/glorys_NEP_20180602.nc
/vortexfs1/home/anthony.meza/GLORYS_data/2018/09/glorys_NEP_20180910.nc
/vortexfs1/home/anthony.meza/GLORYS_data/2018/12/glorys_NEP_20181219.nc
/vortexfs1/home/anthony.meza/GLORYS_data/2019/03/glorys_NEP_20190328.nc
/vortexfs1/home/anthony.meza/GLORYS_data/2019/07/glorys_NEP_20190706.nc
/vortexfs1/home/anthony.meza/GLORYS_data/2019/10/glorys_NEP_20191014.nc
/vortexfs1/home/anthony.meza/GLORYS_data/2020/01/glorys_NEP_20200122.nc
/vortexfs1/home/anthony.meza/GLORYS_data/2020/05/glorys_NEP_20200501.nc
