2023-05-03 09:10:27,705 - distributed.nanny - INFO -         Start Nanny at: 'tcp://172.16.3.133:44179'
2023-05-03 09:10:32,032 - distributed.worker - INFO -       Start worker at:   tcp://172.16.3.133:41190
2023-05-03 09:10:32,032 - distributed.worker - INFO -          Listening to:   tcp://172.16.3.133:41190
2023-05-03 09:10:32,032 - distributed.worker - INFO -           Worker name:             SLURMCluster-4
2023-05-03 09:10:32,032 - distributed.worker - INFO -          dashboard at:         172.16.3.133:35622
2023-05-03 09:10:32,032 - distributed.worker - INFO - Waiting to connect to:   tcp://172.16.3.158:34390
2023-05-03 09:10:32,032 - distributed.worker - INFO - -------------------------------------------------
2023-05-03 09:10:32,032 - distributed.worker - INFO -               Threads:                         36
2023-05-03 09:10:32,032 - distributed.worker - INFO -                Memory:                  93.13 GiB
2023-05-03 09:10:32,032 - distributed.worker - INFO -       Local Directory: /tmp/dask-worker-space/worker-5ouyod5z
2023-05-03 09:10:32,032 - distributed.worker - INFO - -------------------------------------------------
2023-05-03 09:10:32,037 - distributed.worker - INFO -         Registered to:   tcp://172.16.3.158:34390
2023-05-03 09:10:32,037 - distributed.worker - INFO - -------------------------------------------------
2023-05-03 09:10:32,037 - distributed.core - INFO - Starting established connection to tcp://172.16.3.158:34390
2023-05-03 09:12:52,608 - distributed.utils_perf - INFO - full garbage collection released 784.51 MiB from 76 reference cycles (threshold: 9.54 MiB)
2023-05-03 09:12:56,665 - distributed.utils_perf - INFO - full garbage collection released 1.83 GiB from 260 reference cycles (threshold: 9.54 MiB)
2023-05-03 09:13:01,524 - distributed.utils_perf - INFO - full garbage collection released 2.28 GiB from 242 reference cycles (threshold: 9.54 MiB)
2023-05-03 09:13:07,550 - distributed.utils_perf - INFO - full garbage collection released 1.50 GiB from 340 reference cycles (threshold: 9.54 MiB)
2023-05-03 09:13:09,893 - distributed.utils_perf - INFO - full garbage collection released 1.24 GiB from 600 reference cycles (threshold: 9.54 MiB)
2023-05-03 09:13:13,809 - distributed.utils_perf - INFO - full garbage collection released 3.45 GiB from 480 reference cycles (threshold: 9.54 MiB)
2023-05-03 09:13:24,765 - distributed.utils_perf - INFO - full garbage collection released 3.18 GiB from 220 reference cycles (threshold: 9.54 MiB)
2023-05-03 09:13:28,177 - distributed.core - INFO - Removing comms to tcp://172.16.3.105:34566
2023-05-03 09:13:48,312 - distributed.core - INFO - Removing comms to tcp://172.16.3.88:43865
2023-05-03 09:13:48,313 - distributed.worker - ERROR - Worker stream died during communication: tcp://172.16.3.88:43865
Traceback (most recent call last):
  File "/vortexfs1/home/anthony.meza/mambaforge/envs/atm_rivers/lib/python3.10/site-packages/distributed/comm/tcp.py", line 235, in read
    n = await stream.read_into(chunk)
tornado.iostream.StreamClosedError: Stream is closed

The above exception was the direct cause of the following exception:

Traceback (most recent call last):
  File "/vortexfs1/home/anthony.meza/mambaforge/envs/atm_rivers/lib/python3.10/site-packages/distributed/worker.py", line 2056, in gather_dep
    response = await get_data_from_worker(
  File "/vortexfs1/home/anthony.meza/mambaforge/envs/atm_rivers/lib/python3.10/site-packages/distributed/worker.py", line 2891, in get_data_from_worker
    response = await send_recv(
  File "/vortexfs1/home/anthony.meza/mambaforge/envs/atm_rivers/lib/python3.10/site-packages/distributed/core.py", line 1027, in send_recv
    response = await comm.read(deserializers=deserializers)
  File "/vortexfs1/home/anthony.meza/mambaforge/envs/atm_rivers/lib/python3.10/site-packages/distributed/comm/tcp.py", line 241, in read
    convert_stream_closed_error(self, e)
  File "/vortexfs1/home/anthony.meza/mambaforge/envs/atm_rivers/lib/python3.10/site-packages/distributed/comm/tcp.py", line 144, in convert_stream_closed_error
    raise CommClosedError(f"in {obj}: {exc}") from exc
distributed.comm.core.CommClosedError: in <TCP (closed) Ephemeral Worker->Worker for gather local=tcp://172.16.3.133:46475 remote=tcp://172.16.3.88:43865>: Stream is closed
2023-05-03 09:14:00,904 - distributed.worker.memory - WARNING - Worker is at 82% memory usage. Pausing worker.  Process memory: 77.04 GiB -- Worker memory limit: 93.13 GiB
2023-05-03 09:14:02,203 - distributed.worker - ERROR - failed during get data with tcp://172.16.3.133:41190 -> tcp://172.16.3.93:32926
Traceback (most recent call last):
  File "/vortexfs1/home/anthony.meza/mambaforge/envs/atm_rivers/lib/python3.10/site-packages/distributed/comm/tcp.py", line 225, in read
    frames_nbytes = await stream.read_bytes(fmt_size)
tornado.iostream.StreamClosedError: Stream is closed

The above exception was the direct cause of the following exception:

Traceback (most recent call last):
  File "/vortexfs1/home/anthony.meza/mambaforge/envs/atm_rivers/lib/python3.10/site-packages/distributed/worker.py", line 1783, in get_data
    response = await comm.read(deserializers=serializers)
  File "/vortexfs1/home/anthony.meza/mambaforge/envs/atm_rivers/lib/python3.10/site-packages/distributed/comm/tcp.py", line 241, in read
    convert_stream_closed_error(self, e)
  File "/vortexfs1/home/anthony.meza/mambaforge/envs/atm_rivers/lib/python3.10/site-packages/distributed/comm/tcp.py", line 144, in convert_stream_closed_error
    raise CommClosedError(f"in {obj}: {exc}") from exc
distributed.comm.core.CommClosedError: in <TCP (closed)  local=tcp://172.16.3.133:41190 remote=tcp://172.16.3.93:44734>: Stream is closed
2023-05-03 09:14:02,204 - distributed.worker - ERROR - failed during get data with tcp://172.16.3.133:41190 -> tcp://172.16.3.105:34946
Traceback (most recent call last):
  File "/vortexfs1/home/anthony.meza/mambaforge/envs/atm_rivers/lib/python3.10/site-packages/distributed/comm/tcp.py", line 225, in read
    frames_nbytes = await stream.read_bytes(fmt_size)
tornado.iostream.StreamClosedError: Stream is closed

The above exception was the direct cause of the following exception:

Traceback (most recent call last):
  File "/vortexfs1/home/anthony.meza/mambaforge/envs/atm_rivers/lib/python3.10/site-packages/distributed/worker.py", line 1783, in get_data
    response = await comm.read(deserializers=serializers)
  File "/vortexfs1/home/anthony.meza/mambaforge/envs/atm_rivers/lib/python3.10/site-packages/distributed/comm/tcp.py", line 241, in read
    convert_stream_closed_error(self, e)
  File "/vortexfs1/home/anthony.meza/mambaforge/envs/atm_rivers/lib/python3.10/site-packages/distributed/comm/tcp.py", line 144, in convert_stream_closed_error
    raise CommClosedError(f"in {obj}: {exc}") from exc
distributed.comm.core.CommClosedError: in <TCP (closed)  local=tcp://172.16.3.133:41190 remote=tcp://172.16.3.105:47753>: Stream is closed
2023-05-03 09:14:02,205 - distributed.worker - ERROR - Worker stream died during communication: tcp://172.16.3.90:45393
Traceback (most recent call last):
  File "/vortexfs1/home/anthony.meza/mambaforge/envs/atm_rivers/lib/python3.10/site-packages/distributed/comm/tcp.py", line 235, in read
    n = await stream.read_into(chunk)
tornado.iostream.StreamClosedError: Stream is closed

The above exception was the direct cause of the following exception:

Traceback (most recent call last):
  File "/vortexfs1/home/anthony.meza/mambaforge/envs/atm_rivers/lib/python3.10/site-packages/distributed/worker.py", line 2056, in gather_dep
    response = await get_data_from_worker(
  File "/vortexfs1/home/anthony.meza/mambaforge/envs/atm_rivers/lib/python3.10/site-packages/distributed/worker.py", line 2891, in get_data_from_worker
    response = await send_recv(
  File "/vortexfs1/home/anthony.meza/mambaforge/envs/atm_rivers/lib/python3.10/site-packages/distributed/core.py", line 1027, in send_recv
    response = await comm.read(deserializers=deserializers)
  File "/vortexfs1/home/anthony.meza/mambaforge/envs/atm_rivers/lib/python3.10/site-packages/distributed/comm/tcp.py", line 241, in read
    convert_stream_closed_error(self, e)
  File "/vortexfs1/home/anthony.meza/mambaforge/envs/atm_rivers/lib/python3.10/site-packages/distributed/comm/tcp.py", line 144, in convert_stream_closed_error
    raise CommClosedError(f"in {obj}: {exc}") from exc
distributed.comm.core.CommClosedError: in <TCP (closed) Ephemeral Worker->Worker for gather local=tcp://172.16.3.133:48251 remote=tcp://172.16.3.90:45393>: Stream is closed
2023-05-03 09:14:02,206 - distributed.core - INFO - Event loop was unresponsive in Worker for 7.40s.  This is often caused by long-running GIL-holding functions or moving large chunks of data. This can cause timeouts and instability.
2023-05-03 09:14:09,264 - distributed.worker - ERROR - Worker stream died during communication: tcp://172.16.3.166:34331
Traceback (most recent call last):
  File "/vortexfs1/home/anthony.meza/mambaforge/envs/atm_rivers/lib/python3.10/site-packages/distributed/comm/tcp.py", line 235, in read
    n = await stream.read_into(chunk)
tornado.iostream.StreamClosedError: Stream is closed

The above exception was the direct cause of the following exception:

Traceback (most recent call last):
  File "/vortexfs1/home/anthony.meza/mambaforge/envs/atm_rivers/lib/python3.10/site-packages/distributed/worker.py", line 2056, in gather_dep
    response = await get_data_from_worker(
  File "/vortexfs1/home/anthony.meza/mambaforge/envs/atm_rivers/lib/python3.10/site-packages/distributed/worker.py", line 2891, in get_data_from_worker
    response = await send_recv(
  File "/vortexfs1/home/anthony.meza/mambaforge/envs/atm_rivers/lib/python3.10/site-packages/distributed/core.py", line 1027, in send_recv
    response = await comm.read(deserializers=deserializers)
  File "/vortexfs1/home/anthony.meza/mambaforge/envs/atm_rivers/lib/python3.10/site-packages/distributed/comm/tcp.py", line 241, in read
    convert_stream_closed_error(self, e)
  File "/vortexfs1/home/anthony.meza/mambaforge/envs/atm_rivers/lib/python3.10/site-packages/distributed/comm/tcp.py", line 144, in convert_stream_closed_error
    raise CommClosedError(f"in {obj}: {exc}") from exc
distributed.comm.core.CommClosedError: in <TCP (closed) Ephemeral Worker->Worker for gather local=tcp://172.16.3.133:56024 remote=tcp://172.16.3.166:34331>: Stream is closed
2023-05-03 09:14:09,782 - distributed.core - INFO - Event loop was unresponsive in Worker for 7.58s.  This is often caused by long-running GIL-holding functions or moving large chunks of data. This can cause timeouts and instability.
2023-05-03 09:14:10,245 - distributed.nanny.memory - WARNING - Worker tcp://172.16.3.133:41190 (pid=154322) exceeded 95% memory budget. Restarting...
2023-05-03 09:14:15,445 - distributed.nanny - INFO - Worker process 154322 was killed by signal 15
2023-05-03 09:14:22,236 - distributed.core - INFO - Event loop was unresponsive in Nanny for 6.79s.  This is often caused by long-running GIL-holding functions or moving large chunks of data. This can cause timeouts and instability.
2023-05-03 09:14:32,237 - distributed.nanny - WARNING - Restarting worker
2023-05-03 09:14:39,903 - distributed.worker - INFO -       Start worker at:   tcp://172.16.3.133:37397
2023-05-03 09:14:39,904 - distributed.worker - INFO -          Listening to:   tcp://172.16.3.133:37397
2023-05-03 09:14:39,904 - distributed.worker - INFO -           Worker name:             SLURMCluster-4
2023-05-03 09:14:39,904 - distributed.worker - INFO -          dashboard at:         172.16.3.133:33817
2023-05-03 09:14:39,904 - distributed.worker - INFO - Waiting to connect to:   tcp://172.16.3.158:34390
2023-05-03 09:14:39,904 - distributed.worker - INFO - -------------------------------------------------
2023-05-03 09:14:39,904 - distributed.worker - INFO -               Threads:                         36
2023-05-03 09:14:39,905 - distributed.worker - INFO -                Memory:                  93.13 GiB
2023-05-03 09:14:39,905 - distributed.worker - INFO -       Local Directory: /tmp/dask-worker-space/worker-bm7832wt
2023-05-03 09:14:39,905 - distributed.worker - INFO - -------------------------------------------------
2023-05-03 09:15:09,905 - distributed.worker - INFO - Waiting to connect to:   tcp://172.16.3.158:34390
2023-05-03 09:15:32,239 - distributed.nanny - ERROR - Timed out connecting Nanny '<Nanny: tcp://172.16.3.133:41190, threads: 36>' to scheduler 'tcp://172.16.3.158:34390'
2023-05-03 09:15:32,240 - distributed.nanny - INFO - Closing Nanny at 'tcp://172.16.3.133:44179'. Reason: nanny-instantiate-timeout
2023-05-03 09:15:35,930 - distributed.worker - INFO - Stopping worker at tcp://172.16.3.133:37397. Reason: worker-close
2023-05-03 09:15:35,930 - distributed.worker - INFO - Closed worker has not yet started: Status.init
2023-05-03 09:15:35,932 - distributed.nanny - ERROR - Failed to start worker
ConnectionRefusedError: [Errno 111] Connection refused

The above exception was the direct cause of the following exception:

Traceback (most recent call last):
  File "/vortexfs1/home/anthony.meza/mambaforge/envs/atm_rivers/lib/python3.10/site-packages/distributed/comm/core.py", line 292, in connect
    comm = await wait_for(
  File "/vortexfs1/home/anthony.meza/mambaforge/envs/atm_rivers/lib/python3.10/site-packages/distributed/utils.py", line 1850, in wait_for
    return await asyncio.wait_for(fut, timeout)
  File "/vortexfs1/home/anthony.meza/mambaforge/envs/atm_rivers/lib/python3.10/asyncio/tasks.py", line 445, in wait_for
    return fut.result()
  File "/vortexfs1/home/anthony.meza/mambaforge/envs/atm_rivers/lib/python3.10/site-packages/distributed/comm/tcp.py", line 511, in connect
    convert_stream_closed_error(self, e)
  File "/vortexfs1/home/anthony.meza/mambaforge/envs/atm_rivers/lib/python3.10/site-packages/distributed/comm/tcp.py", line 142, in convert_stream_closed_error
    raise CommClosedError(f"in {obj}: {exc.__class__.__name__}: {exc}") from exc
distributed.comm.core.CommClosedError: in <distributed.comm.tcp.TCPConnector object at 0x2aaacb1af280>: ConnectionRefusedError: [Errno 111] Connection refused

During handling of the above exception, another exception occurred:

Traceback (most recent call last):
  File "/vortexfs1/home/anthony.meza/mambaforge/envs/atm_rivers/lib/python3.10/site-packages/distributed/worker.py", line 1472, in start_unsafe
    await self._register_with_scheduler()
  File "/vortexfs1/home/anthony.meza/mambaforge/envs/atm_rivers/lib/python3.10/site-packages/distributed/worker.py", line 1163, in _register_with_scheduler
    comm = await connect(self.scheduler.address, **self.connection_args)
  File "/vortexfs1/home/anthony.meza/mambaforge/envs/atm_rivers/lib/python3.10/site-packages/distributed/comm/core.py", line 316, in connect
    await asyncio.sleep(backoff)
  File "/vortexfs1/home/anthony.meza/mambaforge/envs/atm_rivers/lib/python3.10/asyncio/tasks.py", line 605, in sleep
    return await future
asyncio.exceptions.CancelledError

During handling of the above exception, another exception occurred:

Traceback (most recent call last):
  File "/vortexfs1/home/anthony.meza/mambaforge/envs/atm_rivers/lib/python3.10/asyncio/tasks.py", line 456, in wait_for
    return fut.result()
asyncio.exceptions.CancelledError

The above exception was the direct cause of the following exception:

Traceback (most recent call last):
  File "/vortexfs1/home/anthony.meza/mambaforge/envs/atm_rivers/lib/python3.10/site-packages/distributed/core.py", line 537, in start
    await wait_for(self.start_unsafe(), timeout=timeout)
  File "/vortexfs1/home/anthony.meza/mambaforge/envs/atm_rivers/lib/python3.10/site-packages/distributed/utils.py", line 1850, in wait_for
    return await asyncio.wait_for(fut, timeout)
  File "/vortexfs1/home/anthony.meza/mambaforge/envs/atm_rivers/lib/python3.10/asyncio/tasks.py", line 458, in wait_for
    raise exceptions.TimeoutError() from exc
asyncio.exceptions.TimeoutError

The above exception was the direct cause of the following exception:

Traceback (most recent call last):
  File "/vortexfs1/home/anthony.meza/mambaforge/envs/atm_rivers/lib/python3.10/site-packages/distributed/nanny.py", line 930, in run
    async with worker:
  File "/vortexfs1/home/anthony.meza/mambaforge/envs/atm_rivers/lib/python3.10/site-packages/distributed/core.py", line 550, in __aenter__
    await self
  File "/vortexfs1/home/anthony.meza/mambaforge/envs/atm_rivers/lib/python3.10/site-packages/distributed/core.py", line 540, in start
    raise asyncio.TimeoutError(
asyncio.exceptions.TimeoutError: Worker start timed out after 60s.
slurmstepd: error: *** JOB 3082086 ON pn083 CANCELLED AT 2023-05-03T11:10:37 DUE TO TIME LIMIT ***
