2023-05-04 12:57:19,003 - distributed.nanny - INFO -         Start Nanny at: 'tcp://172.16.3.104:34076'
2023-05-04 12:57:19,375 - distributed.diskutils - INFO - Found stale lock file and directory '/tmp/dask-worker-space/worker-39v3ra8h', purging
2023-05-04 12:57:21,431 - distributed.worker - INFO -       Start worker at:   tcp://172.16.3.104:33022
2023-05-04 12:57:21,431 - distributed.worker - INFO -          Listening to:   tcp://172.16.3.104:33022
2023-05-04 12:57:21,431 - distributed.worker - INFO -           Worker name:            SLURMCluster-13
2023-05-04 12:57:21,432 - distributed.worker - INFO -          dashboard at:         172.16.3.104:45843
2023-05-04 12:57:21,432 - distributed.worker - INFO - Waiting to connect to:   tcp://172.16.3.106:43862
2023-05-04 12:57:21,432 - distributed.worker - INFO - -------------------------------------------------
2023-05-04 12:57:21,432 - distributed.worker - INFO -               Threads:                         36
2023-05-04 12:57:21,432 - distributed.worker - INFO -                Memory:                 178.81 GiB
2023-05-04 12:57:21,432 - distributed.worker - INFO -       Local Directory: /tmp/dask-worker-space/worker-7c2v_c63
2023-05-04 12:57:21,432 - distributed.worker - INFO - -------------------------------------------------
2023-05-04 12:57:21,438 - distributed.worker - INFO -         Registered to:   tcp://172.16.3.106:43862
2023-05-04 12:57:21,438 - distributed.worker - INFO - -------------------------------------------------
2023-05-04 12:57:21,438 - distributed.core - INFO - Starting established connection to tcp://172.16.3.106:43862
2023-05-04 13:00:41,828 - distributed.core - INFO - Event loop was unresponsive in Worker for 5.07s.  This is often caused by long-running GIL-holding functions or moving large chunks of data. This can cause timeouts and instability.
2023-05-04 13:28:09,622 - distributed.utils_perf - INFO - full garbage collection released 9.99 MiB from 6070 reference cycles (threshold: 9.54 MiB)
2023-05-04 13:37:35,293 - distributed.core - INFO - Event loop was unresponsive in Worker for 3.06s.  This is often caused by long-running GIL-holding functions or moving large chunks of data. This can cause timeouts and instability.
2023-05-04 13:40:03,470 - distributed.core - INFO - Event loop was unresponsive in Worker for 3.51s.  This is often caused by long-running GIL-holding functions or moving large chunks of data. This can cause timeouts and instability.
2023-05-04 13:42:52,169 - distributed.core - INFO - Event loop was unresponsive in Worker for 3.83s.  This is often caused by long-running GIL-holding functions or moving large chunks of data. This can cause timeouts and instability.
2023-05-04 13:45:44,588 - distributed.core - INFO - Event loop was unresponsive in Worker for 5.95s.  This is often caused by long-running GIL-holding functions or moving large chunks of data. This can cause timeouts and instability.
2023-05-04 13:48:50,551 - distributed.core - INFO - Event loop was unresponsive in Worker for 5.72s.  This is often caused by long-running GIL-holding functions or moving large chunks of data. This can cause timeouts and instability.
2023-05-04 13:52:09,188 - distributed.core - INFO - Event loop was unresponsive in Worker for 5.55s.  This is often caused by long-running GIL-holding functions or moving large chunks of data. This can cause timeouts and instability.
2023-05-04 13:55:19,091 - distributed.core - INFO - Event loop was unresponsive in Worker for 5.74s.  This is often caused by long-running GIL-holding functions or moving large chunks of data. This can cause timeouts and instability.
2023-05-04 13:58:24,577 - distributed.core - INFO - Event loop was unresponsive in Worker for 6.22s.  This is often caused by long-running GIL-holding functions or moving large chunks of data. This can cause timeouts and instability.
2023-05-04 14:00:04,140 - distributed.core - INFO - Event loop was unresponsive in Worker for 4.49s.  This is often caused by long-running GIL-holding functions or moving large chunks of data. This can cause timeouts and instability.
2023-05-04 14:02:32,203 - distributed.core - INFO - Event loop was unresponsive in Worker for 5.39s.  This is often caused by long-running GIL-holding functions or moving large chunks of data. This can cause timeouts and instability.
2023-05-04 14:06:32,045 - distributed.core - INFO - Event loop was unresponsive in Worker for 5.91s.  This is often caused by long-running GIL-holding functions or moving large chunks of data. This can cause timeouts and instability.
2023-05-04 14:10:44,039 - distributed.core - INFO - Event loop was unresponsive in Worker for 6.56s.  This is often caused by long-running GIL-holding functions or moving large chunks of data. This can cause timeouts and instability.
2023-05-04 14:12:28,210 - distributed.core - INFO - Event loop was unresponsive in Worker for 5.76s.  This is often caused by long-running GIL-holding functions or moving large chunks of data. This can cause timeouts and instability.
2023-05-04 14:12:35,553 - distributed.core - INFO - Event loop was unresponsive in Worker for 7.16s.  This is often caused by long-running GIL-holding functions or moving large chunks of data. This can cause timeouts and instability.
2023-05-04 14:12:42,227 - distributed.core - INFO - Event loop was unresponsive in Worker for 5.81s.  This is often caused by long-running GIL-holding functions or moving large chunks of data. This can cause timeouts and instability.
2023-05-04 14:13:04,321 - distributed.core - INFO - Event loop was unresponsive in Worker for 3.85s.  This is often caused by long-running GIL-holding functions or moving large chunks of data. This can cause timeouts and instability.
2023-05-04 14:14:44,536 - distributed.utils_perf - INFO - full garbage collection released 1.71 GiB from 7399 reference cycles (threshold: 9.54 MiB)
2023-05-04 14:15:05,519 - distributed.core - INFO - Event loop was unresponsive in Worker for 3.12s.  This is often caused by long-running GIL-holding functions or moving large chunks of data. This can cause timeouts and instability.
2023-05-04 14:16:11,998 - distributed.core - INFO - Event loop was unresponsive in Worker for 43.30s.  This is often caused by long-running GIL-holding functions or moving large chunks of data. This can cause timeouts and instability.
2023-05-04 14:16:12,024 - distributed.worker - ERROR - Worker stream died during communication: tcp://172.16.3.185:41432
Traceback (most recent call last):
  File "/vortexfs1/home/anthony.meza/mambaforge/envs/atm_rivers/lib/python3.10/site-packages/tornado/iostream.py", line 861, in _read_to_buffer
    bytes_read = self.read_from_fd(buf)
  File "/vortexfs1/home/anthony.meza/mambaforge/envs/atm_rivers/lib/python3.10/site-packages/tornado/iostream.py", line 1116, in read_from_fd
    return self.socket.recv_into(buf, len(buf))
ConnectionResetError: [Errno 104] Connection reset by peer

The above exception was the direct cause of the following exception:

Traceback (most recent call last):
  File "/vortexfs1/home/anthony.meza/mambaforge/envs/atm_rivers/lib/python3.10/site-packages/distributed/worker.py", line 2060, in gather_dep
    response = await get_data_from_worker(
  File "/vortexfs1/home/anthony.meza/mambaforge/envs/atm_rivers/lib/python3.10/site-packages/distributed/worker.py", line 2895, in get_data_from_worker
    response = await send_recv(
  File "/vortexfs1/home/anthony.meza/mambaforge/envs/atm_rivers/lib/python3.10/site-packages/distributed/core.py", line 1028, in send_recv
    response = await comm.read(deserializers=deserializers)
  File "/vortexfs1/home/anthony.meza/mambaforge/envs/atm_rivers/lib/python3.10/site-packages/distributed/comm/tcp.py", line 241, in read
    convert_stream_closed_error(self, e)
  File "/vortexfs1/home/anthony.meza/mambaforge/envs/atm_rivers/lib/python3.10/site-packages/distributed/comm/tcp.py", line 142, in convert_stream_closed_error
    raise CommClosedError(f"in {obj}: {exc.__class__.__name__}: {exc}") from exc
distributed.comm.core.CommClosedError: in <TCP (closed) Ephemeral Worker->Worker for gather local=tcp://172.16.3.104:57101 remote=tcp://172.16.3.185:41432>: ConnectionResetError: [Errno 104] Connection reset by peer
2023-05-04 14:16:51,137 - distributed.worker - ERROR - Worker stream died during communication: tcp://172.16.3.103:41902
Traceback (most recent call last):
  File "/vortexfs1/home/anthony.meza/mambaforge/envs/atm_rivers/lib/python3.10/site-packages/tornado/iostream.py", line 861, in _read_to_buffer
    bytes_read = self.read_from_fd(buf)
  File "/vortexfs1/home/anthony.meza/mambaforge/envs/atm_rivers/lib/python3.10/site-packages/tornado/iostream.py", line 1116, in read_from_fd
    return self.socket.recv_into(buf, len(buf))
ConnectionResetError: [Errno 104] Connection reset by peer

The above exception was the direct cause of the following exception:

Traceback (most recent call last):
  File "/vortexfs1/home/anthony.meza/mambaforge/envs/atm_rivers/lib/python3.10/site-packages/distributed/worker.py", line 2060, in gather_dep
    response = await get_data_from_worker(
  File "/vortexfs1/home/anthony.meza/mambaforge/envs/atm_rivers/lib/python3.10/site-packages/distributed/worker.py", line 2895, in get_data_from_worker
    response = await send_recv(
  File "/vortexfs1/home/anthony.meza/mambaforge/envs/atm_rivers/lib/python3.10/site-packages/distributed/core.py", line 1028, in send_recv
    response = await comm.read(deserializers=deserializers)
  File "/vortexfs1/home/anthony.meza/mambaforge/envs/atm_rivers/lib/python3.10/site-packages/distributed/comm/tcp.py", line 241, in read
    convert_stream_closed_error(self, e)
  File "/vortexfs1/home/anthony.meza/mambaforge/envs/atm_rivers/lib/python3.10/site-packages/distributed/comm/tcp.py", line 142, in convert_stream_closed_error
    raise CommClosedError(f"in {obj}: {exc.__class__.__name__}: {exc}") from exc
distributed.comm.core.CommClosedError: in <TCP (closed) Ephemeral Worker->Worker for gather local=tcp://172.16.3.104:59253 remote=tcp://172.16.3.103:41902>: ConnectionResetError: [Errno 104] Connection reset by peer
2023-05-04 14:16:51,138 - distributed.core - INFO - Event loop was unresponsive in Worker for 39.14s.  This is often caused by long-running GIL-holding functions or moving large chunks of data. This can cause timeouts and instability.
2023-05-04 14:17:01,520 - distributed.core - INFO - Event loop was unresponsive in Worker for 10.34s.  This is often caused by long-running GIL-holding functions or moving large chunks of data. This can cause timeouts and instability.
2023-05-04 14:17:07,091 - distributed.core - INFO - Event loop was unresponsive in Worker for 5.57s.  This is often caused by long-running GIL-holding functions or moving large chunks of data. This can cause timeouts and instability.
2023-05-04 14:17:45,667 - distributed.utils_perf - INFO - full garbage collection released 33.54 MiB from 1278 reference cycles (threshold: 9.54 MiB)
2023-05-04 14:18:11,640 - distributed.core - INFO - Event loop was unresponsive in Worker for 3.08s.  This is often caused by long-running GIL-holding functions or moving large chunks of data. This can cause timeouts and instability.
2023-05-04 14:18:25,708 - distributed.utils_perf - WARNING - full garbage collections took 10% CPU time recently (threshold: 10%)
2023-05-04 14:18:25,860 - distributed.core - INFO - Event loop was unresponsive in Worker for 3.41s.  This is often caused by long-running GIL-holding functions or moving large chunks of data. This can cause timeouts and instability.
2023-05-04 14:18:42,946 - distributed.utils_perf - WARNING - full garbage collections took 10% CPU time recently (threshold: 10%)
2023-05-04 14:20:20,806 - distributed.utils_perf - WARNING - full garbage collections took 10% CPU time recently (threshold: 10%)
2023-05-04 14:21:03,048 - distributed.utils_perf - WARNING - full garbage collections took 10% CPU time recently (threshold: 10%)
2023-05-04 14:22:28,672 - distributed.utils_perf - WARNING - full garbage collections took 10% CPU time recently (threshold: 10%)
2023-05-04 14:24:36,313 - distributed.utils_perf - INFO - full garbage collection released 48.73 MiB from 885 reference cycles (threshold: 9.54 MiB)
2023-05-04 14:25:23,458 - distributed.utils_perf - WARNING - full garbage collections took 10% CPU time recently (threshold: 10%)
2023-05-04 14:25:34,035 - distributed.utils_perf - WARNING - full garbage collections took 10% CPU time recently (threshold: 10%)
2023-05-04 14:25:41,009 - distributed.utils_perf - WARNING - full garbage collections took 10% CPU time recently (threshold: 10%)
2023-05-04 14:25:49,089 - distributed.utils_perf - WARNING - full garbage collections took 10% CPU time recently (threshold: 10%)
2023-05-04 14:28:31,995 - distributed.utils_perf - WARNING - full garbage collections took 10% CPU time recently (threshold: 10%)
2023-05-04 14:30:17,465 - distributed.utils_perf - WARNING - full garbage collections took 10% CPU time recently (threshold: 10%)
slurmstepd: error: *** JOB 3082960 ON pn054 CANCELLED AT 2023-05-04T14:57:43 DUE TO TIME LIMIT ***
