2023-04-11 11:35:08,785 - distributed.nanny - INFO -         Start Nanny at: 'tcp://172.16.3.103:42263'
2023-04-11 11:35:09,559 - distributed.worker - INFO -       Start worker at:   tcp://172.16.3.103:33997
2023-04-11 11:35:09,559 - distributed.worker - INFO -          Listening to:   tcp://172.16.3.103:33997
2023-04-11 11:35:09,559 - distributed.worker - INFO -           Worker name:             SLURMCluster-1
2023-04-11 11:35:09,559 - distributed.worker - INFO -          dashboard at:         172.16.3.103:46728
2023-04-11 11:35:09,559 - distributed.worker - INFO - Waiting to connect to:   tcp://172.16.3.167:38401
2023-04-11 11:35:09,559 - distributed.worker - INFO - -------------------------------------------------
2023-04-11 11:35:09,559 - distributed.worker - INFO -               Threads:                         36
2023-04-11 11:35:09,560 - distributed.worker - INFO -                Memory:                 166.71 GiB
2023-04-11 11:35:09,560 - distributed.worker - INFO -       Local Directory: /tmp/dask-worker-space/worker-c3vamva8
2023-04-11 11:35:09,560 - distributed.worker - INFO - -------------------------------------------------
2023-04-11 11:35:09,564 - distributed.worker - INFO -         Registered to:   tcp://172.16.3.167:38401
2023-04-11 11:35:09,564 - distributed.worker - INFO - -------------------------------------------------
2023-04-11 11:35:09,565 - distributed.core - INFO - Starting established connection to tcp://172.16.3.167:38401
2023-04-11 11:42:12,581 - distributed.worker - ERROR - Failed to communicate with scheduler during heartbeat.
Traceback (most recent call last):
  File "/vortexfs1/home/anthony.meza/.conda/envs/notebook_env/lib/python3.10/site-packages/tornado/iostream.py", line 867, in _read_to_buffer
    bytes_read = self.read_from_fd(buf)
  File "/vortexfs1/home/anthony.meza/.conda/envs/notebook_env/lib/python3.10/site-packages/tornado/iostream.py", line 1140, in read_from_fd
    return self.socket.recv_into(buf, len(buf))
ConnectionResetError: [Errno 104] Connection reset by peer

The above exception was the direct cause of the following exception:

Traceback (most recent call last):
  File "/vortexfs1/home/anthony.meza/.conda/envs/notebook_env/lib/python3.10/site-packages/distributed/worker.py", line 1215, in heartbeat
    response = await retry_operation(
  File "/vortexfs1/home/anthony.meza/.conda/envs/notebook_env/lib/python3.10/site-packages/distributed/utils_comm.py", line 386, in retry_operation
    return await retry(
  File "/vortexfs1/home/anthony.meza/.conda/envs/notebook_env/lib/python3.10/site-packages/distributed/utils_comm.py", line 371, in retry
    return await coro()
  File "/vortexfs1/home/anthony.meza/.conda/envs/notebook_env/lib/python3.10/site-packages/distributed/core.py", line 1163, in send_recv_from_rpc
    return await send_recv(comm=comm, op=key, **kwargs)
  File "/vortexfs1/home/anthony.meza/.conda/envs/notebook_env/lib/python3.10/site-packages/distributed/core.py", line 928, in send_recv
    response = await comm.read(deserializers=deserializers)
  File "/vortexfs1/home/anthony.meza/.conda/envs/notebook_env/lib/python3.10/site-packages/distributed/comm/tcp.py", line 241, in read
    convert_stream_closed_error(self, e)
  File "/vortexfs1/home/anthony.meza/.conda/envs/notebook_env/lib/python3.10/site-packages/distributed/comm/tcp.py", line 142, in convert_stream_closed_error
    raise CommClosedError(f"in {obj}: {exc.__class__.__name__}: {exc}") from exc
distributed.comm.core.CommClosedError: in <TCP (closed) ConnectionPool.heartbeat_worker local=tcp://172.16.3.103:51762 remote=tcp://172.16.3.167:38401>: ConnectionResetError: [Errno 104] Connection reset by peer
2023-04-11 11:42:12,582 - distributed.core - INFO - Connection to tcp://172.16.3.167:38401 has been closed.
2023-04-11 11:42:12,582 - distributed.worker - INFO - Stopping worker at tcp://172.16.3.103:33997. Reason: worker-handle-scheduler-connection-broken
2023-04-11 11:42:12,585 - distributed.nanny - INFO - Closing Nanny gracefully at 'tcp://172.16.3.103:42263'. Reason: worker-handle-scheduler-connection-broken
2023-04-11 11:42:42,597 - distributed.nanny - INFO - Worker closed
HDF5-DIAG: Error detected in HDF5 (1.12.2) thread 1:
  #000: H5Dio.c line 168 in H5Dread(): dset_id is not a dataset ID
    major: Invalid arguments to routine
    minor: Inappropriate type
HDF5-DIAG: Error detected in HDF5 (1.12.2) thread 1:
  #000: H5S.c line 491 in H5Sclose(): not a dataspace
    major: Invalid arguments to routine
    minor: Inappropriate type
HDF5-DIAG: Error detected in HDF5 (1.12.2) thread 2:
  #000: H5S.c line 491 in H5Sclose(): not a dataspace
    major: Invalid arguments to routine
    minor: Inappropriate type
HDF5-DIAG: Error detected in HDF5 (1.12.2) thread 2:
  #000: H5P.c line 1494 in H5Pclose(): can't close
    major: Property lists
    minor: Unable to free object
  #001: H5Iint.c line 1018 in H5I_dec_app_ref(): can't decrement ID ref count
    major: Object atom
    minor: Unable to decrement reference count
  #002: H5Iint.c line 949 in H5I_dec_ref(): can't locate ID
    major: Object atom
    minor: Unable to find atom information (already closed?)
2023-04-11 11:43:27,052 - distributed.nanny - INFO - Closing Nanny at 'tcp://172.16.3.103:42263'. Reason: nanny-close-gracefully
2023-04-11 11:43:27,053 - distributed.dask_worker - INFO - End worker
