2023-05-01 12:27:51,940 - distributed.nanny - INFO -         Start Nanny at: 'tcp://172.16.3.78:43678'
2023-05-01 12:27:52,333 - distributed.diskutils - INFO - Found stale lock file and directory '/tmp/dask-worker-space/worker-tp3zqtnd', purging
2023-05-01 12:27:54,053 - distributed.worker - INFO -       Start worker at:    tcp://172.16.3.78:42007
2023-05-01 12:27:54,053 - distributed.worker - INFO -          Listening to:    tcp://172.16.3.78:42007
2023-05-01 12:27:54,053 - distributed.worker - INFO -           Worker name:             SLURMCluster-2
2023-05-01 12:27:54,053 - distributed.worker - INFO -          dashboard at:          172.16.3.78:36906
2023-05-01 12:27:54,053 - distributed.worker - INFO - Waiting to connect to:    tcp://172.16.3.62:37872
2023-05-01 12:27:54,053 - distributed.worker - INFO - -------------------------------------------------
2023-05-01 12:27:54,053 - distributed.worker - INFO -               Threads:                         36
2023-05-01 12:27:54,053 - distributed.worker - INFO -                Memory:                 178.81 GiB
2023-05-01 12:27:54,053 - distributed.worker - INFO -       Local Directory: /tmp/dask-worker-space/worker-r8zbttub
2023-05-01 12:27:54,053 - distributed.worker - INFO - -------------------------------------------------
2023-05-01 12:27:54,060 - distributed.worker - INFO -         Registered to:    tcp://172.16.3.62:37872
2023-05-01 12:27:54,060 - distributed.worker - INFO - -------------------------------------------------
2023-05-01 12:27:54,061 - distributed.core - INFO - Starting established connection to tcp://172.16.3.62:37872
2023-05-01 12:32:34,722 - distributed.worker - WARNING - Compute Failed
Key:       open_dataset-81b08a8f-febd-4940-a8cd-1561124aab7e
Function:  execute_task
args:      ((<function apply at 0x2aaab31256c0>, <function open_dataset at 0x2aaacb6e09d0>, ['/vortexfs1/home/anthony.meza/GLORYS_data/2008/09/glorys_NEP_20080921.nc'], (<class 'dict'>, [['engine', 'netcdf4'], ['chunks', (<class 'dict'>, [['latitude', -1], ['longitude', -1], ['time', -1], ['depth', 1]])]])))
kwargs:    {}
Exception: "RuntimeError('NetCDF: Not a valid ID')"

2023-05-01 12:32:45,150 - distributed.worker - ERROR - Exception during execution of task _preprocess-27b931e3-be07-40d1-88be-9979490c2a29.
Traceback (most recent call last):
  File "/vortexfs1/home/anthony.meza/mambaforge/envs/atm_rivers/lib/python3.10/site-packages/zict/buffer.py", line 184, in __getitem__
    return self.fast[key]
  File "/vortexfs1/home/anthony.meza/mambaforge/envs/atm_rivers/lib/python3.10/site-packages/zict/common.py", line 127, in wrapper
    return func(*args, **kwargs)
  File "/vortexfs1/home/anthony.meza/mambaforge/envs/atm_rivers/lib/python3.10/site-packages/zict/lru.py", line 117, in __getitem__
    result = self.d[key]
KeyError: 'open_dataset-baf676e0-c543-4269-86d9-7e84a72ec752'

During handling of the above exception, another exception occurred:

Traceback (most recent call last):
  File "/vortexfs1/home/anthony.meza/mambaforge/envs/atm_rivers/lib/python3.10/site-packages/distributed/worker.py", line 2381, in _prepare_args_for_execution
    data[k] = self.data[k]
  File "/vortexfs1/home/anthony.meza/mambaforge/envs/atm_rivers/lib/python3.10/site-packages/distributed/spill.py", line 223, in __getitem__
    return super().__getitem__(key)
  File "/vortexfs1/home/anthony.meza/mambaforge/envs/atm_rivers/lib/python3.10/site-packages/zict/common.py", line 127, in wrapper
    return func(*args, **kwargs)
  File "/vortexfs1/home/anthony.meza/mambaforge/envs/atm_rivers/lib/python3.10/site-packages/zict/buffer.py", line 186, in __getitem__
    return self.slow_to_fast(key)
  File "/vortexfs1/home/anthony.meza/mambaforge/envs/atm_rivers/lib/python3.10/site-packages/zict/buffer.py", line 153, in slow_to_fast
    value = self.slow[key]
  File "/vortexfs1/home/anthony.meza/mambaforge/envs/atm_rivers/lib/python3.10/site-packages/zict/common.py", line 127, in wrapper
    return func(*args, **kwargs)
  File "/vortexfs1/home/anthony.meza/mambaforge/envs/atm_rivers/lib/python3.10/site-packages/zict/cache.py", line 67, in __getitem__
    gen = self._last_updated[key]
KeyError: 'open_dataset-baf676e0-c543-4269-86d9-7e84a72ec752'

During handling of the above exception, another exception occurred:

Traceback (most recent call last):
  File "/vortexfs1/home/anthony.meza/mambaforge/envs/atm_rivers/lib/python3.10/site-packages/distributed/worker.py", line 2249, in execute
    args2, kwargs2 = self._prepare_args_for_execution(ts, args, kwargs)
  File "/vortexfs1/home/anthony.meza/mambaforge/envs/atm_rivers/lib/python3.10/site-packages/distributed/worker.py", line 2385, in _prepare_args_for_execution
    data[k] = Actor(type(self.state.actors[k]), self.address, k, self)
KeyError: 'open_dataset-baf676e0-c543-4269-86d9-7e84a72ec752'
2023-05-01 12:32:45,153 - distributed.worker - ERROR - Exception during execution of task getattr-71bd1269-3e1f-4169-9894-5124595ed098.
Traceback (most recent call last):
  File "/vortexfs1/home/anthony.meza/mambaforge/envs/atm_rivers/lib/python3.10/site-packages/zict/buffer.py", line 184, in __getitem__
    return self.fast[key]
  File "/vortexfs1/home/anthony.meza/mambaforge/envs/atm_rivers/lib/python3.10/site-packages/zict/common.py", line 127, in wrapper
    return func(*args, **kwargs)
  File "/vortexfs1/home/anthony.meza/mambaforge/envs/atm_rivers/lib/python3.10/site-packages/zict/lru.py", line 117, in __getitem__
    result = self.d[key]
KeyError: 'open_dataset-baf676e0-c543-4269-86d9-7e84a72ec752'

During handling of the above exception, another exception occurred:

Traceback (most recent call last):
  File "/vortexfs1/home/anthony.meza/mambaforge/envs/atm_rivers/lib/python3.10/site-packages/distributed/worker.py", line 2381, in _prepare_args_for_execution
    data[k] = self.data[k]
  File "/vortexfs1/home/anthony.meza/mambaforge/envs/atm_rivers/lib/python3.10/site-packages/distributed/spill.py", line 223, in __getitem__
    return super().__getitem__(key)
  File "/vortexfs1/home/anthony.meza/mambaforge/envs/atm_rivers/lib/python3.10/site-packages/zict/common.py", line 127, in wrapper
    return func(*args, **kwargs)
  File "/vortexfs1/home/anthony.meza/mambaforge/envs/atm_rivers/lib/python3.10/site-packages/zict/buffer.py", line 186, in __getitem__
    return self.slow_to_fast(key)
  File "/vortexfs1/home/anthony.meza/mambaforge/envs/atm_rivers/lib/python3.10/site-packages/zict/buffer.py", line 153, in slow_to_fast
    value = self.slow[key]
  File "/vortexfs1/home/anthony.meza/mambaforge/envs/atm_rivers/lib/python3.10/site-packages/zict/common.py", line 127, in wrapper
    return func(*args, **kwargs)
  File "/vortexfs1/home/anthony.meza/mambaforge/envs/atm_rivers/lib/python3.10/site-packages/zict/cache.py", line 67, in __getitem__
    gen = self._last_updated[key]
KeyError: 'open_dataset-baf676e0-c543-4269-86d9-7e84a72ec752'

During handling of the above exception, another exception occurred:

Traceback (most recent call last):
  File "/vortexfs1/home/anthony.meza/mambaforge/envs/atm_rivers/lib/python3.10/site-packages/distributed/worker.py", line 2249, in execute
    args2, kwargs2 = self._prepare_args_for_execution(ts, args, kwargs)
  File "/vortexfs1/home/anthony.meza/mambaforge/envs/atm_rivers/lib/python3.10/site-packages/distributed/worker.py", line 2385, in _prepare_args_for_execution
    data[k] = Actor(type(self.state.actors[k]), self.address, k, self)
KeyError: 'open_dataset-baf676e0-c543-4269-86d9-7e84a72ec752'
2023-05-01 12:40:10,537 - distributed.core - INFO - Connection to tcp://172.16.3.62:37872 has been closed.
2023-05-01 12:40:10,539 - distributed.worker - INFO - Stopping worker at tcp://172.16.3.78:42007. Reason: worker-handle-scheduler-connection-broken
2023-05-01 12:40:10,540 - distributed.worker - ERROR - Failed to communicate with scheduler during heartbeat.
Traceback (most recent call last):
  File "/vortexfs1/home/anthony.meza/mambaforge/envs/atm_rivers/lib/python3.10/site-packages/tornado/iostream.py", line 861, in _read_to_buffer
    bytes_read = self.read_from_fd(buf)
  File "/vortexfs1/home/anthony.meza/mambaforge/envs/atm_rivers/lib/python3.10/site-packages/tornado/iostream.py", line 1116, in read_from_fd
    return self.socket.recv_into(buf, len(buf))
ConnectionResetError: [Errno 104] Connection reset by peer

The above exception was the direct cause of the following exception:

Traceback (most recent call last):
  File "/vortexfs1/home/anthony.meza/mambaforge/envs/atm_rivers/lib/python3.10/site-packages/distributed/worker.py", line 1234, in heartbeat
    response = await retry_operation(
  File "/vortexfs1/home/anthony.meza/mambaforge/envs/atm_rivers/lib/python3.10/site-packages/distributed/utils_comm.py", line 434, in retry_operation
    return await retry(
  File "/vortexfs1/home/anthony.meza/mambaforge/envs/atm_rivers/lib/python3.10/site-packages/distributed/utils_comm.py", line 413, in retry
    return await coro()
  File "/vortexfs1/home/anthony.meza/mambaforge/envs/atm_rivers/lib/python3.10/site-packages/distributed/core.py", line 1268, in send_recv_from_rpc
    return await send_recv(comm=comm, op=key, **kwargs)
  File "/vortexfs1/home/anthony.meza/mambaforge/envs/atm_rivers/lib/python3.10/site-packages/distributed/core.py", line 1027, in send_recv
    response = await comm.read(deserializers=deserializers)
  File "/vortexfs1/home/anthony.meza/mambaforge/envs/atm_rivers/lib/python3.10/site-packages/distributed/comm/tcp.py", line 241, in read
    convert_stream_closed_error(self, e)
  File "/vortexfs1/home/anthony.meza/mambaforge/envs/atm_rivers/lib/python3.10/site-packages/distributed/comm/tcp.py", line 142, in convert_stream_closed_error
    raise CommClosedError(f"in {obj}: {exc.__class__.__name__}: {exc}") from exc
distributed.comm.core.CommClosedError: in <TCP (closed) ConnectionPool.heartbeat_worker local=tcp://172.16.3.78:47853 remote=tcp://172.16.3.62:37872>: ConnectionResetError: [Errno 104] Connection reset by peer
2023-05-01 12:40:10,543 - distributed.nanny - INFO - Closing Nanny gracefully at 'tcp://172.16.3.78:43678'. Reason: worker-handle-scheduler-connection-broken
2023-05-01 12:40:10,548 - distributed.nanny - INFO - Worker closed
2023-05-01 12:40:13,229 - distributed.nanny - INFO - Closing Nanny at 'tcp://172.16.3.78:43678'. Reason: nanny-close-gracefully
2023-05-01 12:40:13,230 - distributed.dask_worker - INFO - End worker
