2023-05-03 13:33:30,223 - distributed.nanny - INFO -         Start Nanny at: 'tcp://172.16.3.105:42164'
2023-05-03 13:33:32,134 - distributed.worker - INFO -       Start worker at:   tcp://172.16.3.105:33369
2023-05-03 13:33:32,134 - distributed.worker - INFO -          Listening to:   tcp://172.16.3.105:33369
2023-05-03 13:33:32,134 - distributed.worker - INFO -           Worker name:            SLURMCluster-10
2023-05-03 13:33:32,134 - distributed.worker - INFO -          dashboard at:         172.16.3.105:41388
2023-05-03 13:33:32,134 - distributed.worker - INFO - Waiting to connect to:    tcp://172.16.3.87:37981
2023-05-03 13:33:32,134 - distributed.worker - INFO - -------------------------------------------------
2023-05-03 13:33:32,134 - distributed.worker - INFO -               Threads:                         36
2023-05-03 13:33:32,134 - distributed.worker - INFO -                Memory:                 178.81 GiB
2023-05-03 13:33:32,134 - distributed.worker - INFO -       Local Directory: /tmp/dask-worker-space/worker-7zqhll1m
2023-05-03 13:33:32,134 - distributed.worker - INFO - -------------------------------------------------
2023-05-03 13:33:32,140 - distributed.worker - INFO -         Registered to:    tcp://172.16.3.87:37981
2023-05-03 13:33:32,140 - distributed.worker - INFO - -------------------------------------------------
2023-05-03 13:33:32,140 - distributed.core - INFO - Starting established connection to tcp://172.16.3.87:37981
2023-05-03 13:33:36,392 - distributed.worker - WARNING - Compute Failed
Key:       _preprocess-cb548d78-fdb0-4027-a16a-0d655bb8943b
Function:  _preprocess
args:      (<xarray.Dataset>
Dimensions:    (time: 10013, depth: 18, latitude: 745, longitude: 901)
Coordinates:
  * latitude   (latitude) float32 -2.0 -1.917 -1.833 -1.75 ... 59.83 59.92 60.0
  * depth      (depth) float32 0.494 1.541 2.646 3.819 ... 34.43 40.34 47.37
  * time       (time) datetime64[ns] 1993-01-01T12:00:00 ... 2020-05-31T12:00:00
  * longitude  (longitude) float32 -150.0 -149.9 -149.8 ... -75.17 -75.08 -75.0
Data variables:
    thetao     (time, depth, latitude, longitude) float32 dask.array<chunksize=(720, 1, 745, 901), meta=np.ndarray>
    zos        (time, latitude, longitude) float32 dask.array<chunksize=(720, 745, 901), meta=np.ndarray>
Attributes: (12/25)
    title:                              daily mean fields from Global Ocean P...
    easting:                            longitude
    northing:                           latitude
    history:                            2021/09/02 23:29:48 MERCATOR OCEAN Ne...
    source:                             MERCATOR GLORYS12V1
 
kwargs:    {}
Exception: "KeyError('so')"

/vortexfs1/home/anthony.meza/mambaforge/envs/atm_rivers/lib/python3.10/site-packages/scipy/io/_netcdf.py:305: RuntimeWarning: Cannot close a netcdf_file opened with mmap=True, when netcdf_variables or arrays referring to its data still exist. All data arrays obtained from such files refer directly to data on disk, and must be copied before the file can be cleanly closed. (See netcdf_file docstring for more information on mmap.)
  warnings.warn((
HDF5-DIAG: Error detected in HDF5 (1.14.0) thread 1:
  #000: H5D.c line 1390 in H5Dwrite(): can't synchronously write data
    major: Dataset
    minor: Write failed
  #001: H5D.c line 1333 in H5D__write_api_common(): can't write data
    major: Dataset
    minor: Write failed
  #002: H5VLcallback.c line 2282 in H5VL_dataset_write_direct(): dataset write failed
    major: Virtual Object Layer
    minor: Write failed
  #003: H5VLcallback.c line 2237 in H5VL__dataset_write(): dataset write failed
    major: Virtual Object Layer
    minor: Write failed
  #004: H5VLnative_dataset.c line 408 in H5VL__native_dataset_write(): can't write data
    major: Dataset
    minor: Write failed
  #005: H5Dio.c line 648 in H5D__write(): unable to initialize storage
    major: Dataset
    minor: Unable to initialize object
thread 2:
:
:
:
