2023-05-10 21:06:44,556 - distributed.nanny - INFO -         Start Nanny at: 'tcp://172.16.3.55:40382'
2023-05-10 21:06:46,450 - distributed.worker - INFO -       Start worker at:    tcp://172.16.3.55:40722
2023-05-10 21:06:46,450 - distributed.worker - INFO -          Listening to:    tcp://172.16.3.55:40722
2023-05-10 21:06:46,450 - distributed.worker - INFO -           Worker name:             SLURMCluster-4
2023-05-10 21:06:46,450 - distributed.worker - INFO -          dashboard at:          172.16.3.55:40949
2023-05-10 21:06:46,450 - distributed.worker - INFO - Waiting to connect to:    tcp://172.16.3.56:44943
2023-05-10 21:06:46,450 - distributed.worker - INFO - -------------------------------------------------
2023-05-10 21:06:46,450 - distributed.worker - INFO -               Threads:                         36
2023-05-10 21:06:46,450 - distributed.worker - INFO -                Memory:                  46.57 GiB
2023-05-10 21:06:46,450 - distributed.worker - INFO -       Local Directory: /tmp/dask-worker-space/worker-ojl8dz0c
2023-05-10 21:06:46,450 - distributed.worker - INFO - -------------------------------------------------
2023-05-10 21:06:46,455 - distributed.worker - INFO -         Registered to:    tcp://172.16.3.56:44943
2023-05-10 21:06:46,455 - distributed.worker - INFO - -------------------------------------------------
2023-05-10 21:06:46,455 - distributed.core - INFO - Starting established connection to tcp://172.16.3.56:44943
/vortexfs1/home/anthony.meza/mambaforge/envs/atm_rivers/lib/python3.10/site-packages/dask/core.py:119: RuntimeWarning: invalid value encountered in divide
  return func(*(_execute_task(a, cache) for a in args))
2023-05-10 21:08:19,460 - distributed.worker.memory - WARNING - Worker is at 82% memory usage. Pausing worker.  Process memory: 38.26 GiB -- Worker memory limit: 46.57 GiB
2023-05-10 21:08:19,483 - distributed.core - INFO - Event loop was unresponsive in Worker for 10.63s.  This is often caused by long-running GIL-holding functions or moving large chunks of data. This can cause timeouts and instability.
2023-05-10 21:08:27,273 - distributed.nanny.memory - WARNING - Worker tcp://172.16.3.55:40722 (pid=165160) exceeded 95% memory budget. Restarting...
2023-05-10 21:08:30,231 - distributed.nanny - INFO - Worker process 165160 was killed by signal 15
2023-05-10 21:08:30,581 - distributed.nanny - WARNING - Restarting worker
2023-05-10 21:08:32,093 - distributed.worker - INFO -       Start worker at:    tcp://172.16.3.55:40502
2023-05-10 21:08:32,093 - distributed.worker - INFO -          Listening to:    tcp://172.16.3.55:40502
2023-05-10 21:08:32,093 - distributed.worker - INFO -           Worker name:             SLURMCluster-4
2023-05-10 21:08:32,093 - distributed.worker - INFO -          dashboard at:          172.16.3.55:36282
2023-05-10 21:08:32,093 - distributed.worker - INFO - Waiting to connect to:    tcp://172.16.3.56:44943
2023-05-10 21:08:32,093 - distributed.worker - INFO - -------------------------------------------------
2023-05-10 21:08:32,093 - distributed.worker - INFO -               Threads:                         36
2023-05-10 21:08:32,093 - distributed.worker - INFO -                Memory:                  46.57 GiB
2023-05-10 21:08:32,093 - distributed.worker - INFO -       Local Directory: /tmp/dask-worker-space/worker-wn73ecwm
2023-05-10 21:08:32,093 - distributed.worker - INFO - -------------------------------------------------
2023-05-10 21:08:32,099 - distributed.worker - INFO -         Registered to:    tcp://172.16.3.56:44943
2023-05-10 21:08:32,099 - distributed.worker - INFO - -------------------------------------------------
2023-05-10 21:08:32,100 - distributed.core - INFO - Starting established connection to tcp://172.16.3.56:44943
2023-05-10 21:08:33,683 - distributed.core - INFO - Removing comms to tcp://172.16.3.126:37723
2023-05-10 21:08:34,019 - distributed.core - INFO - Removing comms to tcp://172.16.3.125:46478
2023-05-10 21:08:37,972 - distributed.worker - ERROR - Worker stream died during communication: tcp://172.16.3.128:40566
Traceback (most recent call last):
  File "/vortexfs1/home/anthony.meza/mambaforge/envs/atm_rivers/lib/python3.10/site-packages/tornado/iostream.py", line 861, in _read_to_buffer
    bytes_read = self.read_from_fd(buf)
  File "/vortexfs1/home/anthony.meza/mambaforge/envs/atm_rivers/lib/python3.10/site-packages/tornado/iostream.py", line 1116, in read_from_fd
    return self.socket.recv_into(buf, len(buf))
ConnectionResetError: [Errno 104] Connection reset by peer

The above exception was the direct cause of the following exception:

Traceback (most recent call last):
  File "/vortexfs1/home/anthony.meza/mambaforge/envs/atm_rivers/lib/python3.10/site-packages/distributed/comm/core.py", line 329, in connect
    handshake = await wait_for(comm.read(), time_left())
  File "/vortexfs1/home/anthony.meza/mambaforge/envs/atm_rivers/lib/python3.10/site-packages/distributed/utils.py", line 1878, in wait_for
    return await asyncio.wait_for(fut, timeout)
  File "/vortexfs1/home/anthony.meza/mambaforge/envs/atm_rivers/lib/python3.10/asyncio/tasks.py", line 445, in wait_for
    return fut.result()
  File "/vortexfs1/home/anthony.meza/mambaforge/envs/atm_rivers/lib/python3.10/site-packages/distributed/comm/tcp.py", line 241, in read
    convert_stream_closed_error(self, e)
  File "/vortexfs1/home/anthony.meza/mambaforge/envs/atm_rivers/lib/python3.10/site-packages/distributed/comm/tcp.py", line 142, in convert_stream_closed_error
    raise CommClosedError(f"in {obj}: {exc.__class__.__name__}: {exc}") from exc
distributed.comm.core.CommClosedError: in <TCP (closed)  local=tcp://172.16.3.55:50406 remote=tcp://172.16.3.128:40566>: ConnectionResetError: [Errno 104] Connection reset by peer

The above exception was the direct cause of the following exception:

Traceback (most recent call last):
  File "/vortexfs1/home/anthony.meza/mambaforge/envs/atm_rivers/lib/python3.10/site-packages/distributed/worker.py", line 2060, in gather_dep
    response = await get_data_from_worker(
  File "/vortexfs1/home/anthony.meza/mambaforge/envs/atm_rivers/lib/python3.10/site-packages/distributed/worker.py", line 2892, in get_data_from_worker
    comm = await rpc.connect(worker)
  File "/vortexfs1/home/anthony.meza/mambaforge/envs/atm_rivers/lib/python3.10/site-packages/distributed/core.py", line 1510, in connect
    return await connect_attempt
  File "/vortexfs1/home/anthony.meza/mambaforge/envs/atm_rivers/lib/python3.10/site-packages/distributed/core.py", line 1431, in _connect
    comm = await connect(
  File "/vortexfs1/home/anthony.meza/mambaforge/envs/atm_rivers/lib/python3.10/site-packages/distributed/comm/core.py", line 334, in connect
    raise OSError(
OSError: Timed out during handshake while connecting to tcp://172.16.3.128:40566 after 30 s
2023-05-10 21:08:37,977 - distributed.core - INFO - Removing comms to tcp://172.16.3.128:40566
/vortexfs1/home/anthony.meza/mambaforge/envs/atm_rivers/lib/python3.10/site-packages/dask/core.py:119: RuntimeWarning: invalid value encountered in divide
  return func(*(_execute_task(a, cache) for a in args))
2023-05-10 21:10:33,128 - distributed.utils_perf - INFO - full garbage collection released 1.20 GiB from 263 reference cycles (threshold: 9.54 MiB)
2023-05-10 21:13:24,753 - distributed.core - INFO - Event loop was unresponsive in Worker for 8.50s.  This is often caused by long-running GIL-holding functions or moving large chunks of data. This can cause timeouts and instability.
2023-05-10 21:13:24,880 - distributed.worker.memory - WARNING - Worker is at 81% memory usage. Pausing worker.  Process memory: 37.73 GiB -- Worker memory limit: 46.57 GiB
2023-05-10 21:13:29,273 - distributed.nanny.memory - WARNING - Worker tcp://172.16.3.55:40502 (pid=165434) exceeded 95% memory budget. Restarting...
2023-05-10 21:13:31,806 - distributed.nanny - INFO - Worker process 165434 was killed by signal 15
2023-05-10 21:13:32,147 - distributed.nanny - WARNING - Restarting worker
2023-05-10 21:13:43,178 - distributed.worker - INFO -       Start worker at:    tcp://172.16.3.55:43800
2023-05-10 21:13:43,180 - distributed.worker - INFO -          Listening to:    tcp://172.16.3.55:43800
2023-05-10 21:13:43,180 - distributed.worker - INFO -           Worker name:             SLURMCluster-4
2023-05-10 21:13:43,180 - distributed.worker - INFO -          dashboard at:          172.16.3.55:36886
2023-05-10 21:13:43,180 - distributed.worker - INFO - Waiting to connect to:    tcp://172.16.3.56:44943
2023-05-10 21:13:43,180 - distributed.worker - INFO - -------------------------------------------------
2023-05-10 21:13:43,180 - distributed.worker - INFO -               Threads:                         36
2023-05-10 21:13:43,180 - distributed.worker - INFO -                Memory:                  46.57 GiB
2023-05-10 21:13:43,180 - distributed.worker - INFO -       Local Directory: /tmp/dask-worker-space/worker-bqm8zbq5
2023-05-10 21:13:43,180 - distributed.worker - INFO - -------------------------------------------------
2023-05-10 21:14:13,181 - distributed.worker - INFO - Waiting to connect to:    tcp://172.16.3.56:44943
2023-05-10 21:14:32,148 - distributed.nanny - ERROR - Timed out connecting Nanny '<Nanny: tcp://172.16.3.55:40502, threads: 36>' to scheduler 'tcp://172.16.3.56:44943'
2023-05-10 21:14:32,148 - distributed.nanny - INFO - Closing Nanny at 'tcp://172.16.3.55:40382'. Reason: nanny-instantiate-timeout
2023-05-10 21:14:37,625 - distributed.worker - INFO - Stopping worker at tcp://172.16.3.55:43800. Reason: worker-close
2023-05-10 21:14:37,625 - distributed.worker - INFO - Closed worker has not yet started: Status.init
2023-05-10 21:14:37,628 - distributed.nanny - ERROR - Failed to start worker
ConnectionRefusedError: [Errno 111] Connection refused

The above exception was the direct cause of the following exception:

Traceback (most recent call last):
  File "/vortexfs1/home/anthony.meza/mambaforge/envs/atm_rivers/lib/python3.10/site-packages/distributed/comm/core.py", line 292, in connect
    comm = await wait_for(
  File "/vortexfs1/home/anthony.meza/mambaforge/envs/atm_rivers/lib/python3.10/site-packages/distributed/utils.py", line 1878, in wait_for
    return await asyncio.wait_for(fut, timeout)
  File "/vortexfs1/home/anthony.meza/mambaforge/envs/atm_rivers/lib/python3.10/asyncio/tasks.py", line 445, in wait_for
    return fut.result()
  File "/vortexfs1/home/anthony.meza/mambaforge/envs/atm_rivers/lib/python3.10/site-packages/distributed/comm/tcp.py", line 511, in connect
    convert_stream_closed_error(self, e)
  File "/vortexfs1/home/anthony.meza/mambaforge/envs/atm_rivers/lib/python3.10/site-packages/distributed/comm/tcp.py", line 142, in convert_stream_closed_error
    raise CommClosedError(f"in {obj}: {exc.__class__.__name__}: {exc}") from exc
distributed.comm.core.CommClosedError: in <distributed.comm.tcp.TCPConnector object at 0x2aaacb26f340>: ConnectionRefusedError: [Errno 111] Connection refused

During handling of the above exception, another exception occurred:

Traceback (most recent call last):
  File "/vortexfs1/home/anthony.meza/mambaforge/envs/atm_rivers/lib/python3.10/site-packages/distributed/worker.py", line 1475, in start_unsafe
    await self._register_with_scheduler()
  File "/vortexfs1/home/anthony.meza/mambaforge/envs/atm_rivers/lib/python3.10/site-packages/distributed/worker.py", line 1165, in _register_with_scheduler
    comm = await connect(self.scheduler.address, **self.connection_args)
  File "/vortexfs1/home/anthony.meza/mambaforge/envs/atm_rivers/lib/python3.10/site-packages/distributed/comm/core.py", line 316, in connect
    await asyncio.sleep(backoff)
  File "/vortexfs1/home/anthony.meza/mambaforge/envs/atm_rivers/lib/python3.10/asyncio/tasks.py", line 605, in sleep
    return await future
asyncio.exceptions.CancelledError

During handling of the above exception, another exception occurred:

Traceback (most recent call last):
  File "/vortexfs1/home/anthony.meza/mambaforge/envs/atm_rivers/lib/python3.10/asyncio/tasks.py", line 456, in wait_for
    return fut.result()
asyncio.exceptions.CancelledError

The above exception was the direct cause of the following exception:

Traceback (most recent call last):
  File "/vortexfs1/home/anthony.meza/mambaforge/envs/atm_rivers/lib/python3.10/site-packages/distributed/core.py", line 537, in start
    await wait_for(self.start_unsafe(), timeout=timeout)
  File "/vortexfs1/home/anthony.meza/mambaforge/envs/atm_rivers/lib/python3.10/site-packages/distributed/utils.py", line 1878, in wait_for
    return await asyncio.wait_for(fut, timeout)
  File "/vortexfs1/home/anthony.meza/mambaforge/envs/atm_rivers/lib/python3.10/asyncio/tasks.py", line 458, in wait_for
    raise exceptions.TimeoutError() from exc
asyncio.exceptions.TimeoutError

The above exception was the direct cause of the following exception:

Traceback (most recent call last):
  File "/vortexfs1/home/anthony.meza/mambaforge/envs/atm_rivers/lib/python3.10/site-packages/distributed/nanny.py", line 932, in run
    async with worker:
  File "/vortexfs1/home/anthony.meza/mambaforge/envs/atm_rivers/lib/python3.10/site-packages/distributed/core.py", line 551, in __aenter__
    await self
  File "/vortexfs1/home/anthony.meza/mambaforge/envs/atm_rivers/lib/python3.10/site-packages/distributed/core.py", line 540, in start
    raise asyncio.TimeoutError(
asyncio.exceptions.TimeoutError: Worker start timed out after 60s.
slurmstepd: error: *** JOB 3090005 ON pn005 CANCELLED AT 2023-05-10T21:26:49 ***
