2023-04-18 10:56:08,347 - distributed.nanny - INFO -         Start Nanny at: 'tcp://172.16.3.89:44730'
2023-04-18 10:56:22,058 - distributed.worker - INFO -       Start worker at:    tcp://172.16.3.89:41051
2023-04-18 10:56:22,058 - distributed.worker - INFO -          Listening to:    tcp://172.16.3.89:41051
2023-04-18 10:56:22,058 - distributed.worker - INFO -           Worker name:             SLURMCluster-3
2023-04-18 10:56:22,058 - distributed.worker - INFO -          dashboard at:          172.16.3.89:42155
2023-04-18 10:56:22,058 - distributed.worker - INFO - Waiting to connect to:    tcp://172.16.3.91:40166
2023-04-18 10:56:22,058 - distributed.worker - INFO - -------------------------------------------------
2023-04-18 10:56:22,058 - distributed.worker - INFO -               Threads:                         36
2023-04-18 10:56:22,058 - distributed.worker - INFO -                Memory:                 178.81 GiB
2023-04-18 10:56:22,058 - distributed.worker - INFO -       Local Directory: /tmp/dask-worker-space/worker-modaoejg
2023-04-18 10:56:22,058 - distributed.worker - INFO - -------------------------------------------------
2023-04-18 10:56:22,065 - distributed.worker - INFO -         Registered to:    tcp://172.16.3.91:40166
2023-04-18 10:56:22,066 - distributed.worker - INFO - -------------------------------------------------
2023-04-18 10:56:22,066 - distributed.core - INFO - Starting established connection to tcp://172.16.3.91:40166
2023-04-18 11:41:34,549 - distributed.core - INFO - Event loop was unresponsive in Worker for 3.53s.  This is often caused by long-running GIL-holding functions or moving large chunks of data. This can cause timeouts and instability.
2023-04-18 12:04:01,658 - distributed.core - INFO - Event loop was unresponsive in Worker for 11.26s.  This is often caused by long-running GIL-holding functions or moving large chunks of data. This can cause timeouts and instability.
2023-04-18 12:05:33,941 - distributed.core - INFO - Event loop was unresponsive in Worker for 4.36s.  This is often caused by long-running GIL-holding functions or moving large chunks of data. This can cause timeouts and instability.
2023-04-18 12:05:47,497 - distributed.core - INFO - Event loop was unresponsive in Worker for 4.74s.  This is often caused by long-running GIL-holding functions or moving large chunks of data. This can cause timeouts and instability.
2023-04-18 12:07:58,640 - distributed.core - INFO - Event loop was unresponsive in Worker for 4.66s.  This is often caused by long-running GIL-holding functions or moving large chunks of data. This can cause timeouts and instability.
2023-04-18 12:09:11,707 - distributed.core - INFO - Event loop was unresponsive in Worker for 8.55s.  This is often caused by long-running GIL-holding functions or moving large chunks of data. This can cause timeouts and instability.
2023-04-18 12:09:16,145 - distributed.core - INFO - Event loop was unresponsive in Worker for 4.26s.  This is often caused by long-running GIL-holding functions or moving large chunks of data. This can cause timeouts and instability.
2023-04-18 12:09:23,543 - distributed.core - INFO - Event loop was unresponsive in Worker for 4.38s.  This is often caused by long-running GIL-holding functions or moving large chunks of data. This can cause timeouts and instability.
2023-04-18 12:09:48,356 - distributed.core - INFO - Event loop was unresponsive in Worker for 4.51s.  This is often caused by long-running GIL-holding functions or moving large chunks of data. This can cause timeouts and instability.
2023-04-18 12:09:54,447 - distributed.core - INFO - Event loop was unresponsive in Worker for 4.28s.  This is often caused by long-running GIL-holding functions or moving large chunks of data. This can cause timeouts and instability.
2023-04-18 12:10:03,579 - distributed.core - INFO - Event loop was unresponsive in Worker for 4.30s.  This is often caused by long-running GIL-holding functions or moving large chunks of data. This can cause timeouts and instability.
2023-04-18 12:10:31,080 - distributed.core - INFO - Event loop was unresponsive in Worker for 4.57s.  This is often caused by long-running GIL-holding functions or moving large chunks of data. This can cause timeouts and instability.
2023-04-18 12:10:35,775 - distributed.core - INFO - Event loop was unresponsive in Worker for 4.35s.  This is often caused by long-running GIL-holding functions or moving large chunks of data. This can cause timeouts and instability.
2023-04-18 12:11:22,291 - distributed.core - INFO - Event loop was unresponsive in Worker for 4.23s.  This is often caused by long-running GIL-holding functions or moving large chunks of data. This can cause timeouts and instability.
2023-04-18 12:22:24,359 - distributed.worker - ERROR - Worker stream died during communication: tcp://172.16.3.67:39594
Traceback (most recent call last):
  File "/vortexfs1/home/anthony.meza/.conda/envs/notebook_env/lib/python3.10/site-packages/distributed/comm/tcp.py", line 235, in read
    n = await stream.read_into(chunk)
tornado.iostream.StreamClosedError: Stream is closed

The above exception was the direct cause of the following exception:

Traceback (most recent call last):
  File "/vortexfs1/home/anthony.meza/.conda/envs/notebook_env/lib/python3.10/site-packages/distributed/worker.py", line 2051, in gather_dep
    response = await get_data_from_worker(
  File "/vortexfs1/home/anthony.meza/.conda/envs/notebook_env/lib/python3.10/site-packages/distributed/worker.py", line 2840, in get_data_from_worker
    return await retry_operation(_get_data, operation="get_data_from_worker")
  File "/vortexfs1/home/anthony.meza/.conda/envs/notebook_env/lib/python3.10/site-packages/distributed/utils_comm.py", line 386, in retry_operation
    return await retry(
  File "/vortexfs1/home/anthony.meza/.conda/envs/notebook_env/lib/python3.10/site-packages/distributed/utils_comm.py", line 371, in retry
    return await coro()
  File "/vortexfs1/home/anthony.meza/.conda/envs/notebook_env/lib/python3.10/site-packages/distributed/worker.py", line 2820, in _get_data
    response = await send_recv(
  File "/vortexfs1/home/anthony.meza/.conda/envs/notebook_env/lib/python3.10/site-packages/distributed/core.py", line 928, in send_recv
    response = await comm.read(deserializers=deserializers)
  File "/vortexfs1/home/anthony.meza/.conda/envs/notebook_env/lib/python3.10/site-packages/distributed/comm/tcp.py", line 241, in read
    convert_stream_closed_error(self, e)
  File "/vortexfs1/home/anthony.meza/.conda/envs/notebook_env/lib/python3.10/site-packages/distributed/comm/tcp.py", line 144, in convert_stream_closed_error
    raise CommClosedError(f"in {obj}: {exc}") from exc
distributed.comm.core.CommClosedError: in <TCP (closed) Ephemeral Worker->Worker for gather local=tcp://172.16.3.89:55009 remote=tcp://172.16.3.67:39594>: Stream is closed
2023-04-18 12:22:57,354 - distributed.core - INFO - Event loop was unresponsive in Nanny for 4.33s.  This is often caused by long-running GIL-holding functions or moving large chunks of data. This can cause timeouts and instability.
2023-04-18 12:23:06,539 - distributed.core - INFO - Event loop was unresponsive in Nanny for 4.46s.  This is often caused by long-running GIL-holding functions or moving large chunks of data. This can cause timeouts and instability.
2023-04-18 12:23:43,510 - distributed.core - INFO - Event loop was unresponsive in Nanny for 3.43s.  This is often caused by long-running GIL-holding functions or moving large chunks of data. This can cause timeouts and instability.
2023-04-18 12:24:21,075 - distributed.core - INFO - Event loop was unresponsive in Nanny for 9.26s.  This is often caused by long-running GIL-holding functions or moving large chunks of data. This can cause timeouts and instability.
2023-04-18 12:24:23,279 - distributed.core - INFO - Event loop was unresponsive in Nanny for 3.24s.  This is often caused by long-running GIL-holding functions or moving large chunks of data. This can cause timeouts and instability.
2023-04-18 12:24:30,255 - distributed.nanny - INFO - Worker process 457115 was killed by signal 9
2023-04-18 12:24:30,463 - distributed.nanny - WARNING - Restarting worker
slurmstepd: error: *** JOB 3065913 ON pn039 CANCELLED AT 2023-04-18T12:24:45 ***
