2023-04-18 16:37:51,485 - distributed.nanny - INFO -         Start Nanny at: 'tcp://172.16.3.164:37042'
2023-04-18 16:37:51,907 - distributed.diskutils - INFO - Found stale lock file and directory '/tmp/dask-worker-space/worker-g2bptwj1', purging
2023-04-18 16:37:53,949 - distributed.worker - INFO -       Start worker at:   tcp://172.16.3.164:36613
2023-04-18 16:37:53,949 - distributed.worker - INFO -          Listening to:   tcp://172.16.3.164:36613
2023-04-18 16:37:53,949 - distributed.worker - INFO -           Worker name:             SLURMCluster-6
2023-04-18 16:37:53,949 - distributed.worker - INFO -          dashboard at:         172.16.3.164:34481
2023-04-18 16:37:53,949 - distributed.worker - INFO - Waiting to connect to:    tcp://172.16.3.91:35010
2023-04-18 16:37:53,949 - distributed.worker - INFO - -------------------------------------------------
2023-04-18 16:37:53,949 - distributed.worker - INFO -               Threads:                         30
2023-04-18 16:37:53,949 - distributed.worker - INFO -                Memory:                 139.70 GiB
2023-04-18 16:37:53,950 - distributed.worker - INFO -       Local Directory: /tmp/dask-worker-space/worker-ro1zus94
2023-04-18 16:37:53,950 - distributed.worker - INFO - -------------------------------------------------
2023-04-18 16:37:53,955 - distributed.worker - INFO -         Registered to:    tcp://172.16.3.91:35010
2023-04-18 16:37:53,955 - distributed.worker - INFO - -------------------------------------------------
2023-04-18 16:37:53,955 - distributed.core - INFO - Starting established connection to tcp://172.16.3.91:35010
2023-04-18 16:42:01,938 - distributed.core - INFO - Event loop was unresponsive in Worker for 8.35s.  This is often caused by long-running GIL-holding functions or moving large chunks of data. This can cause timeouts and instability.
2023-04-18 16:42:02,126 - distributed.utils_perf - INFO - full garbage collection released 14.98 MiB from 84 reference cycles (threshold: 9.54 MiB)
2023-04-18 16:42:13,324 - distributed.core - INFO - Event loop was unresponsive in Worker for 10.93s.  This is often caused by long-running GIL-holding functions or moving large chunks of data. This can cause timeouts and instability.
2023-04-18 16:42:23,144 - distributed.core - INFO - Event loop was unresponsive in Worker for 5.95s.  This is often caused by long-running GIL-holding functions or moving large chunks of data. This can cause timeouts and instability.
2023-04-18 16:42:31,650 - distributed.core - INFO - Event loop was unresponsive in Worker for 4.47s.  This is often caused by long-running GIL-holding functions or moving large chunks of data. This can cause timeouts and instability.
2023-04-18 16:42:45,044 - distributed.core - INFO - Event loop was unresponsive in Worker for 4.25s.  This is often caused by long-running GIL-holding functions or moving large chunks of data. This can cause timeouts and instability.
2023-04-18 16:47:19,759 - distributed.core - INFO - Event loop was unresponsive in Worker for 4.18s.  This is often caused by long-running GIL-holding functions or moving large chunks of data. This can cause timeouts and instability.
2023-04-18 16:48:28,086 - distributed.core - INFO - Event loop was unresponsive in Worker for 5.81s.  This is often caused by long-running GIL-holding functions or moving large chunks of data. This can cause timeouts and instability.
2023-04-18 16:50:56,998 - distributed.core - INFO - Event loop was unresponsive in Worker for 5.08s.  This is often caused by long-running GIL-holding functions or moving large chunks of data. This can cause timeouts and instability.
2023-04-18 16:51:22,227 - distributed.core - INFO - Event loop was unresponsive in Worker for 4.57s.  This is often caused by long-running GIL-holding functions or moving large chunks of data. This can cause timeouts and instability.
2023-04-18 16:51:28,871 - distributed.core - INFO - Event loop was unresponsive in Worker for 3.98s.  This is often caused by long-running GIL-holding functions or moving large chunks of data. This can cause timeouts and instability.
2023-04-18 16:52:10,745 - distributed.core - INFO - Event loop was unresponsive in Worker for 10.29s.  This is often caused by long-running GIL-holding functions or moving large chunks of data. This can cause timeouts and instability.
2023-04-18 16:55:35,820 - distributed.core - INFO - Event loop was unresponsive in Worker for 4.15s.  This is often caused by long-running GIL-holding functions or moving large chunks of data. This can cause timeouts and instability.
2023-04-18 16:56:00,087 - distributed.core - INFO - Event loop was unresponsive in Worker for 4.43s.  This is often caused by long-running GIL-holding functions or moving large chunks of data. This can cause timeouts and instability.
2023-04-18 16:56:56,744 - distributed.core - INFO - Event loop was unresponsive in Worker for 4.41s.  This is often caused by long-running GIL-holding functions or moving large chunks of data. This can cause timeouts and instability.
2023-04-18 16:58:51,533 - distributed.core - INFO - Event loop was unresponsive in Worker for 4.76s.  This is often caused by long-running GIL-holding functions or moving large chunks of data. This can cause timeouts and instability.
2023-04-18 16:59:12,779 - distributed.core - INFO - Event loop was unresponsive in Worker for 3.68s.  This is often caused by long-running GIL-holding functions or moving large chunks of data. This can cause timeouts and instability.
2023-04-18 16:59:43,810 - distributed.core - INFO - Event loop was unresponsive in Worker for 5.81s.  This is often caused by long-running GIL-holding functions or moving large chunks of data. This can cause timeouts and instability.
2023-04-18 17:00:36,840 - distributed.core - INFO - Event loop was unresponsive in Worker for 4.15s.  This is often caused by long-running GIL-holding functions or moving large chunks of data. This can cause timeouts and instability.
2023-04-18 17:01:32,400 - distributed.core - INFO - Event loop was unresponsive in Worker for 4.13s.  This is often caused by long-running GIL-holding functions or moving large chunks of data. This can cause timeouts and instability.
2023-04-18 17:01:42,486 - distributed.core - INFO - Event loop was unresponsive in Worker for 5.77s.  This is often caused by long-running GIL-holding functions or moving large chunks of data. This can cause timeouts and instability.
2023-04-18 17:02:47,873 - distributed.core - INFO - Event loop was unresponsive in Worker for 3.90s.  This is often caused by long-running GIL-holding functions or moving large chunks of data. This can cause timeouts and instability.
2023-04-18 17:02:55,007 - distributed.core - INFO - Event loop was unresponsive in Worker for 6.41s.  This is often caused by long-running GIL-holding functions or moving large chunks of data. This can cause timeouts and instability.
2023-04-18 17:04:56,433 - distributed.core - INFO - Event loop was unresponsive in Worker for 3.58s.  This is often caused by long-running GIL-holding functions or moving large chunks of data. This can cause timeouts and instability.
2023-04-18 17:07:04,268 - distributed.core - INFO - Event loop was unresponsive in Worker for 5.79s.  This is often caused by long-running GIL-holding functions or moving large chunks of data. This can cause timeouts and instability.
2023-04-18 17:07:33,044 - distributed.core - INFO - Event loop was unresponsive in Worker for 4.27s.  This is often caused by long-running GIL-holding functions or moving large chunks of data. This can cause timeouts and instability.
2023-04-18 17:07:39,862 - distributed.core - INFO - Event loop was unresponsive in Worker for 3.01s.  This is often caused by long-running GIL-holding functions or moving large chunks of data. This can cause timeouts and instability.
2023-04-18 17:10:04,189 - distributed.core - INFO - Event loop was unresponsive in Worker for 5.82s.  This is often caused by long-running GIL-holding functions or moving large chunks of data. This can cause timeouts and instability.
2023-04-18 17:10:27,852 - distributed.core - INFO - Event loop was unresponsive in Worker for 4.12s.  This is often caused by long-running GIL-holding functions or moving large chunks of data. This can cause timeouts and instability.
2023-04-18 17:14:27,438 - distributed.core - INFO - Event loop was unresponsive in Worker for 4.00s.  This is often caused by long-running GIL-holding functions or moving large chunks of data. This can cause timeouts and instability.
2023-04-18 17:14:40,280 - distributed.core - INFO - Event loop was unresponsive in Worker for 5.89s.  This is often caused by long-running GIL-holding functions or moving large chunks of data. This can cause timeouts and instability.
2023-04-18 17:14:56,698 - distributed.core - INFO - Event loop was unresponsive in Worker for 4.14s.  This is often caused by long-running GIL-holding functions or moving large chunks of data. This can cause timeouts and instability.
2023-04-18 17:16:21,185 - distributed.core - INFO - Event loop was unresponsive in Worker for 4.15s.  This is often caused by long-running GIL-holding functions or moving large chunks of data. This can cause timeouts and instability.
2023-04-18 17:18:13,064 - distributed.core - INFO - Event loop was unresponsive in Worker for 5.20s.  This is often caused by long-running GIL-holding functions or moving large chunks of data. This can cause timeouts and instability.
2023-04-18 17:18:21,333 - distributed.core - INFO - Event loop was unresponsive in Worker for 5.90s.  This is often caused by long-running GIL-holding functions or moving large chunks of data. This can cause timeouts and instability.
2023-04-18 17:19:08,749 - distributed.core - INFO - Event loop was unresponsive in Worker for 5.90s.  This is often caused by long-running GIL-holding functions or moving large chunks of data. This can cause timeouts and instability.
2023-04-18 17:19:14,948 - distributed.core - INFO - Event loop was unresponsive in Worker for 5.87s.  This is often caused by long-running GIL-holding functions or moving large chunks of data. This can cause timeouts and instability.
2023-04-18 17:19:23,550 - distributed.core - INFO - Event loop was unresponsive in Worker for 5.88s.  This is often caused by long-running GIL-holding functions or moving large chunks of data. This can cause timeouts and instability.
2023-04-18 17:21:46,448 - distributed.core - INFO - Event loop was unresponsive in Worker for 4.38s.  This is often caused by long-running GIL-holding functions or moving large chunks of data. This can cause timeouts and instability.
2023-04-18 17:22:58,157 - distributed.core - INFO - Event loop was unresponsive in Worker for 4.20s.  This is often caused by long-running GIL-holding functions or moving large chunks of data. This can cause timeouts and instability.
slurmstepd: error: *** JOB 3066597 ON pn114 CANCELLED AT 2023-04-18T18:37:49 DUE TO TIME LIMIT ***
