2023-05-05 00:55:16,938 - distributed.nanny - INFO -         Start Nanny at: 'tcp://172.16.3.187:41607'
2023-05-05 00:55:17,338 - distributed.diskutils - INFO - Found stale lock file and directory '/tmp/dask-worker-space/worker-wtkk73ov', purging
2023-05-05 00:55:18,846 - distributed.worker - INFO -       Start worker at:   tcp://172.16.3.187:35457
2023-05-05 00:55:18,847 - distributed.worker - INFO -          Listening to:   tcp://172.16.3.187:35457
2023-05-05 00:55:18,847 - distributed.worker - INFO -           Worker name:             SLURMCluster-3
2023-05-05 00:55:18,847 - distributed.worker - INFO -          dashboard at:         172.16.3.187:40924
2023-05-05 00:55:18,847 - distributed.worker - INFO - Waiting to connect to:   tcp://172.16.3.106:46628
2023-05-05 00:55:18,847 - distributed.worker - INFO - -------------------------------------------------
2023-05-05 00:55:18,847 - distributed.worker - INFO -               Threads:                         36
2023-05-05 00:55:18,847 - distributed.worker - INFO -                Memory:                 178.81 GiB
2023-05-05 00:55:18,847 - distributed.worker - INFO -       Local Directory: /tmp/dask-worker-space/worker-1l7chngx
2023-05-05 00:55:18,847 - distributed.worker - INFO - -------------------------------------------------
2023-05-05 00:55:23,084 - distributed.worker - INFO -         Registered to:   tcp://172.16.3.106:46628
2023-05-05 00:55:23,084 - distributed.worker - INFO - -------------------------------------------------
2023-05-05 00:55:23,084 - distributed.core - INFO - Starting established connection to tcp://172.16.3.106:46628
2023-05-05 01:01:13,058 - distributed.utils_perf - INFO - full garbage collection released 23.03 MiB from 102 reference cycles (threshold: 9.54 MiB)
2023-05-05 01:01:25,306 - distributed.utils_perf - INFO - full garbage collection released 61.12 MiB from 94 reference cycles (threshold: 9.54 MiB)
2023-05-05 01:01:54,146 - distributed.utils_perf - INFO - full garbage collection released 25.55 MiB from 440 reference cycles (threshold: 9.54 MiB)
2023-05-05 01:01:56,564 - distributed.utils_perf - INFO - full garbage collection released 30.84 MiB from 780 reference cycles (threshold: 9.54 MiB)
2023-05-05 01:02:02,949 - distributed.utils_perf - INFO - full garbage collection released 10.15 MiB from 642 reference cycles (threshold: 9.54 MiB)
2023-05-05 01:02:24,289 - distributed.utils_perf - INFO - full garbage collection released 31.79 MiB from 857 reference cycles (threshold: 9.54 MiB)
2023-05-05 01:04:51,366 - distributed.utils_perf - INFO - full garbage collection released 36.16 MiB from 599 reference cycles (threshold: 9.54 MiB)
2023-05-05 01:05:02,160 - distributed.utils_perf - INFO - full garbage collection released 26.32 MiB from 1535 reference cycles (threshold: 9.54 MiB)
2023-05-05 01:05:13,883 - distributed.utils_perf - INFO - full garbage collection released 19.42 MiB from 2029 reference cycles (threshold: 9.54 MiB)
2023-05-05 01:06:46,399 - distributed.utils_perf - INFO - full garbage collection released 11.25 MiB from 649 reference cycles (threshold: 9.54 MiB)
2023-05-05 01:06:52,742 - distributed.utils_perf - INFO - full garbage collection released 14.53 MiB from 517 reference cycles (threshold: 9.54 MiB)
2023-05-05 01:18:45,206 - distributed.core - INFO - Connection to tcp://172.16.3.106:46628 has been closed.
2023-05-05 01:18:45,207 - distributed.worker - INFO - Stopping worker at tcp://172.16.3.187:35457. Reason: worker-handle-scheduler-connection-broken
2023-05-05 01:18:45,208 - distributed.worker - ERROR - Failed to communicate with scheduler during heartbeat.
Traceback (most recent call last):
  File "/vortexfs1/home/anthony.meza/mambaforge/envs/atm_rivers/lib/python3.10/site-packages/tornado/iostream.py", line 861, in _read_to_buffer
    bytes_read = self.read_from_fd(buf)
  File "/vortexfs1/home/anthony.meza/mambaforge/envs/atm_rivers/lib/python3.10/site-packages/tornado/iostream.py", line 1116, in read_from_fd
    return self.socket.recv_into(buf, len(buf))
ConnectionResetError: [Errno 104] Connection reset by peer

The above exception was the direct cause of the following exception:

Traceback (most recent call last):
  File "/vortexfs1/home/anthony.meza/mambaforge/envs/atm_rivers/lib/python3.10/site-packages/distributed/worker.py", line 1237, in heartbeat
    response = await retry_operation(
  File "/vortexfs1/home/anthony.meza/mambaforge/envs/atm_rivers/lib/python3.10/site-packages/distributed/utils_comm.py", line 434, in retry_operation
    return await retry(
  File "/vortexfs1/home/anthony.meza/mambaforge/envs/atm_rivers/lib/python3.10/site-packages/distributed/utils_comm.py", line 413, in retry
    return await coro()
  File "/vortexfs1/home/anthony.meza/mambaforge/envs/atm_rivers/lib/python3.10/site-packages/distributed/core.py", line 1269, in send_recv_from_rpc
    return await send_recv(comm=comm, op=key, **kwargs)
  File "/vortexfs1/home/anthony.meza/mambaforge/envs/atm_rivers/lib/python3.10/site-packages/distributed/core.py", line 1028, in send_recv
    response = await comm.read(deserializers=deserializers)
  File "/vortexfs1/home/anthony.meza/mambaforge/envs/atm_rivers/lib/python3.10/site-packages/distributed/comm/tcp.py", line 241, in read
    convert_stream_closed_error(self, e)
  File "/vortexfs1/home/anthony.meza/mambaforge/envs/atm_rivers/lib/python3.10/site-packages/distributed/comm/tcp.py", line 142, in convert_stream_closed_error
    raise CommClosedError(f"in {obj}: {exc.__class__.__name__}: {exc}") from exc
distributed.comm.core.CommClosedError: in <TCP (closed) ConnectionPool.heartbeat_worker local=tcp://172.16.3.187:43160 remote=tcp://172.16.3.106:46628>: ConnectionResetError: [Errno 104] Connection reset by peer
2023-05-05 01:18:45,216 - distributed.nanny - INFO - Closing Nanny gracefully at 'tcp://172.16.3.187:41607'. Reason: worker-handle-scheduler-connection-broken
2023-05-05 01:18:47,959 - distributed.client - ERROR - 
ConnectionRefusedError: [Errno 111] Connection refused

The above exception was the direct cause of the following exception:

Traceback (most recent call last):
  File "/vortexfs1/home/anthony.meza/mambaforge/envs/atm_rivers/lib/python3.10/site-packages/distributed/comm/core.py", line 292, in connect
    comm = await wait_for(
  File "/vortexfs1/home/anthony.meza/mambaforge/envs/atm_rivers/lib/python3.10/site-packages/distributed/utils.py", line 1878, in wait_for
    return await asyncio.wait_for(fut, timeout)
  File "/vortexfs1/home/anthony.meza/mambaforge/envs/atm_rivers/lib/python3.10/asyncio/tasks.py", line 445, in wait_for
    return fut.result()
  File "/vortexfs1/home/anthony.meza/mambaforge/envs/atm_rivers/lib/python3.10/site-packages/distributed/comm/tcp.py", line 511, in connect
    convert_stream_closed_error(self, e)
  File "/vortexfs1/home/anthony.meza/mambaforge/envs/atm_rivers/lib/python3.10/site-packages/distributed/comm/tcp.py", line 142, in convert_stream_closed_error
    raise CommClosedError(f"in {obj}: {exc.__class__.__name__}: {exc}") from exc
distributed.comm.core.CommClosedError: in <distributed.comm.tcp.TCPConnector object at 0x2aaae7ea99f0>: ConnectionRefusedError: [Errno 111] Connection refused

During handling of the above exception, another exception occurred:

Traceback (most recent call last):
  File "/vortexfs1/home/anthony.meza/mambaforge/envs/atm_rivers/lib/python3.10/site-packages/distributed/utils.py", line 754, in wrapper
    return await func(*args, **kwargs)
  File "/vortexfs1/home/anthony.meza/mambaforge/envs/atm_rivers/lib/python3.10/site-packages/distributed/client.py", line 1323, in _reconnect
    await self._ensure_connected(timeout=timeout)
  File "/vortexfs1/home/anthony.meza/mambaforge/envs/atm_rivers/lib/python3.10/site-packages/distributed/client.py", line 1353, in _ensure_connected
    comm = await connect(
  File "/vortexfs1/home/anthony.meza/mambaforge/envs/atm_rivers/lib/python3.10/site-packages/distributed/comm/core.py", line 316, in connect
    await asyncio.sleep(backoff)
  File "/vortexfs1/home/anthony.meza/mambaforge/envs/atm_rivers/lib/python3.10/asyncio/tasks.py", line 605, in sleep
    return await future
asyncio.exceptions.CancelledError
2023-05-05 01:18:47,969 - distributed.nanny - INFO - Worker closed
2023-05-05 01:18:49,973 - distributed.nanny - ERROR - Worker process died unexpectedly
2023-05-05 01:18:50,774 - distributed.nanny - INFO - Closing Nanny at 'tcp://172.16.3.187:41607'. Reason: nanny-close-gracefully
2023-05-05 01:18:50,775 - distributed.dask_worker - INFO - End worker
