2023-05-03 10:38:21,300 - distributed.nanny - INFO -         Start Nanny at: 'tcp://172.16.3.168:34738'
2023-05-03 10:38:23,122 - distributed.worker - INFO -       Start worker at:   tcp://172.16.3.168:41184
2023-05-03 10:38:23,122 - distributed.worker - INFO -          Listening to:   tcp://172.16.3.168:41184
2023-05-03 10:38:23,122 - distributed.worker - INFO -           Worker name:             SLURMCluster-8
2023-05-03 10:38:23,122 - distributed.worker - INFO -          dashboard at:         172.16.3.168:42745
2023-05-03 10:38:23,122 - distributed.worker - INFO - Waiting to connect to:   tcp://172.16.3.158:34878
2023-05-03 10:38:23,122 - distributed.worker - INFO - -------------------------------------------------
2023-05-03 10:38:23,122 - distributed.worker - INFO -               Threads:                         36
2023-05-03 10:38:23,122 - distributed.worker - INFO -                Memory:                 178.81 GiB
2023-05-03 10:38:23,122 - distributed.worker - INFO -       Local Directory: /tmp/dask-worker-space/worker-v2kcj_im
2023-05-03 10:38:23,122 - distributed.worker - INFO - -------------------------------------------------
2023-05-03 10:38:24,127 - distributed.worker - INFO -         Registered to:   tcp://172.16.3.158:34878
2023-05-03 10:38:24,127 - distributed.worker - INFO - -------------------------------------------------
2023-05-03 10:38:24,128 - distributed.core - INFO - Starting established connection to tcp://172.16.3.158:34878
2023-05-03 10:39:32,176 - distributed.utils_perf - INFO - full garbage collection released 58.50 MiB from 295 reference cycles (threshold: 9.54 MiB)
2023-05-03 10:42:02,665 - distributed.utils_perf - WARNING - full garbage collections took 11% CPU time recently (threshold: 10%)
2023-05-03 10:42:03,424 - distributed.utils_perf - WARNING - full garbage collections took 12% CPU time recently (threshold: 10%)
2023-05-03 10:42:04,609 - distributed.utils_perf - WARNING - full garbage collections took 14% CPU time recently (threshold: 10%)
2023-05-03 10:42:06,350 - distributed.utils_perf - WARNING - full garbage collections took 17% CPU time recently (threshold: 10%)
2023-05-03 10:42:08,353 - distributed.utils_perf - WARNING - full garbage collections took 17% CPU time recently (threshold: 10%)
2023-05-03 10:42:16,461 - distributed.utils_perf - WARNING - full garbage collections took 17% CPU time recently (threshold: 10%)
2023-05-03 10:42:17,126 - distributed.utils_perf - WARNING - full garbage collections took 21% CPU time recently (threshold: 10%)
2023-05-03 10:42:17,986 - distributed.utils_perf - WARNING - full garbage collections took 21% CPU time recently (threshold: 10%)
2023-05-03 10:42:18,834 - distributed.utils_perf - WARNING - full garbage collections took 21% CPU time recently (threshold: 10%)
2023-05-03 10:42:19,884 - distributed.utils_perf - WARNING - full garbage collections took 22% CPU time recently (threshold: 10%)
2023-05-03 10:42:21,754 - distributed.utils_perf - WARNING - full garbage collections took 22% CPU time recently (threshold: 10%)
2023-05-03 10:42:30,647 - distributed.utils_perf - WARNING - full garbage collections took 21% CPU time recently (threshold: 10%)
2023-05-03 10:42:31,304 - distributed.utils_perf - WARNING - full garbage collections took 21% CPU time recently (threshold: 10%)
2023-05-03 10:42:32,135 - distributed.utils_perf - WARNING - full garbage collections took 23% CPU time recently (threshold: 10%)
2023-05-03 10:42:33,980 - distributed.utils_perf - WARNING - full garbage collections took 23% CPU time recently (threshold: 10%)
2023-05-03 10:42:35,209 - distributed.utils_perf - WARNING - full garbage collections took 23% CPU time recently (threshold: 10%)
2023-05-03 10:42:52,228 - distributed.utils_perf - WARNING - full garbage collections took 21% CPU time recently (threshold: 10%)
2023-05-03 10:42:53,679 - distributed.utils_perf - WARNING - full garbage collections took 22% CPU time recently (threshold: 10%)
2023-05-03 10:42:54,796 - distributed.utils_perf - WARNING - full garbage collections took 22% CPU time recently (threshold: 10%)
2023-05-03 10:42:56,515 - distributed.utils_perf - WARNING - full garbage collections took 22% CPU time recently (threshold: 10%)
2023-05-03 10:42:57,920 - distributed.utils_perf - WARNING - full garbage collections took 22% CPU time recently (threshold: 10%)
2023-05-03 10:43:00,957 - distributed.utils_perf - WARNING - full garbage collections took 22% CPU time recently (threshold: 10%)
2023-05-03 10:43:12,922 - distributed.utils_perf - WARNING - full garbage collections took 21% CPU time recently (threshold: 10%)
2023-05-03 10:43:14,617 - distributed.utils_perf - WARNING - full garbage collections took 20% CPU time recently (threshold: 10%)
2023-05-03 10:43:16,875 - distributed.utils_perf - WARNING - full garbage collections took 20% CPU time recently (threshold: 10%)
2023-05-03 10:43:18,915 - distributed.utils_perf - WARNING - full garbage collections took 19% CPU time recently (threshold: 10%)
2023-05-03 10:43:20,545 - distributed.utils_perf - WARNING - full garbage collections took 20% CPU time recently (threshold: 10%)
2023-05-03 10:43:21,749 - distributed.utils_perf - WARNING - full garbage collections took 20% CPU time recently (threshold: 10%)
2023-05-03 10:43:44,106 - distributed.utils_perf - WARNING - full garbage collections took 17% CPU time recently (threshold: 10%)
2023-05-03 10:43:45,676 - distributed.utils_perf - WARNING - full garbage collections took 18% CPU time recently (threshold: 10%)
2023-05-03 10:43:47,684 - distributed.utils_perf - WARNING - full garbage collections took 17% CPU time recently (threshold: 10%)
2023-05-03 10:43:49,475 - distributed.utils_perf - WARNING - full garbage collections took 17% CPU time recently (threshold: 10%)
2023-05-03 10:43:52,936 - distributed.utils_perf - WARNING - full garbage collections took 17% CPU time recently (threshold: 10%)
2023-05-03 10:44:15,374 - distributed.utils_perf - WARNING - full garbage collections took 14% CPU time recently (threshold: 10%)
2023-05-03 10:44:22,153 - distributed.utils_perf - WARNING - full garbage collections took 14% CPU time recently (threshold: 10%)
2023-05-03 10:44:28,459 - distributed.utils_perf - WARNING - full garbage collections took 14% CPU time recently (threshold: 10%)
2023-05-03 10:45:28,045 - distributed.utils_perf - WARNING - full garbage collections took 13% CPU time recently (threshold: 10%)
2023-05-03 10:45:41,742 - distributed.core - INFO - Connection to tcp://172.16.3.158:34878 has been closed.
2023-05-03 10:45:41,742 - distributed.worker - INFO - Stopping worker at tcp://172.16.3.168:41184. Reason: worker-handle-scheduler-connection-broken
2023-05-03 10:45:41,743 - distributed.worker - ERROR - Failed to communicate with scheduler during heartbeat.
Traceback (most recent call last):
  File "/vortexfs1/home/anthony.meza/mambaforge/envs/atm_rivers/lib/python3.10/site-packages/tornado/iostream.py", line 861, in _read_to_buffer
    bytes_read = self.read_from_fd(buf)
  File "/vortexfs1/home/anthony.meza/mambaforge/envs/atm_rivers/lib/python3.10/site-packages/tornado/iostream.py", line 1116, in read_from_fd
    return self.socket.recv_into(buf, len(buf))
ConnectionResetError: [Errno 104] Connection reset by peer

The above exception was the direct cause of the following exception:

Traceback (most recent call last):
  File "/vortexfs1/home/anthony.meza/mambaforge/envs/atm_rivers/lib/python3.10/site-packages/distributed/worker.py", line 1234, in heartbeat
    response = await retry_operation(
  File "/vortexfs1/home/anthony.meza/mambaforge/envs/atm_rivers/lib/python3.10/site-packages/distributed/utils_comm.py", line 434, in retry_operation
    return await retry(
  File "/vortexfs1/home/anthony.meza/mambaforge/envs/atm_rivers/lib/python3.10/site-packages/distributed/utils_comm.py", line 413, in retry
    return await coro()
  File "/vortexfs1/home/anthony.meza/mambaforge/envs/atm_rivers/lib/python3.10/site-packages/distributed/core.py", line 1268, in send_recv_from_rpc
    return await send_recv(comm=comm, op=key, **kwargs)
  File "/vortexfs1/home/anthony.meza/mambaforge/envs/atm_rivers/lib/python3.10/site-packages/distributed/core.py", line 1027, in send_recv
    response = await comm.read(deserializers=deserializers)
  File "/vortexfs1/home/anthony.meza/mambaforge/envs/atm_rivers/lib/python3.10/site-packages/distributed/comm/tcp.py", line 241, in read
    convert_stream_closed_error(self, e)
  File "/vortexfs1/home/anthony.meza/mambaforge/envs/atm_rivers/lib/python3.10/site-packages/distributed/comm/tcp.py", line 142, in convert_stream_closed_error
    raise CommClosedError(f"in {obj}: {exc.__class__.__name__}: {exc}") from exc
distributed.comm.core.CommClosedError: in <TCP (closed) ConnectionPool.heartbeat_worker local=tcp://172.16.3.168:59636 remote=tcp://172.16.3.158:34878>: ConnectionResetError: [Errno 104] Connection reset by peer
2023-05-03 10:45:41,748 - distributed.worker - ERROR - failed during get data with tcp://172.16.3.168:41184 -> tcp://172.16.3.167:40433
Traceback (most recent call last):
  File "/vortexfs1/home/anthony.meza/mambaforge/envs/atm_rivers/lib/python3.10/site-packages/distributed/comm/tcp.py", line 225, in read
    frames_nbytes = await stream.read_bytes(fmt_size)
tornado.iostream.StreamClosedError: Stream is closed

The above exception was the direct cause of the following exception:

Traceback (most recent call last):
  File "/vortexfs1/home/anthony.meza/mambaforge/envs/atm_rivers/lib/python3.10/site-packages/distributed/worker.py", line 1783, in get_data
    response = await comm.read(deserializers=serializers)
  File "/vortexfs1/home/anthony.meza/mambaforge/envs/atm_rivers/lib/python3.10/site-packages/distributed/comm/tcp.py", line 241, in read
    convert_stream_closed_error(self, e)
  File "/vortexfs1/home/anthony.meza/mambaforge/envs/atm_rivers/lib/python3.10/site-packages/distributed/comm/tcp.py", line 144, in convert_stream_closed_error
    raise CommClosedError(f"in {obj}: {exc}") from exc
distributed.comm.core.CommClosedError: in <TCP (closed)  local=tcp://172.16.3.168:41184 remote=tcp://172.16.3.167:52374>: Stream is closed
2023-05-03 10:45:41,749 - distributed.worker - ERROR - failed during get data with tcp://172.16.3.168:41184 -> tcp://172.16.3.61:41984
Traceback (most recent call last):
  File "/vortexfs1/home/anthony.meza/mambaforge/envs/atm_rivers/lib/python3.10/site-packages/distributed/comm/tcp.py", line 225, in read
    frames_nbytes = await stream.read_bytes(fmt_size)
tornado.iostream.StreamClosedError: Stream is closed

The above exception was the direct cause of the following exception:

Traceback (most recent call last):
  File "/vortexfs1/home/anthony.meza/mambaforge/envs/atm_rivers/lib/python3.10/site-packages/distributed/worker.py", line 1783, in get_data
    response = await comm.read(deserializers=serializers)
  File "/vortexfs1/home/anthony.meza/mambaforge/envs/atm_rivers/lib/python3.10/site-packages/distributed/comm/tcp.py", line 241, in read
    convert_stream_closed_error(self, e)
  File "/vortexfs1/home/anthony.meza/mambaforge/envs/atm_rivers/lib/python3.10/site-packages/distributed/comm/tcp.py", line 144, in convert_stream_closed_error
    raise CommClosedError(f"in {obj}: {exc}") from exc
distributed.comm.core.CommClosedError: in <TCP (closed)  local=tcp://172.16.3.168:41184 remote=tcp://172.16.3.61:60273>: Stream is closed
2023-05-03 10:45:41,750 - distributed.worker - ERROR - failed during get data with tcp://172.16.3.168:41184 -> tcp://172.16.3.93:33580
Traceback (most recent call last):
  File "/vortexfs1/home/anthony.meza/mambaforge/envs/atm_rivers/lib/python3.10/site-packages/distributed/comm/tcp.py", line 225, in read
    frames_nbytes = await stream.read_bytes(fmt_size)
tornado.iostream.StreamClosedError: Stream is closed

The above exception was the direct cause of the following exception:

Traceback (most recent call last):
  File "/vortexfs1/home/anthony.meza/mambaforge/envs/atm_rivers/lib/python3.10/site-packages/distributed/worker.py", line 1783, in get_data
    response = await comm.read(deserializers=serializers)
  File "/vortexfs1/home/anthony.meza/mambaforge/envs/atm_rivers/lib/python3.10/site-packages/distributed/comm/tcp.py", line 241, in read
    convert_stream_closed_error(self, e)
  File "/vortexfs1/home/anthony.meza/mambaforge/envs/atm_rivers/lib/python3.10/site-packages/distributed/comm/tcp.py", line 144, in convert_stream_closed_error
    raise CommClosedError(f"in {obj}: {exc}") from exc
distributed.comm.core.CommClosedError: in <TCP (closed)  local=tcp://172.16.3.168:41184 remote=tcp://172.16.3.93:45304>: Stream is closed
2023-05-03 10:45:41,751 - distributed.nanny - INFO - Closing Nanny gracefully at 'tcp://172.16.3.168:34738'. Reason: worker-handle-scheduler-connection-broken
2023-05-03 10:45:41,752 - distributed.worker - ERROR - failed during get data with tcp://172.16.3.168:41184 -> tcp://172.16.3.63:42327
Traceback (most recent call last):
  File "/vortexfs1/home/anthony.meza/mambaforge/envs/atm_rivers/lib/python3.10/site-packages/distributed/comm/tcp.py", line 225, in read
    frames_nbytes = await stream.read_bytes(fmt_size)
tornado.iostream.StreamClosedError: Stream is closed

The above exception was the direct cause of the following exception:

Traceback (most recent call last):
  File "/vortexfs1/home/anthony.meza/mambaforge/envs/atm_rivers/lib/python3.10/site-packages/distributed/worker.py", line 1783, in get_data
    response = await comm.read(deserializers=serializers)
  File "/vortexfs1/home/anthony.meza/mambaforge/envs/atm_rivers/lib/python3.10/site-packages/distributed/comm/tcp.py", line 241, in read
    convert_stream_closed_error(self, e)
  File "/vortexfs1/home/anthony.meza/mambaforge/envs/atm_rivers/lib/python3.10/site-packages/distributed/comm/tcp.py", line 144, in convert_stream_closed_error
    raise CommClosedError(f"in {obj}: {exc}") from exc
distributed.comm.core.CommClosedError: in <TCP (closed)  local=tcp://172.16.3.168:41184 remote=tcp://172.16.3.63:46250>: Stream is closed
2023-05-03 10:45:41,772 - distributed.worker - ERROR - failed during get data with tcp://172.16.3.168:41184 -> tcp://172.16.3.169:39383
Traceback (most recent call last):
  File "/vortexfs1/home/anthony.meza/mambaforge/envs/atm_rivers/lib/python3.10/site-packages/distributed/comm/tcp.py", line 225, in read
    frames_nbytes = await stream.read_bytes(fmt_size)
tornado.iostream.StreamClosedError: Stream is closed

The above exception was the direct cause of the following exception:

Traceback (most recent call last):
  File "/vortexfs1/home/anthony.meza/mambaforge/envs/atm_rivers/lib/python3.10/site-packages/distributed/worker.py", line 1783, in get_data
    response = await comm.read(deserializers=serializers)
  File "/vortexfs1/home/anthony.meza/mambaforge/envs/atm_rivers/lib/python3.10/site-packages/distributed/comm/tcp.py", line 241, in read
    convert_stream_closed_error(self, e)
  File "/vortexfs1/home/anthony.meza/mambaforge/envs/atm_rivers/lib/python3.10/site-packages/distributed/comm/tcp.py", line 144, in convert_stream_closed_error
    raise CommClosedError(f"in {obj}: {exc}") from exc
distributed.comm.core.CommClosedError: in <TCP (closed)  local=tcp://172.16.3.168:41184 remote=tcp://172.16.3.169:55915>: Stream is closed
2023-05-03 10:45:41,814 - distributed.worker - ERROR - failed during get data with tcp://172.16.3.168:41184 -> tcp://172.16.3.89:41660
Traceback (most recent call last):
  File "/vortexfs1/home/anthony.meza/mambaforge/envs/atm_rivers/lib/python3.10/site-packages/distributed/comm/tcp.py", line 317, in write
    raise StreamClosedError()
tornado.iostream.StreamClosedError: Stream is closed

The above exception was the direct cause of the following exception:

Traceback (most recent call last):
  File "/vortexfs1/home/anthony.meza/mambaforge/envs/atm_rivers/lib/python3.10/site-packages/distributed/worker.py", line 1782, in get_data
    compressed = await comm.write(msg, serializers=serializers)
  File "/vortexfs1/home/anthony.meza/mambaforge/envs/atm_rivers/lib/python3.10/site-packages/distributed/comm/tcp.py", line 328, in write
    convert_stream_closed_error(self, e)
  File "/vortexfs1/home/anthony.meza/mambaforge/envs/atm_rivers/lib/python3.10/site-packages/distributed/comm/tcp.py", line 144, in convert_stream_closed_error
    raise CommClosedError(f"in {obj}: {exc}") from exc
distributed.comm.core.CommClosedError: in <TCP (closed)  local=tcp://172.16.3.168:41184 remote=tcp://172.16.3.89:35419>: Stream is closed
2023-05-03 10:45:43,861 - distributed.client - ERROR - 
ConnectionRefusedError: [Errno 111] Connection refused

The above exception was the direct cause of the following exception:

Traceback (most recent call last):
  File "/vortexfs1/home/anthony.meza/mambaforge/envs/atm_rivers/lib/python3.10/site-packages/distributed/comm/core.py", line 292, in connect
    comm = await wait_for(
  File "/vortexfs1/home/anthony.meza/mambaforge/envs/atm_rivers/lib/python3.10/site-packages/distributed/utils.py", line 1850, in wait_for
    return await asyncio.wait_for(fut, timeout)
  File "/vortexfs1/home/anthony.meza/mambaforge/envs/atm_rivers/lib/python3.10/asyncio/tasks.py", line 445, in wait_for
    return fut.result()
  File "/vortexfs1/home/anthony.meza/mambaforge/envs/atm_rivers/lib/python3.10/site-packages/distributed/comm/tcp.py", line 511, in connect
    convert_stream_closed_error(self, e)
  File "/vortexfs1/home/anthony.meza/mambaforge/envs/atm_rivers/lib/python3.10/site-packages/distributed/comm/tcp.py", line 142, in convert_stream_closed_error
    raise CommClosedError(f"in {obj}: {exc.__class__.__name__}: {exc}") from exc
distributed.comm.core.CommClosedError: in <distributed.comm.tcp.TCPConnector object at 0x2aab4e085810>: ConnectionRefusedError: [Errno 111] Connection refused

During handling of the above exception, another exception occurred:

Traceback (most recent call last):
  File "/vortexfs1/home/anthony.meza/mambaforge/envs/atm_rivers/lib/python3.10/site-packages/distributed/utils.py", line 752, in wrapper
    return await func(*args, **kwargs)
  File "/vortexfs1/home/anthony.meza/mambaforge/envs/atm_rivers/lib/python3.10/site-packages/distributed/client.py", line 1321, in _reconnect
    await self._ensure_connected(timeout=timeout)
  File "/vortexfs1/home/anthony.meza/mambaforge/envs/atm_rivers/lib/python3.10/site-packages/distributed/client.py", line 1351, in _ensure_connected
    comm = await connect(
  File "/vortexfs1/home/anthony.meza/mambaforge/envs/atm_rivers/lib/python3.10/site-packages/distributed/comm/core.py", line 316, in connect
    await asyncio.sleep(backoff)
  File "/vortexfs1/home/anthony.meza/mambaforge/envs/atm_rivers/lib/python3.10/asyncio/tasks.py", line 605, in sleep
    return await future
asyncio.exceptions.CancelledError
2023-05-03 10:46:13,864 - distributed.nanny - INFO - Worker closed
2023-05-03 10:46:15,866 - distributed.nanny - ERROR - Worker process died unexpectedly
2023-05-03 10:46:17,624 - distributed.nanny - INFO - Closing Nanny at 'tcp://172.16.3.168:34738'. Reason: nanny-close-gracefully
2023-05-03 10:46:17,625 - distributed.dask_worker - INFO - End worker
