2023-04-11 10:56:16,585 - distributed.nanny - INFO -         Start Nanny at: 'tcp://172.16.3.92:42999'
2023-04-11 10:56:39,821 - distributed.worker - INFO -       Start worker at:    tcp://172.16.3.92:44018
2023-04-11 10:56:39,821 - distributed.worker - INFO -          Listening to:    tcp://172.16.3.92:44018
2023-04-11 10:56:39,821 - distributed.worker - INFO -           Worker name:             SLURMCluster-3
2023-04-11 10:56:39,821 - distributed.worker - INFO -          dashboard at:          172.16.3.92:43348
2023-04-11 10:56:39,821 - distributed.worker - INFO - Waiting to connect to:   tcp://172.16.3.167:33663
2023-04-11 10:56:39,821 - distributed.worker - INFO - -------------------------------------------------
2023-04-11 10:56:39,821 - distributed.worker - INFO -               Threads:                         36
2023-04-11 10:56:39,821 - distributed.worker - INFO -                Memory:                 166.71 GiB
2023-04-11 10:56:39,821 - distributed.worker - INFO -       Local Directory: /tmp/dask-worker-space/worker-333wwokq
2023-04-11 10:56:39,821 - distributed.worker - INFO - -------------------------------------------------
2023-04-11 10:56:39,831 - distributed.worker - INFO -         Registered to:   tcp://172.16.3.167:33663
2023-04-11 10:56:39,831 - distributed.worker - INFO - -------------------------------------------------
2023-04-11 10:56:39,831 - distributed.core - INFO - Starting established connection to tcp://172.16.3.167:33663
2023-04-11 11:25:53,175 - distributed.utils_perf - INFO - full garbage collection released 23.39 MiB from 582 reference cycles (threshold: 9.54 MiB)
2023-04-11 11:26:23,746 - distributed.worker - ERROR - Worker stream died during communication: tcp://172.16.3.103:45628
Traceback (most recent call last):
  File "/vortexfs1/home/anthony.meza/.conda/envs/notebook_env/lib/python3.10/site-packages/distributed/comm/tcp.py", line 225, in read
    frames_nbytes = await stream.read_bytes(fmt_size)
asyncio.exceptions.CancelledError

During handling of the above exception, another exception occurred:

Traceback (most recent call last):
  File "/vortexfs1/home/anthony.meza/.conda/envs/notebook_env/lib/python3.10/asyncio/tasks.py", line 456, in wait_for
    return fut.result()
asyncio.exceptions.CancelledError

The above exception was the direct cause of the following exception:

Traceback (most recent call last):
  File "/vortexfs1/home/anthony.meza/.conda/envs/notebook_env/lib/python3.10/site-packages/distributed/comm/core.py", line 328, in connect
    handshake = await asyncio.wait_for(comm.read(), time_left())
  File "/vortexfs1/home/anthony.meza/.conda/envs/notebook_env/lib/python3.10/asyncio/tasks.py", line 458, in wait_for
    raise exceptions.TimeoutError() from exc
asyncio.exceptions.TimeoutError

The above exception was the direct cause of the following exception:

Traceback (most recent call last):
  File "/vortexfs1/home/anthony.meza/.conda/envs/notebook_env/lib/python3.10/site-packages/distributed/worker.py", line 2051, in gather_dep
    response = await get_data_from_worker(
  File "/vortexfs1/home/anthony.meza/.conda/envs/notebook_env/lib/python3.10/site-packages/distributed/worker.py", line 2840, in get_data_from_worker
    return await retry_operation(_get_data, operation="get_data_from_worker")
  File "/vortexfs1/home/anthony.meza/.conda/envs/notebook_env/lib/python3.10/site-packages/distributed/utils_comm.py", line 386, in retry_operation
    return await retry(
  File "/vortexfs1/home/anthony.meza/.conda/envs/notebook_env/lib/python3.10/site-packages/distributed/utils_comm.py", line 371, in retry
    return await coro()
  File "/vortexfs1/home/anthony.meza/.conda/envs/notebook_env/lib/python3.10/site-packages/distributed/worker.py", line 2817, in _get_data
    comm = await rpc.connect(worker)
  File "/vortexfs1/home/anthony.meza/.conda/envs/notebook_env/lib/python3.10/site-packages/distributed/core.py", line 1381, in connect
    return await connect_attempt
  File "/vortexfs1/home/anthony.meza/.conda/envs/notebook_env/lib/python3.10/site-packages/distributed/core.py", line 1317, in _connect
    comm = await connect(
  File "/vortexfs1/home/anthony.meza/.conda/envs/notebook_env/lib/python3.10/site-packages/distributed/comm/core.py", line 333, in connect
    raise OSError(
OSError: Timed out during handshake while connecting to tcp://172.16.3.103:45628 after 30 s
2023-04-11 11:26:53,829 - distributed.worker - ERROR - Worker stream died during communication: tcp://172.16.3.102:33890
Traceback (most recent call last):
  File "/vortexfs1/home/anthony.meza/.conda/envs/notebook_env/lib/python3.10/site-packages/distributed/comm/tcp.py", line 225, in read
    frames_nbytes = await stream.read_bytes(fmt_size)
asyncio.exceptions.CancelledError

During handling of the above exception, another exception occurred:

Traceback (most recent call last):
  File "/vortexfs1/home/anthony.meza/.conda/envs/notebook_env/lib/python3.10/asyncio/tasks.py", line 456, in wait_for
    return fut.result()
asyncio.exceptions.CancelledError

The above exception was the direct cause of the following exception:

Traceback (most recent call last):
  File "/vortexfs1/home/anthony.meza/.conda/envs/notebook_env/lib/python3.10/site-packages/distributed/comm/core.py", line 328, in connect
    handshake = await asyncio.wait_for(comm.read(), time_left())
  File "/vortexfs1/home/anthony.meza/.conda/envs/notebook_env/lib/python3.10/asyncio/tasks.py", line 458, in wait_for
    raise exceptions.TimeoutError() from exc
asyncio.exceptions.TimeoutError

The above exception was the direct cause of the following exception:

Traceback (most recent call last):
  File "/vortexfs1/home/anthony.meza/.conda/envs/notebook_env/lib/python3.10/site-packages/distributed/worker.py", line 2051, in gather_dep
    response = await get_data_from_worker(
  File "/vortexfs1/home/anthony.meza/.conda/envs/notebook_env/lib/python3.10/site-packages/distributed/worker.py", line 2840, in get_data_from_worker
    return await retry_operation(_get_data, operation="get_data_from_worker")
  File "/vortexfs1/home/anthony.meza/.conda/envs/notebook_env/lib/python3.10/site-packages/distributed/utils_comm.py", line 386, in retry_operation
    return await retry(
  File "/vortexfs1/home/anthony.meza/.conda/envs/notebook_env/lib/python3.10/site-packages/distributed/utils_comm.py", line 371, in retry
    return await coro()
  File "/vortexfs1/home/anthony.meza/.conda/envs/notebook_env/lib/python3.10/site-packages/distributed/worker.py", line 2817, in _get_data
    comm = await rpc.connect(worker)
  File "/vortexfs1/home/anthony.meza/.conda/envs/notebook_env/lib/python3.10/site-packages/distributed/core.py", line 1381, in connect
    return await connect_attempt
  File "/vortexfs1/home/anthony.meza/.conda/envs/notebook_env/lib/python3.10/site-packages/distributed/core.py", line 1317, in _connect
    comm = await connect(
  File "/vortexfs1/home/anthony.meza/.conda/envs/notebook_env/lib/python3.10/site-packages/distributed/comm/core.py", line 333, in connect
    raise OSError(
OSError: Timed out during handshake while connecting to tcp://172.16.3.102:33890 after 30 s
slurmstepd: error: *** JOB 3060341 ON pn042 CANCELLED AT 2023-04-11T11:31:06 ***
