2023-04-18 16:29:35,010 - distributed.nanny - INFO -         Start Nanny at: 'tcp://172.16.3.130:39591'
2023-04-18 16:29:43,043 - distributed.worker - INFO -       Start worker at:   tcp://172.16.3.130:43559
2023-04-18 16:29:43,043 - distributed.worker - INFO -          Listening to:   tcp://172.16.3.130:43559
2023-04-18 16:29:43,043 - distributed.worker - INFO -           Worker name:             SLURMCluster-0
2023-04-18 16:29:43,043 - distributed.worker - INFO -          dashboard at:         172.16.3.130:44044
2023-04-18 16:29:43,043 - distributed.worker - INFO - Waiting to connect to:    tcp://172.16.3.91:40558
2023-04-18 16:29:43,043 - distributed.worker - INFO - -------------------------------------------------
2023-04-18 16:29:43,043 - distributed.worker - INFO -               Threads:                         30
2023-04-18 16:29:43,043 - distributed.worker - INFO -                Memory:                  37.25 GiB
2023-04-18 16:29:43,043 - distributed.worker - INFO -       Local Directory: /tmp/dask-worker-space/worker-mrqj6i4q
2023-04-18 16:29:43,043 - distributed.worker - INFO - -------------------------------------------------
2023-04-18 16:29:43,050 - distributed.worker - INFO -         Registered to:    tcp://172.16.3.91:40558
2023-04-18 16:29:43,050 - distributed.worker - INFO - -------------------------------------------------
2023-04-18 16:29:43,052 - distributed.core - INFO - Starting established connection to tcp://172.16.3.91:40558
2023-04-18 16:29:51,544 - distributed.core - INFO - Event loop was unresponsive in Worker for 5.09s.  This is often caused by long-running GIL-holding functions or moving large chunks of data. This can cause timeouts and instability.
2023-04-18 16:29:56,161 - distributed.worker - ERROR - Worker stream died during communication: tcp://172.16.3.185:43278
Traceback (most recent call last):
  File "/vortexfs1/home/anthony.meza/.conda/envs/notebook_env/lib/python3.10/site-packages/distributed/comm/tcp.py", line 225, in read
    frames_nbytes = await stream.read_bytes(fmt_size)
tornado.iostream.StreamClosedError: Stream is closed

The above exception was the direct cause of the following exception:

Traceback (most recent call last):
  File "/vortexfs1/home/anthony.meza/.conda/envs/notebook_env/lib/python3.10/site-packages/distributed/comm/core.py", line 328, in connect
    handshake = await asyncio.wait_for(comm.read(), time_left())
  File "/vortexfs1/home/anthony.meza/.conda/envs/notebook_env/lib/python3.10/asyncio/tasks.py", line 445, in wait_for
    return fut.result()
  File "/vortexfs1/home/anthony.meza/.conda/envs/notebook_env/lib/python3.10/site-packages/distributed/comm/tcp.py", line 241, in read
    convert_stream_closed_error(self, e)
  File "/vortexfs1/home/anthony.meza/.conda/envs/notebook_env/lib/python3.10/site-packages/distributed/comm/tcp.py", line 144, in convert_stream_closed_error
    raise CommClosedError(f"in {obj}: {exc}") from exc
distributed.comm.core.CommClosedError: in <TCP (closed)  local=tcp://172.16.3.130:58706 remote=tcp://172.16.3.185:43278>: Stream is closed

The above exception was the direct cause of the following exception:

Traceback (most recent call last):
  File "/vortexfs1/home/anthony.meza/.conda/envs/notebook_env/lib/python3.10/site-packages/distributed/worker.py", line 2051, in gather_dep
    response = await get_data_from_worker(
  File "/vortexfs1/home/anthony.meza/.conda/envs/notebook_env/lib/python3.10/site-packages/distributed/worker.py", line 2840, in get_data_from_worker
    return await retry_operation(_get_data, operation="get_data_from_worker")
  File "/vortexfs1/home/anthony.meza/.conda/envs/notebook_env/lib/python3.10/site-packages/distributed/utils_comm.py", line 386, in retry_operation
    return await retry(
  File "/vortexfs1/home/anthony.meza/.conda/envs/notebook_env/lib/python3.10/site-packages/distributed/utils_comm.py", line 371, in retry
    return await coro()
  File "/vortexfs1/home/anthony.meza/.conda/envs/notebook_env/lib/python3.10/site-packages/distributed/worker.py", line 2817, in _get_data
    comm = await rpc.connect(worker)
  File "/vortexfs1/home/anthony.meza/.conda/envs/notebook_env/lib/python3.10/site-packages/distributed/core.py", line 1381, in connect
    return await connect_attempt
  File "/vortexfs1/home/anthony.meza/.conda/envs/notebook_env/lib/python3.10/site-packages/distributed/core.py", line 1317, in _connect
    comm = await connect(
  File "/vortexfs1/home/anthony.meza/.conda/envs/notebook_env/lib/python3.10/site-packages/distributed/comm/core.py", line 333, in connect
    raise OSError(
OSError: Timed out during handshake while connecting to tcp://172.16.3.185:43278 after 30 s
2023-04-18 16:30:11,627 - distributed.core - INFO - Event loop was unresponsive in Worker for 6.87s.  This is often caused by long-running GIL-holding functions or moving large chunks of data. This can cause timeouts and instability.
2023-04-18 16:30:14,757 - distributed.worker_memory - WARNING - Worker tcp://172.16.3.130:43559 (pid=24866) exceeded 95% memory budget. Restarting...
2023-04-18 16:30:16,181 - distributed.nanny - INFO - Worker process 24866 was killed by signal 15
2023-04-18 16:30:17,074 - distributed.nanny - WARNING - Restarting worker
2023-04-18 16:30:25,098 - distributed.worker - INFO -       Start worker at:   tcp://172.16.3.130:39328
2023-04-18 16:30:25,099 - distributed.worker - INFO -          Listening to:   tcp://172.16.3.130:39328
2023-04-18 16:30:25,099 - distributed.worker - INFO -           Worker name:             SLURMCluster-0
2023-04-18 16:30:25,099 - distributed.worker - INFO -          dashboard at:         172.16.3.130:38841
2023-04-18 16:30:25,099 - distributed.worker - INFO - Waiting to connect to:    tcp://172.16.3.91:40558
2023-04-18 16:30:25,099 - distributed.worker - INFO - -------------------------------------------------
2023-04-18 16:30:25,099 - distributed.worker - INFO -               Threads:                         30
2023-04-18 16:30:25,099 - distributed.worker - INFO -                Memory:                  37.25 GiB
2023-04-18 16:30:25,099 - distributed.worker - INFO -       Local Directory: /tmp/dask-worker-space/worker-eqnuujk7
2023-04-18 16:30:25,099 - distributed.worker - INFO - -------------------------------------------------
2023-04-18 16:30:25,109 - distributed.worker - INFO -         Registered to:    tcp://172.16.3.91:40558
2023-04-18 16:30:25,110 - distributed.worker - INFO - -------------------------------------------------
2023-04-18 16:30:25,110 - distributed.core - INFO - Starting established connection to tcp://172.16.3.91:40558
2023-04-18 16:30:41,258 - distributed.worker - ERROR - Worker stream died during communication: tcp://172.16.3.185:41825
Traceback (most recent call last):
  File "/vortexfs1/home/anthony.meza/.conda/envs/notebook_env/lib/python3.10/site-packages/distributed/comm/tcp.py", line 225, in read
    frames_nbytes = await stream.read_bytes(fmt_size)
tornado.iostream.StreamClosedError: Stream is closed

The above exception was the direct cause of the following exception:

Traceback (most recent call last):
  File "/vortexfs1/home/anthony.meza/.conda/envs/notebook_env/lib/python3.10/site-packages/distributed/worker.py", line 2051, in gather_dep
    response = await get_data_from_worker(
  File "/vortexfs1/home/anthony.meza/.conda/envs/notebook_env/lib/python3.10/site-packages/distributed/worker.py", line 2840, in get_data_from_worker
    return await retry_operation(_get_data, operation="get_data_from_worker")
  File "/vortexfs1/home/anthony.meza/.conda/envs/notebook_env/lib/python3.10/site-packages/distributed/utils_comm.py", line 386, in retry_operation
    return await retry(
  File "/vortexfs1/home/anthony.meza/.conda/envs/notebook_env/lib/python3.10/site-packages/distributed/utils_comm.py", line 371, in retry
    return await coro()
  File "/vortexfs1/home/anthony.meza/.conda/envs/notebook_env/lib/python3.10/site-packages/distributed/worker.py", line 2820, in _get_data
    response = await send_recv(
  File "/vortexfs1/home/anthony.meza/.conda/envs/notebook_env/lib/python3.10/site-packages/distributed/core.py", line 928, in send_recv
    response = await comm.read(deserializers=deserializers)
  File "/vortexfs1/home/anthony.meza/.conda/envs/notebook_env/lib/python3.10/site-packages/distributed/comm/tcp.py", line 241, in read
    convert_stream_closed_error(self, e)
  File "/vortexfs1/home/anthony.meza/.conda/envs/notebook_env/lib/python3.10/site-packages/distributed/comm/tcp.py", line 144, in convert_stream_closed_error
    raise CommClosedError(f"in {obj}: {exc}") from exc
distributed.comm.core.CommClosedError: in <TCP (closed) Ephemeral Worker->Worker for gather local=tcp://172.16.3.130:41187 remote=tcp://172.16.3.185:41825>: Stream is closed
2023-04-18 16:30:57,654 - distributed.worker - ERROR - Worker stream died during communication: tcp://172.16.3.164:34203
Traceback (most recent call last):
  File "/vortexfs1/home/anthony.meza/.conda/envs/notebook_env/lib/python3.10/site-packages/tornado/iostream.py", line 867, in _read_to_buffer
    bytes_read = self.read_from_fd(buf)
  File "/vortexfs1/home/anthony.meza/.conda/envs/notebook_env/lib/python3.10/site-packages/tornado/iostream.py", line 1140, in read_from_fd
    return self.socket.recv_into(buf, len(buf))
ConnectionResetError: [Errno 104] Connection reset by peer

The above exception was the direct cause of the following exception:

Traceback (most recent call last):
  File "/vortexfs1/home/anthony.meza/.conda/envs/notebook_env/lib/python3.10/site-packages/distributed/worker.py", line 2051, in gather_dep
    response = await get_data_from_worker(
  File "/vortexfs1/home/anthony.meza/.conda/envs/notebook_env/lib/python3.10/site-packages/distributed/worker.py", line 2840, in get_data_from_worker
    return await retry_operation(_get_data, operation="get_data_from_worker")
  File "/vortexfs1/home/anthony.meza/.conda/envs/notebook_env/lib/python3.10/site-packages/distributed/utils_comm.py", line 386, in retry_operation
    return await retry(
  File "/vortexfs1/home/anthony.meza/.conda/envs/notebook_env/lib/python3.10/site-packages/distributed/utils_comm.py", line 371, in retry
    return await coro()
  File "/vortexfs1/home/anthony.meza/.conda/envs/notebook_env/lib/python3.10/site-packages/distributed/worker.py", line 2820, in _get_data
    response = await send_recv(
  File "/vortexfs1/home/anthony.meza/.conda/envs/notebook_env/lib/python3.10/site-packages/distributed/core.py", line 928, in send_recv
    response = await comm.read(deserializers=deserializers)
  File "/vortexfs1/home/anthony.meza/.conda/envs/notebook_env/lib/python3.10/site-packages/distributed/comm/tcp.py", line 241, in read
    convert_stream_closed_error(self, e)
  File "/vortexfs1/home/anthony.meza/.conda/envs/notebook_env/lib/python3.10/site-packages/distributed/comm/tcp.py", line 142, in convert_stream_closed_error
    raise CommClosedError(f"in {obj}: {exc.__class__.__name__}: {exc}") from exc
distributed.comm.core.CommClosedError: in <TCP (closed) Ephemeral Worker->Worker for gather local=tcp://172.16.3.130:51272 remote=tcp://172.16.3.164:34203>: ConnectionResetError: [Errno 104] Connection reset by peer
slurmstepd: error: *** JOB 3066578 ON pn080 CANCELLED AT 2023-04-18T16:31:07 ***
