2023-05-10 09:17:14,439 - distributed.nanny - INFO -         Start Nanny at: 'tcp://172.16.3.185:43498'
2023-05-10 09:17:14,816 - distributed.diskutils - INFO - Found stale lock file and directory '/tmp/dask-worker-space/worker-27_dzsm3', purging
2023-05-10 09:17:15,775 - distributed.worker - INFO -       Start worker at:   tcp://172.16.3.185:33424
2023-05-10 09:17:15,775 - distributed.worker - INFO -          Listening to:   tcp://172.16.3.185:33424
2023-05-10 09:17:15,775 - distributed.worker - INFO -           Worker name:             SLURMCluster-3
2023-05-10 09:17:15,775 - distributed.worker - INFO -          dashboard at:         172.16.3.185:42986
2023-05-10 09:17:15,775 - distributed.worker - INFO - Waiting to connect to:    tcp://172.16.3.56:46646
2023-05-10 09:17:15,775 - distributed.worker - INFO - -------------------------------------------------
2023-05-10 09:17:15,775 - distributed.worker - INFO -               Threads:                         30
2023-05-10 09:17:15,775 - distributed.worker - INFO -                Memory:                 139.70 GiB
2023-05-10 09:17:15,775 - distributed.worker - INFO -       Local Directory: /tmp/dask-worker-space/worker-ulxh6ntx
2023-05-10 09:17:15,775 - distributed.worker - INFO - -------------------------------------------------
2023-05-10 09:17:15,780 - distributed.worker - INFO -         Registered to:    tcp://172.16.3.56:46646
2023-05-10 09:17:15,780 - distributed.worker - INFO - -------------------------------------------------
2023-05-10 09:17:15,781 - distributed.core - INFO - Starting established connection to tcp://172.16.3.56:46646
2023-05-10 09:23:50,866 - distributed.core - INFO - Event loop was unresponsive in Worker for 3.01s.  This is often caused by long-running GIL-holding functions or moving large chunks of data. This can cause timeouts and instability.
2023-05-10 09:24:18,333 - distributed.core - INFO - Event loop was unresponsive in Worker for 3.48s.  This is often caused by long-running GIL-holding functions or moving large chunks of data. This can cause timeouts and instability.
2023-05-10 09:24:37,641 - distributed.core - INFO - Event loop was unresponsive in Worker for 3.31s.  This is often caused by long-running GIL-holding functions or moving large chunks of data. This can cause timeouts and instability.
2023-05-10 09:24:49,872 - distributed.core - INFO - Event loop was unresponsive in Worker for 11.66s.  This is often caused by long-running GIL-holding functions or moving large chunks of data. This can cause timeouts and instability.
2023-05-10 09:24:57,607 - distributed.core - INFO - Event loop was unresponsive in Worker for 4.42s.  This is often caused by long-running GIL-holding functions or moving large chunks of data. This can cause timeouts and instability.
2023-05-10 09:25:11,883 - distributed.core - INFO - Event loop was unresponsive in Worker for 7.39s.  This is often caused by long-running GIL-holding functions or moving large chunks of data. This can cause timeouts and instability.
2023-05-10 09:25:20,558 - distributed.core - INFO - Event loop was unresponsive in Worker for 4.04s.  This is often caused by long-running GIL-holding functions or moving large chunks of data. This can cause timeouts and instability.
2023-05-10 09:25:30,188 - distributed.core - INFO - Event loop was unresponsive in Worker for 6.77s.  This is often caused by long-running GIL-holding functions or moving large chunks of data. This can cause timeouts and instability.
2023-05-10 09:25:37,859 - distributed.core - INFO - Event loop was unresponsive in Worker for 3.19s.  This is often caused by long-running GIL-holding functions or moving large chunks of data. This can cause timeouts and instability.
2023-05-10 09:25:43,028 - distributed.core - INFO - Event loop was unresponsive in Worker for 5.17s.  This is often caused by long-running GIL-holding functions or moving large chunks of data. This can cause timeouts and instability.
2023-05-10 09:26:13,321 - distributed.core - INFO - Event loop was unresponsive in Worker for 5.06s.  This is often caused by long-running GIL-holding functions or moving large chunks of data. This can cause timeouts and instability.
2023-05-10 09:26:28,002 - distributed.core - INFO - Event loop was unresponsive in Worker for 7.35s.  This is often caused by long-running GIL-holding functions or moving large chunks of data. This can cause timeouts and instability.
2023-05-10 09:26:44,382 - distributed.core - INFO - Event loop was unresponsive in Worker for 5.27s.  This is often caused by long-running GIL-holding functions or moving large chunks of data. This can cause timeouts and instability.
2023-05-10 09:27:05,942 - distributed.core - INFO - Event loop was unresponsive in Worker for 3.62s.  This is often caused by long-running GIL-holding functions or moving large chunks of data. This can cause timeouts and instability.
2023-05-10 09:27:15,153 - distributed.core - INFO - Event loop was unresponsive in Worker for 5.23s.  This is often caused by long-running GIL-holding functions or moving large chunks of data. This can cause timeouts and instability.
2023-05-10 09:27:25,065 - distributed.core - INFO - Event loop was unresponsive in Worker for 7.98s.  This is often caused by long-running GIL-holding functions or moving large chunks of data. This can cause timeouts and instability.
2023-05-10 09:27:35,462 - distributed.core - INFO - Event loop was unresponsive in Worker for 8.28s.  This is often caused by long-running GIL-holding functions or moving large chunks of data. This can cause timeouts and instability.
2023-05-10 09:27:49,014 - distributed.core - INFO - Event loop was unresponsive in Worker for 8.52s.  This is often caused by long-running GIL-holding functions or moving large chunks of data. This can cause timeouts and instability.
2023-05-10 09:27:59,305 - distributed.core - INFO - Event loop was unresponsive in Worker for 8.63s.  This is often caused by long-running GIL-holding functions or moving large chunks of data. This can cause timeouts and instability.
2023-05-10 09:28:04,691 - distributed.core - INFO - Event loop was unresponsive in Worker for 3.00s.  This is often caused by long-running GIL-holding functions or moving large chunks of data. This can cause timeouts and instability.
2023-05-10 09:28:16,477 - distributed.core - INFO - Event loop was unresponsive in Worker for 7.16s.  This is often caused by long-running GIL-holding functions or moving large chunks of data. This can cause timeouts and instability.
2023-05-10 09:28:26,699 - distributed.core - INFO - Event loop was unresponsive in Worker for 5.82s.  This is often caused by long-running GIL-holding functions or moving large chunks of data. This can cause timeouts and instability.
2023-05-10 09:28:37,018 - distributed.core - INFO - Event loop was unresponsive in Worker for 5.89s.  This is often caused by long-running GIL-holding functions or moving large chunks of data. This can cause timeouts and instability.
slurmstepd: error: *** JOB 3085344 ON pn135 CANCELLED AT 2023-05-10T09:28:52 ***
