2023-04-17 17:37:35,718 - distributed.nanny - INFO -         Start Nanny at: 'tcp://172.16.3.86:41337'
2023-04-17 17:37:44,756 - distributed.worker - INFO -       Start worker at:    tcp://172.16.3.86:43345
2023-04-17 17:37:44,756 - distributed.worker - INFO -          Listening to:    tcp://172.16.3.86:43345
2023-04-17 17:37:44,756 - distributed.worker - INFO -           Worker name:             SLURMCluster-0
2023-04-17 17:37:44,756 - distributed.worker - INFO -          dashboard at:          172.16.3.86:38504
2023-04-17 17:37:44,756 - distributed.worker - INFO - Waiting to connect to:   tcp://172.16.3.167:34355
2023-04-17 17:37:44,756 - distributed.worker - INFO - -------------------------------------------------
2023-04-17 17:37:44,756 - distributed.worker - INFO -               Threads:                         36
2023-04-17 17:37:44,757 - distributed.worker - INFO -                Memory:                 178.81 GiB
2023-04-17 17:37:44,757 - distributed.worker - INFO -       Local Directory: /tmp/dask-worker-space/worker-ivwcqmca
2023-04-17 17:37:44,757 - distributed.worker - INFO - -------------------------------------------------
2023-04-17 17:37:44,775 - distributed.worker - INFO -         Registered to:   tcp://172.16.3.167:34355
2023-04-17 17:37:44,775 - distributed.worker - INFO - -------------------------------------------------
2023-04-17 17:37:44,775 - distributed.core - INFO - Starting established connection to tcp://172.16.3.167:34355
2023-04-17 17:46:17,121 - distributed.core - INFO - Event loop was unresponsive in Worker for 5.69s.  This is often caused by long-running GIL-holding functions or moving large chunks of data. This can cause timeouts and instability.
2023-04-17 18:04:36,729 - distributed.utils_perf - INFO - full garbage collection released 39.14 MiB from 10127 reference cycles (threshold: 9.54 MiB)
2023-04-17 18:11:43,941 - distributed.utils_perf - INFO - full garbage collection released 110.28 MiB from 12744 reference cycles (threshold: 9.54 MiB)
HDF5-DIAG: Error detected in HDF5 (1.12.2) thread 1:
  #000: H5F.c line 620 in H5Fopen(): unable to open file
    major: File accessibility
    minor: Unable to open file
  #001: H5VLcallback.c line 3501 in H5VL_file_open(): failed to iterate over available VOL connector plugins
    major: Virtual Object Layer
    minor: Iteration failed
  #002: H5PLpath.c line 578 in H5PL__path_table_iterate(): can't iterate over plugins in plugin path '(null)'
    major: Plugin for dynamically loaded library
    minor: Iteration failed
  #003: H5PLpath.c line 620 in H5PL__path_table_iterate_process_path(): can't open directory: /vortexfs1/home/anthony.meza/.conda/envs/notebook_env/lib/hdf5/plugin
    major: Plugin for dynamically loaded library
    minor: Can't open directory or file
  #004: H5VLcallback.c line 3351 in H5VL__file_open(): open failed
    major: Virtual Object Layer
    minor: Can't open object
  #005: H5VLnative_file.c line 97 in H5VL__native_file_open(): unable to open file
    major: File accessibility
    minor: Unable to open file
  #006: H5Fint.c line 1862 in H5F_open(): file is already open for read-only
    major: File accessibility
    minor: Unable to open file
HDF5-DIAG: Error detected in HDF5 (1.12.2) thread 2:
  #000: H5F.c line 620 in H5Fopen(): unable to open file
    major: File accessibility
    minor: Unable to open file
  #001: H5VLcallback.c line 3501 in H5VL_file_open(): failed to iterate over available VOL connector plugins
    major: Virtual Object Layer
    minor: Iteration failed
  #002: H5PLpath.c line 578 in H5PL__path_table_iterate(): can't iterate over plugins in plugin path '(null)'
    major: Plugin for dynamically loaded library
    minor: Iteration failed
  #003: H5PLpath.c line 620 in H5PL__path_table_iterate_process_path(): can't open directory: /vortexfs1/home/anthony.meza/.conda/envs/notebook_env/lib/hdf5/plugin
    major: Plugin for dynamically loaded library
    minor: Can't open directory or file
  #004: H5VLcallback.c line 3351 in H5VL__file_open(): open failed
    major: Virtual Object Layer
    minor: Can't open object
  #005: H5VLnative_file.c line 97 in H5VL__native_file_open(): unable to open file
    major: File accessibility
    minor: Unable to open file
  #006: H5Fint.c line 1862 in H5F_open(): file is already open for read-only
    major: File accessibility
    minor: Unable to open file
HDF5-DIAG: Error detected in HDF5 (1.12.2) thread 3:
  #000: H5F.c line 620 in H5Fopen(): unable to open file
    major: File accessibility
    minor: Unable to open file
  #001: H5VLcallback.c line 3501 in H5VL_file_open(): failed to iterate over available VOL connector plugins
    major: Virtual Object Layer
    minor: Iteration failed
  #002: H5PLpath.c line 578 in H5PL__path_table_iterate(): can't iterate over plugins in plugin path '(null)'
    major: Plugin for dynamically loaded library
    minor: Iteration failed
  #003: H5PLpath.c line 620 in H5PL__path_table_iterate_process_path(): can't open directory: /vortexfs1/home/anthony.meza/.conda/envs/notebook_env/lib/hdf5/plugin
    major: Plugin for dynamically loaded library
    minor: Can't open directory or file
  #004: H5VLcallback.c line 3351 in H5VL__file_open(): open failed
    major: Virtual Object Layer
    minor: Can't open object
  #005: H5VLnative_file.c line 97 in H5VL__native_file_open(): unable to open file
    major: File accessibility
    minor: Unable to open file
  #006: H5Fint.c line 1862 in H5F_open(): file is already open for read-only
    major: File accessibility
    minor: Unable to open file
HDF5-DIAG: Error detected in HDF5 (1.12.2) thread 4:
  #000: H5F.c line 620 in H5Fopen(): unable to open file
    major: File accessibility
    minor: Unable to open file
  #001: H5VLcallback.c line 3501 in H5VL_file_open(): failed to iterate over available VOL connector plugins
    major: Virtual Object Layer
    minor: Iteration failed
  #002: H5PLpath.c line 578 in H5PL__path_table_iterate(): can't iterate over plugins in plugin path '(null)'
    major: Plugin for dynamically loaded library
    minor: Iteration failed
  #003: H5PLpath.c line 620 in H5PL__path_table_iterate_process_path(): can't open directory: /vortexfs1/home/anthony.meza/.conda/envs/notebook_env/lib/hdf5/plugin
    major: Plugin for dynamically loaded library
    minor: Can't open directory or file
  #004: H5VLcallback.c line 3351 in H5VL__file_open(): open failed
    major: Virtual Object Layer
    minor: Can't open object
  #005: H5VLnative_file.c line 97 in H5VL__native_file_open(): unable to open file
    major: File accessibility
    minor: Unable to open file
  #006: H5Fint.c line 1862 in H5F_open(): file is already open for read-only
    major: File accessibility
    minor: Unable to open file
2023-04-17 19:19:53,376 - distributed.worker - WARNING - Compute Failed
Key:       ('sub-store-map-1eec2ef05b77e64ca1f1af42671b59ae', 0, 0, 0, 3)
Function:  execute_task
args:      ((<function store_chunk at 0x2aab32b5a710>, (subgraph_callable-dda5b209-43ef-41c6-a051-1904b9a12179, array([[[[nan, nan, nan, ..., nan, nan, nan],
         [nan, nan, nan, ..., nan, nan, nan],
         [nan, nan, nan, ..., nan, nan, nan],
         ...,
         [nan, nan, nan, ..., nan, nan, nan],
         [nan, nan, nan, ..., nan, nan, nan],
         [nan, nan, nan, ..., nan, nan, nan]],

        [[nan, nan, nan, ..., nan, nan, nan],
         [nan, nan, nan, ..., nan, nan, nan],
         [nan, nan, nan, ..., nan, nan, nan],
         ...,
         [nan, nan, nan, ..., nan, nan, nan],
         [nan, nan, nan, ..., nan, nan, nan],
         [nan, nan, nan, ..., nan, nan, nan]],

        [[nan, nan, nan, ..., nan, nan, nan],
         [nan, nan, nan, ..., nan, nan, nan],
         [nan, nan, nan, ..., nan, nan, nan],
         ...,
         [nan, nan, nan, ..., nan, nan, nan],
         [nan, nan, nan, ..., nan, nan, nan],
         [nan, nan, nan, ..., nan, nan, nan]],

        [[nan, nan, nan
kwargs:    {}
Exception: "OSError(-101, 'NetCDF: HDF error')"

2023-04-17 19:19:53,534 - distributed.worker - WARNING - Compute Failed
Key:       ('sub-store-map-1eec2ef05b77e64ca1f1af42671b59ae', 0, 0, 0, 2)
Function:  execute_task
args:      ((<function store_chunk at 0x2aab32b5a710>, (subgraph_callable-dda5b209-43ef-41c6-a051-1904b9a12179, array([[[[nan, nan, nan, ..., nan, nan, nan],
         [nan, nan, nan, ..., nan, nan, nan],
         [nan, nan, nan, ..., nan, nan, nan],
         ...,
         [nan, nan, nan, ..., nan, nan, nan],
         [nan, nan, nan, ..., nan, nan, nan],
         [nan, nan, nan, ..., nan, nan, nan]],

        [[nan, nan, nan, ..., nan, nan, nan],
         [nan, nan, nan, ..., nan, nan, nan],
         [nan, nan, nan, ..., nan, nan, nan],
         ...,
         [nan, nan, nan, ..., nan, nan, nan],
         [nan, nan, nan, ..., nan, nan, nan],
         [nan, nan, nan, ..., nan, nan, nan]],

        [[nan, nan, nan, ..., nan, nan, nan],
         [nan, nan, nan, ..., nan, nan, nan],
         [nan, nan, nan, ..., nan, nan, nan],
         ...,
         [nan, nan, nan, ..., nan, nan, nan],
         [nan, nan, nan, ..., nan, nan, nan],
         [nan, nan, nan, ..., nan, nan, nan]],

        [[nan, nan, nan
kwargs:    {}
Exception: "OSError(-101, 'NetCDF: HDF error')"

slurmstepd: error: *** JOB 3065690 ON pn036 CANCELLED AT 2023-04-17T19:19:53 ***
