2023-05-02 23:48:59,247 - distributed.nanny - INFO -         Start Nanny at: 'tcp://172.16.3.89:46548'
2023-05-02 23:49:21,356 - distributed.worker - INFO -       Start worker at:    tcp://172.16.3.89:45203
2023-05-02 23:49:21,357 - distributed.worker - INFO -          Listening to:    tcp://172.16.3.89:45203
2023-05-02 23:49:21,357 - distributed.worker - INFO -           Worker name:             SLURMCluster-0
2023-05-02 23:49:21,357 - distributed.worker - INFO -          dashboard at:          172.16.3.89:33609
2023-05-02 23:49:21,357 - distributed.worker - INFO - Waiting to connect to:    tcp://172.16.3.60:44787
2023-05-02 23:49:21,357 - distributed.worker - INFO - -------------------------------------------------
2023-05-02 23:49:21,357 - distributed.worker - INFO -               Threads:                         36
2023-05-02 23:49:21,357 - distributed.worker - INFO -                Memory:                  93.13 GiB
2023-05-02 23:49:21,357 - distributed.worker - INFO -       Local Directory: /tmp/dask-worker-space/worker-d562lqz0
2023-05-02 23:49:21,357 - distributed.worker - INFO - -------------------------------------------------
2023-05-02 23:49:21,363 - distributed.worker - INFO -         Registered to:    tcp://172.16.3.60:44787
2023-05-02 23:49:21,363 - distributed.worker - INFO - -------------------------------------------------
2023-05-02 23:49:21,364 - distributed.core - INFO - Starting established connection to tcp://172.16.3.60:44787
2023-05-02 23:50:00,992 - distributed.core - INFO - Event loop was unresponsive in Worker for 7.29s.  This is often caused by long-running GIL-holding functions or moving large chunks of data. This can cause timeouts and instability.
2023-05-02 23:52:29,185 - distributed.core - INFO - Connection to tcp://172.16.3.60:44787 has been closed.
2023-05-02 23:52:29,185 - distributed.worker - INFO - Stopping worker at tcp://172.16.3.89:45203. Reason: worker-handle-scheduler-connection-broken
2023-05-02 23:52:29,188 - distributed.worker - ERROR - Failed to communicate with scheduler during heartbeat.
Traceback (most recent call last):
  File "/vortexfs1/home/anthony.meza/mambaforge/envs/atm_rivers/lib/python3.10/site-packages/tornado/iostream.py", line 861, in _read_to_buffer
    bytes_read = self.read_from_fd(buf)
  File "/vortexfs1/home/anthony.meza/mambaforge/envs/atm_rivers/lib/python3.10/site-packages/tornado/iostream.py", line 1116, in read_from_fd
    return self.socket.recv_into(buf, len(buf))
ConnectionResetError: [Errno 104] Connection reset by peer

The above exception was the direct cause of the following exception:

Traceback (most recent call last):
  File "/vortexfs1/home/anthony.meza/mambaforge/envs/atm_rivers/lib/python3.10/site-packages/distributed/comm/core.py", line 329, in connect
    handshake = await wait_for(comm.read(), time_left())
  File "/vortexfs1/home/anthony.meza/mambaforge/envs/atm_rivers/lib/python3.10/site-packages/distributed/utils.py", line 1850, in wait_for
    return await asyncio.wait_for(fut, timeout)
  File "/vortexfs1/home/anthony.meza/mambaforge/envs/atm_rivers/lib/python3.10/asyncio/tasks.py", line 445, in wait_for
    return fut.result()
  File "/vortexfs1/home/anthony.meza/mambaforge/envs/atm_rivers/lib/python3.10/site-packages/distributed/comm/tcp.py", line 241, in read
    convert_stream_closed_error(self, e)
  File "/vortexfs1/home/anthony.meza/mambaforge/envs/atm_rivers/lib/python3.10/site-packages/distributed/comm/tcp.py", line 142, in convert_stream_closed_error
    raise CommClosedError(f"in {obj}: {exc.__class__.__name__}: {exc}") from exc
distributed.comm.core.CommClosedError: in <TCP (closed)  local=tcp://172.16.3.89:56966 remote=tcp://172.16.3.60:44787>: ConnectionResetError: [Errno 104] Connection reset by peer

The above exception was the direct cause of the following exception:

Traceback (most recent call last):
  File "/vortexfs1/home/anthony.meza/mambaforge/envs/atm_rivers/lib/python3.10/site-packages/distributed/worker.py", line 1234, in heartbeat
    response = await retry_operation(
  File "/vortexfs1/home/anthony.meza/mambaforge/envs/atm_rivers/lib/python3.10/site-packages/distributed/utils_comm.py", line 434, in retry_operation
    return await retry(
  File "/vortexfs1/home/anthony.meza/mambaforge/envs/atm_rivers/lib/python3.10/site-packages/distributed/utils_comm.py", line 413, in retry
    return await coro()
  File "/vortexfs1/home/anthony.meza/mambaforge/envs/atm_rivers/lib/python3.10/site-packages/distributed/core.py", line 1265, in send_recv_from_rpc
    comm = await self.pool.connect(self.addr)
  File "/vortexfs1/home/anthony.meza/mambaforge/envs/atm_rivers/lib/python3.10/site-packages/distributed/core.py", line 1509, in connect
    return await connect_attempt
  File "/vortexfs1/home/anthony.meza/mambaforge/envs/atm_rivers/lib/python3.10/site-packages/distributed/core.py", line 1430, in _connect
    comm = await connect(
  File "/vortexfs1/home/anthony.meza/mambaforge/envs/atm_rivers/lib/python3.10/site-packages/distributed/comm/core.py", line 334, in connect
    raise OSError(
OSError: Timed out during handshake while connecting to tcp://172.16.3.60:44787 after 30 s
2023-05-02 23:52:29,243 - distributed.nanny - INFO - Closing Nanny gracefully at 'tcp://172.16.3.89:46548'. Reason: worker-handle-scheduler-connection-broken
2023-05-02 23:52:31,353 - distributed.client - ERROR - 
ConnectionRefusedError: [Errno 111] Connection refused

The above exception was the direct cause of the following exception:

Traceback (most recent call last):
  File "/vortexfs1/home/anthony.meza/mambaforge/envs/atm_rivers/lib/python3.10/site-packages/distributed/comm/core.py", line 292, in connect
    comm = await wait_for(
  File "/vortexfs1/home/anthony.meza/mambaforge/envs/atm_rivers/lib/python3.10/site-packages/distributed/utils.py", line 1850, in wait_for
    return await asyncio.wait_for(fut, timeout)
  File "/vortexfs1/home/anthony.meza/mambaforge/envs/atm_rivers/lib/python3.10/asyncio/tasks.py", line 445, in wait_for
    return fut.result()
  File "/vortexfs1/home/anthony.meza/mambaforge/envs/atm_rivers/lib/python3.10/site-packages/distributed/comm/tcp.py", line 511, in connect
    convert_stream_closed_error(self, e)
  File "/vortexfs1/home/anthony.meza/mambaforge/envs/atm_rivers/lib/python3.10/site-packages/distributed/comm/tcp.py", line 142, in convert_stream_closed_error
    raise CommClosedError(f"in {obj}: {exc.__class__.__name__}: {exc}") from exc
distributed.comm.core.CommClosedError: in <distributed.comm.tcp.TCPConnector object at 0x2aaad7c571f0>: ConnectionRefusedError: [Errno 111] Connection refused

During handling of the above exception, another exception occurred:

Traceback (most recent call last):
  File "/vortexfs1/home/anthony.meza/mambaforge/envs/atm_rivers/lib/python3.10/site-packages/distributed/utils.py", line 752, in wrapper
    return await func(*args, **kwargs)
  File "/vortexfs1/home/anthony.meza/mambaforge/envs/atm_rivers/lib/python3.10/site-packages/distributed/client.py", line 1321, in _reconnect
    await self._ensure_connected(timeout=timeout)
  File "/vortexfs1/home/anthony.meza/mambaforge/envs/atm_rivers/lib/python3.10/site-packages/distributed/client.py", line 1351, in _ensure_connected
    comm = await connect(
  File "/vortexfs1/home/anthony.meza/mambaforge/envs/atm_rivers/lib/python3.10/site-packages/distributed/comm/core.py", line 316, in connect
    await asyncio.sleep(backoff)
  File "/vortexfs1/home/anthony.meza/mambaforge/envs/atm_rivers/lib/python3.10/asyncio/tasks.py", line 605, in sleep
    return await future
asyncio.exceptions.CancelledError
2023-05-02 23:53:01,359 - distributed.nanny - INFO - Worker closed
2023-05-02 23:53:03,361 - distributed.nanny - ERROR - Worker process died unexpectedly
2023-05-02 23:53:03,595 - distributed.nanny - INFO - Closing Nanny at 'tcp://172.16.3.89:46548'. Reason: nanny-close-gracefully
2023-05-02 23:53:03,596 - distributed.dask_worker - INFO - End worker
