2023-04-18 21:31:27,285 - distributed.nanny - INFO -         Start Nanny at: 'tcp://172.16.3.164:38122'
2023-04-18 21:31:28,416 - distributed.worker - INFO -       Start worker at:   tcp://172.16.3.164:42241
2023-04-18 21:31:28,417 - distributed.worker - INFO -          Listening to:   tcp://172.16.3.164:42241
2023-04-18 21:31:28,417 - distributed.worker - INFO -           Worker name:             SLURMCluster-4
2023-04-18 21:31:28,417 - distributed.worker - INFO -          dashboard at:         172.16.3.164:36450
2023-04-18 21:31:28,417 - distributed.worker - INFO - Waiting to connect to:    tcp://172.16.3.91:39195
2023-04-18 21:31:28,417 - distributed.worker - INFO - -------------------------------------------------
2023-04-18 21:31:28,417 - distributed.worker - INFO -               Threads:                         36
2023-04-18 21:31:28,417 - distributed.worker - INFO -                Memory:                  59.60 GiB
2023-04-18 21:31:28,417 - distributed.worker - INFO -       Local Directory: /tmp/dask-worker-space/worker-gut_t8vn
2023-04-18 21:31:28,417 - distributed.worker - INFO - -------------------------------------------------
2023-04-18 21:31:28,423 - distributed.worker - INFO -         Registered to:    tcp://172.16.3.91:39195
2023-04-18 21:31:28,423 - distributed.worker - INFO - -------------------------------------------------
2023-04-18 21:31:28,423 - distributed.core - INFO - Starting established connection to tcp://172.16.3.91:39195
2023-04-18 21:32:51,204 - distributed.core - INFO - Event loop was unresponsive in Worker for 36.98s.  This is often caused by long-running GIL-holding functions or moving large chunks of data. This can cause timeouts and instability.
2023-04-18 21:34:06,346 - distributed.worker_memory - WARNING - Worker tcp://172.16.3.164:42241 (pid=171049) exceeded 95% memory budget. Restarting...
2023-04-18 21:34:07,074 - distributed.nanny - INFO - Worker process 171049 was killed by signal 15
2023-04-18 21:34:19,086 - distributed.nanny - WARNING - Restarting worker
2023-04-18 21:34:25,067 - distributed.worker - INFO -       Start worker at:   tcp://172.16.3.164:44805
2023-04-18 21:34:25,068 - distributed.worker - INFO -          Listening to:   tcp://172.16.3.164:44805
2023-04-18 21:34:25,068 - distributed.worker - INFO -           Worker name:             SLURMCluster-4
2023-04-18 21:34:25,068 - distributed.worker - INFO -          dashboard at:         172.16.3.164:34556
2023-04-18 21:34:25,068 - distributed.worker - INFO - Waiting to connect to:    tcp://172.16.3.91:39195
2023-04-18 21:34:25,068 - distributed.worker - INFO - -------------------------------------------------
2023-04-18 21:34:25,068 - distributed.worker - INFO -               Threads:                         36
2023-04-18 21:34:25,068 - distributed.worker - INFO -                Memory:                  59.60 GiB
2023-04-18 21:34:25,068 - distributed.worker - INFO -       Local Directory: /tmp/dask-worker-space/worker-awg49u5j
2023-04-18 21:34:25,068 - distributed.worker - INFO - -------------------------------------------------
2023-04-18 21:34:55,069 - distributed.worker - INFO - Waiting to connect to:    tcp://172.16.3.91:39195
2023-04-18 21:35:19,087 - distributed.nanny - ERROR - Timed out connecting Nanny '<Nanny: tcp://172.16.3.164:42241, threads: 36>' to scheduler 'tcp://172.16.3.91:39195'
2023-04-18 21:35:19,087 - distributed.nanny - INFO - Closing Nanny at 'tcp://172.16.3.164:38122'. Reason: nanny-instantiate-timeout
2023-04-18 21:35:19,087 - distributed.nanny - INFO - Nanny asking worker to close. Reason: nanny-instantiate-timeout
2023-04-18 21:35:19,088 - distributed.worker - INFO - Stopping worker at tcp://172.16.3.164:44805. Reason: nanny-instantiate-timeout
2023-04-18 21:35:19,088 - distributed.worker - INFO - Closed worker has not yet started: Status.init
2023-04-18 21:35:20,814 - distributed.nanny - ERROR - Failed to start worker
ConnectionRefusedError: [Errno 111] Connection refused

The above exception was the direct cause of the following exception:

Traceback (most recent call last):
  File "/vortexfs1/home/anthony.meza/.conda/envs/notebook_env/lib/python3.10/site-packages/distributed/comm/core.py", line 291, in connect
    comm = await asyncio.wait_for(
  File "/vortexfs1/home/anthony.meza/.conda/envs/notebook_env/lib/python3.10/asyncio/tasks.py", line 445, in wait_for
    return fut.result()
  File "/vortexfs1/home/anthony.meza/.conda/envs/notebook_env/lib/python3.10/site-packages/distributed/comm/tcp.py", line 511, in connect
    convert_stream_closed_error(self, e)
  File "/vortexfs1/home/anthony.meza/.conda/envs/notebook_env/lib/python3.10/site-packages/distributed/comm/tcp.py", line 142, in convert_stream_closed_error
    raise CommClosedError(f"in {obj}: {exc.__class__.__name__}: {exc}") from exc
distributed.comm.core.CommClosedError: in <distributed.comm.tcp.TCPConnector object at 0x2aaac6f5c190>: ConnectionRefusedError: [Errno 111] Connection refused

During handling of the above exception, another exception occurred:

Traceback (most recent call last):
  File "/vortexfs1/home/anthony.meza/.conda/envs/notebook_env/lib/python3.10/site-packages/distributed/worker.py", line 1454, in start_unsafe
    await self._register_with_scheduler()
  File "/vortexfs1/home/anthony.meza/.conda/envs/notebook_env/lib/python3.10/site-packages/distributed/worker.py", line 1133, in _register_with_scheduler
    comm = await connect(self.scheduler.address, **self.connection_args)
  File "/vortexfs1/home/anthony.meza/.conda/envs/notebook_env/lib/python3.10/site-packages/distributed/comm/core.py", line 315, in connect
    await asyncio.sleep(backoff)
  File "/vortexfs1/home/anthony.meza/.conda/envs/notebook_env/lib/python3.10/asyncio/tasks.py", line 605, in sleep
    return await future
asyncio.exceptions.CancelledError

During handling of the above exception, another exception occurred:

Traceback (most recent call last):
  File "/vortexfs1/home/anthony.meza/.conda/envs/notebook_env/lib/python3.10/asyncio/tasks.py", line 456, in wait_for
    return fut.result()
asyncio.exceptions.CancelledError

The above exception was the direct cause of the following exception:

Traceback (most recent call last):
  File "/vortexfs1/home/anthony.meza/.conda/envs/notebook_env/lib/python3.10/site-packages/distributed/core.py", line 482, in start
    await asyncio.wait_for(self.start_unsafe(), timeout=timeout)
  File "/vortexfs1/home/anthony.meza/.conda/envs/notebook_env/lib/python3.10/asyncio/tasks.py", line 458, in wait_for
    raise exceptions.TimeoutError() from exc
asyncio.exceptions.TimeoutError

The above exception was the direct cause of the following exception:

Traceback (most recent call last):
  File "/vortexfs1/home/anthony.meza/.conda/envs/notebook_env/lib/python3.10/site-packages/distributed/nanny.py", line 921, in run
    async with worker:
  File "/vortexfs1/home/anthony.meza/.conda/envs/notebook_env/lib/python3.10/site-packages/distributed/core.py", line 495, in __aenter__
    await self
  File "/vortexfs1/home/anthony.meza/.conda/envs/notebook_env/lib/python3.10/site-packages/distributed/core.py", line 485, in start
    raise asyncio.TimeoutError(
asyncio.exceptions.TimeoutError: Worker start timed out after 60s.
2023-04-18 21:35:21,114 - distributed.nanny - ERROR - Failed to restart worker after its process exited
Traceback (most recent call last):
  File "/vortexfs1/home/anthony.meza/.conda/envs/notebook_env/lib/python3.10/site-packages/distributed/nanny.py", line 848, in _wait_until_connected
    msg = self.init_result_q.get_nowait()
  File "/vortexfs1/home/anthony.meza/.conda/envs/notebook_env/lib/python3.10/multiprocessing/queues.py", line 135, in get_nowait
    return self.get(False)
  File "/vortexfs1/home/anthony.meza/.conda/envs/notebook_env/lib/python3.10/multiprocessing/queues.py", line 116, in get
    raise Empty
_queue.Empty

During handling of the above exception, another exception occurred:

Traceback (most recent call last):
  File "/vortexfs1/home/anthony.meza/.conda/envs/notebook_env/lib/python3.10/site-packages/distributed/nanny.py", line 714, in start
    msg = await self._wait_until_connected(uid)
  File "/vortexfs1/home/anthony.meza/.conda/envs/notebook_env/lib/python3.10/site-packages/distributed/nanny.py", line 850, in _wait_until_connected
    await asyncio.sleep(self._init_msg_interval)
  File "/vortexfs1/home/anthony.meza/.conda/envs/notebook_env/lib/python3.10/asyncio/tasks.py", line 605, in sleep
    return await future
asyncio.exceptions.CancelledError

During handling of the above exception, another exception occurred:

Traceback (most recent call last):
  File "/vortexfs1/home/anthony.meza/.conda/envs/notebook_env/lib/python3.10/asyncio/tasks.py", line 456, in wait_for
    return fut.result()
asyncio.exceptions.CancelledError

The above exception was the direct cause of the following exception:

Traceback (most recent call last):
  File "/vortexfs1/home/anthony.meza/.conda/envs/notebook_env/lib/python3.10/site-packages/distributed/nanny.py", line 545, in _on_worker_exit
    await self.instantiate()
  File "/vortexfs1/home/anthony.meza/.conda/envs/notebook_env/lib/python3.10/site-packages/distributed/nanny.py", line 426, in instantiate
    result = await asyncio.wait_for(
  File "/vortexfs1/home/anthony.meza/.conda/envs/notebook_env/lib/python3.10/asyncio/tasks.py", line 458, in wait_for
    raise exceptions.TimeoutError() from exc
asyncio.exceptions.TimeoutError
2023-04-18 21:35:21,143 - distributed.dask_worker - INFO - End worker
