2023-05-01 12:52:35,529 - distributed.nanny - INFO -         Start Nanny at: 'tcp://172.16.3.104:43974'
2023-05-01 12:52:36,727 - distributed.worker - INFO -       Start worker at:   tcp://172.16.3.104:42625
2023-05-01 12:52:36,727 - distributed.worker - INFO -          Listening to:   tcp://172.16.3.104:42625
2023-05-01 12:52:36,727 - distributed.worker - INFO -           Worker name:             SLURMCluster-0
2023-05-01 12:52:36,727 - distributed.worker - INFO -          dashboard at:         172.16.3.104:44459
2023-05-01 12:52:36,727 - distributed.worker - INFO - Waiting to connect to:    tcp://172.16.3.62:46243
2023-05-01 12:52:36,727 - distributed.worker - INFO - -------------------------------------------------
2023-05-01 12:52:36,727 - distributed.worker - INFO -               Threads:                         36
2023-05-01 12:52:36,727 - distributed.worker - INFO -                Memory:                 178.81 GiB
2023-05-01 12:52:36,727 - distributed.worker - INFO -       Local Directory: /tmp/dask-worker-space/worker-svces6kj
2023-05-01 12:52:36,727 - distributed.worker - INFO - -------------------------------------------------
2023-05-01 12:52:36,734 - distributed.worker - INFO -         Registered to:    tcp://172.16.3.62:46243
2023-05-01 12:52:36,734 - distributed.worker - INFO - -------------------------------------------------
2023-05-01 12:52:36,735 - distributed.core - INFO - Starting established connection to tcp://172.16.3.62:46243
/vortexfs1/home/anthony.meza/mambaforge/envs/atm_rivers/lib/python3.10/site-packages/scipy/io/_netcdf.py:305: RuntimeWarning: Cannot close a netcdf_file opened with mmap=True, when netcdf_variables or arrays referring to its data still exist. All data arrays obtained from such files refer directly to data on disk, and must be copied before the file can be cleanly closed. (See netcdf_file docstring for more information on mmap.)
  warnings.warn((
/vortexfs1/home/anthony.meza/mambaforge/envs/atm_rivers/lib/python3.10/site-packages/scipy/io/_netcdf.py:305: RuntimeWarning: Cannot close a netcdf_file opened with mmap=True, when netcdf_variables or arrays referring to its data still exist. All data arrays obtained from such files refer directly to data on disk, and must be copied before the file can be cleanly closed. (See netcdf_file docstring for more information on mmap.)
  warnings.warn((
/vortexfs1/home/anthony.meza/mambaforge/envs/atm_rivers/lib/python3.10/site-packages/scipy/io/_netcdf.py:305: RuntimeWarning: Cannot close a netcdf_file opened with mmap=True, when netcdf_variables or arrays referring to its data still exist. All data arrays obtained from such files refer directly to data on disk, and must be copied before the file can be cleanly closed. (See netcdf_file docstring for more information on mmap.)
  warnings.warn((
/vortexfs1/home/anthony.meza/mambaforge/envs/atm_rivers/lib/python3.10/site-packages/scipy/io/_netcdf.py:305: RuntimeWarning: Cannot close a netcdf_file opened with mmap=True, when netcdf_variables or arrays referring to its data still exist. All data arrays obtained from such files refer directly to data on disk, and must be copied before the file can be cleanly closed. (See netcdf_file docstring for more information on mmap.)
  warnings.warn((
/vortexfs1/home/anthony.meza/mambaforge/envs/atm_rivers/lib/python3.10/site-packages/scipy/io/_netcdf.py:305: RuntimeWarning: Cannot close a netcdf_file opened with mmap=True, when netcdf_variables or arrays referring to its data still exist. All data arrays obtained from such files refer directly to data on disk, and must be copied before the file can be cleanly closed. (See netcdf_file docstring for more information on mmap.)
  warnings.warn((
/vortexfs1/home/anthony.meza/mambaforge/envs/atm_rivers/lib/python3.10/site-packages/scipy/io/_netcdf.py:305: RuntimeWarning: Cannot close a netcdf_file opened with mmap=True, when netcdf_variables or arrays referring to its data still exist. All data arrays obtained from such files refer directly to data on disk, and must be copied before the file can be cleanly closed. (See netcdf_file docstring for more information on mmap.)
  warnings.warn((
/vortexfs1/home/anthony.meza/mambaforge/envs/atm_rivers/lib/python3.10/site-packages/scipy/io/_netcdf.py:305: RuntimeWarning: Cannot close a netcdf_file opened with mmap=True, when netcdf_variables or arrays referring to its data still exist. All data arrays obtained from such files refer directly to data on disk, and must be copied before the file can be cleanly closed. (See netcdf_file docstring for more information on mmap.)
  warnings.warn((
/vortexfs1/home/anthony.meza/mambaforge/envs/atm_rivers/lib/python3.10/site-packages/scipy/io/_netcdf.py:305: RuntimeWarning: Cannot close a netcdf_file opened with mmap=True, when netcdf_variables or arrays referring to its data still exist. All data arrays obtained from such files refer directly to data on disk, and must be copied before the file can be cleanly closed. (See netcdf_file docstring for more information on mmap.)
  warnings.warn((
/vortexfs1/home/anthony.meza/mambaforge/envs/atm_rivers/lib/python3.10/site-packages/scipy/io/_netcdf.py:305: RuntimeWarning: Cannot close a netcdf_file opened with mmap=True, when netcdf_variables or arrays referring to its data still exist. All data arrays obtained from such files refer directly to data on disk, and must be copied before the file can be cleanly closed. (See netcdf_file docstring for more information on mmap.)
  warnings.warn((
/vortexfs1/home/anthony.meza/mambaforge/envs/atm_rivers/lib/python3.10/site-packages/scipy/io/_netcdf.py:305: RuntimeWarning: Cannot close a netcdf_file opened with mmap=True, when netcdf_variables or arrays referring to its data still exist. All data arrays obtained from such files refer directly to data on disk, and must be copied before the file can be cleanly closed. (See netcdf_file docstring for more information on mmap.)
  warnings.warn((
/vortexfs1/home/anthony.meza/mambaforge/envs/atm_rivers/lib/python3.10/site-packages/scipy/io/_netcdf.py:305: RuntimeWarning: Cannot close a netcdf_file opened with mmap=True, when netcdf_variables or arrays referring to its data still exist. All data arrays obtained from such files refer directly to data on disk, and must be copied before the file can be cleanly closed. (See netcdf_file docstring for more information on mmap.)
  warnings.warn((
/vortexfs1/home/anthony.meza/mambaforge/envs/atm_rivers/lib/python3.10/site-packages/scipy/io/_netcdf.py:305: RuntimeWarning: Cannot close a netcdf_file opened with mmap=True, when netcdf_variables or arrays referring to its data still exist. All data arrays obtained from such files refer directly to data on disk, and must be copied before the file can be cleanly closed. (See netcdf_file docstring for more information on mmap.)
  warnings.warn((
/vortexfs1/home/anthony.meza/mambaforge/envs/atm_rivers/lib/python3.10/site-packages/scipy/io/_netcdf.py:305: RuntimeWarning: Cannot close a netcdf_file opened with mmap=True, when netcdf_variables or arrays referring to its data still exist. All data arrays obtained from such files refer directly to data on disk, and must be copied before the file can be cleanly closed. (See netcdf_file docstring for more information on mmap.)
  warnings.warn((
2023-05-01 13:21:28,851 - distributed.utils_perf - INFO - full garbage collection released 326.97 MiB from 853 reference cycles (threshold: 9.54 MiB)
slurmstepd: error: *** JOB 3079873 ON pn054 CANCELLED AT 2023-05-01T13:52:55 ***
