2023-05-04 10:56:22,407 - distributed.nanny - INFO -         Start Nanny at: 'tcp://172.16.3.105:36699'
2023-05-04 10:56:26,115 - distributed.worker - INFO -       Start worker at:   tcp://172.16.3.105:41225
2023-05-04 10:56:26,115 - distributed.worker - INFO -          Listening to:   tcp://172.16.3.105:41225
2023-05-04 10:56:26,115 - distributed.worker - INFO -           Worker name:             SLURMCluster-7
2023-05-04 10:56:26,115 - distributed.worker - INFO -          dashboard at:         172.16.3.105:44471
2023-05-04 10:56:26,115 - distributed.worker - INFO - Waiting to connect to:    tcp://172.16.3.87:40251
2023-05-04 10:56:26,115 - distributed.worker - INFO - -------------------------------------------------
2023-05-04 10:56:26,115 - distributed.worker - INFO -               Threads:                         36
2023-05-04 10:56:26,115 - distributed.worker - INFO -                Memory:                 178.81 GiB
2023-05-04 10:56:26,115 - distributed.worker - INFO -       Local Directory: /tmp/dask-worker-space/worker-5_aoficf
2023-05-04 10:56:26,115 - distributed.worker - INFO - -------------------------------------------------
2023-05-04 10:56:26,122 - distributed.worker - INFO -         Registered to:    tcp://172.16.3.87:40251
2023-05-04 10:56:26,122 - distributed.worker - INFO - -------------------------------------------------
2023-05-04 10:56:26,122 - distributed.core - INFO - Starting established connection to tcp://172.16.3.87:40251
2023-05-04 10:58:11,553 - distributed.core - INFO - Event loop was unresponsive in Worker for 3.27s.  This is often caused by long-running GIL-holding functions or moving large chunks of data. This can cause timeouts and instability.
2023-05-04 11:05:39,125 - distributed.worker - ERROR - Failed to communicate with scheduler during heartbeat.
Traceback (most recent call last):
  File "/vortexfs1/home/anthony.meza/mambaforge/envs/atm_rivers/lib/python3.10/site-packages/distributed/comm/tcp.py", line 225, in read
    frames_nbytes = await stream.read_bytes(fmt_size)
asyncio.exceptions.CancelledError

During handling of the above exception, another exception occurred:

Traceback (most recent call last):
  File "/vortexfs1/home/anthony.meza/mambaforge/envs/atm_rivers/lib/python3.10/asyncio/tasks.py", line 456, in wait_for
    return fut.result()
asyncio.exceptions.CancelledError

The above exception was the direct cause of the following exception:

Traceback (most recent call last):
  File "/vortexfs1/home/anthony.meza/mambaforge/envs/atm_rivers/lib/python3.10/site-packages/distributed/comm/core.py", line 329, in connect
    handshake = await wait_for(comm.read(), time_left())
  File "/vortexfs1/home/anthony.meza/mambaforge/envs/atm_rivers/lib/python3.10/site-packages/distributed/utils.py", line 1878, in wait_for
    return await asyncio.wait_for(fut, timeout)
  File "/vortexfs1/home/anthony.meza/mambaforge/envs/atm_rivers/lib/python3.10/asyncio/tasks.py", line 458, in wait_for
    raise exceptions.TimeoutError() from exc
asyncio.exceptions.TimeoutError

The above exception was the direct cause of the following exception:

Traceback (most recent call last):
  File "/vortexfs1/home/anthony.meza/mambaforge/envs/atm_rivers/lib/python3.10/site-packages/distributed/worker.py", line 1237, in heartbeat
    response = await retry_operation(
  File "/vortexfs1/home/anthony.meza/mambaforge/envs/atm_rivers/lib/python3.10/site-packages/distributed/utils_comm.py", line 434, in retry_operation
    return await retry(
  File "/vortexfs1/home/anthony.meza/mambaforge/envs/atm_rivers/lib/python3.10/site-packages/distributed/utils_comm.py", line 413, in retry
    return await coro()
  File "/vortexfs1/home/anthony.meza/mambaforge/envs/atm_rivers/lib/python3.10/site-packages/distributed/core.py", line 1266, in send_recv_from_rpc
    comm = await self.pool.connect(self.addr)
  File "/vortexfs1/home/anthony.meza/mambaforge/envs/atm_rivers/lib/python3.10/site-packages/distributed/core.py", line 1510, in connect
    return await connect_attempt
  File "/vortexfs1/home/anthony.meza/mambaforge/envs/atm_rivers/lib/python3.10/site-packages/distributed/core.py", line 1431, in _connect
    comm = await connect(
  File "/vortexfs1/home/anthony.meza/mambaforge/envs/atm_rivers/lib/python3.10/site-packages/distributed/comm/core.py", line 334, in connect
    raise OSError(
OSError: Timed out during handshake while connecting to tcp://172.16.3.87:40251 after 30 s
2023-05-04 11:06:32,490 - distributed.utils_perf - INFO - full garbage collection released 137.12 MiB from 245 reference cycles (threshold: 9.54 MiB)
2023-05-04 11:06:48,758 - distributed.utils_perf - INFO - full garbage collection released 20.07 MiB from 435 reference cycles (threshold: 9.54 MiB)
2023-05-04 11:07:07,371 - distributed.utils_perf - INFO - full garbage collection released 21.41 MiB from 372 reference cycles (threshold: 9.54 MiB)
2023-05-04 11:07:20,233 - distributed.utils_perf - INFO - full garbage collection released 36.68 MiB from 437 reference cycles (threshold: 9.54 MiB)
2023-05-04 11:07:49,873 - distributed.utils_perf - INFO - full garbage collection released 20.07 MiB from 459 reference cycles (threshold: 9.54 MiB)
2023-05-04 11:08:14,831 - distributed.utils_perf - INFO - full garbage collection released 13.83 MiB from 867 reference cycles (threshold: 9.54 MiB)
2023-05-04 11:08:31,655 - distributed.utils_perf - INFO - full garbage collection released 21.34 MiB from 568 reference cycles (threshold: 9.54 MiB)
2023-05-04 11:08:40,781 - distributed.utils_perf - INFO - full garbage collection released 14.59 MiB from 511 reference cycles (threshold: 9.54 MiB)
2023-05-04 11:09:50,569 - distributed.utils_perf - INFO - full garbage collection released 32.52 MiB from 678 reference cycles (threshold: 9.54 MiB)
2023-05-04 11:10:43,134 - distributed.utils_perf - INFO - full garbage collection released 32.13 MiB from 861 reference cycles (threshold: 9.54 MiB)
2023-05-04 11:11:33,308 - distributed.utils_perf - INFO - full garbage collection released 21.49 MiB from 976 reference cycles (threshold: 9.54 MiB)
2023-05-04 11:12:00,538 - distributed.utils_perf - INFO - full garbage collection released 27.60 MiB from 1027 reference cycles (threshold: 9.54 MiB)
2023-05-04 11:12:28,443 - distributed.utils_perf - INFO - full garbage collection released 26.34 MiB from 1159 reference cycles (threshold: 9.54 MiB)
2023-05-04 11:16:47,499 - distributed.utils_perf - INFO - full garbage collection released 9.88 MiB from 1245 reference cycles (threshold: 9.54 MiB)
2023-05-04 11:17:35,506 - distributed.utils_perf - INFO - full garbage collection released 77.27 MiB from 1337 reference cycles (threshold: 9.54 MiB)
2023-05-04 11:17:57,779 - distributed.utils_perf - INFO - full garbage collection released 41.86 MiB from 1536 reference cycles (threshold: 9.54 MiB)
2023-05-04 11:18:45,449 - distributed.utils_perf - INFO - full garbage collection released 12.79 MiB from 1801 reference cycles (threshold: 9.54 MiB)
2023-05-04 12:56:13,883 - distributed.core - INFO - Removing comms to tcp://172.16.3.104:45578
slurmstepd: error: *** JOB 3082880 ON pn055 CANCELLED AT 2023-05-04T12:56:43 DUE TO TIME LIMIT ***
