2023-05-01 15:31:30,381 - distributed.nanny - INFO -         Start Nanny at: 'tcp://172.16.3.161:38276'
2023-05-01 15:31:32,894 - distributed.worker - INFO -       Start worker at:   tcp://172.16.3.161:45471
2023-05-01 15:31:32,894 - distributed.worker - INFO -          Listening to:   tcp://172.16.3.161:45471
2023-05-01 15:31:32,894 - distributed.worker - INFO -           Worker name:             SLURMCluster-4
2023-05-01 15:31:32,894 - distributed.worker - INFO -          dashboard at:         172.16.3.161:46706
2023-05-01 15:31:32,894 - distributed.worker - INFO - Waiting to connect to:    tcp://172.16.3.62:43030
2023-05-01 15:31:32,894 - distributed.worker - INFO - -------------------------------------------------
2023-05-01 15:31:32,894 - distributed.worker - INFO -               Threads:                         36
2023-05-01 15:31:32,894 - distributed.worker - INFO -                Memory:                  46.57 GiB
2023-05-01 15:31:32,894 - distributed.worker - INFO -       Local Directory: /tmp/dask-worker-space/worker-js8482c2
2023-05-01 15:31:32,894 - distributed.worker - INFO - -------------------------------------------------
2023-05-01 15:31:32,899 - distributed.worker - INFO -         Registered to:    tcp://172.16.3.62:43030
2023-05-01 15:31:32,899 - distributed.worker - INFO - -------------------------------------------------
2023-05-01 15:31:32,900 - distributed.core - INFO - Starting established connection to tcp://172.16.3.62:43030
HDF5-DIAG: Error detected in HDF5 (1.14.0) thread 1:
  #000: H5D.c line 1390 in H5Dwrite(): can't synchronously write data
    major: Dataset
    minor: Write failed
  #001: H5D.c line 1333 in H5D__write_api_common(): can't write data
    major: Dataset
    minor: Write failed
  #002: H5VLcallback.c line 2282 in H5VL_dataset_write_direct(): dataset write failed
    major: Virtual Object Layer
    minor: Write failed
  #003: H5VLcallback.c line 2237 in H5VL__dataset_write(): dataset write failed
    major: Virtual Object Layer
    minor: Write failed
  #004: H5VLnative_dataset.c line 408 in H5VL__native_dataset_write(): can't write data
    major: Dataset
    minor: Write failed
  #005: H5Dio.c line 739 in H5D__write(): can't write data
    major: Dataset
    minor: Write failed
  #006: H5Dcontig.c line 921 in H5D__contig_write(): contiguous write failed
    major: Dataset
    minor: Write failed
  #007: H5Dselect.c line 493 in H5D__select_write(): write error
    major: Dataspace
    minor: Write failed
  #008: H5Dselect.c line 230 in H5D__select_io(): write error
    major: Dataspace
    minor: Write failed
  #009: H5Dcontig.c line 1530 in H5D__contig_writevv(): can't perform vectorized sieve buffer write
    major: Dataset
    minor: Can't operate on object
  #010: H5VM.c line 1400 in H5VM_opvv(): can't perform operation
    major: Internal error (too specific to document in detail)
    minor: Can't operate on object
  #011: H5Dcontig.c line 1283 in H5D__contig_writevv_sieve_cb(): block write failed
    major: Dataset
    minor: Write failed
  #012: H5Fio.c line 190 in H5F_shared_block_write(): write through page buffer failed
    major: Low-level I/O
    minor: Write failed
  #013: H5PB.c line 1017 in H5PB_write(): write through metadata accumulator failed
    major: Page Buffering
    minor: Write failed
  #014: H5Faccum.c line 832 in H5F__accum_write(): file write failed
    major: Low-level I/O
    minor: Write failed
  #015: H5FDint.c line 306 in H5FD_write(): driver write request failed
    major: Virtual File Layer
    minor: Write failed
    major: Low-level I/O
    minor: Write failed
HDF5-DIAG: Error detected in HDF5 (1.14.0) thread 2:
  #000: H5D.c line 1390 in H5Dwrite(): can't synchronously write data
    major: Dataset
    minor: Write failed
  #001: H5D.c line 1333 in H5D__write_api_common(): can't write data
    major: Dataset
    minor: Write failed
    major: Virtual Object Layer
    minor: Write failed
    minor: Write failed
:
2023-05-01 16:08:29,483 - distributed.worker - WARNING - Compute Failed
Key:       ('astype-store-map-ec06254cf0adce1d1c77fd526bc2b14b', 6781, 0, 0, 0)
Function:  execute_task
args:      ((<function store_chunk at 0x2aab3fa8b250>, (subgraph_callable-6d38a6af-542e-4ae5-87ae-7c7b9489e528, array(-32767., dtype=float32), 0.0007324442267417908, array([[[[26.953306, 26.973083, 26.992126, ...,       nan,       nan,
                nan],
         [26.880062, 26.896175, 26.913021, ...,       nan,       nan,
                nan],
         [26.861752, 26.871273, 26.881527, ...,       nan,       nan,
                nan],
         ...,
         [      nan,       nan,       nan, ...,       nan,       nan,
                nan],
         [      nan,       nan,       nan, ...,       nan,       nan,
                nan],
         [      nan,       nan,       nan, ...,       nan,       nan,
                nan]],

        [[26.952574, 26.972351, 26.991394, ...,       nan,       nan,
                nan],
         [26.87933 , 26.895443, 26.912289, ...,       nan,       nan,
                nan],
         [26.86102 , 26.87054 , 26.880795, ...,       nan,       nan,
                nan],
 
kwargs:    {}
Exception: "RuntimeError('NetCDF: HDF error')"

--- Logging error ---
2023-05-01 16:08:33,308 - distributed.worker - WARNING - Compute Failed
Key:       ('astype-store-map-ec06254cf0adce1d1c77fd526bc2b14b', 6781, 1, 0, 0)
Function:  execute_task
args:      ((<function store_chunk at 0x2aab3fa8b250>, (subgraph_callable-6d38a6af-542e-4ae5-87ae-7c7b9489e528, array(-32767., dtype=float32), 0.0007324442267417908, array([[[[26.948912, 26.968689, 26.987   , ...,       nan,       nan,
                nan],
         [26.874935, 26.891048, 26.907894, ...,       nan,       nan,
                nan],
         [26.855892, 26.865414, 26.875668, ...,       nan,       nan,
                nan],
         ...,
         [      nan,       nan,       nan, ...,       nan,       nan,
                nan],
         [      nan,       nan,       nan, ...,       nan,       nan,
                nan],
         [      nan,       nan,       nan, ...,       nan,       nan,
                nan]],

        [[26.947447, 26.967224, 26.985535, ...,       nan,       nan,
                nan],
         [26.87347 , 26.888851, 26.90643 , ...,       nan,       nan,
                nan],
         [26.854427, 26.863949, 26.874203, ...,       nan,       nan,
                nan],
 
kwargs:    {}
Exception: "RuntimeError('NetCDF: HDF error')"

--- Logging error ---
2023-05-01 16:08:34,529 - distributed.worker - WARNING - Compute Failed
Key:       ('astype-store-map-ec06254cf0adce1d1c77fd526bc2b14b', 6781, 2, 0, 0)
Function:  execute_task
args:      ((<function store_chunk at 0x2aab3fa8b250>, (subgraph_callable-6d38a6af-542e-4ae5-87ae-7c7b9489e528, array(-32767., dtype=float32), 0.0007324442267417908, array([[[[26.940123, 26.959898, 26.97821 , ...,       nan,       nan,
                nan],
         [26.865414, 26.880795, 26.898373, ...,       nan,       nan,
                nan],
         [26.84637 , 26.855892, 26.866146, ...,       nan,       nan,
                nan],
         ...,
         [      nan,       nan,       nan, ...,       nan,       nan,
                nan],
         [      nan,       nan,       nan, ...,       nan,       nan,
                nan],
         [      nan,       nan,       nan, ...,       nan,       nan,
                nan]],

        [[26.937193, 26.956968, 26.976013, ...,       nan,       nan,
                nan],
         [26.862484, 26.878597, 26.895443, ...,       nan,       nan,
                nan],
         [26.843441, 26.852962, 26.863216, ...,       nan,       nan,
                nan],
 
kwargs:    {}
Exception: "RuntimeError('NetCDF: HDF error')"

--- Logging error ---
2023-05-01 16:08:34,918 - distributed.worker - WARNING - Compute Failed
Key:       ('astype-store-map-ec06254cf0adce1d1c77fd526bc2b14b', 6781, 3, 0, 0)
Function:  execute_task
args:      ((<function store_chunk at 0x2aab3fa8b250>, (subgraph_callable-6d38a6af-542e-4ae5-87ae-7c7b9489e528, array(-32767., dtype=float32), 0.0007324442267417908, array([[[[26.923277, 26.94232 , 26.961365, ...,       nan,       nan,
                nan],
         [26.8493  , 26.865414, 26.88226 , ...,       nan,       nan,
                nan],
         [26.830988, 26.840511, 26.850765, ...,       nan,       nan,
                nan],
         ...,
         [      nan,       nan,       nan, ...,       nan,       nan,
                nan],
         [      nan,       nan,       nan, ...,       nan,       nan,
                nan],
         [      nan,       nan,       nan, ...,       nan,       nan,
                nan]],

        [[26.916685, 26.935728, 26.954771, ...,       nan,       nan,
                nan],
         [26.844906, 26.860287, 26.877132, ...,       nan,       nan,
                nan],
         [26.827326, 26.83685 , 26.84637 , ...,       nan,       nan,
                nan],
 
kwargs:    {}
Exception: "RuntimeError('NetCDF: HDF error')"

--- Logging error ---
2023-05-01 16:08:36,657 - distributed.worker - WARNING - Compute Failed
Key:       ('astype-store-map-ec06254cf0adce1d1c77fd526bc2b14b', 6781, 4, 0, 0)
Function:  execute_task
args:      ((<function store_chunk at 0x2aab3fa8b250>, (subgraph_callable-6d38a6af-542e-4ae5-87ae-7c7b9489e528, array(-32767., dtype=float32), 0.0007324442267417908, array([[[[26.614185, 26.59148 , 26.573168, ...,       nan,       nan,
                nan],
         [26.689627, 26.663258, 26.63396 , ...,       nan,       nan,
                nan],
         [26.672781, 26.634693, 26.57097 , ...,       nan,       nan,
                nan],
         ...,
         [      nan,       nan,       nan, ...,       nan,       nan,
                nan],
         [      nan,       nan,       nan, ...,       nan,       nan,
                nan],
         [      nan,       nan,       nan, ...,       nan,       nan,
                nan]]]], dtype=float32), 21.0), <xarray.backends.netCDF4_.NetCDF4ArrayWrapper object at 0x2aab7ea29940>, (slice(6781, 6782, None), slice(20, 21, None), slice(0, 745, None), slice(0, 901, None)), None, False))
kwargs:    {}
Exception: "RuntimeError('NetCDF: HDF error')"

--- Logging error ---
2023-05-01 16:08:37,056 - distributed.worker - WARNING - Compute Failed
Key:       ('astype-store-map-ec06254cf0adce1d1c77fd526bc2b14b', 8681, 0, 0, 0)
Function:  execute_task
args:      ((<function store_chunk at 0x2aab3fa8b250>, (subgraph_callable-6d38a6af-542e-4ae5-87ae-7c7b9489e528, array(-32767., dtype=float32), 0.0007324442267417908, array([[[[25.763817, 25.750633, 25.736717, ...,       nan,       nan,
                nan],
         [25.766014, 25.749168, 25.73452 , ...,       nan,       nan,
                nan],
         [25.766747, 25.748436, 25.733788, ...,       nan,       nan,
                nan],
         ...,
         [      nan,       nan,       nan, ...,       nan,       nan,
                nan],
         [      nan,       nan,       nan, ...,       nan,       nan,
                nan],
         [      nan,       nan,       nan, ...,       nan,       nan,
                nan]],

        [[25.754295, 25.741112, 25.727928, ...,       nan,       nan,
                nan],
         [25.757225, 25.74038 , 25.72573 , ...,       nan,       nan,
                nan],
         [25.75869 , 25.74038 , 25.72573 , ...,       nan,       nan,
                nan],
 
kwargs:    {}
Exception: "RuntimeError('NetCDF: HDF error')"

--- Logging error ---
2023-05-01 16:08:37,456 - distributed.worker - WARNING - Compute Failed
Key:       ('astype-store-map-ec06254cf0adce1d1c77fd526bc2b14b', 8681, 1, 0, 0)
Function:  execute_task
args:      ((<function store_chunk at 0x2aab3fa8b250>, (subgraph_callable-6d38a6af-542e-4ae5-87ae-7c7b9489e528, array(-32767., dtype=float32), 0.0007324442267417908, array([[[[25.699362, 25.687643, 25.675192, ...,       nan,       nan,
                nan],
         [25.703024, 25.688375, 25.67446 , ...,       nan,       nan,
                nan],
         [25.705954, 25.689108, 25.67446 , ...,       nan,       nan,
                nan],
         ...,
         [      nan,       nan,       nan, ...,       nan,       nan,
                nan],
         [      nan,       nan,       nan, ...,       nan,       nan,
                nan],
         [      nan,       nan,       nan, ...,       nan,       nan,
                nan]],

        [[25.690573, 25.678854, 25.666403, ...,       nan,       nan,
                nan],
         [25.694967, 25.679586, 25.66567 , ...,       nan,       nan,
                nan],
         [25.697165, 25.680319, 25.666403, ...,       nan,       nan,
                nan],
 
kwargs:    {}
Exception: "RuntimeError('NetCDF: HDF error')"

--- Logging error ---
2023-05-01 16:08:37,890 - distributed.worker - WARNING - Compute Failed
Key:       ('astype-store-map-ec06254cf0adce1d1c77fd526bc2b14b', 8681, 2, 0, 0)
Function:  execute_task
args:      ((<function store_chunk at 0x2aab3fa8b250>, (subgraph_callable-6d38a6af-542e-4ae5-87ae-7c7b9489e528, array(-32767., dtype=float32), 0.0007324442267417908, array([[[[25.661274, 25.650288, 25.638569, ...,       nan,       nan,
                nan],
         [25.66567 , 25.65102 , 25.637836, ...,       nan,       nan,
                nan],
         [25.6686  , 25.652485, 25.638569, ...,       nan,       nan,
                nan],
         ...,
         [      nan,       nan,       nan, ...,       nan,       nan,
                nan],
         [      nan,       nan,       nan, ...,       nan,       nan,
                nan],
         [      nan,       nan,       nan, ...,       nan,       nan,
                nan]],

        [[25.65395 , 25.642963, 25.631245, ...,       nan,       nan,
                nan],
         [25.658344, 25.644428, 25.631245, ...,       nan,       nan,
                nan],
         [25.661274, 25.64516 , 25.631245, ...,       nan,       nan,
                nan],
 
kwargs:    {}
Exception: "RuntimeError('NetCDF: HDF error')"

--- Logging error ---
2023-05-01 16:08:38,315 - distributed.worker - WARNING - Compute Failed
Key:       ('astype-store-map-ec06254cf0adce1d1c77fd526bc2b14b', 8681, 3, 0, 0)
Function:  execute_task
args:      ((<function store_chunk at 0x2aab3fa8b250>, (subgraph_callable-6d38a6af-542e-4ae5-87ae-7c7b9489e528, array(-32767., dtype=float32), 0.0007324442267417908, array([[[[25.59682 , 25.593891, 25.5873  , ...,       nan,       nan,
                nan],
         [25.604877, 25.599018, 25.588032, ...,       nan,       nan,
                nan],
         [25.60561 , 25.59975 , 25.5873  , ...,       nan,       nan,
                nan],
         ...,
         [      nan,       nan,       nan, ...,       nan,       nan,
                nan],
         [      nan,       nan,       nan, ...,       nan,       nan,
                nan],
         [      nan,       nan,       nan, ...,       nan,       nan,
                nan]],

        [[25.561663, 25.56679 , 25.565325, ...,       nan,       nan,
                nan],
         [25.570452, 25.573381, 25.565325, ...,       nan,       nan,
                nan],
         [25.56972 , 25.573381, 25.562395, ...,       nan,       nan,
                nan],
 
kwargs:    {}
Exception: "RuntimeError('NetCDF: HDF error')"

--- Logging error ---
2023-05-01 16:08:38,705 - distributed.worker - WARNING - Compute Failed
Key:       ('astype-store-map-ec06254cf0adce1d1c77fd526bc2b14b', 8681, 4, 0, 0)
Function:  execute_task
args:      ((<function store_chunk at 0x2aab3fa8b250>, (subgraph_callable-6d38a6af-542e-4ae5-87ae-7c7b9489e528, array(-32767., dtype=float32), 0.0007324442267417908, array([[[[25.094364, 25.10828 , 25.088505, ...,       nan,       nan,
                nan],
         [24.944944, 24.977173, 24.966187, ...,       nan,       nan,
                nan],
         [24.79333 , 24.833612, 24.823359, ...,       nan,       nan,
                nan],
         ...,
         [      nan,       nan,       nan, ...,       nan,       nan,
                nan],
         [      nan,       nan,       nan, ...,       nan,       nan,
                nan],
         [      nan,       nan,       nan, ...,       nan,       nan,
                nan]]]], dtype=float32), 21.0), <xarray.backends.netCDF4_.NetCDF4ArrayWrapper object at 0x2aab6b054f40>, (slice(8681, 8682, None), slice(20, 21, None), slice(0, 745, None), slice(0, 901, None)), None, False))
kwargs:    {}
Exception: "RuntimeError('NetCDF: HDF error')"

--- Logging error ---
2023-05-01 16:08:55,381 - distributed.utils_perf - INFO - full garbage collection released 161.34 MiB from 4137 reference cycles (threshold: 9.54 MiB)
--- Logging error ---
2023-05-01 16:09:07,542 - distributed.worker - WARNING - Compute Failed
Key:       ('astype-store-map-ec06254cf0adce1d1c77fd526bc2b14b', 5958, 0, 0, 0)
Function:  execute_task
args:      ((<function store_chunk at 0x2aab3fa8b250>, (subgraph_callable-6d38a6af-542e-4ae5-87ae-7c7b9489e528, array(-32767., dtype=float32), 0.0007324442267417908, array([[[[27.939177, 27.90768 , 27.871792, ...,       nan,       nan,
                nan],
         [27.884243, 27.849087, 27.810266, ...,       nan,       nan,
                nan],
         [27.805872, 27.771446, 27.735558, ...,       nan,       nan,
                nan],
         ...,
         [      nan,       nan,       nan, ...,       nan,       nan,
                nan],
         [      nan,       nan,       nan, ...,       nan,       nan,
                nan],
         [      nan,       nan,       nan, ...,       nan,       nan,
                nan]],

        [[27.894497, 27.86227 , 27.824915, ...,       nan,       nan,
                nan],
         [27.8381  , 27.801477, 27.76046 , ...,       nan,       nan,
                nan],
         [27.755333, 27.719444, 27.682089, ...,       nan,       nan,
                nan],
 
kwargs:    {}
Exception: "RuntimeError('NetCDF: HDF error')"

--- Logging error ---
2023-05-01 16:09:07,935 - distributed.worker - WARNING - Compute Failed
Key:       ('astype-store-map-ec06254cf0adce1d1c77fd526bc2b14b', 5958, 4, 0, 0)
Function:  execute_task
args:      ((<function store_chunk at 0x2aab3fa8b250>, (subgraph_callable-6d38a6af-542e-4ae5-87ae-7c7b9489e528, array(-32767., dtype=float32), 0.0007324442267417908, array([[[[26.520432, 26.53215 , 26.554125, ...,       nan,       nan,
                nan],
         [26.592945, 26.590015, 26.596607, ...,       nan,       nan,
                nan],
         [26.66106 , 26.64861 , 26.64861 , ...,       nan,       nan,
                nan],
         ...,
         [      nan,       nan,       nan, ...,       nan,       nan,
                nan],
         [      nan,       nan,       nan, ...,       nan,       nan,
                nan],
         [      nan,       nan,       nan, ...,       nan,       nan,
                nan]]]], dtype=float32), 21.0), <xarray.backends.netCDF4_.NetCDF4ArrayWrapper object at 0x2aab69f2af00>, (slice(5958, 5959, None), slice(20, 21, None), slice(0, 745, None), slice(0, 901, None)), None, False))
kwargs:    {}
Exception: "RuntimeError('NetCDF: HDF error')"

--- Logging error ---
2023-05-01 16:09:15,474 - distributed.worker - WARNING - Compute Failed
Key:       ('astype-store-map-ec06254cf0adce1d1c77fd526bc2b14b', 5958, 2, 0, 0)
Function:  execute_task
args:      ((<function store_chunk at 0x2aab3fa8b250>, (subgraph_callable-6d38a6af-542e-4ae5-87ae-7c7b9489e528, array(-32767., dtype=float32), 0.0007324442267417908, array([[[[27.739952, 27.706259, 27.665976, ...,       nan,       nan,
                nan],
         [27.678427, 27.638874, 27.594196, ...,       nan,       nan,
                nan],
         [27.589802, 27.548784, 27.506302, ...,       nan,       nan,
                nan],
         ...,
         [      nan,       nan,       nan, ...,       nan,       nan,
                nan],
         [      nan,       nan,       nan, ...,       nan,       nan,
                nan],
         [      nan,       nan,       nan, ...,       nan,       nan,
                nan]],

        [[27.734093, 27.7004  , 27.660114, ...,       nan,       nan,
                nan],
         [27.672567, 27.633015, 27.588337, ...,       nan,       nan,
                nan],
         [27.583208, 27.542192, 27.49971 , ...,       nan,       nan,
                nan],
 
kwargs:    {}
Exception: "RuntimeError('NetCDF: HDF error')"

--- Logging error ---
2023-05-01 16:09:38,947 - distributed.worker - WARNING - Compute Failed
Key:       ('astype-store-map-ec06254cf0adce1d1c77fd526bc2b14b', 5958, 1, 0, 0)
Function:  execute_task
args:      ((<function store_chunk at 0x2aab3fa8b250>, (subgraph_callable-6d38a6af-542e-4ae5-87ae-7c7b9489e528, array(-32767., dtype=float32), 0.0007324442267417908, array([[[[27.774376, 27.739952, 27.7004  , ...,       nan,       nan,
                nan],
         [27.713585, 27.674765, 27.630817, ...,       nan,       nan,
                nan],
         [27.626423, 27.586872, 27.545855, ...,       nan,       nan,
                nan],
         ...,
         [      nan,       nan,       nan, ...,       nan,       nan,
                nan],
         [      nan,       nan,       nan, ...,       nan,       nan,
                nan],
         [      nan,       nan,       nan, ...,       nan,       nan,
                nan]],

        [[27.764854, 27.73043 , 27.690145, ...,       nan,       nan,
                nan],
         [27.70333 , 27.66451 , 27.620564, ...,       nan,       nan,
                nan],
         [27.616169, 27.575884, 27.534866, ...,       nan,       nan,
                nan],
 
kwargs:    {}
Exception: "RuntimeError('NetCDF: HDF error')"

--- Logging error ---
2023-05-01 16:09:39,339 - distributed.worker - WARNING - Compute Failed
Key:       ('astype-store-map-ec06254cf0adce1d1c77fd526bc2b14b', 5958, 3, 0, 0)
Function:  execute_task
args:      ((<function store_chunk at 0x2aab3fa8b250>, (subgraph_callable-6d38a6af-542e-4ae5-87ae-7c7b9489e528, array(-32767., dtype=float32), 0.0007324442267417908, array([[[[27.705526, 27.6733  , 27.633747, ...,       nan,       nan,
                nan],
         [27.640339, 27.603718, 27.560503, ...,       nan,       nan,
                nan],
         [27.548784, 27.510696, 27.468216, ...,       nan,       nan,
                nan],
         ...,
         [      nan,       nan,       nan, ...,       nan,       nan,
                nan],
         [      nan,       nan,       nan, ...,       nan,       nan,
                nan],
         [      nan,       nan,       nan, ...,       nan,       nan,
                nan]],

        [[27.692343, 27.660847, 27.622028, ...,       nan,       nan,
                nan],
         [27.62569 , 27.591267, 27.55025 , ...,       nan,       nan,
                nan],
         [27.53267 , 27.498245, 27.457228, ...,       nan,       nan,
                nan],
 
kwargs:    {}
Exception: "RuntimeError('NetCDF: HDF error')"

--- Logging error ---
2023-05-01 16:09:39,734 - distributed.worker - WARNING - Compute Failed
Key:       ('astype-store-map-ec06254cf0adce1d1c77fd526bc2b14b', 4082, 0, 0, 0)
Function:  execute_task
args:      ((<function store_chunk at 0x2aab3fa8b250>, (subgraph_callable-6d38a6af-542e-4ae5-87ae-7c7b9489e528, array(-32767., dtype=float32), 0.0007324442267417908, array([[[[26.726982, 26.724785, 26.724052, ...,       nan,       nan,
                nan],
         [26.700613, 26.699148, 26.69695 , ...,       nan,       nan,
                nan],
         [26.671316, 26.671316, 26.670584, ...,       nan,       nan,
                nan],
         ...,
         [      nan,       nan,       nan, ...,       nan,       nan,
                nan],
         [      nan,       nan,       nan, ...,       nan,       nan,
                nan],
         [      nan,       nan,       nan, ...,       nan,       nan,
                nan]],

        [[26.724785, 26.722588, 26.721855, ...,       nan,       nan,
                nan],
         [26.699148, 26.69695 , 26.694754, ...,       nan,       nan,
                nan],
         [26.669851, 26.669851, 26.668386, ...,       nan,       nan,
                nan],
 
kwargs:    {}
Exception: "RuntimeError('NetCDF: HDF error')"

--- Logging error ---
2023-05-01 16:09:40,134 - distributed.worker - WARNING - Compute Failed
Key:       ('astype-store-map-ec06254cf0adce1d1c77fd526bc2b14b', 4082, 1, 0, 0)
Function:  execute_task
args:      ((<function store_chunk at 0x2aab3fa8b250>, (subgraph_callable-6d38a6af-542e-4ae5-87ae-7c7b9489e528, array(-32767., dtype=float32), 0.0007324442267417908, array([[[[26.69695 , 26.694754, 26.694021, ...,       nan,       nan,
                nan],
         [26.672049, 26.669851, 26.667654, ...,       nan,       nan,
                nan],
         [26.643482, 26.643482, 26.642017, ...,       nan,       nan,
                nan],
         ...,
         [      nan,       nan,       nan, ...,       nan,       nan,
                nan],
         [      nan,       nan,       nan, ...,       nan,       nan,
                nan],
         [      nan,       nan,       nan, ...,       nan,       nan,
                nan]],

        [[26.69036 , 26.688162, 26.68743 , ...,       nan,       nan,
                nan],
         [26.665457, 26.663258, 26.66106 , ...,       nan,       nan,
                nan],
         [26.63689 , 26.63689 , 26.635426, ...,       nan,       nan,
                nan],
 
kwargs:    {}
Exception: "RuntimeError('NetCDF: HDF error')"

--- Logging error ---
2023-05-01 16:09:40,519 - distributed.worker - WARNING - Compute Failed
Key:       ('astype-store-map-ec06254cf0adce1d1c77fd526bc2b14b', 4082, 2, 0, 0)
Function:  execute_task
args:      ((<function store_chunk at 0x2aab3fa8b250>, (subgraph_callable-6d38a6af-542e-4ae5-87ae-7c7b9489e528, array(-32767., dtype=float32), 0.0007324442267417908, array([[[[26.66619 , 26.66399 , 26.663258, ...,       nan,       nan,
                nan],
         [26.641285, 26.639088, 26.63689 , ...,       nan,       nan,
                nan],
         [26.61272 , 26.61272 , 26.611256, ...,       nan,       nan,
                nan],
         ...,
         [      nan,       nan,       nan, ...,       nan,       nan,
                nan],
         [      nan,       nan,       nan, ...,       nan,       nan,
                nan],
         [      nan,       nan,       nan, ...,       nan,       nan,
                nan]],

        [[26.660328, 26.65813 , 26.656666, ...,       nan,       nan,
                nan],
         [26.634693, 26.633228, 26.630299, ...,       nan,       nan,
                nan],
         [26.606861, 26.606129, 26.604664, ...,       nan,       nan,
                nan],
 
kwargs:    {}
Exception: "RuntimeError('NetCDF: HDF error')"

--- Logging error ---
2023-05-01 16:09:40,905 - distributed.worker - WARNING - Compute Failed
Key:       ('astype-store-map-ec06254cf0adce1d1c77fd526bc2b14b', 4082, 4, 0, 0)
Function:  execute_task
args:      ((<function store_chunk at 0x2aab3fa8b250>, (subgraph_callable-6d38a6af-542e-4ae5-87ae-7c7b9489e528, array(-32767., dtype=float32), 0.0007324442267417908, array([[[[26.33439 , 26.313883, 26.27726 , ...,       nan,       nan,
                nan],
         [26.3007  , 26.286781, 26.261879, ...,       nan,       nan,
                nan],
         [26.250893, 26.247963, 26.241371, ...,       nan,       nan,
                nan],
         ...,
         [      nan,       nan,       nan, ...,       nan,       nan,
                nan],
         [      nan,       nan,       nan, ...,       nan,       nan,
                nan],
         [      nan,       nan,       nan, ...,       nan,       nan,
                nan]]]], dtype=float32), 21.0), <xarray.backends.netCDF4_.NetCDF4ArrayWrapper object at 0x2aab75bbb880>, (slice(4082, 4083, None), slice(20, 21, None), slice(0, 745, None), slice(0, 901, None)), None, False))
kwargs:    {}
Exception: "RuntimeError('NetCDF: HDF error')"

--- Logging error ---
2023-05-01 16:09:45,007 - distributed.worker - WARNING - Compute Failed
Key:       ('astype-store-map-ec06254cf0adce1d1c77fd526bc2b14b', 4082, 3, 0, 0)
Function:  execute_task
args:      ((<function store_chunk at 0x2aab3fa8b250>, (subgraph_callable-6d38a6af-542e-4ae5-87ae-7c7b9489e528, array(-32767., dtype=float32), 0.0007324442267417908, array([[[[26.632496, 26.630299, 26.628834, ...,       nan,       nan,
                nan],
         [26.607594, 26.605396, 26.603199, ...,       nan,       nan,
                nan],
         [26.579027, 26.579027, 26.577562, ...,       nan,       nan,
                nan],
         ...,
         [      nan,       nan,       nan, ...,       nan,       nan,
                nan],
         [      nan,       nan,       nan, ...,       nan,       nan,
                nan],
         [      nan,       nan,       nan, ...,       nan,       nan,
                nan]],

        [[26.62444 , 26.622242, 26.620777, ...,       nan,       nan,
                nan],
         [26.599537, 26.598072, 26.595142, ...,       nan,       nan,
                nan],
         [26.570238, 26.57097 , 26.569506, ...,       nan,       nan,
                nan],
 
kwargs:    {}
Exception: "RuntimeError('NetCDF: HDF error')"

--- Logging error ---
2023-05-01 16:09:45,393 - distributed.worker - WARNING - Compute Failed
Key:       ('astype-store-map-ec06254cf0adce1d1c77fd526bc2b14b', 1979, 0, 0, 0)
Function:  execute_task
args:      ((<function store_chunk at 0x2aab3fa8b250>, (subgraph_callable-6d38a6af-542e-4ae5-87ae-7c7b9489e528, array(-32767., dtype=float32), 0.0007324442267417908, array([[[[28.218239, 28.182348, 28.145725, ...,       nan,       nan,
                nan],
         [28.119358, 28.082735, 28.045382, ...,       nan,       nan,
                nan],
         [28.016083, 27.97873 , 27.942106, ...,       nan,       nan,
                nan],
         ...,
         [      nan,       nan,       nan, ...,       nan,       nan,
                nan],
         [      nan,       nan,       nan, ...,       nan,       nan,
                nan],
         [      nan,       nan,       nan, ...,       nan,       nan,
                nan]],

        [[28.218239, 28.181616, 28.144993, ...,       nan,       nan,
                nan],
         [28.119358, 28.082735, 28.04465 , ...,       nan,       nan,
                nan],
         [28.01535 , 27.97873 , 27.941374, ...,       nan,       nan,
                nan],
 
kwargs:    {}
Exception: "RuntimeError('NetCDF: HDF error')"

--- Logging error ---
2023-05-01 16:09:45,417 - distributed.worker - WARNING - Compute Failed
Key:       ('astype-store-map-ec06254cf0adce1d1c77fd526bc2b14b', 1979, 1, 0, 0)
Function:  execute_task
args:      ((<function store_chunk at 0x2aab3fa8b250>, (subgraph_callable-6d38a6af-542e-4ae5-87ae-7c7b9489e528, array(-32767., dtype=float32), 0.0007324442267417908, array([[[[28.216774, 28.180151, 28.143528, ...,       nan,       nan,
                nan],
         [28.11716 , 28.080538, 28.043184, ...,       nan,       nan,
                nan],
         [28.013885, 27.976532, 27.938444, ...,       nan,       nan,
                nan],
         ...,
         [      nan,       nan,       nan, ...,       nan,       nan,
                nan],
         [      nan,       nan,       nan, ...,       nan,       nan,
                nan],
         [      nan,       nan,       nan, ...,       nan,       nan,
                nan]],

        [[28.21531 , 28.179419, 28.142063, ...,       nan,       nan,
                nan],
         [28.116428, 28.079073, 28.04172 , ...,       nan,       nan,
                nan],
         [28.011688, 27.974335, 27.93698 , ...,       nan,       nan,
                nan],
 
kwargs:    {}
Exception: "RuntimeError('NetCDF: HDF error')"

--- Logging error ---
2023-05-01 16:09:51,062 - distributed.worker - WARNING - Compute Failed
Key:       ('astype-store-map-ec06254cf0adce1d1c77fd526bc2b14b', 1979, 2, 0, 0)
Function:  execute_task
args:      ((<function store_chunk at 0x2aab3fa8b250>, (subgraph_callable-6d38a6af-542e-4ae5-87ae-7c7b9489e528, array(-32767., dtype=float32), 0.0007324442267417908, array([[[[28.207983, 28.17063 , 28.133274, ...,       nan,       nan,
                nan],
         [28.106907, 28.069551, 28.031464, ...,       nan,       nan,
                nan],
         [28.000702, 27.962616, 27.923796, ...,       nan,       nan,
                nan],
         ...,
         [      nan,       nan,       nan, ...,       nan,       nan,
                nan],
         [      nan,       nan,       nan, ...,       nan,       nan,
                nan],
         [      nan,       nan,       nan, ...,       nan,       nan,
                nan]],

        [[28.20432 , 28.1677  , 28.129612, ...,       nan,       nan,
                nan],
         [28.102512, 28.065157, 28.026337, ...,       nan,       nan,
                nan],
         [27.993378, 27.954557, 27.914272, ...,       nan,       nan,
                nan],
 
kwargs:    {}
Exception: "RuntimeError('NetCDF: HDF error')"

--- Logging error ---
2023-05-01 16:09:51,446 - distributed.worker - WARNING - Compute Failed
Key:       ('astype-store-map-ec06254cf0adce1d1c77fd526bc2b14b', 1979, 3, 0, 0)
Function:  execute_task
args:      ((<function store_chunk at 0x2aab3fa8b250>, (subgraph_callable-6d38a6af-542e-4ae5-87ae-7c7b9489e528, array(-32767., dtype=float32), 0.0007324442267417908, array([[[[27.587605, 27.461624, 27.330515, ...,       nan,       nan,
                nan],
         [27.29902 , 27.17304 , 27.0412  , ...,       nan,       nan,
                nan],
         [26.982605, 26.850033, 26.716728, ...,       nan,       nan,
                nan],
         ...,
         [      nan,       nan,       nan, ...,       nan,       nan,
                nan],
         [      nan,       nan,       nan, ...,       nan,       nan,
                nan],
         [      nan,       nan,       nan, ...,       nan,       nan,
                nan]],

        [[27.061708, 26.886654, 26.709402, ...,       nan,       nan,
                nan],
         [26.840511, 26.677908, 26.50798 , ...,       nan,       nan,
                nan],
         [26.60027 , 26.455976, 26.298502, ...,       nan,       nan,
                nan],
 
kwargs:    {}
Exception: "RuntimeError('NetCDF: HDF error')"

--- Logging error ---
2023-05-01 16:09:53,063 - distributed.worker - WARNING - Compute Failed
Key:       ('astype-store-map-ec06254cf0adce1d1c77fd526bc2b14b', 1979, 4, 0, 0)
Function:  execute_task
args:      ((<function store_chunk at 0x2aab3fa8b250>, (subgraph_callable-6d38a6af-542e-4ae5-87ae-7c7b9489e528, array(-32767., dtype=float32), 0.0007324442267417908, array([[[[22.245888, 22.280312, 22.292032, ...,       nan,       nan,
                nan],
         [22.142612, 22.193884, 22.226112, ...,       nan,       nan,
                nan],
         [21.9888  , 22.043001, 22.106724, ...,       nan,       nan,
                nan],
         ...,
         [      nan,       nan,       nan, ...,       nan,       nan,
                nan],
         [      nan,       nan,       nan, ...,       nan,       nan,
                nan],
         [      nan,       nan,       nan, ...,       nan,       nan,
                nan]]]], dtype=float32), 21.0), <xarray.backends.netCDF4_.NetCDF4ArrayWrapper object at 0x2aab8acb5ec0>, (slice(1979, 1980, None), slice(20, 21, None), slice(0, 745, None), slice(0, 901, None)), None, False))
kwargs:    {}
Exception: "RuntimeError('NetCDF: HDF error')"

--- Logging error ---
2023-05-01 16:09:53,457 - distributed.worker - WARNING - Compute Failed
Key:       ('astype-store-map-ec06254cf0adce1d1c77fd526bc2b14b', 4769, 0, 0, 0)
Function:  execute_task
args:      ((<function store_chunk at 0x2aab3fa8b250>, (subgraph_callable-6d38a6af-542e-4ae5-87ae-7c7b9489e528, array(-32767., dtype=float32), 0.0007324442267417908, array([[[[25.451796, 25.49501 , 25.536026, ...,       nan,       nan,
                nan],
         [25.445936, 25.488419, 25.528702, ...,       nan,       nan,
                nan],
         [25.433485, 25.47084 , 25.50673 , ...,       nan,       nan,
                nan],
         ...,
         [      nan,       nan,       nan, ...,       nan,       nan,
                nan],
         [      nan,       nan,       nan, ...,       nan,       nan,
                nan],
         [      nan,       nan,       nan, ...,       nan,       nan,
                nan]],

        [[25.449598, 25.493546, 25.534561, ...,       nan,       nan,
                nan],
         [25.443739, 25.486221, 25.526505, ...,       nan,       nan,
                nan],
         [25.431288, 25.469376, 25.505264, ...,       nan,       nan,
                nan],
 
kwargs:    {}
Exception: "RuntimeError('NetCDF: HDF error')"

--- Logging error ---
2023-05-01 16:09:53,842 - distributed.worker - WARNING - Compute Failed
Key:       ('astype-store-map-ec06254cf0adce1d1c77fd526bc2b14b', 4769, 1, 0, 0)
Function:  execute_task
args:      ((<function store_chunk at 0x2aab3fa8b250>, (subgraph_callable-6d38a6af-542e-4ae5-87ae-7c7b9489e528, array(-32767., dtype=float32), 0.0007324442267417908, array([[[[25.427626, 25.473038, 25.515518, ...,       nan,       nan,
                nan],
         [25.421766, 25.465714, 25.507462, ...,       nan,       nan,
                nan],
         [25.409313, 25.448133, 25.485489, ...,       nan,       nan,
                nan],
         ...,
         [      nan,       nan,       nan, ...,       nan,       nan,
                nan],
         [      nan,       nan,       nan, ...,       nan,       nan,
                nan],
         [      nan,       nan,       nan, ...,       nan,       nan,
                nan]],

        [[25.422499, 25.46791 , 25.510391, ...,       nan,       nan,
                nan],
         [25.41664 , 25.460585, 25.502335, ...,       nan,       nan,
                nan],
         [25.403454, 25.443007, 25.480362, ...,       nan,       nan,
                nan],
 
kwargs:    {}
Exception: "RuntimeError('NetCDF: HDF error')"

--- Logging error ---
2023-05-01 16:09:54,223 - distributed.worker - WARNING - Compute Failed
Key:       ('astype-store-map-ec06254cf0adce1d1c77fd526bc2b14b', 4769, 4, 0, 0)
Function:  execute_task
args:      ((<function store_chunk at 0x2aab3fa8b250>, (subgraph_callable-6d38a6af-542e-4ae5-87ae-7c7b9489e528, array(-32767., dtype=float32), 0.0007324442267417908, array([[[[25.026978, 25.05408 , 25.065798, ...,       nan,       nan,
                nan],
         [24.939817, 24.955198, 24.950804, ...,       nan,       nan,
                nan],
         [24.870968, 24.869503, 24.846066, ...,       nan,       nan,
                nan],
         ...,
         [      nan,       nan,       nan, ...,       nan,       nan,
                nan],
         [      nan,       nan,       nan, ...,       nan,       nan,
                nan],
         [      nan,       nan,       nan, ...,       nan,       nan,
                nan]]]], dtype=float32), 21.0), <xarray.backends.netCDF4_.NetCDF4ArrayWrapper object at 0x2aab82befec0>, (slice(4769, 4770, None), slice(20, 21, None), slice(0, 745, None), slice(0, 901, None)), None, False))
kwargs:    {}
Exception: "RuntimeError('NetCDF: HDF error')"

--- Logging error ---
2023-05-01 16:09:54,615 - distributed.worker - WARNING - Compute Failed
Key:       ('astype-store-map-ec06254cf0adce1d1c77fd526bc2b14b', 4769, 2, 0, 0)
Function:  execute_task
args:      ((<function store_chunk at 0x2aab3fa8b250>, (subgraph_callable-6d38a6af-542e-4ae5-87ae-7c7b9489e528, array(-32767., dtype=float32), 0.0007324442267417908, array([[[[25.400524, 25.446669, 25.489883, ...,       nan,       nan,
                nan],
         [25.393932, 25.438612, 25.481827, ...,       nan,       nan,
                nan],
         [25.379284, 25.420301, 25.458387, ...,       nan,       nan,
                nan],
         ...,
         [      nan,       nan,       nan, ...,       nan,       nan,
                nan],
         [      nan,       nan,       nan, ...,       nan,       nan,
                nan],
         [      nan,       nan,       nan, ...,       nan,       nan,
                nan]],

        [[25.3932  , 25.439344, 25.483292, ...,       nan,       nan,
                nan],
         [25.386608, 25.43202 , 25.474503, ...,       nan,       nan,
                nan],
         [25.371227, 25.412243, 25.451063, ...,       nan,       nan,
                nan],
 
kwargs:    {}
Exception: "RuntimeError('NetCDF: HDF error')"

--- Logging error ---
2023-05-01 16:09:54,989 - distributed.worker - WARNING - Compute Failed
Key:       ('astype-store-map-ec06254cf0adce1d1c77fd526bc2b14b', 4769, 3, 0, 0)
Function:  execute_task
args:      ((<function store_chunk at 0x2aab3fa8b250>, (subgraph_callable-6d38a6af-542e-4ae5-87ae-7c7b9489e528, array(-32767., dtype=float32), 0.0007324442267417908, array([[[[25.341198, 25.39027 , 25.43788 , ...,       nan,       nan,
                nan],
         [25.330942, 25.380016, 25.426893, ...,       nan,       nan,
                nan],
         [25.30311 , 25.348522, 25.3932  , ...,       nan,       nan,
                nan],
         ...,
         [      nan,       nan,       nan, ...,       nan,       nan,
                nan],
         [      nan,       nan,       nan, ...,       nan,       nan,
                nan],
         [      nan,       nan,       nan, ...,       nan,       nan,
                nan]],

        [[25.316294, 25.366833, 25.415907, ...,       nan,       nan,
                nan],
         [25.304575, 25.355114, 25.402721, ...,       nan,       nan,
                nan],
         [25.267952, 25.314829, 25.361706, ...,       nan,       nan,
                nan],
 
kwargs:    {}
Exception: "RuntimeError('NetCDF: HDF error')"

--- Logging error ---
2023-05-01 17:23:42,173 - distributed.utils_perf - INFO - full garbage collection released 324.00 MiB from 5449 reference cycles (threshold: 9.54 MiB)
--- Logging error ---
2023-05-01 17:28:20,462 - distributed.core - INFO - Connection to tcp://172.16.3.62:43030 has been closed.
2023-05-01 17:28:20,464 - distributed.worker - INFO - Stopping worker at tcp://172.16.3.161:45471. Reason: worker-handle-scheduler-connection-broken
2023-05-01 17:28:20,467 - distributed.worker - ERROR - Failed to communicate with scheduler during heartbeat.
Traceback (most recent call last):
  File "/vortexfs1/home/anthony.meza/mambaforge/envs/atm_rivers/lib/python3.10/site-packages/tornado/iostream.py", line 861, in _read_to_buffer
    bytes_read = self.read_from_fd(buf)
  File "/vortexfs1/home/anthony.meza/mambaforge/envs/atm_rivers/lib/python3.10/site-packages/tornado/iostream.py", line 1116, in read_from_fd
    return self.socket.recv_into(buf, len(buf))
ConnectionResetError: [Errno 104] Connection reset by peer

The above exception was the direct cause of the following exception:

Traceback (most recent call last):
  File "/vortexfs1/home/anthony.meza/mambaforge/envs/atm_rivers/lib/python3.10/site-packages/distributed/worker.py", line 1234, in heartbeat
    response = await retry_operation(
  File "/vortexfs1/home/anthony.meza/mambaforge/envs/atm_rivers/lib/python3.10/site-packages/distributed/utils_comm.py", line 434, in retry_operation
    return await retry(
  File "/vortexfs1/home/anthony.meza/mambaforge/envs/atm_rivers/lib/python3.10/site-packages/distributed/utils_comm.py", line 413, in retry
    return await coro()
  File "/vortexfs1/home/anthony.meza/mambaforge/envs/atm_rivers/lib/python3.10/site-packages/distributed/core.py", line 1268, in send_recv_from_rpc
    return await send_recv(comm=comm, op=key, **kwargs)
  File "/vortexfs1/home/anthony.meza/mambaforge/envs/atm_rivers/lib/python3.10/site-packages/distributed/core.py", line 1027, in send_recv
    response = await comm.read(deserializers=deserializers)
  File "/vortexfs1/home/anthony.meza/mambaforge/envs/atm_rivers/lib/python3.10/site-packages/distributed/comm/tcp.py", line 241, in read
    convert_stream_closed_error(self, e)
  File "/vortexfs1/home/anthony.meza/mambaforge/envs/atm_rivers/lib/python3.10/site-packages/distributed/comm/tcp.py", line 142, in convert_stream_closed_error
    raise CommClosedError(f"in {obj}: {exc.__class__.__name__}: {exc}") from exc
distributed.comm.core.CommClosedError: in <TCP (closed) ConnectionPool.heartbeat_worker local=tcp://172.16.3.161:52085 remote=tcp://172.16.3.62:43030>: ConnectionResetError: [Errno 104] Connection reset by peer
2023-05-01 17:28:20,472 - distributed.nanny - INFO - Closing Nanny gracefully at 'tcp://172.16.3.161:38276'. Reason: worker-handle-scheduler-connection-broken
2023-05-01 17:28:22,585 - distributed.client - ERROR - 
ConnectionRefusedError: [Errno 111] Connection refused

The above exception was the direct cause of the following exception:

Traceback (most recent call last):
  File "/vortexfs1/home/anthony.meza/mambaforge/envs/atm_rivers/lib/python3.10/site-packages/distributed/comm/core.py", line 292, in connect
    comm = await wait_for(
  File "/vortexfs1/home/anthony.meza/mambaforge/envs/atm_rivers/lib/python3.10/site-packages/distributed/utils.py", line 1850, in wait_for
    return await asyncio.wait_for(fut, timeout)
  File "/vortexfs1/home/anthony.meza/mambaforge/envs/atm_rivers/lib/python3.10/asyncio/tasks.py", line 445, in wait_for
    return fut.result()
  File "/vortexfs1/home/anthony.meza/mambaforge/envs/atm_rivers/lib/python3.10/site-packages/distributed/comm/tcp.py", line 511, in connect
    convert_stream_closed_error(self, e)
  File "/vortexfs1/home/anthony.meza/mambaforge/envs/atm_rivers/lib/python3.10/site-packages/distributed/comm/tcp.py", line 142, in convert_stream_closed_error
    raise CommClosedError(f"in {obj}: {exc.__class__.__name__}: {exc}") from exc
distributed.comm.core.CommClosedError: in <distributed.comm.tcp.TCPConnector object at 0x2aab802e9660>: ConnectionRefusedError: [Errno 111] Connection refused

During handling of the above exception, another exception occurred:

Traceback (most recent call last):
  File "/vortexfs1/home/anthony.meza/mambaforge/envs/atm_rivers/lib/python3.10/site-packages/distributed/utils.py", line 752, in wrapper
    return await func(*args, **kwargs)
  File "/vortexfs1/home/anthony.meza/mambaforge/envs/atm_rivers/lib/python3.10/site-packages/distributed/client.py", line 1321, in _reconnect
    await self._ensure_connected(timeout=timeout)
  File "/vortexfs1/home/anthony.meza/mambaforge/envs/atm_rivers/lib/python3.10/site-packages/distributed/client.py", line 1351, in _ensure_connected
    comm = await connect(
  File "/vortexfs1/home/anthony.meza/mambaforge/envs/atm_rivers/lib/python3.10/site-packages/distributed/comm/core.py", line 316, in connect
    await asyncio.sleep(backoff)
  File "/vortexfs1/home/anthony.meza/mambaforge/envs/atm_rivers/lib/python3.10/asyncio/tasks.py", line 605, in sleep
    return await future
asyncio.exceptions.CancelledError
2023-05-01 17:28:52,590 - distributed.nanny - INFO - Worker closed
2023-05-01 17:28:54,592 - distributed.nanny - ERROR - Worker process died unexpectedly
2023-05-01 17:28:55,682 - distributed.nanny - INFO - Closing Nanny at 'tcp://172.16.3.161:38276'. Reason: nanny-close-gracefully
2023-05-01 17:28:55,683 - distributed.dask_worker - INFO - End worker
