2023-05-03 09:14:48,582 - distributed.nanny - INFO -         Start Nanny at: 'tcp://172.16.3.167:46799'
2023-05-03 09:14:57,087 - distributed.worker - INFO -       Start worker at:   tcp://172.16.3.167:38996
2023-05-03 09:14:57,089 - distributed.worker - INFO -          Listening to:   tcp://172.16.3.167:38996
2023-05-03 09:14:57,089 - distributed.worker - INFO -           Worker name:             SLURMCluster-5
2023-05-03 09:14:57,089 - distributed.worker - INFO -          dashboard at:         172.16.3.167:34771
2023-05-03 09:14:57,089 - distributed.worker - INFO - Waiting to connect to:   tcp://172.16.3.158:44759
2023-05-03 09:14:57,089 - distributed.worker - INFO - -------------------------------------------------
2023-05-03 09:14:57,089 - distributed.worker - INFO -               Threads:                         36
2023-05-03 09:14:57,089 - distributed.worker - INFO -                Memory:                 178.81 GiB
2023-05-03 09:14:57,090 - distributed.worker - INFO -       Local Directory: /tmp/dask-worker-space/worker-i5j2ntv6
2023-05-03 09:14:57,090 - distributed.worker - INFO - -------------------------------------------------
2023-05-03 09:14:57,099 - distributed.worker - INFO -         Registered to:   tcp://172.16.3.158:44759
2023-05-03 09:14:57,099 - distributed.worker - INFO - -------------------------------------------------
2023-05-03 09:14:57,100 - distributed.core - INFO - Starting established connection to tcp://172.16.3.158:44759
2023-05-03 09:17:52,274 - distributed.utils_perf - INFO - full garbage collection released 182.14 MiB from 0 reference cycles (threshold: 9.54 MiB)
2023-05-03 09:17:57,407 - distributed.utils_perf - INFO - full garbage collection released 420.09 MiB from 340 reference cycles (threshold: 9.54 MiB)
2023-05-03 09:18:05,103 - distributed.utils_perf - INFO - full garbage collection released 1.00 GiB from 679 reference cycles (threshold: 9.54 MiB)
2023-05-03 09:18:07,717 - distributed.utils_perf - INFO - full garbage collection released 362.72 MiB from 920 reference cycles (threshold: 9.54 MiB)
2023-05-03 09:18:19,195 - distributed.utils_perf - INFO - full garbage collection released 1.46 GiB from 1300 reference cycles (threshold: 9.54 MiB)
2023-05-03 09:18:29,440 - distributed.utils_perf - INFO - full garbage collection released 0.92 GiB from 1200 reference cycles (threshold: 9.54 MiB)
2023-05-03 09:18:42,836 - distributed.utils_perf - INFO - full garbage collection released 0.98 GiB from 519 reference cycles (threshold: 9.54 MiB)
2023-05-03 09:18:48,030 - distributed.utils_perf - INFO - full garbage collection released 1.49 GiB from 519 reference cycles (threshold: 9.54 MiB)
2023-05-03 09:19:52,058 - distributed.core - INFO - Event loop was unresponsive in Worker for 3.04s.  This is often caused by long-running GIL-holding functions or moving large chunks of data. This can cause timeouts and instability.
2023-05-03 09:20:07,973 - distributed.utils_perf - INFO - full garbage collection released 12.58 MiB from 699 reference cycles (threshold: 9.54 MiB)
2023-05-03 09:20:18,996 - distributed.core - INFO - Event loop was unresponsive in Worker for 4.14s.  This is often caused by long-running GIL-holding functions or moving large chunks of data. This can cause timeouts and instability.
2023-05-03 09:20:27,966 - distributed.core - INFO - Event loop was unresponsive in Worker for 3.23s.  This is often caused by long-running GIL-holding functions or moving large chunks of data. This can cause timeouts and instability.
2023-05-03 09:20:39,144 - distributed.core - INFO - Event loop was unresponsive in Worker for 3.68s.  This is often caused by long-running GIL-holding functions or moving large chunks of data. This can cause timeouts and instability.
2023-05-03 09:20:52,281 - distributed.core - INFO - Event loop was unresponsive in Worker for 4.44s.  This is often caused by long-running GIL-holding functions or moving large chunks of data. This can cause timeouts and instability.
2023-05-03 09:21:04,370 - distributed.core - INFO - Event loop was unresponsive in Worker for 4.66s.  This is often caused by long-running GIL-holding functions or moving large chunks of data. This can cause timeouts and instability.
2023-05-03 09:21:16,199 - distributed.core - INFO - Event loop was unresponsive in Worker for 4.91s.  This is often caused by long-running GIL-holding functions or moving large chunks of data. This can cause timeouts and instability.
2023-05-03 09:21:28,917 - distributed.core - INFO - Event loop was unresponsive in Worker for 4.98s.  This is often caused by long-running GIL-holding functions or moving large chunks of data. This can cause timeouts and instability.
2023-05-03 09:21:41,967 - distributed.utils_perf - WARNING - full garbage collections took 35% CPU time recently (threshold: 10%)
2023-05-03 09:21:42,209 - distributed.core - INFO - Event loop was unresponsive in Worker for 5.23s.  This is often caused by long-running GIL-holding functions or moving large chunks of data. This can cause timeouts and instability.
2023-05-03 09:21:54,169 - distributed.utils_perf - WARNING - full garbage collections took 35% CPU time recently (threshold: 10%)
2023-05-03 09:21:54,173 - distributed.utils_perf - INFO - full garbage collection released 27.92 MiB from 459 reference cycles (threshold: 9.54 MiB)
2023-05-03 09:21:54,284 - distributed.core - INFO - Event loop was unresponsive in Worker for 5.77s.  This is often caused by long-running GIL-holding functions or moving large chunks of data. This can cause timeouts and instability.
2023-05-03 09:22:06,703 - distributed.utils_perf - WARNING - full garbage collections took 37% CPU time recently (threshold: 10%)
2023-05-03 09:22:06,972 - distributed.core - INFO - Event loop was unresponsive in Worker for 6.13s.  This is often caused by long-running GIL-holding functions or moving large chunks of data. This can cause timeouts and instability.
2023-05-03 09:22:21,852 - distributed.utils_perf - WARNING - full garbage collections took 39% CPU time recently (threshold: 10%)
2023-05-03 09:22:21,893 - distributed.core - INFO - Event loop was unresponsive in Worker for 6.45s.  This is often caused by long-running GIL-holding functions or moving large chunks of data. This can cause timeouts and instability.
2023-05-03 09:22:35,315 - distributed.core - INFO - Event loop was unresponsive in Worker for 5.18s.  This is often caused by long-running GIL-holding functions or moving large chunks of data. This can cause timeouts and instability.
2023-05-03 09:22:43,770 - distributed.core - INFO - Event loop was unresponsive in Worker for 8.46s.  This is often caused by long-running GIL-holding functions or moving large chunks of data. This can cause timeouts and instability.
2023-05-03 09:22:50,082 - distributed.core - INFO - Event loop was unresponsive in Worker for 6.31s.  This is often caused by long-running GIL-holding functions or moving large chunks of data. This can cause timeouts and instability.
2023-05-03 09:22:50,878 - distributed.utils_perf - WARNING - full garbage collections took 34% CPU time recently (threshold: 10%)
2023-05-03 09:22:53,068 - distributed.utils_perf - WARNING - full garbage collections took 34% CPU time recently (threshold: 10%)
2023-05-03 09:23:04,134 - distributed.utils_perf - WARNING - full garbage collections took 34% CPU time recently (threshold: 10%)
2023-05-03 09:23:09,961 - distributed.worker - ERROR - failed during get data with tcp://172.16.3.167:38996 -> tcp://172.16.3.88:33948
Traceback (most recent call last):
  File "/vortexfs1/home/anthony.meza/mambaforge/envs/atm_rivers/lib/python3.10/site-packages/tornado/iostream.py", line 861, in _read_to_buffer
    bytes_read = self.read_from_fd(buf)
  File "/vortexfs1/home/anthony.meza/mambaforge/envs/atm_rivers/lib/python3.10/site-packages/tornado/iostream.py", line 1116, in read_from_fd
    return self.socket.recv_into(buf, len(buf))
TimeoutError: [Errno 110] Connection timed out

The above exception was the direct cause of the following exception:

Traceback (most recent call last):
  File "/vortexfs1/home/anthony.meza/mambaforge/envs/atm_rivers/lib/python3.10/site-packages/distributed/worker.py", line 1783, in get_data
    response = await comm.read(deserializers=serializers)
  File "/vortexfs1/home/anthony.meza/mambaforge/envs/atm_rivers/lib/python3.10/site-packages/distributed/comm/tcp.py", line 241, in read
    convert_stream_closed_error(self, e)
  File "/vortexfs1/home/anthony.meza/mambaforge/envs/atm_rivers/lib/python3.10/site-packages/distributed/comm/tcp.py", line 142, in convert_stream_closed_error
    raise CommClosedError(f"in {obj}: {exc.__class__.__name__}: {exc}") from exc
distributed.comm.core.CommClosedError: in <TCP (closed)  local=tcp://172.16.3.167:38996 remote=tcp://172.16.3.88:52607>: TimeoutError: [Errno 110] Connection timed out
2023-05-03 09:23:09,963 - distributed.core - INFO - Lost connection to 'tcp://172.16.3.88:52607'
Traceback (most recent call last):
  File "/vortexfs1/home/anthony.meza/mambaforge/envs/atm_rivers/lib/python3.10/site-packages/tornado/iostream.py", line 861, in _read_to_buffer
    bytes_read = self.read_from_fd(buf)
  File "/vortexfs1/home/anthony.meza/mambaforge/envs/atm_rivers/lib/python3.10/site-packages/tornado/iostream.py", line 1116, in read_from_fd
    return self.socket.recv_into(buf, len(buf))
TimeoutError: [Errno 110] Connection timed out

The above exception was the direct cause of the following exception:

Traceback (most recent call last):
  File "/vortexfs1/home/anthony.meza/mambaforge/envs/atm_rivers/lib/python3.10/site-packages/distributed/core.py", line 831, in _handle_comm
    result = await result
  File "/vortexfs1/home/anthony.meza/mambaforge/envs/atm_rivers/lib/python3.10/site-packages/distributed/core.py", line 990, in wrapper
    return await func(self, *args, **kwargs)
  File "/vortexfs1/home/anthony.meza/mambaforge/envs/atm_rivers/lib/python3.10/site-packages/distributed/worker.py", line 1783, in get_data
    response = await comm.read(deserializers=serializers)
  File "/vortexfs1/home/anthony.meza/mambaforge/envs/atm_rivers/lib/python3.10/site-packages/distributed/comm/tcp.py", line 241, in read
    convert_stream_closed_error(self, e)
  File "/vortexfs1/home/anthony.meza/mambaforge/envs/atm_rivers/lib/python3.10/site-packages/distributed/comm/tcp.py", line 142, in convert_stream_closed_error
    raise CommClosedError(f"in {obj}: {exc.__class__.__name__}: {exc}") from exc
distributed.comm.core.CommClosedError: in <TCP (closed)  local=tcp://172.16.3.167:38996 remote=tcp://172.16.3.88:52607>: TimeoutError: [Errno 110] Connection timed out
2023-05-03 09:23:10,749 - distributed.utils_perf - WARNING - full garbage collections took 34% CPU time recently (threshold: 10%)
2023-05-03 09:23:12,750 - distributed.utils_perf - WARNING - full garbage collections took 34% CPU time recently (threshold: 10%)
2023-05-03 09:23:25,121 - distributed.utils_perf - WARNING - full garbage collections took 34% CPU time recently (threshold: 10%)
2023-05-03 09:24:11,852 - distributed.utils_perf - WARNING - full garbage collections took 34% CPU time recently (threshold: 10%)
2023-05-03 09:24:22,496 - distributed.utils_perf - WARNING - full garbage collections took 33% CPU time recently (threshold: 10%)
2023-05-03 09:24:46,100 - distributed.utils_perf - WARNING - full garbage collections took 32% CPU time recently (threshold: 10%)
2023-05-03 09:25:28,865 - distributed.utils_perf - WARNING - full garbage collections took 32% CPU time recently (threshold: 10%)
2023-05-03 09:26:55,355 - distributed.utils_perf - WARNING - full garbage collections took 30% CPU time recently (threshold: 10%)
2023-05-03 09:27:21,980 - distributed.utils_perf - WARNING - full garbage collections took 30% CPU time recently (threshold: 10%)
2023-05-03 09:27:59,455 - distributed.utils_perf - WARNING - full garbage collections took 28% CPU time recently (threshold: 10%)
2023-05-03 09:29:18,045 - distributed.utils_perf - WARNING - full garbage collections took 26% CPU time recently (threshold: 10%)
2023-05-03 09:29:19,502 - distributed.utils_perf - WARNING - full garbage collections took 27% CPU time recently (threshold: 10%)
2023-05-03 09:29:21,642 - distributed.utils_perf - WARNING - full garbage collections took 26% CPU time recently (threshold: 10%)
2023-05-03 09:30:15,197 - distributed.utils_perf - WARNING - full garbage collections took 26% CPU time recently (threshold: 10%)
2023-05-03 09:30:43,181 - distributed.worker - ERROR - failed during get data with tcp://172.16.3.167:38996 -> tcp://172.16.3.62:35035
Traceback (most recent call last):
  File "/vortexfs1/home/anthony.meza/mambaforge/envs/atm_rivers/lib/python3.10/site-packages/tornado/iostream.py", line 861, in _read_to_buffer
    bytes_read = self.read_from_fd(buf)
  File "/vortexfs1/home/anthony.meza/mambaforge/envs/atm_rivers/lib/python3.10/site-packages/tornado/iostream.py", line 1116, in read_from_fd
    return self.socket.recv_into(buf, len(buf))
ConnectionResetError: [Errno 104] Connection reset by peer

The above exception was the direct cause of the following exception:

Traceback (most recent call last):
  File "/vortexfs1/home/anthony.meza/mambaforge/envs/atm_rivers/lib/python3.10/site-packages/distributed/worker.py", line 1783, in get_data
    response = await comm.read(deserializers=serializers)
  File "/vortexfs1/home/anthony.meza/mambaforge/envs/atm_rivers/lib/python3.10/site-packages/distributed/comm/tcp.py", line 241, in read
    convert_stream_closed_error(self, e)
  File "/vortexfs1/home/anthony.meza/mambaforge/envs/atm_rivers/lib/python3.10/site-packages/distributed/comm/tcp.py", line 142, in convert_stream_closed_error
    raise CommClosedError(f"in {obj}: {exc.__class__.__name__}: {exc}") from exc
distributed.comm.core.CommClosedError: in <TCP (closed)  local=tcp://172.16.3.167:38996 remote=tcp://172.16.3.62:52658>: ConnectionResetError: [Errno 104] Connection reset by peer
2023-05-03 09:30:43,185 - distributed.core - INFO - Lost connection to 'tcp://172.16.3.62:52658'
Traceback (most recent call last):
  File "/vortexfs1/home/anthony.meza/mambaforge/envs/atm_rivers/lib/python3.10/site-packages/tornado/iostream.py", line 861, in _read_to_buffer
    bytes_read = self.read_from_fd(buf)
  File "/vortexfs1/home/anthony.meza/mambaforge/envs/atm_rivers/lib/python3.10/site-packages/tornado/iostream.py", line 1116, in read_from_fd
    return self.socket.recv_into(buf, len(buf))
ConnectionResetError: [Errno 104] Connection reset by peer

The above exception was the direct cause of the following exception:

Traceback (most recent call last):
  File "/vortexfs1/home/anthony.meza/mambaforge/envs/atm_rivers/lib/python3.10/site-packages/distributed/core.py", line 831, in _handle_comm
    result = await result
  File "/vortexfs1/home/anthony.meza/mambaforge/envs/atm_rivers/lib/python3.10/site-packages/distributed/core.py", line 990, in wrapper
    return await func(self, *args, **kwargs)
  File "/vortexfs1/home/anthony.meza/mambaforge/envs/atm_rivers/lib/python3.10/site-packages/distributed/worker.py", line 1783, in get_data
    response = await comm.read(deserializers=serializers)
  File "/vortexfs1/home/anthony.meza/mambaforge/envs/atm_rivers/lib/python3.10/site-packages/distributed/comm/tcp.py", line 241, in read
    convert_stream_closed_error(self, e)
  File "/vortexfs1/home/anthony.meza/mambaforge/envs/atm_rivers/lib/python3.10/site-packages/distributed/comm/tcp.py", line 142, in convert_stream_closed_error
    raise CommClosedError(f"in {obj}: {exc.__class__.__name__}: {exc}") from exc
distributed.comm.core.CommClosedError: in <TCP (closed)  local=tcp://172.16.3.167:38996 remote=tcp://172.16.3.62:52658>: ConnectionResetError: [Errno 104] Connection reset by peer
2023-05-03 09:30:44,746 - distributed.core - INFO - Removing comms to tcp://172.16.3.62:35035
2023-05-03 09:30:44,768 - distributed.worker - ERROR - Worker stream died during communication: tcp://172.16.3.62:35035
Traceback (most recent call last):
  File "/vortexfs1/home/anthony.meza/mambaforge/envs/atm_rivers/lib/python3.10/site-packages/distributed/comm/tcp.py", line 225, in read
    frames_nbytes = await stream.read_bytes(fmt_size)
tornado.iostream.StreamClosedError: Stream is closed

The above exception was the direct cause of the following exception:

Traceback (most recent call last):
  File "/vortexfs1/home/anthony.meza/mambaforge/envs/atm_rivers/lib/python3.10/site-packages/distributed/worker.py", line 2056, in gather_dep
    response = await get_data_from_worker(
  File "/vortexfs1/home/anthony.meza/mambaforge/envs/atm_rivers/lib/python3.10/site-packages/distributed/worker.py", line 2891, in get_data_from_worker
    response = await send_recv(
  File "/vortexfs1/home/anthony.meza/mambaforge/envs/atm_rivers/lib/python3.10/site-packages/distributed/core.py", line 1027, in send_recv
    response = await comm.read(deserializers=deserializers)
  File "/vortexfs1/home/anthony.meza/mambaforge/envs/atm_rivers/lib/python3.10/site-packages/distributed/comm/tcp.py", line 241, in read
    convert_stream_closed_error(self, e)
  File "/vortexfs1/home/anthony.meza/mambaforge/envs/atm_rivers/lib/python3.10/site-packages/distributed/comm/tcp.py", line 144, in convert_stream_closed_error
    raise CommClosedError(f"in {obj}: {exc}") from exc
distributed.comm.core.CommClosedError: in <TCP (closed) Ephemeral Worker->Worker for gather local=tcp://172.16.3.167:34641 remote=tcp://172.16.3.62:35035>: Stream is closed
2023-05-03 09:30:55,565 - distributed.utils_perf - WARNING - full garbage collections took 26% CPU time recently (threshold: 10%)
2023-05-03 09:31:10,109 - distributed.utils_perf - WARNING - full garbage collections took 24% CPU time recently (threshold: 10%)
2023-05-03 09:31:30,679 - distributed.core - INFO - Event loop was unresponsive in Worker for 5.88s.  This is often caused by long-running GIL-holding functions or moving large chunks of data. This can cause timeouts and instability.
2023-05-03 09:31:33,902 - distributed.core - INFO - Event loop was unresponsive in Worker for 3.22s.  This is often caused by long-running GIL-holding functions or moving large chunks of data. This can cause timeouts and instability.
2023-05-03 09:31:35,554 - distributed.utils_perf - WARNING - full garbage collections took 22% CPU time recently (threshold: 10%)
2023-05-03 09:31:40,118 - distributed.utils_perf - WARNING - full garbage collections took 22% CPU time recently (threshold: 10%)
2023-05-03 09:31:40,118 - distributed.utils_perf - INFO - full garbage collection released 23.42 MiB from 377 reference cycles (threshold: 9.54 MiB)
2023-05-03 09:31:43,419 - distributed.utils_perf - WARNING - full garbage collections took 22% CPU time recently (threshold: 10%)
2023-05-03 09:31:47,288 - distributed.utils_perf - WARNING - full garbage collections took 22% CPU time recently (threshold: 10%)
2023-05-03 09:31:47,288 - distributed.utils_perf - INFO - full garbage collection released 40.43 MiB from 818 reference cycles (threshold: 9.54 MiB)
2023-05-03 09:32:32,211 - distributed.utils_perf - WARNING - full garbage collections took 21% CPU time recently (threshold: 10%)
2023-05-03 09:33:20,614 - distributed.utils_perf - WARNING - full garbage collections took 20% CPU time recently (threshold: 10%)
2023-05-03 09:33:20,644 - distributed.core - INFO - Removing comms to tcp://172.16.3.105:44979
2023-05-03 09:33:20,704 - distributed.worker - ERROR - Worker stream died during communication: tcp://172.16.3.105:44979
Traceback (most recent call last):
  File "/vortexfs1/home/anthony.meza/mambaforge/envs/atm_rivers/lib/python3.10/site-packages/distributed/comm/tcp.py", line 235, in read
    n = await stream.read_into(chunk)
tornado.iostream.StreamClosedError: Stream is closed

The above exception was the direct cause of the following exception:

Traceback (most recent call last):
  File "/vortexfs1/home/anthony.meza/mambaforge/envs/atm_rivers/lib/python3.10/site-packages/distributed/worker.py", line 2056, in gather_dep
    response = await get_data_from_worker(
  File "/vortexfs1/home/anthony.meza/mambaforge/envs/atm_rivers/lib/python3.10/site-packages/distributed/worker.py", line 2891, in get_data_from_worker
    response = await send_recv(
  File "/vortexfs1/home/anthony.meza/mambaforge/envs/atm_rivers/lib/python3.10/site-packages/distributed/core.py", line 1027, in send_recv
    response = await comm.read(deserializers=deserializers)
  File "/vortexfs1/home/anthony.meza/mambaforge/envs/atm_rivers/lib/python3.10/site-packages/distributed/comm/tcp.py", line 241, in read
    convert_stream_closed_error(self, e)
  File "/vortexfs1/home/anthony.meza/mambaforge/envs/atm_rivers/lib/python3.10/site-packages/distributed/comm/tcp.py", line 144, in convert_stream_closed_error
    raise CommClosedError(f"in {obj}: {exc}") from exc
distributed.comm.core.CommClosedError: in <TCP (closed) Ephemeral Worker->Worker for gather local=tcp://172.16.3.167:47534 remote=tcp://172.16.3.105:44979>: Stream is closed
2023-05-03 09:33:52,250 - distributed.utils_perf - WARNING - full garbage collections took 19% CPU time recently (threshold: 10%)
2023-05-03 09:34:25,280 - distributed.utils_perf - WARNING - full garbage collections took 18% CPU time recently (threshold: 10%)
2023-05-03 09:34:54,835 - distributed.utils_perf - WARNING - full garbage collections took 17% CPU time recently (threshold: 10%)
2023-05-03 09:35:25,919 - distributed.core - INFO - Connection to tcp://172.16.3.158:44759 has been closed.
2023-05-03 09:35:25,920 - distributed.worker - INFO - Stopping worker at tcp://172.16.3.167:38996. Reason: worker-handle-scheduler-connection-broken
2023-05-03 09:35:25,920 - distributed.worker - ERROR - Failed to communicate with scheduler during heartbeat.
Traceback (most recent call last):
  File "/vortexfs1/home/anthony.meza/mambaforge/envs/atm_rivers/lib/python3.10/site-packages/tornado/iostream.py", line 861, in _read_to_buffer
    bytes_read = self.read_from_fd(buf)
  File "/vortexfs1/home/anthony.meza/mambaforge/envs/atm_rivers/lib/python3.10/site-packages/tornado/iostream.py", line 1116, in read_from_fd
    return self.socket.recv_into(buf, len(buf))
ConnectionResetError: [Errno 104] Connection reset by peer

The above exception was the direct cause of the following exception:

Traceback (most recent call last):
  File "/vortexfs1/home/anthony.meza/mambaforge/envs/atm_rivers/lib/python3.10/site-packages/distributed/worker.py", line 1234, in heartbeat
    response = await retry_operation(
  File "/vortexfs1/home/anthony.meza/mambaforge/envs/atm_rivers/lib/python3.10/site-packages/distributed/utils_comm.py", line 434, in retry_operation
    return await retry(
  File "/vortexfs1/home/anthony.meza/mambaforge/envs/atm_rivers/lib/python3.10/site-packages/distributed/utils_comm.py", line 413, in retry
    return await coro()
  File "/vortexfs1/home/anthony.meza/mambaforge/envs/atm_rivers/lib/python3.10/site-packages/distributed/core.py", line 1268, in send_recv_from_rpc
    return await send_recv(comm=comm, op=key, **kwargs)
  File "/vortexfs1/home/anthony.meza/mambaforge/envs/atm_rivers/lib/python3.10/site-packages/distributed/core.py", line 1027, in send_recv
    response = await comm.read(deserializers=deserializers)
  File "/vortexfs1/home/anthony.meza/mambaforge/envs/atm_rivers/lib/python3.10/site-packages/distributed/comm/tcp.py", line 241, in read
    convert_stream_closed_error(self, e)
  File "/vortexfs1/home/anthony.meza/mambaforge/envs/atm_rivers/lib/python3.10/site-packages/distributed/comm/tcp.py", line 142, in convert_stream_closed_error
    raise CommClosedError(f"in {obj}: {exc.__class__.__name__}: {exc}") from exc
distributed.comm.core.CommClosedError: in <TCP (closed) ConnectionPool.heartbeat_worker local=tcp://172.16.3.167:50593 remote=tcp://172.16.3.158:44759>: ConnectionResetError: [Errno 104] Connection reset by peer
2023-05-03 09:35:25,925 - distributed.worker - ERROR - failed during get data with tcp://172.16.3.167:38996 -> tcp://172.16.3.88:33948
Traceback (most recent call last):
  File "/vortexfs1/home/anthony.meza/mambaforge/envs/atm_rivers/lib/python3.10/site-packages/distributed/comm/tcp.py", line 225, in read
    frames_nbytes = await stream.read_bytes(fmt_size)
tornado.iostream.StreamClosedError: Stream is closed

The above exception was the direct cause of the following exception:

Traceback (most recent call last):
  File "/vortexfs1/home/anthony.meza/mambaforge/envs/atm_rivers/lib/python3.10/site-packages/distributed/worker.py", line 1783, in get_data
    response = await comm.read(deserializers=serializers)
  File "/vortexfs1/home/anthony.meza/mambaforge/envs/atm_rivers/lib/python3.10/site-packages/distributed/comm/tcp.py", line 241, in read
    convert_stream_closed_error(self, e)
  File "/vortexfs1/home/anthony.meza/mambaforge/envs/atm_rivers/lib/python3.10/site-packages/distributed/comm/tcp.py", line 144, in convert_stream_closed_error
    raise CommClosedError(f"in {obj}: {exc}") from exc
distributed.comm.core.CommClosedError: in <TCP (closed)  local=tcp://172.16.3.167:38996 remote=tcp://172.16.3.88:52687>: Stream is closed
2023-05-03 09:35:25,925 - distributed.worker - ERROR - failed during get data with tcp://172.16.3.167:38996 -> tcp://172.16.3.93:41353
Traceback (most recent call last):
  File "/vortexfs1/home/anthony.meza/mambaforge/envs/atm_rivers/lib/python3.10/site-packages/distributed/comm/tcp.py", line 225, in read
    frames_nbytes = await stream.read_bytes(fmt_size)
tornado.iostream.StreamClosedError: Stream is closed

The above exception was the direct cause of the following exception:

Traceback (most recent call last):
  File "/vortexfs1/home/anthony.meza/mambaforge/envs/atm_rivers/lib/python3.10/site-packages/distributed/worker.py", line 1783, in get_data
    response = await comm.read(deserializers=serializers)
  File "/vortexfs1/home/anthony.meza/mambaforge/envs/atm_rivers/lib/python3.10/site-packages/distributed/comm/tcp.py", line 241, in read
    convert_stream_closed_error(self, e)
  File "/vortexfs1/home/anthony.meza/mambaforge/envs/atm_rivers/lib/python3.10/site-packages/distributed/comm/tcp.py", line 144, in convert_stream_closed_error
    raise CommClosedError(f"in {obj}: {exc}") from exc
distributed.comm.core.CommClosedError: in <TCP (closed)  local=tcp://172.16.3.167:38996 remote=tcp://172.16.3.93:51354>: Stream is closed
2023-05-03 09:35:26,824 - distributed.worker - ERROR - failed during get data with tcp://172.16.3.167:38996 -> tcp://172.16.3.169:39906
Traceback (most recent call last):
  File "/vortexfs1/home/anthony.meza/mambaforge/envs/atm_rivers/lib/python3.10/site-packages/distributed/comm/tcp.py", line 225, in read
    frames_nbytes = await stream.read_bytes(fmt_size)
tornado.iostream.StreamClosedError: Stream is closed

The above exception was the direct cause of the following exception:

Traceback (most recent call last):
  File "/vortexfs1/home/anthony.meza/mambaforge/envs/atm_rivers/lib/python3.10/site-packages/distributed/worker.py", line 1783, in get_data
    response = await comm.read(deserializers=serializers)
  File "/vortexfs1/home/anthony.meza/mambaforge/envs/atm_rivers/lib/python3.10/site-packages/distributed/comm/tcp.py", line 241, in read
    convert_stream_closed_error(self, e)
  File "/vortexfs1/home/anthony.meza/mambaforge/envs/atm_rivers/lib/python3.10/site-packages/distributed/comm/tcp.py", line 144, in convert_stream_closed_error
    raise CommClosedError(f"in {obj}: {exc}") from exc
distributed.comm.core.CommClosedError: in <TCP (closed)  local=tcp://172.16.3.167:38996 remote=tcp://172.16.3.169:38464>: Stream is closed
2023-05-03 09:35:26,828 - distributed.nanny - INFO - Closing Nanny gracefully at 'tcp://172.16.3.167:46799'. Reason: worker-handle-scheduler-connection-broken
2023-05-03 09:35:27,561 - distributed.worker - ERROR - failed during get data with tcp://172.16.3.167:38996 -> tcp://172.16.3.168:39334
Traceback (most recent call last):
  File "/vortexfs1/home/anthony.meza/mambaforge/envs/atm_rivers/lib/python3.10/site-packages/distributed/comm/tcp.py", line 225, in read
    frames_nbytes = await stream.read_bytes(fmt_size)
tornado.iostream.StreamClosedError: Stream is closed

The above exception was the direct cause of the following exception:

Traceback (most recent call last):
  File "/vortexfs1/home/anthony.meza/mambaforge/envs/atm_rivers/lib/python3.10/site-packages/distributed/worker.py", line 1783, in get_data
    response = await comm.read(deserializers=serializers)
  File "/vortexfs1/home/anthony.meza/mambaforge/envs/atm_rivers/lib/python3.10/site-packages/distributed/comm/tcp.py", line 241, in read
    convert_stream_closed_error(self, e)
  File "/vortexfs1/home/anthony.meza/mambaforge/envs/atm_rivers/lib/python3.10/site-packages/distributed/comm/tcp.py", line 144, in convert_stream_closed_error
    raise CommClosedError(f"in {obj}: {exc}") from exc
distributed.comm.core.CommClosedError: in <TCP (closed)  local=tcp://172.16.3.167:38996 remote=tcp://172.16.3.168:36336>: Stream is closed
2023-05-03 09:35:30,343 - distributed.client - ERROR - 
ConnectionRefusedError: [Errno 111] Connection refused

The above exception was the direct cause of the following exception:

Traceback (most recent call last):
  File "/vortexfs1/home/anthony.meza/mambaforge/envs/atm_rivers/lib/python3.10/site-packages/distributed/comm/core.py", line 292, in connect
    comm = await wait_for(
  File "/vortexfs1/home/anthony.meza/mambaforge/envs/atm_rivers/lib/python3.10/site-packages/distributed/utils.py", line 1850, in wait_for
    return await asyncio.wait_for(fut, timeout)
  File "/vortexfs1/home/anthony.meza/mambaforge/envs/atm_rivers/lib/python3.10/asyncio/tasks.py", line 445, in wait_for
    return fut.result()
  File "/vortexfs1/home/anthony.meza/mambaforge/envs/atm_rivers/lib/python3.10/site-packages/distributed/comm/tcp.py", line 511, in connect
    convert_stream_closed_error(self, e)
  File "/vortexfs1/home/anthony.meza/mambaforge/envs/atm_rivers/lib/python3.10/site-packages/distributed/comm/tcp.py", line 142, in convert_stream_closed_error
    raise CommClosedError(f"in {obj}: {exc.__class__.__name__}: {exc}") from exc
distributed.comm.core.CommClosedError: in <distributed.comm.tcp.TCPConnector object at 0x2aaab7536dd0>: ConnectionRefusedError: [Errno 111] Connection refused

During handling of the above exception, another exception occurred:

Traceback (most recent call last):
  File "/vortexfs1/home/anthony.meza/mambaforge/envs/atm_rivers/lib/python3.10/site-packages/distributed/utils.py", line 752, in wrapper
    return await func(*args, **kwargs)
  File "/vortexfs1/home/anthony.meza/mambaforge/envs/atm_rivers/lib/python3.10/site-packages/distributed/client.py", line 1321, in _reconnect
    await self._ensure_connected(timeout=timeout)
  File "/vortexfs1/home/anthony.meza/mambaforge/envs/atm_rivers/lib/python3.10/site-packages/distributed/client.py", line 1351, in _ensure_connected
    comm = await connect(
  File "/vortexfs1/home/anthony.meza/mambaforge/envs/atm_rivers/lib/python3.10/site-packages/distributed/comm/core.py", line 316, in connect
    await asyncio.sleep(backoff)
  File "/vortexfs1/home/anthony.meza/mambaforge/envs/atm_rivers/lib/python3.10/asyncio/tasks.py", line 605, in sleep
    return await future
asyncio.exceptions.CancelledError
2023-05-03 09:35:30,788 - distributed.nanny - INFO - Worker closed
2023-05-03 09:35:32,790 - distributed.nanny - ERROR - Worker process died unexpectedly
2023-05-03 09:35:39,033 - distributed.nanny - INFO - Closing Nanny at 'tcp://172.16.3.167:46799'. Reason: nanny-close-gracefully
2023-05-03 09:35:39,034 - distributed.dask_worker - INFO - End worker
