2023-05-09 21:07:44,237 - distributed.nanny - INFO -         Start Nanny at: 'tcp://172.16.3.103:33280'
2023-05-09 21:07:44,614 - distributed.diskutils - INFO - Found stale lock file and directory '/tmp/dask-worker-space/worker-7796wffu', purging
2023-05-09 21:07:48,699 - distributed.worker - INFO -       Start worker at:   tcp://172.16.3.103:39258
2023-05-09 21:07:48,699 - distributed.worker - INFO -          Listening to:   tcp://172.16.3.103:39258
2023-05-09 21:07:48,699 - distributed.worker - INFO -           Worker name:             SLURMCluster-3
2023-05-09 21:07:48,699 - distributed.worker - INFO -          dashboard at:         172.16.3.103:35660
2023-05-09 21:07:48,699 - distributed.worker - INFO - Waiting to connect to:    tcp://172.16.3.56:38477
2023-05-09 21:07:48,699 - distributed.worker - INFO - -------------------------------------------------
2023-05-09 21:07:48,699 - distributed.worker - INFO -               Threads:                         36
2023-05-09 21:07:48,699 - distributed.worker - INFO -                Memory:                  93.13 GiB
2023-05-09 21:07:48,699 - distributed.worker - INFO -       Local Directory: /tmp/dask-worker-space/worker-sf_j_izh
2023-05-09 21:07:48,699 - distributed.worker - INFO - -------------------------------------------------
2023-05-09 21:07:48,704 - distributed.worker - INFO -         Registered to:    tcp://172.16.3.56:38477
2023-05-09 21:07:48,705 - distributed.worker - INFO - -------------------------------------------------
2023-05-09 21:07:48,705 - distributed.core - INFO - Starting established connection to tcp://172.16.3.56:38477
HDF5-DIAG: Error detected in HDF5 (1.14.0) thread 1:
  #000: H5D.c line 1390 in H5Dwrite(): can't synchronously write data
    major: Dataset
    minor: Write failed
  #001: H5D.c line 1333 in H5D__write_api_common(): can't write data
    major: Dataset
    minor: Write failed
  #002: H5VLcallback.c line 2282 in H5VL_dataset_write_direct(): dataset write failed
    major: Virtual Object Layer
    minor: Write failed
  #003: H5VLcallback.c line 2237 in H5VL__dataset_write(): dataset write failed
    major: Virtual Object Layer
    minor: Write failed
  #004: H5VLnative_dataset.c line 408 in H5VL__native_dataset_write(): can't write data
    major: Dataset
    minor: Write failed
  #005: H5Dio.c line 648 in H5D__write(): unable to initialize storage
    major: Dataset
    minor: Unable to initialize object
  #006: H5Dint.c line 2346 in H5D__alloc_storage(): unable to initialize dataset with fill value
    major: Dataset
    minor: Unable to initialize object
  #007: H5Dint.c line 2404 in H5D__init_storage(): unable to allocate all chunks of dataset
    major: Dataset
    minor: Unable to initialize object
  #008: H5Dcontig.c line 312 in H5D__contig_fill(): unable to write fill value to dataset
    major: Dataset
    minor: Unable to initialize object
  #009: H5Dcontig.c line 958 in H5D__contig_write_one(): vector write failed
    major: Low-level I/O
    minor: Write failed
  #010: H5Dcontig.c line 1530 in H5D__contig_writevv(): can't perform vectorized sieve buffer write
    major: Dataset
    minor: Can't operate on object
  #011: H5VM.c line 1400 in H5VM_opvv(): can't perform operation
    major: Internal error (too specific to document in detail)
    minor: Can't operate on object
  #012: H5Dcontig.c line 1283 in H5D__contig_writevv_sieve_cb(): block write failed
    major: Dataset
    minor: Write failed
  #013: H5Fio.c line 190 in H5F_shared_block_write(): write through page buffer failed
    major: Low-level I/O
    minor: Write failed
  #014: H5PB.c line 1017 in H5PB_write(): write through metadata accumulator failed
    major: Page Buffering
    minor: Write failed
  #015: H5Faccum.c line 832 in H5F__accum_write(): file write failed
    major: Low-level I/O
    minor: Write failed
  #016: H5FDint.c line 306 in H5FD_write(): driver write request failed
    major: Virtual File Layer
thread 2:
thread 3:
2023-05-09 21:10:08,073 - distributed.worker - WARNING - Compute Failed
Key:       ('sub-store-map-0586060c6ecdb41857d9733698a0c80b', 0, 0, 0)
Function:  execute_task
args:      ((<function store_chunk at 0x2aaad785ba30>, (subgraph_callable-f8c0ecf5-c751-40b5-9d2a-00e1d0af6a92, array([[[ -19.98618362,  -22.14093038,  -25.68515918, ...,
            6.68738636,    6.56001165,    6.4298823 ],
        [ -28.94004653,  -31.77714792,  -35.54201573, ...,
            7.12617195,    7.01627326,    6.88870151],
        [ -37.35121453,  -37.42327068,  -35.96091613, ...,
            7.57405453,    7.4730502 ,    7.36875144],
        ...,
        [-242.89224491, -243.40035557, -243.93217838, ...,
         -155.81938121, -156.96652082, -157.86438447],
        [-240.42614839, -240.97640943, -241.58383462, ...,
         -147.54161957, -148.60328996, -149.97434396],
        [-238.16383223, -238.75482803, -239.3622248 , ...,
         -138.40970115, -139.59026588, -142.77565075]],

       [[ -19.78280199,  -21.92325763,  -25.45276344, ...,
            6.68526014,    6.56389632,    6.44002011],
        [ -28.74894918,  -31.57603817,  -35.3446509 , ...,
            7.11405843,    
kwargs:    {}
Exception: "RuntimeError('NetCDF: HDF error')"

--- Logging error ---
2023-05-09 21:10:09,572 - distributed.worker - WARNING - Compute Failed
Key:       ('sub-store-map-340032f6687f0de2908c303589647c69', 0, 0, 0)
Function:  execute_task
args:      ((<function store_chunk at 0x2aaad785ba30>, (subgraph_callable-e22a0458-abdd-4930-9fc8-c549ff4d7496, array([[[  28.8570147 ,   28.55367437,   28.14467416, ...,
            3.47360822,    3.49956544,    3.50463172],
        [  25.33469878,   25.1940714 ,   26.53143836, ...,
            3.41251403,    3.44482438,    3.45991252],
        [  25.39893333,   26.96943424,   29.26106449, ...,
            3.35528578,    3.39651669,    3.43388213],
        ...,
        [  -5.27923953,   -4.83415061,   -4.41556432, ...,
         -195.87574022, -193.6007896 , -191.9999466 ],
        [  -6.87026096,   -6.42252191,   -6.06723277, ...,
         -196.80362994, -193.94594698, -192.71324652],
        [  -8.5810746 ,   -8.11974064,   -7.75917127, ...,
         -197.02767576, -194.34535704, -194.03037639]],

       [[  28.87931494,   28.57056022,   28.15478095, ...,
            3.14386712,    3.17127772,    3.17834972],
        [  25.3546433 ,   25.20475187,   26.5241066 , ...,
            3.09356288,    
kwargs:    {}
Exception: "RuntimeError('NetCDF: HDF error')"

--- Logging error ---
2023-05-09 21:10:10,153 - distributed.worker - WARNING - Compute Failed
Key:       ('sub-store-map-0586060c6ecdb41857d9733698a0c80b', 1, 0, 0)
Function:  execute_task
args:      ((<function store_chunk at 0x2aaad785ba30>, (subgraph_callable-f8c0ecf5-c751-40b5-9d2a-00e1d0af6a92, array([[[ -12.63124242,  -15.37992191,  -19.88985859, ...,
           50.59929621,   50.51168325,   50.42776371],
        [ -19.99441379,  -23.11575301,  -26.88752035, ...,
           53.48991517,   53.53197991,   53.48442778],
        [ -24.5145619 ,  -24.10882824,  -22.05385569, ...,
           56.66997257,   56.73978892,   56.78623256],
        ...,
        [-234.14912587, -234.11335779, -234.07956594, ...,
         -118.627318  , -120.73973466, -123.28054891],
        [-233.36186214, -233.35174875, -233.37766839, ...,
         -119.16018051, -121.43062112, -124.7056345 ],
        [-232.59908988, -232.590097  , -232.61219231, ...,
         -118.4023063 , -120.85237847, -125.81488572]],

       [[ -12.67291531,  -15.3903085 ,  -19.85760918, ...,
           49.17528439,   49.0850142 ,   48.99773268],
        [ -20.07527141,  -23.17967378,  -26.94833657, ...,
           51.97452218,   5
kwargs:    {}
Exception: "RuntimeError('NetCDF: HDF error')"

--- Logging error ---
2023-05-09 21:10:10,872 - distributed.worker - WARNING - Compute Failed
Key:       ('sub-store-map-340032f6687f0de2908c303589647c69', 1, 0, 0)
Function:  execute_task
args:      ((<function store_chunk at 0x2aaad785ba30>, (subgraph_callable-e22a0458-abdd-4930-9fc8-c549ff4d7496, array([[[ 41.56028774,  41.13157737,  40.8251409 , ...,  20.04498504,
          19.93544608,  19.75646512],
        [ 36.83761772,  36.78263882,  38.7070923 , ...,  20.44888175,
          20.38575722,  20.23885078],
        [ 37.3024865 ,  39.71347196,  42.80424821, ...,  20.87613026,
          20.87296603,  20.80850797],
        ...,
        [ 35.27644695,  35.60225988,  35.89500262, ..., -27.25556016,
         -25.13994482, -24.16582472],
        [ 34.05948819,  34.38797061,  34.67554082, ..., -28.21646938,
         -26.93159406, -26.74762994],
        [ 32.7845206 ,  33.14722795,  33.43627571, ..., -29.55113952,
         -28.64143116, -29.90354002]],

       [[ 40.88127091,  40.44628728,  40.10869736, ...,  20.56456449,
          20.44530658,  20.25612025],
        [ 36.17161435,  36.08975881,  37.93941445, ...,  20.95064825,
          20.87644502,  20.71973914],
        [ 36.5566330
kwargs:    {}
Exception: "RuntimeError('NetCDF: HDF error')"

--- Logging error ---
2023-05-09 21:10:11,334 - distributed.worker - WARNING - Compute Failed
Key:       ('sub-store-map-0586060c6ecdb41857d9733698a0c80b', 10, 0, 0)
Function:  execute_task
args:      ((<function store_chunk at 0x2aaad785ba30>, (subgraph_callable-f8c0ecf5-c751-40b5-9d2a-00e1d0af6a92, array([[[ 8.52154792e-01, -1.63520266e+00, -6.17389165e+00, ...,
          6.92994910e+01,  6.91090835e+01,  6.89078985e+01],
        [-5.72686062e+00, -8.62199199e+00, -1.23446140e+01, ...,
          7.14834718e+01,  7.15303686e+01,  7.14045665e+01],
        [-9.22162054e+00, -9.39315167e+00, -7.89274736e+00, ...,
          7.42059100e+01,  7.43222375e+01,  7.43709554e+01],
        ...,
        [-2.48102599e+02, -2.47898836e+02, -2.47706889e+02, ...,
         -1.49973930e+02, -1.53262365e+02, -1.57336090e+02],
        [-2.47502061e+02, -2.47310849e+02, -2.47141417e+02, ...,
         -1.52368887e+02, -1.56257584e+02, -1.61184709e+02],
        [-2.46832409e+02, -2.46620891e+02, -2.46448031e+02, ...,
         -1.52970470e+02, -1.57005148e+02, -1.62973570e+02]],

       [[ 4.66768979e-01, -2.04062042e+00, -6.59440610e+00, ...,
          7.00292765e+01,  6.98359165e+01,  6.96335036e+01],
  
kwargs:    {}
Exception: "RuntimeError('NetCDF: HDF error')"

--- Logging error ---
2023-05-09 21:10:11,773 - distributed.worker - WARNING - Compute Failed
Key:       ('sub-store-map-0586060c6ecdb41857d9733698a0c80b', 11, 0, 0)
Function:  execute_task
args:      ((<function store_chunk at 0x2aaad785ba30>, (subgraph_callable-f8c0ecf5-c751-40b5-9d2a-00e1d0af6a92, array([[[ -25.93197218,  -28.11806702,  -32.60742086, ...,
           29.11167871,   28.89287495,   28.70036259],
        [ -36.53271089,  -39.29736023,  -42.80275657, ...,
           30.68327749,   30.55330748,   30.37579793],
        [ -45.99562826,  -46.00557758,  -43.86865417, ...,
           32.60536153,   32.52604713,   32.44091771],
        ...,
        [-275.9780451 , -275.61548743, -275.30195698, ...,
         -173.14596395, -176.79638574, -181.11612909],
        [-276.06425473, -275.71380865, -275.38908023, ...,
         -174.86598303, -179.10481992, -184.25444083],
        [-275.97585312, -275.63745733, -275.31364483, ...,
         -175.24458433, -179.58156824, -185.47359842]],

       [[ -25.76680081,  -27.99895075,  -32.54862063, ...,
           28.96882954,   28.74238917,   28.54316464],
        [ -36.44815399,  -39.27160637,  -42.85802099, ...,
           30.54641135,   3
kwargs:    {}
Exception: "RuntimeError('NetCDF: HDF error')"

--- Logging error ---
2023-05-09 21:10:12,274 - distributed.worker - WARNING - Compute Failed
Key:       ('sub-store-map-340032f6687f0de2908c303589647c69', 11, 0, 0)
Function:  execute_task
args:      ((<function store_chunk at 0x2aaad785ba30>, (subgraph_callable-e22a0458-abdd-4930-9fc8-c549ff4d7496, array([[[ 1.63718759e+01,  1.49560171e+01,  1.29277442e+01, ...,
          2.96725188e-01,  4.71091017e-01,  5.71645978e-01],
        [ 1.02714387e+01,  8.83360432e+00,  8.63111873e+00, ...,
         -7.06319957e-02,  1.60286743e-01,  3.16635003e-01],
        [ 8.50484621e+00,  9.85919899e+00,  1.19974925e+01, ...,
         -4.82209633e-01, -1.27747940e-01,  1.80124523e-01],
        ...,
        [ 3.33508215e+01,  3.38466496e+01,  3.43515287e+01, ...,
          1.33947820e+01,  1.52440029e+01,  1.60456967e+01],
        [ 3.27414687e+01,  3.32176756e+01,  3.36535136e+01, ...,
          1.16688456e+01,  1.23243991e+01,  1.24601491e+01],
        [ 3.21058488e+01,  3.25762977e+01,  3.30101017e+01, ...,
          9.03661474e+00,  9.36915445e+00,  8.92676146e+00]],

       [[ 1.69776759e+01,  1.55597561e+01,  1.35293941e+01, ...,
          8.44005681e-01,  1.02431713e+00,  1.12543878e+00],
  
kwargs:    {}
Exception: "RuntimeError('NetCDF: HDF error')"

--- Logging error ---
2023-05-09 21:10:12,591 - distributed.worker - WARNING - Compute Failed
Key:       ('sub-store-map-0586060c6ecdb41857d9733698a0c80b', 12, 0, 0)
Function:  execute_task
args:      ((<function store_chunk at 0x2aaad785ba30>, (subgraph_callable-f8c0ecf5-c751-40b5-9d2a-00e1d0af6a92, array([[[ -32.29765047,  -34.64464465,  -38.92103519, ...,
           19.07611046,   18.76909949,   18.47890623],
        [ -44.58633041,  -47.77301169,  -51.79156621, ...,
           20.39736445,   20.14301549,   19.85795661],
        [ -56.59638056,  -56.67729365,  -54.58600733, ...,
           21.76770432,   21.56108545,   21.34835225],
        ...,
        [-255.68559441, -255.53009222, -255.40914774, ...,
         -144.85535417, -147.74783358, -151.27280326],
        [-256.69119623, -256.57195114, -256.53745116, ...,
         -146.72074969, -150.19452129, -154.57170456],
        [-257.82778838, -257.75750249, -257.72420549, ...,
         -147.64509042, -151.25704796, -156.96372646]],

       [[ -33.26896997,  -35.63805729,  -39.96258693, ...,
           19.68000758,   19.35969626,   19.05607956],
        [ -45.76022351,  -48.97626695,  -53.02635138, ...,
           20.99646001,   2
kwargs:    {}
Exception: "RuntimeError('NetCDF: HDF error')"

--- Logging error ---
2023-05-09 21:10:13,139 - distributed.worker - WARNING - Compute Failed
Key:       ('sub-store-map-0586060c6ecdb41857d9733698a0c80b', 13, 0, 0)
Function:  execute_task
args:      ((<function store_chunk at 0x2aaad785ba30>, (subgraph_callable-f8c0ecf5-c751-40b5-9d2a-00e1d0af6a92, array([[[ -19.82656526,  -22.10598343,  -25.78728566, ...,
           13.58200843,   13.47141378,   13.35301523],
        [ -29.56364996,  -32.67672877,  -36.73317679, ...,
           13.81028247,   13.71648222,   13.60061335],
        [ -39.09994826,  -39.73776772,  -38.67956554, ...,
           14.04609228,   13.95644917,   13.86281835],
        ...,
        [-304.71077216, -304.65329371, -304.5712544 , ...,
         -114.65538639, -116.40500177, -118.45726113],
        [-303.89244435, -303.86252017, -303.86470236, ...,
         -113.54291496, -115.3729389 , -118.08606041],
        [-303.03637372, -302.99023479, -302.98976384, ...,
         -111.76958631, -113.71509571, -117.88271806]],

       [[ -20.10339818,  -22.40201313,  -26.11671112, ...,
           13.77871548,   13.66430732,   13.54206403],
        [ -29.98270453,  -33.12720183,  -37.22886865, ...,
           13.99412359,   1
kwargs:    {}
Exception: "RuntimeError('NetCDF: HDF error')"

--- Logging error ---
2023-05-09 21:10:13,458 - distributed.worker - WARNING - Compute Failed
Key:       ('sub-store-map-340032f6687f0de2908c303589647c69', 13, 0, 0)
Function:  execute_task
args:      ((<function store_chunk at 0x2aaad785ba30>, (subgraph_callable-e22a0458-abdd-4930-9fc8-c549ff4d7496, array([[[  20.54957362,   19.88939226,   18.89253019, ...,
            2.55756338,    2.51061795,    2.44205317],
        [  15.69859085,   15.04019018,   15.62705059, ...,
            2.49615764,    2.46436182,    2.40590002],
        [  13.66512389,   14.90051395,   17.14045394, ...,
            2.4106735 ,    2.40194616,    2.377121  ],
        ...,
        [ -22.65699746,  -22.05502591,  -21.42020363, ...,
          -39.67958736,  -39.16550482,  -39.58322039],
        [ -22.68771548,  -22.08872524,  -21.48747989, ...,
          -39.30196137,  -39.24607788,  -40.31046407],
        [ -22.71955466,  -22.1258421 ,  -21.52096968, ...,
          -38.99425594,  -39.29056854,  -41.62523463]],

       [[  20.82675674,   20.14977839,   19.13009711, ...,
            2.62319521,    2.57878864,    2.51288776],
        [  15.9070105 ,   15.22915025,   15.81063642, ...,
            2.55662071,    
kwargs:    {}
Exception: "RuntimeError('NetCDF: HDF error')"

--- Logging error ---
2023-05-09 21:10:13,479 - distributed.worker - WARNING - Compute Failed
Key:       ('sub-store-map-0586060c6ecdb41857d9733698a0c80b', 14, 0, 0)
Function:  execute_task
args:      ((<function store_chunk at 0x2aaad785ba30>, (subgraph_callable-f8c0ecf5-c751-40b5-9d2a-00e1d0af6a92, array([[[ -10.15632638,  -11.94614973,  -14.89167426, ...,
            7.22970091,    7.15396149,    7.07833613],
        [ -17.01836119,  -19.33865683,  -22.44700117, ...,
            7.53363942,    7.46865155,    7.39468378],
        [ -23.32332056,  -23.23679522,  -21.83413501, ...,
            7.82835316,    7.77178614,    7.71365014],
        ...,
        [-293.80463818, -294.23391115, -294.65292794, ...,
         -146.74782482, -149.44712294, -151.93510677],
        [-291.35409696, -291.83666639, -292.36751022, ...,
         -141.65173686, -144.15809235, -147.1349751 ],
        [-288.77497915, -289.33433188, -289.86709415, ...,
         -135.61533726, -138.22607765, -142.70916842]],

       [[  -9.72419331,  -11.48182558,  -14.38144733, ...,
            7.29117756,    7.2149986 ,    7.13911621],
        [ -16.45478266,  -18.73423808,  -21.78808009, ...,
            7.59253394,    
kwargs:    {}
Exception: "RuntimeError('NetCDF: HDF error')"

--- Logging error ---
2023-05-09 21:10:14,233 - distributed.worker - WARNING - Compute Failed
Key:       ('sub-store-map-0586060c6ecdb41857d9733698a0c80b', 15, 0, 0)
Function:  execute_task
args:      ((<function store_chunk at 0x2aaad785ba30>, (subgraph_callable-f8c0ecf5-c751-40b5-9d2a-00e1d0af6a92, array([[[ -18.81351984,  -20.8934654 ,  -24.35984039, ...,
            6.93817185,    6.84500393,    6.75031298],
        [ -27.82889766,  -30.61834439,  -34.41522309, ...,
            7.32642046,    7.24783962,    7.15553129],
        [ -36.73034202,  -36.85427038,  -35.42633892, ...,
            7.72567512,    7.65460905,    7.58213653],
        ...,
        [-237.95652926, -238.51006604, -239.09178169, ...,
         -149.18072079, -150.50163229, -151.6107592 ],
        [-235.18100814, -235.77079401, -236.41778736, ...,
         -141.53033109, -142.7590543 , -144.31243806],
        [-232.69227167, -233.30053611, -233.94503222, ...,
         -133.01330966, -134.35731386, -137.67787373]],

       [[ -18.65657721,  -20.72790625,  -24.18532397, ...,
            7.0327734 ,    6.94436931,    6.85457792],
        [ -27.68075448,  -30.4663605 ,  -34.27135531, ...,
            7.41545814,    
kwargs:    {}
Exception: "RuntimeError('NetCDF: HDF error')"

--- Logging error ---
2023-05-09 21:10:14,694 - distributed.worker - WARNING - Compute Failed
Key:       ('sub-store-map-340032f6687f0de2908c303589647c69', 15, 0, 0)
Function:  execute_task
args:      ((<function store_chunk at 0x2aaad785ba30>, (subgraph_callable-e22a0458-abdd-4930-9fc8-c549ff4d7496, array([[[  28.86737366,   28.53708475,   28.08568705, ...,
            1.61475931,    1.64417305,    1.65676437],
        [  25.27791709,   25.07767917,   26.29456407, ...,
            1.61768575,    1.65593534,    1.67774081],
        [  25.14263447,   26.5859232 ,   28.759387  , ...,
            1.62313246,    1.67209856,    1.71516639],
        ...,
        [  -9.27085212,   -8.79222093,   -8.347074  , ...,
         -188.66471064, -187.00554294, -186.03645731],
        [ -10.83248079,  -10.35462754,   -9.97061667, ...,
         -189.76831344, -187.55382164, -186.93570527],
        [ -12.48157869,  -12.00409721,  -11.61578255, ...,
         -190.21128745, -188.17235216, -188.45857382]],

       [[  28.84987687,   28.51717386,   28.0592413 , ...,
            1.34747549,    1.37624124,    1.38902027],
        [  25.23698657,   25.02714337,   26.22364253, ...,
            1.35993622,    
kwargs:    {}
Exception: "RuntimeError('NetCDF: HDF error')"

--- Logging error ---
2023-05-09 21:10:15,066 - distributed.worker - WARNING - Compute Failed
Key:       ('sub-store-map-0586060c6ecdb41857d9733698a0c80b', 16, 0, 0)
Function:  execute_task
args:      ((<function store_chunk at 0x2aaad785ba30>, (subgraph_callable-f8c0ecf5-c751-40b5-9d2a-00e1d0af6a92, array([[[ -11.51964704,  -13.50506057,  -16.7497699 , ...,
           19.75173075,   19.6973864 ,   19.64855165],
        [ -17.9558577 ,  -20.39656434,  -23.56083648, ...,
           20.99467582,   20.98521817,   20.94364484],
        [ -23.06127839,  -23.1170208 ,  -21.94270618, ...,
           22.31558242,   22.3069636 ,   22.29630736],
        ...,
        [-204.7386742 , -205.14625614, -205.57954977, ...,
         -109.30740857, -108.8301707 , -108.05140283],
        [-203.77079612, -204.2179136 , -204.73903409, ...,
         -101.53855397, -100.63261375, -100.18937749],
        [-202.98118876, -203.4038473 , -203.91779141, ...,
          -92.84243523,  -92.05259581,  -93.3298538 ]],

       [[ -11.74503424,  -13.71660617,  -16.93815458, ...,
           19.1957827 ,   19.14078735,   19.09050694],
        [ -18.17364637,  -20.59439558,  -23.73315852, ...,
           20.41908046,   2
kwargs:    {}
Exception: "RuntimeError('NetCDF: HDF error')"

--- Logging error ---
2023-05-09 21:10:15,386 - distributed.worker - WARNING - Compute Failed
Key:       ('sub-store-map-0586060c6ecdb41857d9733698a0c80b', 17, 0, 0)
Function:  execute_task
args:      ((<function store_chunk at 0x2aaad785ba30>, (subgraph_callable-f8c0ecf5-c751-40b5-9d2a-00e1d0af6a92, array([[[-1.35317086e+01, -1.60565496e+01, -2.02499847e+01, ...,
          3.83832478e+01,  3.82936261e+01,  3.82055621e+01],
        [-2.11566549e+01, -2.41502662e+01, -2.78750296e+01, ...,
          4.06361743e+01,  4.06638000e+01,  4.06082929e+01],
        [-2.64438545e+01, -2.62497112e+01, -2.44356237e+01, ...,
          4.31685770e+01,  4.32475525e+01,  4.32915395e+01],
        ...,
        [-2.23225374e+02, -2.23331024e+02, -2.23435760e+02, ...,
         -1.10731989e+02, -1.12434573e+02, -1.14446337e+02],
        [-2.22531358e+02, -2.22658568e+02, -2.22812674e+02, ...,
         -1.10363149e+02, -1.12149042e+02, -1.14843721e+02],
        [-2.21881977e+02, -2.21983551e+02, -2.22131060e+02, ...,
         -1.08757021e+02, -1.10720270e+02, -1.15267863e+02]],

       [[-1.37497443e+01, -1.62451954e+01, -2.03944199e+01, ...,
          3.63552017e+01,  3.62679958e+01,  3.61826303e+01],
  
kwargs:    {}
Exception: "RuntimeError('NetCDF: HDF error')"

--- Logging error ---
2023-05-09 21:10:15,705 - distributed.worker - WARNING - Compute Failed
Key:       ('sub-store-map-340032f6687f0de2908c303589647c69', 17, 0, 0)
Function:  execute_task
args:      ((<function store_chunk at 0x2aaad785ba30>, (subgraph_callable-e22a0458-abdd-4930-9fc8-c549ff4d7496, array([[[ 36.76735671,  36.3150443 ,  35.79575504, ...,  23.29355434,
          23.12733245,  22.88547933],
        [ 32.18366331,  31.96174847,  33.37708041, ...,  23.5918399 ,
          23.46405461,  23.25862585],
        [ 32.14851135,  34.1445255 ,  36.80481109, ...,  23.93955927,
          23.86596926,  23.73436708],
        ...,
        [ 30.58179899,  30.90890672,  31.22055485, ..., -45.13233555,
         -42.92796723, -41.69523303],
        [ 29.26683207,  29.60004487,  29.91336458, ..., -45.73305207,
         -44.16615574, -43.68800439],
        [ 27.90625489,  28.27663731,  28.59093072, ..., -46.5524981 ,
         -45.34568009, -46.39108862]],

       [[ 36.11449433,  35.66226755,  35.11625204, ...,  23.61176971,
          23.44043942,  23.19243621],
        [ 31.55659041,  31.31619103,  32.66725574, ...,  23.89912615,
          23.76559078,  23.55485326],
        [ 31.4630024
kwargs:    {}
Exception: "RuntimeError('NetCDF: HDF error')"

--- Logging error ---
2023-05-09 21:10:16,020 - distributed.worker - WARNING - Compute Failed
Key:       ('sub-store-map-0586060c6ecdb41857d9733698a0c80b', 18, 0, 0)
Function:  execute_task
args:      ((<function store_chunk at 0x2aaad785ba30>, (subgraph_callable-f8c0ecf5-c751-40b5-9d2a-00e1d0af6a92, array([[[  -0.53171138,   -3.081166  ,   -7.66551725, ...,
           70.98209193,   70.78795708,   70.58838774],
        [  -7.18753155,  -10.15999474,  -13.94765458, ...,
           73.29716843,   73.33064252,   73.20120167],
        [ -10.67459364,  -10.86742316,   -9.39560529, ...,
           76.16031271,   76.25557505,   76.28828511],
        ...,
        [-246.02173925, -245.80891394, -245.6135598 , ...,
         -148.31702454, -151.46522878, -155.37891119],
        [-245.43058756, -245.226494  , -245.04812248, ...,
         -150.67458486, -154.41331045, -159.1883342 ],
        [-244.81271388, -244.5727144 , -244.3890475 , ...,
         -151.23542726, -155.12855704, -161.02700159]],

       [[  -1.12916601,   -3.70008836,   -8.29927359, ...,
           71.20637228,   71.01448214,   70.81902333],
        [  -7.82187228,  -10.81879764,  -14.62471678, ...,
           73.58036974,   7
kwargs:    {}
Exception: "RuntimeError('NetCDF: HDF error')"

--- Logging error ---
2023-05-09 21:10:16,330 - distributed.worker - WARNING - Compute Failed
Key:       ('sub-store-map-340032f6687f0de2908c303589647c69', 18, 0, 0)
Function:  execute_task
args:      ((<function store_chunk at 0x2aaad785ba30>, (subgraph_callable-e22a0458-abdd-4930-9fc8-c549ff4d7496, array([[[ 2.57176801e+01,  2.50841103e+01,  2.43194360e+01, ...,
          1.76359873e+01,  1.73115654e+01,  1.70029624e+01],
        [ 2.00583850e+01,  1.97517795e+01,  2.10166673e+01, ...,
          1.76338455e+01,  1.73491916e+01,  1.70726450e+01],
        [ 1.91920052e+01,  2.13871576e+01,  2.39629943e+01, ...,
          1.77264219e+01,  1.75079341e+01,  1.72957725e+01],
        ...,
        [ 4.21399767e+01,  4.25493736e+01,  4.29397952e+01, ...,
          1.79853443e+01,  1.97072283e+01,  2.02511545e+01],
        [ 4.11531125e+01,  4.15528432e+01,  4.19313329e+01, ...,
          1.60340300e+01,  1.63888775e+01,  1.61297898e+01],
        [ 4.01435743e+01,  4.05602197e+01,  4.09391954e+01, ...,
          1.30016234e+01,  1.30155230e+01,  1.18709554e+01]],

       [[ 2.60819532e+01,  2.54607901e+01,  2.47013332e+01, ...,
          1.73975221e+01,  1.70746727e+01,  1.67625502e+01],
  
kwargs:    {}
Exception: "RuntimeError('NetCDF: HDF error')"

--- Logging error ---
2023-05-09 21:10:16,645 - distributed.worker - WARNING - Compute Failed
Key:       ('sub-store-map-0586060c6ecdb41857d9733698a0c80b', 19, 0, 0)
Function:  execute_task
args:      ((<function store_chunk at 0x2aaad785ba30>, (subgraph_callable-f8c0ecf5-c751-40b5-9d2a-00e1d0af6a92, array([[[ -25.48715987,  -27.81629055,  -32.48879697, ...,
           28.86556399,   28.62844041,   28.41931118],
        [ -36.33392542,  -39.2786782 ,  -43.03006637, ...,
           30.46983036,   30.32145112,   30.12543259],
        [ -45.95262379,  -45.984594  ,  -43.79289311, ...,
           32.37834682,   32.27279067,   32.16250184],
        ...,
        [-278.13873839, -277.77666079, -277.46023924, ...,
         -171.74727441, -175.3437895 , -179.64655343],
        [-278.03522534, -277.68757309, -277.36813524, ...,
         -173.49378985, -177.70166575, -182.84132779],
        [-277.74751298, -277.42149861, -277.10360599, ...,
         -173.91497668, -178.22465172, -184.11322011]],

       [[ -25.35576194,  -27.73441652,  -32.46760733, ...,
           28.89306493,   28.65321826,   28.44119827],
        [ -36.28240958,  -39.28771962,  -43.1206573 , ...,
           30.51818598,   3
kwargs:    {}
Exception: "RuntimeError('NetCDF: HDF error')"

--- Logging error ---
2023-05-09 21:10:16,958 - distributed.worker - WARNING - Compute Failed
Key:       ('sub-store-map-340032f6687f0de2908c303589647c69', 19, 0, 0)
Function:  execute_task
args:      ((<function store_chunk at 0x2aaad785ba30>, (subgraph_callable-e22a0458-abdd-4930-9fc8-c549ff4d7496, array([[[18.42046657, 17.00138895, 14.97308433, ...,  2.13306591,
          2.32788976,  2.43226948],
        [12.02823425, 10.60556027, 10.50078522, ...,  1.71634736,
          1.96608283,  2.12639056],
        [10.13916901, 11.59046349, 13.88533519, ...,  1.24063701,
          1.62007056,  1.93596324],
        ...,
        [33.80773009, 34.30980974, 34.82288122, ..., 15.62067343,
         17.4814779 , 18.27684991],
        [33.18430847, 33.66700025, 34.11249306, ..., 13.87260618,
         14.5014912 , 14.62385589],
        [32.52666792, 33.00705259, 33.4510431 , ..., 11.1665717 ,
         11.46997754, 11.01012221]],

       [[19.24550998, 17.82740723, 15.80361231, ...,  2.86368516,
          3.06651855,  3.17316765],
        [12.75669697, 11.3430181 , 11.27971275, ...,  2.4384131 ,
          2.69460786,  2.85687896],
        [10.83606799, 12.32421762, 14.67647978, ...,  1.95060751,
  
kwargs:    {}
Exception: "RuntimeError('NetCDF: HDF error')"

--- Logging error ---
2023-05-09 21:10:17,267 - distributed.worker - WARNING - Compute Failed
Key:       ('sub-store-map-340032f6687f0de2908c303589647c69', 2, 0, 0)
Function:  execute_task
args:      ((<function store_chunk at 0x2aaad785ba30>, (subgraph_callable-e22a0458-abdd-4930-9fc8-c549ff4d7496, array([[[25.90416519, 25.18467208, 24.39357429, ..., 19.12610102,
         18.83194708, 18.56530232],
        [20.28623929, 19.94431581, 21.24980089, ..., 19.12651836,
         18.84876412, 18.60943901],
        [19.60862248, 21.88278068, 24.47160523, ..., 19.23577231,
         19.01628888, 18.83275926],
        ...,
        [42.62194412, 43.01562981, 43.37878674, ..., 22.08846218,
         23.71535773, 24.17362992],
        [41.59085166, 41.97830833, 42.33711862, ..., 19.9233781 ,
         20.14705034, 19.82886919],
        [40.50970095, 40.93844692, 41.3001642 , ..., 16.62328526,
         16.51178823, 15.43369224]],

       [[25.60861516, 24.90541061, 24.12050943, ..., 18.87970043,
         18.57574768, 18.29997304],
        [19.98037186, 19.64516832, 20.9377338 , ..., 18.87324936,
         18.58979368, 18.34206181],
        [19.24996781, 21.50777756, 24.08694185, ..., 18.97486425,
  
kwargs:    {}
Exception: "RuntimeError('NetCDF: HDF error')"

--- Logging error ---
2023-05-09 21:10:17,591 - distributed.worker - WARNING - Compute Failed
Key:       ('sub-store-map-0586060c6ecdb41857d9733698a0c80b', 22, 0, 0)
Function:  execute_task
args:      ((<function store_chunk at 0x2aaad785ba30>, (subgraph_callable-f8c0ecf5-c751-40b5-9d2a-00e1d0af6a92, array([[[  -8.74756562,  -10.41332039,  -13.18456321, ...,
            7.51056432,    7.43275934,    7.3556498 ],
        [ -15.1223849 ,  -17.28912911,  -20.193457  , ...,
            7.81191562,    7.74569231,    7.67089443],
        [ -20.98196295,  -20.92734146,  -19.6323388 , ...,
            8.10235504,    8.04785823,    7.9931119 ],
        ...,
        [-300.59774324, -300.97255297, -301.33193248, ...,
         -144.99225015, -147.50528686, -149.84240766],
        [-298.04188101, -298.46787694, -298.94361687, ...,
         -140.01596703, -142.34776202, -145.18851589],
        [-295.328567  , -295.81083501, -296.28615885, ...,
         -134.0997851 , -136.54229394, -140.89972022]],

       [[  -8.54160712,  -10.17956972,  -12.91284651, ...,
            7.59424777,    7.51582927,    7.43818824],
        [ -14.81496369,  -16.94894287,  -19.80993547, ...,
            7.89822697,    
kwargs:    {}
Exception: "RuntimeError('NetCDF: HDF error')"

--- Logging error ---
2023-05-09 21:10:18,076 - distributed.worker - WARNING - Compute Failed
Key:       ('sub-store-map-0586060c6ecdb41857d9733698a0c80b', 23, 0, 0)
Function:  execute_task
args:      ((<function store_chunk at 0x2aaad785ba30>, (subgraph_callable-f8c0ecf5-c751-40b5-9d2a-00e1d0af6a92, array([[[ -18.40441863,  -20.46285191,  -23.90703505, ...,
            7.25089829,    7.17075274,    7.08941476],
        [ -27.44560597,  -30.22778387,  -34.05132416, ...,
            7.62558669,    7.55975784,    7.48113493],
        [ -36.57845117,  -36.73088101,  -35.31423493, ...,
            8.0140912 ,    7.95548625,    7.89622796],
        ...,
        [-235.30919619, -235.88973309, -236.49604882, ...,
         -146.03060381, -147.44110044, -148.66315599],
        [-232.40342838, -233.01531149, -233.67636718, ...,
         -138.74628113, -140.06480254, -141.72311038],
        [-229.80138627, -230.41170032, -231.06806716, ...,
         -130.59494833, -132.02772101, -135.43360407]],

       [[ -18.31324007,  -20.36745148,  -23.80741883, ...,
            7.36957655,    7.29287698,    7.21504223],
        [ -27.36253527,  -30.14508055,  -33.97884913, ...,
            7.74190862,    
kwargs:    {}
Exception: "RuntimeError('NetCDF: HDF error')"

--- Logging error ---
2023-05-09 21:10:58,783 - distributed.worker - WARNING - Compute Failed
Key:       ('sub-store-map-6484f761e39eccf342438729511cf92b', 9, 0, 0)
Function:  execute_task
args:      ((<function store_chunk at 0x2aaad785ba30>, (subgraph_callable-df6d5444-cc01-4b8b-91a8-ce637771d612, array([[[ -12.85094766,  -15.50353576,  -19.88111099, ...,
           45.95537632,   45.86227447,   45.77111501],
        [ -20.3316385 ,  -23.39975368,  -27.15799794, ...,
           48.570644  ,   48.60304312,   48.54725447],
        [ -25.19201128,  -24.88019   ,  -22.93043204, ...,
           51.47342061,   51.54324875,   51.58386512],
        ...,
        [-229.56883953, -229.59100415, -229.61298171, ...,
         -115.37075311, -117.33273576, -119.67603263],
        [-228.83748716, -228.88410179, -228.96332295, ...,
         -115.54825158, -117.64083748, -120.6988317 ],
        [-228.13579382, -228.17461186, -228.24927801, ...,
         -114.45394712, -116.72582861, -121.54854453]],

       [[ -12.9846484 ,  -15.60449064,  -19.93589306, ...,
           44.18100599,   44.08770149,   43.99601961],
        [ -20.5035673 ,  -23.55286471,  -27.3040349 , ...,
           46.70448094,   4
kwargs:    {}
Exception: "RuntimeError('NetCDF: HDF error')"

--- Logging error ---
2023-05-09 21:10:59,326 - distributed.worker - WARNING - Compute Failed
Key:       ('sub-store-map-c2ebc0da062d7b83bc511333fccf5520', 19, 0, 0)
Function:  execute_task
args:      ((<function store_chunk at 0x2aaad785ba30>, (subgraph_callable-728e6ed5-afa9-4e5e-9e96-096a33d9d653, array([[[ 8.12609801,  9.38269939, 10.34679011, ...,  2.85901668,
          2.85407382,  2.89589418],
        [11.45916898, 12.37268334, 10.41081158, ...,  2.84471107,
          2.84469566,  2.87369452],
        [10.52336345,  8.94480949,  7.88386293, ...,  2.82387187,
          2.80911005,  2.82055819],
        ...,
        [ 0.75897379,  0.74926441,  0.74096369, ...,  5.76855807,
          6.18419686,  6.01550668],
        [ 0.78225681,  0.764801  ,  0.75379881, ...,  6.72245354,
          5.65532835,  5.17381867],
        [ 0.80962247,  0.80254937,  0.79153855, ...,  6.77199114,
          5.95589949,  5.5939422 ]],

       [[ 8.31287884,  9.59399787, 10.55255967, ...,  2.87073968,
          2.86580632,  2.90682356],
        [11.65690787, 12.57919347, 10.59137482, ...,  2.8572769 ,
          2.85667529,  2.8855047 ],
        [10.68279767,  9.08399753,  8.01733267, ...,  2.83675971,
  
kwargs:    {}
Exception: "RuntimeError('NetCDF: HDF error')"

--- Logging error ---
2023-05-09 21:10:59,685 - distributed.worker - WARNING - Compute Failed
Key:       ('sub-store-map-c2ebc0da062d7b83bc511333fccf5520', 23, 0, 0)
Function:  execute_task
args:      ((<function store_chunk at 0x2aaad785ba30>, (subgraph_callable-728e6ed5-afa9-4e5e-9e96-096a33d9d653, array([[[ 7.87463543,  8.43643774,  8.15343247, ...,  0.65520983,
          0.66129194,  0.66991831],
        [ 8.92763186,  9.05591736,  7.61954254, ...,  0.67051992,
          0.67618737,  0.68471478],
        [ 7.60185685,  6.60271686,  6.12902452, ...,  0.69185079,
          0.70006941,  0.70559895],
        ...,
        [ 1.50292809,  1.44662587,  1.40238826, ...,  9.13365642,
          9.23563724,  9.17790902],
        [ 1.54377878,  1.48851639,  1.45999541, ...,  9.44771156,
          9.03614812,  8.90824582],
        [ 1.63865424,  1.58235132,  1.55290006, ...,  9.68872996,
          9.33263712,  8.99787392]],

       [[ 7.7736621 ,  8.32632271,  8.04983152, ...,  0.66275301,
          0.6690233 ,  0.67776596],
        [ 8.81923496,  8.94310051,  7.51914369, ...,  0.6776553 ,
          0.68358266,  0.6922151 ],
        [ 7.50387576,  6.51810502,  6.05518187, ...,  0.69841861,
  
kwargs:    {}
Exception: "RuntimeError('NetCDF: HDF error')"

--- Logging error ---
2023-05-09 21:11:00,177 - distributed.worker - WARNING - Compute Failed
Key:       ('sub-store-map-c2ebc0da062d7b83bc511333fccf5520', 25, 0, 0)
Function:  execute_task
args:      ((<function store_chunk at 0x2aaad785ba30>, (subgraph_callable-728e6ed5-afa9-4e5e-9e96-096a33d9d653, array([[[11.08889282, 11.83946945, 11.51640288, ...,  1.12318494,
          1.11861512,  1.125305  ],
        [12.19453443, 12.40513298, 10.69314307, ...,  1.12586161,
          1.11313064,  1.11502793],
        [10.32060675,  9.06025194,  8.51684881, ...,  1.12662567,
          1.12095329,  1.11818518],
        ...,
        [ 1.1873457 ,  1.14112904,  1.05091256, ...,  7.66369487,
          7.82817802,  7.79488103],
        [ 1.17264497,  1.12808729,  1.05826764, ...,  7.8214313 ,
          7.59235096,  7.43531108],
        [ 1.20907704,  1.13280105,  1.05871355, ...,  8.15599729,
          8.01027396,  7.68235082]],

       [[11.15268601, 11.90551616, 11.57709976, ...,  1.11005344,
          1.10549477,  1.11223645],
        [12.2510896 , 12.45765571, 10.73281154, ...,  1.1122334 ,
          1.09969374,  1.10174017],
        [10.35824926,  9.08941634,  8.54194262, ...,  1.11366852,
  
kwargs:    {}
Exception: "RuntimeError('NetCDF: HDF error')"

--- Logging error ---
2023-05-09 21:11:00,486 - distributed.worker - WARNING - Compute Failed
Key:       ('sub-store-map-c2ebc0da062d7b83bc511333fccf5520', 26, 0, 0)
Function:  execute_task
args:      ((<function store_chunk at 0x2aaad785ba30>, (subgraph_callable-728e6ed5-afa9-4e5e-9e96-096a33d9d653, array([[[ 9.84742448, 10.83254976, 10.98579994, ...,  2.01274699,
          2.01670698,  2.04330131],
        [12.12753887, 12.73147023, 11.08949166, ...,  2.04836527,
          2.06153691,  2.07228287],
        [11.13799241,  9.87706766,  9.3138865 , ...,  2.05247793,
          2.07029136,  2.08159608],
        ...,
        [ 0.76888229,  0.77400133,  0.7585681 , ...,  6.9449974 ,
          7.00334756,  7.12046507],
        [ 0.76202535,  0.76158906,  0.77115861, ...,  7.69145271,
          7.0484286 ,  6.79770895],
        [ 0.75642026,  0.75000779,  0.75804747, ...,  7.80418737,
          7.2971767 ,  6.94392564]],

       [[ 9.76198142, 10.71733991, 10.8456133 , ...,  1.97867118,
          1.98262882,  2.00877487],
        [11.98475773, 12.56609986, 10.95134192, ...,  2.01387303,
          2.02695156,  2.03748624],
        [10.99992743,  9.76339062,  9.2201004 , ...,  2.01804818,
  
kwargs:    {}
Exception: "RuntimeError('NetCDF: HDF error')"

--- Logging error ---
2023-05-09 21:11:01,014 - distributed.worker - WARNING - Compute Failed
Key:       ('sub-store-map-c2ebc0da062d7b83bc511333fccf5520', 27, 0, 0)
Function:  execute_task
args:      ((<function store_chunk at 0x2aaad785ba30>, (subgraph_callable-728e6ed5-afa9-4e5e-9e96-096a33d9d653, array([[[ 9.06872013, 10.45030683, 11.38806906, ...,  2.90990702,
          2.90497208,  2.94259008],
        [12.46903265, 13.43001367, 11.33735706, ...,  2.90094609,
          2.89831603,  2.92588201],
        [11.3532325 ,  9.66976055,  8.57507876, ...,  2.88182881,
          2.86408477,  2.87381319],
        ...,
        [ 0.72324352,  0.7176614 ,  0.70888637, ...,  5.85873242,
          6.27823108,  6.13189961],
        [ 0.73253688,  0.71937676,  0.71116329, ...,  6.86143605,
          5.77317946,  5.27798588],
        [ 0.75221898,  0.74139147,  0.73256937, ...,  6.96591624,
          6.13385636,  5.75884602]],

       [[ 9.25578884, 10.66236584, 11.59510005, ...,  2.91745093,
          2.91251996,  2.94927779],
        [12.672212  , 13.64339167, 11.52511665, ...,  2.90985999,
          2.90681606,  2.93394121],
        [11.52454995,  9.81980686,  8.71741271, ...,  2.89111964,
  
kwargs:    {}
Exception: "RuntimeError('NetCDF: HDF error')"

--- Logging error ---
2023-05-09 21:11:01,341 - distributed.worker - WARNING - Compute Failed
Key:       ('sub-store-map-c2ebc0da062d7b83bc511333fccf5520', 28, 0, 0)
Function:  execute_task
args:      ((<function store_chunk at 0x2aaad785ba30>, (subgraph_callable-728e6ed5-afa9-4e5e-9e96-096a33d9d653, array([[[ 4.63348479,  5.33333814,  6.26539522, ...,  2.33147799,
          2.32189645,  2.33683681],
        [ 7.81065271,  8.52021697,  7.1128402 , ...,  2.36334856,
          2.39656329,  2.39133438],
        [ 7.89032283,  6.5707748 ,  5.42386501, ...,  2.3212227 ,
          2.38405641,  2.39944359],
        ...,
        [ 1.24884599,  1.23561046,  1.21988201, ...,  6.92699624,
          7.28293137,  7.04140693],
        [ 1.31188861,  1.29251536,  1.26426703, ...,  7.64335252,
          6.67472764,  6.26931436],
        [ 1.32776211,  1.31031647,  1.28344048, ...,  7.3785206 ,
          6.61690107,  6.41734241]],

       [[ 4.67242418,  5.38919236,  6.33705885, ...,  2.34109494,
          2.33080556,  2.34731915],
        [ 7.8941895 ,  8.61772924,  7.19221086, ...,  2.37153255,
          2.40394397,  2.39941751],
        [ 7.97455906,  6.6431418 ,  5.48734795, ...,  2.33071434,
  
kwargs:    {}
Exception: "RuntimeError('NetCDF: HDF error')"

--- Logging error ---
2023-05-09 21:11:01,834 - distributed.worker - WARNING - Compute Failed
Key:       ('sub-store-map-c2ebc0da062d7b83bc511333fccf5520', 6, 0, 0)
Function:  execute_task
args:      ((<function store_chunk at 0x2aaad785ba30>, (subgraph_callable-728e6ed5-afa9-4e5e-9e96-096a33d9d653, array([[[ 7.9304498 ,  8.40868484,  8.03721047, ...,  0.89164905,
          0.89891685,  0.90814267],
        [ 9.21291325,  9.24598788,  7.62029878, ...,  0.87666154,
          0.8849177 ,  0.8954981 ],
        [ 7.77420283,  6.7126364 ,  6.23418315, ...,  0.86244922,
          0.87397801,  0.88421103],
        ...,
        [ 2.41138013,  2.3924986 ,  2.37810533, ...,  9.80754174,
          9.92313983, 10.2370905 ],
        [ 2.58590521,  2.58466215,  2.6076771 , ..., 10.57664107,
         10.08669091, 10.10283573],
        [ 2.82236855,  2.85149399,  2.87223673, ..., 10.73219779,
         10.31758502, 10.09696552]],

       [[ 7.97867874,  8.45972429,  8.08168594, ...,  0.90508801,
          0.9123329 ,  0.92141034],
        [ 9.27300029,  9.30603424,  7.67030382, ...,  0.89006404,
          0.89828131,  0.9086367 ],
        [ 7.8317169 ,  6.76092311,  6.27399016, ...,  0.87545655,
  
kwargs:    {}
Exception: "RuntimeError('NetCDF: HDF error')"

--- Logging error ---
2023-05-09 21:11:01,854 - distributed.worker - WARNING - Compute Failed
Key:       ('sub-store-map-34bb268c8ddaf34fb032afb469f198ec', 19, 0, 0)
Function:  execute_task
args:      ((<function store_chunk at 0x2aaad785ba30>, (subgraph_callable-7ca33213-6e9d-4098-8153-5b52e5158fe2, array([[[12.83031611, 13.77445208, 15.3690887 , ..., 14.81063624,
         14.76287512, 14.70879337],
        [15.498702  , 16.6067164 , 17.89795977, ..., 14.90720149,
         14.89006581, 14.86155376],
        [18.20502745, 18.63506252, 18.52170459, ..., 15.11409918,
         15.07271927, 15.04275886],
        ...,
        [31.52264845, 31.48144966, 31.44558107, ..., 47.35862095,
         47.54172155, 47.84091567],
        [31.35760065, 31.31635436, 31.27874331, ..., 47.34077186,
         47.60434664, 47.93858857],
        [31.2033913 , 31.15866102, 31.1201333 , ..., 47.06909319,
         47.321453  , 47.77938256]],

       [[12.71058343, 13.64733718, 15.22888009, ..., 14.62296201,
         14.57489473, 14.52026072],
        [15.35800279, 16.45782384, 17.74154808, ..., 14.72013694,
         14.70220614, 14.67282764],
        [18.04940762, 18.47759091, 18.36701026, ..., 14.92656964,
  
kwargs:    {}
Exception: "RuntimeError('NetCDF: HDF error')"

--- Logging error ---
2023-05-09 21:11:02,409 - distributed.worker - WARNING - Compute Failed
Key:       ('sub-store-map-34bb268c8ddaf34fb032afb469f198ec', 2, 0, 0)
Function:  execute_task
args:      ((<function store_chunk at 0x2aaad785ba30>, (subgraph_callable-7ca33213-6e9d-4098-8153-5b52e5158fe2, array([[[ 8.78509676,  9.5141369 , 10.71278842, ...,  9.90097714,
          9.86239844,  9.81721661],
        [10.82852821, 11.68821179, 12.72162239, ..., 10.00383847,
          9.98432719,  9.95437526],
        [13.00628181, 13.37984005, 13.3397599 , ..., 10.17461103,
         10.13708932, 10.1038985 ],
        ...,
        [31.227507  , 31.20425194, 31.184708  , ..., 49.58117496,
         49.72642065, 49.99222215],
        [31.02620147, 31.00363906, 30.98640688, ..., 49.54667067,
         49.81394976, 50.10351973],
        [30.84772153, 30.82100587, 30.80261784, ..., 49.3830528 ,
         49.63467232, 50.03975675]],

       [[ 8.66904076,  9.39171379, 10.57897319, ...,  9.7963948 ,
          9.75834107,  9.71390157],
        [10.69507127, 11.5476654 , 12.57312   , ...,  9.89920705,
          9.87996981,  9.85054771],
        [12.85569669, 13.22761878, 13.18903971, ..., 10.06921426,
  
kwargs:    {}
Exception: "RuntimeError('NetCDF: HDF error')"

--- Logging error ---
2023-05-09 21:11:02,760 - distributed.worker - WARNING - Compute Failed
Key:       ('sub-store-map-34bb268c8ddaf34fb032afb469f198ec', 20, 0, 0)
Function:  execute_task
args:      ((<function store_chunk at 0x2aaad785ba30>, (subgraph_callable-7ca33213-6e9d-4098-8153-5b52e5158fe2, array([[[15.08254517, 16.11300584, 17.95452018, ..., 17.82625473,
         17.79801157, 17.74650499],
        [18.02304172, 19.22509897, 20.63642628, ..., 17.93435098,
         17.94157402, 17.91953851],
        [20.84722321, 21.28287135, 21.11817137, ..., 18.12287244,
         18.11385095, 18.0985306 ],
        ...,
        [35.64652713, 35.59837438, 35.55548174, ..., 48.41409565,
         48.61739005, 48.95271755],
        [35.52754662, 35.47937828, 35.43436385, ..., 48.29938359,
         48.5838945 , 48.94819175],
        [35.39111983, 35.34524681, 35.30024758, ..., 48.04102221,
         48.31134625, 48.75275557]],

       [[15.15843391, 16.1958181 , 18.04522575, ..., 17.95400099,
         17.92539317, 17.87412519],
        [18.11816942, 19.32748032, 20.74440872, ..., 18.06095265,
         18.06828544, 18.04660612],
        [20.9594448 , 21.39721761, 21.23116678, ..., 18.24983789,
  
kwargs:    {}
Exception: "RuntimeError('NetCDF: HDF error')"

--- Logging error ---
2023-05-09 21:11:03,284 - distributed.worker - WARNING - Compute Failed
Key:       ('sub-store-map-34bb268c8ddaf34fb032afb469f198ec', 21, 0, 0)
Function:  execute_task
args:      ((<function store_chunk at 0x2aaad785ba30>, (subgraph_callable-7ca33213-6e9d-4098-8153-5b52e5158fe2, array([[[ 9.49865632, 10.1929556 , 11.45712115, ...,  9.83813401,
          9.82621001,  9.79953501],
        [11.48106711, 12.30964896, 13.35266849, ...,  9.92725905,
          9.93559136,  9.92837799],
        [13.54763318, 13.88748281, 13.79108451, ..., 10.07753388,
         10.07529284, 10.07159182],
        ...,
        [38.70682103, 38.65551481, 38.60762477, ..., 52.38441984,
         52.5902366 , 52.94154127],
        [38.78621615, 38.73694417, 38.69311287, ..., 52.26988122,
         52.58639698, 52.96862333],
        [38.86918201, 38.82366313, 38.77966608, ..., 52.06774512,
         52.36910346, 52.84347809]],

       [[ 9.60880528, 10.30855385, 11.58579576, ...,  9.97307542,
          9.96135216,  9.93435696],
        [11.60562817, 12.4405161 , 13.49136559, ..., 10.06373507,
         10.07241673, 10.06514159],
        [13.68415501, 14.02580038, 13.92826892, ..., 10.21544877,
  
kwargs:    {}
Exception: "RuntimeError('NetCDF: HDF error')"

--- Logging error ---
2023-05-09 21:11:03,592 - distributed.worker - WARNING - Compute Failed
Key:       ('sub-store-map-34bb268c8ddaf34fb032afb469f198ec', 24, 0, 0)
Function:  execute_task
args:      ((<function store_chunk at 0x2aaad785ba30>, (subgraph_callable-7ca33213-6e9d-4098-8153-5b52e5158fe2, array([[[ 4.79861782,  5.26871829,  6.03519923, ...,  2.25741282,
          2.25383169,  2.24961602],
        [ 6.14794573,  6.712465  ,  7.40640911, ...,  2.28319126,
          2.28237183,  2.28064659],
        [ 7.6023887 ,  7.86677265,  7.84387161, ...,  2.32028722,
          2.31679353,  2.31453821],
        ...,
        [35.04867139, 34.9934311 , 34.94057187, ..., 49.2773321 ,
         49.42375041, 49.75951422],
        [35.02967824, 34.97501397, 34.92632212, ..., 49.39186266,
         49.69650113, 50.05265917],
        [35.03687654, 34.97884073, 34.9287239 , ..., 49.62315271,
         49.91282661, 50.32383962]],

       [[ 4.80616341,  5.27682545,  6.04431132, ...,  2.22762148,
          2.22401818,  2.2197975 ],
        [ 6.15776688,  6.72300538,  7.41779645, ...,  2.2531699 ,
          2.25230618,  2.25054069],
        [ 7.61479661,  7.87927198,  7.85593554, ...,  2.28976372,
  
kwargs:    {}
Exception: "RuntimeError('NetCDF: HDF error')"

--- Logging error ---
2023-05-09 21:11:04,102 - distributed.worker - WARNING - Compute Failed
Key:       ('sub-store-map-34bb268c8ddaf34fb032afb469f198ec', 29, 0, 0)
Function:  execute_task
args:      ((<function store_chunk at 0x2aaad785ba30>, (subgraph_callable-7ca33213-6e9d-4098-8153-5b52e5158fe2, array([[[10.06550061, 10.78782755, 12.11852417, ..., 10.54691968,
         10.53576253, 10.50718387],
        [12.12281999, 12.98390543, 14.06667799, ..., 10.64375083,
         10.65358849, 10.64576587],
        [14.25007135, 14.59891702, 14.49672811, ..., 10.80100784,
         10.8000761 , 10.79576842],
        ...,
        [38.28876899, 38.23456402, 38.18455683, ..., 51.98032886,
         52.18167667, 52.52845955],
        [38.35215006, 38.29910158, 38.25040717, ..., 51.86574536,
         52.17439637, 52.55264332],
        [38.42076402, 38.37002238, 38.32119935, ..., 51.6574051 ,
         51.95128463, 52.42123829]],

       [[10.18382405, 10.91201864, 12.25632616, ..., 10.6992839 ,
         10.68819314, 10.65913226],
        [12.2570736 , 13.12497505, 14.21587372, ..., 10.79764883,
         10.80770355, 10.79965801],
        [14.39680538, 14.74746117, 14.64406897, ..., 10.95624226,
  
kwargs:    {}
Exception: "RuntimeError('NetCDF: HDF error')"

--- Logging error ---
2023-05-09 21:11:04,424 - distributed.worker - WARNING - Compute Failed
Key:       ('sub-store-map-34bb268c8ddaf34fb032afb469f198ec', 3, 0, 0)
Function:  execute_task
args:      ((<function store_chunk at 0x2aaad785ba30>, (subgraph_callable-7ca33213-6e9d-4098-8153-5b52e5158fe2, array([[[14.0125205 , 15.03059024, 16.7575516 , ..., 16.66377897,
         16.62077555, 16.57301777],
        [16.89017894, 18.07843812, 19.44358341, ..., 16.75436758,
         16.74692739, 16.72745394],
        [19.74150464, 20.18874741, 20.04723792, ..., 16.96172773,
         16.92993142, 16.91026337],
        ...,
        [31.7798842 , 31.73508729, 31.69319853, ..., 47.14825879,
         47.34157303, 47.65551925],
        [31.63764643, 31.5937569 , 31.55322375, ..., 47.10665008,
         47.3737034 , 47.71875845],
        [31.49039393, 31.44847866, 31.4076609 , ..., 46.82379256,
         47.07928619, 47.53269868]],

       [[13.898449  , 14.90944613, 16.6235135 , ..., 16.48756754,
         16.44399315, 16.39562719],
        [16.75602294, 17.93673032, 19.29480007, ..., 16.57866696,
         16.5701847 , 16.54987486],
        [19.59370795, 20.03942352, 19.9006426 , ..., 16.78629154,
  
kwargs:    {}
Exception: "RuntimeError('NetCDF: HDF error')"

--- Logging error ---
2023-05-09 21:11:04,737 - distributed.worker - WARNING - Compute Failed
Key:       ('sub-store-map-34bb268c8ddaf34fb032afb469f198ec', 7, 0, 0)
Function:  execute_task
args:      ((<function store_chunk at 0x2aaad785ba30>, (subgraph_callable-7ca33213-6e9d-4098-8153-5b52e5158fe2, array([[[ 4.62889274,  5.07606339,  5.81751419, ...,  2.21824314,
          2.21573705,  2.21205888],
        [ 5.90681819,  6.44620655,  7.12204982, ...,  2.24344301,
          2.24390045,  2.24307804],
        [ 7.32092294,  7.56610945,  7.52228306, ...,  2.27847518,
          2.27665862,  2.27633036],
        ...,
        [38.78299099, 38.75298127, 38.72301898, ..., 51.26484237,
         51.41877024, 51.74705756],
        [38.8404635 , 38.81239179, 38.79290337, ..., 51.31170037,
         51.61690924, 51.96690755],
        [38.90930992, 38.88169194, 38.86150933, ..., 51.47145748,
         51.75730432, 52.14055585]],

       [[ 4.60017717,  5.04484945,  5.78281228, ...,  2.24246407,
          2.24005116,  2.236413  ],
        [ 5.87090736,  6.40730752,  7.07977575, ...,  2.26829018,
          2.26885465,  2.26810766],
        [ 7.27806991,  7.52196056,  7.47808715, ...,  2.30419932,
  
kwargs:    {}
Exception: "RuntimeError('NetCDF: HDF error')"

--- Logging error ---
2023-05-09 21:11:05,057 - distributed.worker - WARNING - Compute Failed
Key:       ('sub-store-map-34bb268c8ddaf34fb032afb469f198ec', 8, 0, 0)
Function:  execute_task
args:      ((<function store_chunk at 0x2aaad785ba30>, (subgraph_callable-7ca33213-6e9d-4098-8153-5b52e5158fe2, array([[[ 4.76769804,  5.23588612,  5.99806692, ...,  2.61724915,
          2.61334699,  2.60859355],
        [ 6.10094036,  6.66256926,  7.35358996, ...,  2.64472784,
          2.64402543,  2.64229906],
        [ 7.53609591,  7.8000446 ,  7.78002121, ...,  2.68624657,
          2.68205362,  2.67951801],
        ...,
        [34.39524652, 34.33426571, 34.27215618, ..., 49.46343557,
         49.62065836, 49.96867012],
        [34.35142993, 34.29103619, 34.23488462, ..., 49.55956933,
         49.87707018, 50.24625115],
        [34.3370726 , 34.27439608, 34.21705466, ..., 49.77353944,
         50.07623225, 50.50065638]],

       [[ 4.76642091,  5.23442621,  5.99645918, ...,  2.57767753,
          2.57386723,  2.56922974],
        [ 6.10043245,  6.66191486,  7.3527088 , ...,  2.60502457,
          2.60435064,  2.60267233],
        [ 7.53676695,  7.80068682,  7.78047421, ...,  2.64615293,
  
kwargs:    {}
Exception: "RuntimeError('NetCDF: HDF error')"

--- Logging error ---
2023-05-09 21:11:05,391 - distributed.worker - WARNING - Compute Failed
Key:       ('sub-store-map-6484f761e39eccf342438729511cf92b', 0, 0, 0)
Function:  execute_task
args:      ((<function store_chunk at 0x2aaad785ba30>, (subgraph_callable-df6d5444-cc01-4b8b-91a8-ce637771d612, array([[[ -19.98618362,  -22.14093038,  -25.68515918, ...,
            6.68738636,    6.56001165,    6.4298823 ],
        [ -28.94004653,  -31.77714792,  -35.54201573, ...,
            7.12617195,    7.01627326,    6.88870151],
        [ -37.35121453,  -37.42327068,  -35.96091613, ...,
            7.57405453,    7.4730502 ,    7.36875144],
        ...,
        [-242.89224491, -243.40035557, -243.93217838, ...,
         -155.81938121, -156.96652082, -157.86438447],
        [-240.42614839, -240.97640943, -241.58383462, ...,
         -147.54161957, -148.60328996, -149.97434396],
        [-238.16383223, -238.75482803, -239.3622248 , ...,
         -138.40970115, -139.59026588, -142.77565075]],

       [[ -19.78280199,  -21.92325763,  -25.45276344, ...,
            6.68526014,    6.56389632,    6.44002011],
        [ -28.74894918,  -31.57603817,  -35.3446509 , ...,
            7.11405843,    
kwargs:    {}
Exception: "RuntimeError('NetCDF: HDF error')"

--- Logging error ---
2023-05-09 21:11:05,700 - distributed.worker - WARNING - Compute Failed
Key:       ('sub-store-map-6484f761e39eccf342438729511cf92b', 12, 0, 0)
Function:  execute_task
args:      ((<function store_chunk at 0x2aaad785ba30>, (subgraph_callable-df6d5444-cc01-4b8b-91a8-ce637771d612, array([[[ -32.29765047,  -34.64464465,  -38.92103519, ...,
           19.07611046,   18.76909949,   18.47890623],
        [ -44.58633041,  -47.77301169,  -51.79156621, ...,
           20.39736445,   20.14301549,   19.85795661],
        [ -56.59638056,  -56.67729365,  -54.58600733, ...,
           21.76770432,   21.56108545,   21.34835225],
        ...,
        [-255.68559441, -255.53009222, -255.40914774, ...,
         -144.85535417, -147.74783358, -151.27280326],
        [-256.69119623, -256.57195114, -256.53745116, ...,
         -146.72074969, -150.19452129, -154.57170456],
        [-257.82778838, -257.75750249, -257.72420549, ...,
         -147.64509042, -151.25704796, -156.96372646]],

       [[ -33.26896997,  -35.63805729,  -39.96258693, ...,
           19.68000758,   19.35969626,   19.05607956],
        [ -45.76022351,  -48.97626695,  -53.02635138, ...,
           20.99646001,   2
kwargs:    {}
Exception: "RuntimeError('NetCDF: HDF error')"

--- Logging error ---
2023-05-09 21:11:40,243 - distributed.core - INFO - Connection to tcp://172.16.3.56:38477 has been closed.
--- Logging error ---
2023-05-09 21:11:40,255 - distributed.worker - INFO - Stopping worker at tcp://172.16.3.103:39258. Reason: worker-handle-scheduler-connection-broken
--- Logging error ---
2023-05-09 21:11:40,266 - distributed.worker - ERROR - Failed to communicate with scheduler during heartbeat.
Traceback (most recent call last):
  File "/vortexfs1/home/anthony.meza/mambaforge/envs/atm_rivers/lib/python3.10/site-packages/tornado/iostream.py", line 861, in _read_to_buffer
    bytes_read = self.read_from_fd(buf)
  File "/vortexfs1/home/anthony.meza/mambaforge/envs/atm_rivers/lib/python3.10/site-packages/tornado/iostream.py", line 1116, in read_from_fd
    return self.socket.recv_into(buf, len(buf))
ConnectionResetError: [Errno 104] Connection reset by peer

The above exception was the direct cause of the following exception:

Traceback (most recent call last):
  File "/vortexfs1/home/anthony.meza/mambaforge/envs/atm_rivers/lib/python3.10/site-packages/distributed/worker.py", line 1237, in heartbeat
    response = await retry_operation(
  File "/vortexfs1/home/anthony.meza/mambaforge/envs/atm_rivers/lib/python3.10/site-packages/distributed/utils_comm.py", line 434, in retry_operation
    return await retry(
  File "/vortexfs1/home/anthony.meza/mambaforge/envs/atm_rivers/lib/python3.10/site-packages/distributed/utils_comm.py", line 413, in retry
    return await coro()
  File "/vortexfs1/home/anthony.meza/mambaforge/envs/atm_rivers/lib/python3.10/site-packages/distributed/core.py", line 1269, in send_recv_from_rpc
    return await send_recv(comm=comm, op=key, **kwargs)
  File "/vortexfs1/home/anthony.meza/mambaforge/envs/atm_rivers/lib/python3.10/site-packages/distributed/core.py", line 1028, in send_recv
    response = await comm.read(deserializers=deserializers)
  File "/vortexfs1/home/anthony.meza/mambaforge/envs/atm_rivers/lib/python3.10/site-packages/distributed/comm/tcp.py", line 241, in read
    convert_stream_closed_error(self, e)
  File "/vortexfs1/home/anthony.meza/mambaforge/envs/atm_rivers/lib/python3.10/site-packages/distributed/comm/tcp.py", line 142, in convert_stream_closed_error
    raise CommClosedError(f"in {obj}: {exc.__class__.__name__}: {exc}") from exc
distributed.comm.core.CommClosedError: in <TCP (closed) ConnectionPool.heartbeat_worker local=tcp://172.16.3.103:38523 remote=tcp://172.16.3.56:38477>: ConnectionResetError: [Errno 104] Connection reset by peer
--- Logging error ---
2023-05-09 21:11:42,421 - distributed.client - ERROR - 
ConnectionRefusedError: [Errno 111] Connection refused

The above exception was the direct cause of the following exception:

Traceback (most recent call last):
  File "/vortexfs1/home/anthony.meza/mambaforge/envs/atm_rivers/lib/python3.10/site-packages/distributed/comm/core.py", line 292, in connect
    comm = await wait_for(
  File "/vortexfs1/home/anthony.meza/mambaforge/envs/atm_rivers/lib/python3.10/site-packages/distributed/utils.py", line 1878, in wait_for
    return await asyncio.wait_for(fut, timeout)
  File "/vortexfs1/home/anthony.meza/mambaforge/envs/atm_rivers/lib/python3.10/asyncio/tasks.py", line 445, in wait_for
    return fut.result()
  File "/vortexfs1/home/anthony.meza/mambaforge/envs/atm_rivers/lib/python3.10/site-packages/distributed/comm/tcp.py", line 511, in connect
    convert_stream_closed_error(self, e)
  File "/vortexfs1/home/anthony.meza/mambaforge/envs/atm_rivers/lib/python3.10/site-packages/distributed/comm/tcp.py", line 142, in convert_stream_closed_error
    raise CommClosedError(f"in {obj}: {exc.__class__.__name__}: {exc}") from exc
distributed.comm.core.CommClosedError: in <distributed.comm.tcp.TCPConnector object at 0x2aaad841b0a0>: ConnectionRefusedError: [Errno 111] Connection refused

During handling of the above exception, another exception occurred:

Traceback (most recent call last):
  File "/vortexfs1/home/anthony.meza/mambaforge/envs/atm_rivers/lib/python3.10/site-packages/distributed/utils.py", line 754, in wrapper
    return await func(*args, **kwargs)
  File "/vortexfs1/home/anthony.meza/mambaforge/envs/atm_rivers/lib/python3.10/site-packages/distributed/client.py", line 1323, in _reconnect
    await self._ensure_connected(timeout=timeout)
  File "/vortexfs1/home/anthony.meza/mambaforge/envs/atm_rivers/lib/python3.10/site-packages/distributed/client.py", line 1353, in _ensure_connected
    comm = await connect(
  File "/vortexfs1/home/anthony.meza/mambaforge/envs/atm_rivers/lib/python3.10/site-packages/distributed/comm/core.py", line 316, in connect
    await asyncio.sleep(backoff)
  File "/vortexfs1/home/anthony.meza/mambaforge/envs/atm_rivers/lib/python3.10/asyncio/tasks.py", line 605, in sleep
    return await future
asyncio.exceptions.CancelledError
2023-05-09 21:11:42,436 - distributed.nanny - INFO - Worker closed
2023-05-09 21:11:44,440 - distributed.nanny - ERROR - Worker process died unexpectedly
2023-05-09 21:11:40,293 - distributed.nanny - INFO - Closing Nanny gracefully at 'tcp://172.16.3.103:33280'. Reason: worker-handle-scheduler-connection-broken
--- Logging error ---
2023-05-09 21:11:46,156 - distributed.nanny - INFO - Closing Nanny at 'tcp://172.16.3.103:33280'. Reason: nanny-close-gracefully
2023-05-09 21:11:46,157 - distributed.dask_worker - INFO - End worker
