2023-05-04 12:57:19,277 - distributed.nanny - INFO -         Start Nanny at: 'tcp://172.16.3.103:35101'
2023-05-04 12:57:19,650 - distributed.diskutils - INFO - Found stale lock file and directory '/tmp/dask-worker-space/worker-1ivudlv2', purging
2023-05-04 12:57:21,997 - distributed.worker - INFO -       Start worker at:   tcp://172.16.3.103:41902
2023-05-04 12:57:21,998 - distributed.worker - INFO -          Listening to:   tcp://172.16.3.103:41902
2023-05-04 12:57:21,998 - distributed.worker - INFO -           Worker name:             SLURMCluster-3
2023-05-04 12:57:21,998 - distributed.worker - INFO -          dashboard at:         172.16.3.103:44742
2023-05-04 12:57:21,998 - distributed.worker - INFO - Waiting to connect to:   tcp://172.16.3.106:43862
2023-05-04 12:57:21,998 - distributed.worker - INFO - -------------------------------------------------
2023-05-04 12:57:21,998 - distributed.worker - INFO -               Threads:                         36
2023-05-04 12:57:21,998 - distributed.worker - INFO -                Memory:                 178.81 GiB
2023-05-04 12:57:21,998 - distributed.worker - INFO -       Local Directory: /tmp/dask-worker-space/worker-t84zlaas
2023-05-04 12:57:21,998 - distributed.worker - INFO - -------------------------------------------------
2023-05-04 12:57:22,003 - distributed.worker - INFO -         Registered to:   tcp://172.16.3.106:43862
2023-05-04 12:57:22,003 - distributed.worker - INFO - -------------------------------------------------
2023-05-04 12:57:22,004 - distributed.core - INFO - Starting established connection to tcp://172.16.3.106:43862
2023-05-04 13:00:41,726 - distributed.core - INFO - Event loop was unresponsive in Worker for 4.96s.  This is often caused by long-running GIL-holding functions or moving large chunks of data. This can cause timeouts and instability.
2023-05-04 13:57:18,295 - distributed.core - INFO - Event loop was unresponsive in Worker for 3.19s.  This is often caused by long-running GIL-holding functions or moving large chunks of data. This can cause timeouts and instability.
2023-05-04 14:01:10,248 - distributed.core - INFO - Event loop was unresponsive in Worker for 3.53s.  This is often caused by long-running GIL-holding functions or moving large chunks of data. This can cause timeouts and instability.
2023-05-04 14:05:05,329 - distributed.core - INFO - Event loop was unresponsive in Worker for 4.09s.  This is often caused by long-running GIL-holding functions or moving large chunks of data. This can cause timeouts and instability.
2023-05-04 14:09:18,297 - distributed.core - INFO - Event loop was unresponsive in Worker for 4.58s.  This is often caused by long-running GIL-holding functions or moving large chunks of data. This can cause timeouts and instability.
2023-05-04 14:12:43,133 - distributed.core - INFO - Event loop was unresponsive in Worker for 6.71s.  This is often caused by long-running GIL-holding functions or moving large chunks of data. This can cause timeouts and instability.
2023-05-04 14:13:05,090 - distributed.core - INFO - Event loop was unresponsive in Worker for 4.61s.  This is often caused by long-running GIL-holding functions or moving large chunks of data. This can cause timeouts and instability.
2023-05-04 14:15:09,839 - distributed.utils_perf - INFO - full garbage collection released 1.37 GiB from 2038 reference cycles (threshold: 9.54 MiB)
2023-05-04 14:15:32,378 - distributed.utils_perf - INFO - full garbage collection released 3.11 GiB from 1278 reference cycles (threshold: 9.54 MiB)
2023-05-04 14:15:32,886 - distributed.core - INFO - Event loop was unresponsive in Worker for 4.42s.  This is often caused by long-running GIL-holding functions or moving large chunks of data. This can cause timeouts and instability.
2023-05-04 14:16:04,803 - distributed.worker - ERROR - failed during get data with tcp://172.16.3.103:41902 -> tcp://172.16.3.104:33022
Traceback (most recent call last):
  File "/vortexfs1/home/anthony.meza/mambaforge/envs/atm_rivers/lib/python3.10/site-packages/tornado/iostream.py", line 861, in _read_to_buffer
    bytes_read = self.read_from_fd(buf)
  File "/vortexfs1/home/anthony.meza/mambaforge/envs/atm_rivers/lib/python3.10/site-packages/tornado/iostream.py", line 1116, in read_from_fd
    return self.socket.recv_into(buf, len(buf))
TimeoutError: [Errno 110] Connection timed out

The above exception was the direct cause of the following exception:

Traceback (most recent call last):
  File "/vortexfs1/home/anthony.meza/mambaforge/envs/atm_rivers/lib/python3.10/site-packages/distributed/worker.py", line 1787, in get_data
    response = await comm.read(deserializers=serializers)
  File "/vortexfs1/home/anthony.meza/mambaforge/envs/atm_rivers/lib/python3.10/site-packages/distributed/comm/tcp.py", line 241, in read
    convert_stream_closed_error(self, e)
  File "/vortexfs1/home/anthony.meza/mambaforge/envs/atm_rivers/lib/python3.10/site-packages/distributed/comm/tcp.py", line 142, in convert_stream_closed_error
    raise CommClosedError(f"in {obj}: {exc.__class__.__name__}: {exc}") from exc
distributed.comm.core.CommClosedError: in <TCP (closed)  local=tcp://172.16.3.103:41902 remote=tcp://172.16.3.104:59253>: TimeoutError: [Errno 110] Connection timed out
2023-05-04 14:16:04,868 - distributed.core - INFO - Lost connection to 'tcp://172.16.3.104:59253'
Traceback (most recent call last):
  File "/vortexfs1/home/anthony.meza/mambaforge/envs/atm_rivers/lib/python3.10/site-packages/tornado/iostream.py", line 861, in _read_to_buffer
    bytes_read = self.read_from_fd(buf)
  File "/vortexfs1/home/anthony.meza/mambaforge/envs/atm_rivers/lib/python3.10/site-packages/tornado/iostream.py", line 1116, in read_from_fd
    return self.socket.recv_into(buf, len(buf))
TimeoutError: [Errno 110] Connection timed out

The above exception was the direct cause of the following exception:

Traceback (most recent call last):
  File "/vortexfs1/home/anthony.meza/mambaforge/envs/atm_rivers/lib/python3.10/site-packages/distributed/core.py", line 832, in _handle_comm
    result = await result
  File "/vortexfs1/home/anthony.meza/mambaforge/envs/atm_rivers/lib/python3.10/site-packages/distributed/core.py", line 991, in wrapper
    return await func(self, *args, **kwargs)
  File "/vortexfs1/home/anthony.meza/mambaforge/envs/atm_rivers/lib/python3.10/site-packages/distributed/worker.py", line 1787, in get_data
    response = await comm.read(deserializers=serializers)
  File "/vortexfs1/home/anthony.meza/mambaforge/envs/atm_rivers/lib/python3.10/site-packages/distributed/comm/tcp.py", line 241, in read
    convert_stream_closed_error(self, e)
  File "/vortexfs1/home/anthony.meza/mambaforge/envs/atm_rivers/lib/python3.10/site-packages/distributed/comm/tcp.py", line 142, in convert_stream_closed_error
    raise CommClosedError(f"in {obj}: {exc.__class__.__name__}: {exc}") from exc
distributed.comm.core.CommClosedError: in <TCP (closed)  local=tcp://172.16.3.103:41902 remote=tcp://172.16.3.104:59253>: TimeoutError: [Errno 110] Connection timed out
2023-05-04 14:16:12,356 - distributed.core - INFO - Event loop was unresponsive in Worker for 3.47s.  This is often caused by long-running GIL-holding functions or moving large chunks of data. This can cause timeouts and instability.
2023-05-04 14:16:23,639 - distributed.core - INFO - Event loop was unresponsive in Worker for 3.23s.  This is often caused by long-running GIL-holding functions or moving large chunks of data. This can cause timeouts and instability.
2023-05-04 14:16:36,450 - distributed.utils_perf - WARNING - full garbage collections took 10% CPU time recently (threshold: 10%)
2023-05-04 14:16:36,450 - distributed.utils_perf - INFO - full garbage collection released 39.46 MiB from 1258 reference cycles (threshold: 9.54 MiB)
2023-05-04 14:16:36,464 - distributed.core - INFO - Event loop was unresponsive in Worker for 4.15s.  This is often caused by long-running GIL-holding functions or moving large chunks of data. This can cause timeouts and instability.
2023-05-04 14:16:51,363 - distributed.utils_perf - WARNING - full garbage collections took 11% CPU time recently (threshold: 10%)
2023-05-04 14:16:51,363 - distributed.utils_perf - INFO - full garbage collection released 51.18 MiB from 1258 reference cycles (threshold: 9.54 MiB)
2023-05-04 14:16:51,373 - distributed.core - INFO - Event loop was unresponsive in Worker for 4.18s.  This is often caused by long-running GIL-holding functions or moving large chunks of data. This can cause timeouts and instability.
2023-05-04 14:17:07,163 - distributed.utils_perf - WARNING - full garbage collections took 11% CPU time recently (threshold: 10%)
2023-05-04 14:17:07,206 - distributed.core - INFO - Event loop was unresponsive in Worker for 5.19s.  This is often caused by long-running GIL-holding functions or moving large chunks of data. This can cause timeouts and instability.
2023-05-04 14:17:29,008 - distributed.core - INFO - Event loop was unresponsive in Worker for 7.12s.  This is often caused by long-running GIL-holding functions or moving large chunks of data. This can cause timeouts and instability.
2023-05-04 14:17:30,462 - distributed.utils_perf - WARNING - full garbage collections took 11% CPU time recently (threshold: 10%)
2023-05-04 14:18:45,201 - distributed.utils_perf - WARNING - full garbage collections took 12% CPU time recently (threshold: 10%)
2023-05-04 14:19:55,898 - distributed.utils_perf - WARNING - full garbage collections took 12% CPU time recently (threshold: 10%)
2023-05-04 14:21:08,395 - distributed.utils_perf - WARNING - full garbage collections took 12% CPU time recently (threshold: 10%)
2023-05-04 14:21:08,396 - distributed.utils_perf - INFO - full garbage collection released 121.29 MiB from 1081 reference cycles (threshold: 9.54 MiB)
2023-05-04 14:22:28,236 - distributed.utils_perf - WARNING - full garbage collections took 12% CPU time recently (threshold: 10%)
2023-05-04 14:22:28,239 - distributed.utils_perf - INFO - full garbage collection released 28.16 MiB from 1204 reference cycles (threshold: 9.54 MiB)
2023-05-04 14:23:26,794 - distributed.utils_perf - WARNING - full garbage collections took 11% CPU time recently (threshold: 10%)
2023-05-04 14:23:27,706 - distributed.core - INFO - Event loop was unresponsive in Worker for 3.12s.  This is often caused by long-running GIL-holding functions or moving large chunks of data. This can cause timeouts and instability.
2023-05-04 14:23:35,464 - distributed.utils_perf - WARNING - full garbage collections took 12% CPU time recently (threshold: 10%)
2023-05-04 14:23:35,464 - distributed.utils_perf - INFO - full garbage collection released 1.76 GiB from 2513 reference cycles (threshold: 9.54 MiB)
2023-05-04 14:23:35,880 - distributed.core - INFO - Event loop was unresponsive in Worker for 3.13s.  This is often caused by long-running GIL-holding functions or moving large chunks of data. This can cause timeouts and instability.
2023-05-04 14:23:42,382 - distributed.utils_perf - WARNING - full garbage collections took 12% CPU time recently (threshold: 10%)
2023-05-04 14:23:49,959 - distributed.utils_perf - WARNING - full garbage collections took 12% CPU time recently (threshold: 10%)
2023-05-04 14:23:49,959 - distributed.utils_perf - INFO - full garbage collection released 53.78 MiB from 1150 reference cycles (threshold: 9.54 MiB)
2023-05-04 14:23:58,810 - distributed.utils_perf - WARNING - full garbage collections took 13% CPU time recently (threshold: 10%)
2023-05-04 14:24:09,888 - distributed.core - INFO - Event loop was unresponsive in Worker for 5.70s.  This is often caused by long-running GIL-holding functions or moving large chunks of data. This can cause timeouts and instability.
2023-05-04 14:24:45,811 - distributed.utils_perf - WARNING - full garbage collections took 13% CPU time recently (threshold: 10%)
2023-05-04 14:25:09,811 - distributed.utils_perf - WARNING - full garbage collections took 13% CPU time recently (threshold: 10%)
2023-05-04 14:25:20,150 - distributed.utils_perf - WARNING - full garbage collections took 13% CPU time recently (threshold: 10%)
2023-05-04 14:25:20,150 - distributed.utils_perf - INFO - full garbage collection released 4.97 GiB from 1544 reference cycles (threshold: 9.54 MiB)
2023-05-04 14:25:20,164 - distributed.core - INFO - Event loop was unresponsive in Worker for 3.02s.  This is often caused by long-running GIL-holding functions or moving large chunks of data. This can cause timeouts and instability.
2023-05-04 14:25:28,171 - distributed.utils_perf - WARNING - full garbage collections took 13% CPU time recently (threshold: 10%)
2023-05-04 14:25:37,028 - distributed.utils_perf - WARNING - full garbage collections took 14% CPU time recently (threshold: 10%)
2023-05-04 14:25:45,619 - distributed.utils_perf - WARNING - full garbage collections took 14% CPU time recently (threshold: 10%)
2023-05-04 14:26:25,835 - distributed.utils_perf - WARNING - full garbage collections took 15% CPU time recently (threshold: 10%)
2023-05-04 14:28:20,105 - distributed.utils_perf - WARNING - full garbage collections took 14% CPU time recently (threshold: 10%)
slurmstepd: error: *** JOB 3082959 ON pn053 CANCELLED AT 2023-05-04T14:57:43 DUE TO TIME LIMIT ***
