2023-05-01 15:31:31,710 - distributed.nanny - INFO -         Start Nanny at: 'tcp://172.16.3.92:36463'
2023-05-01 15:31:35,076 - distributed.worker - INFO -       Start worker at:    tcp://172.16.3.92:42373
2023-05-01 15:31:35,077 - distributed.worker - INFO -          Listening to:    tcp://172.16.3.92:42373
2023-05-01 15:31:35,077 - distributed.worker - INFO -           Worker name:             SLURMCluster-0
2023-05-01 15:31:35,077 - distributed.worker - INFO -          dashboard at:          172.16.3.92:42389
2023-05-01 15:31:35,077 - distributed.worker - INFO - Waiting to connect to:    tcp://172.16.3.62:43030
2023-05-01 15:31:35,077 - distributed.worker - INFO - -------------------------------------------------
2023-05-01 15:31:35,077 - distributed.worker - INFO -               Threads:                         36
2023-05-01 15:31:35,077 - distributed.worker - INFO -                Memory:                  46.57 GiB
2023-05-01 15:31:35,077 - distributed.worker - INFO -       Local Directory: /tmp/dask-worker-space/worker-et4t1bmx
2023-05-01 15:31:35,077 - distributed.worker - INFO - -------------------------------------------------
2023-05-01 15:31:35,082 - distributed.worker - INFO -         Registered to:    tcp://172.16.3.62:43030
2023-05-01 15:31:35,083 - distributed.worker - INFO - -------------------------------------------------
2023-05-01 15:31:35,083 - distributed.core - INFO - Starting established connection to tcp://172.16.3.62:43030
2023-05-01 15:36:51,974 - distributed.utils_perf - INFO - full garbage collection released 22.03 MiB from 341 reference cycles (threshold: 9.54 MiB)
2023-05-01 15:39:27,340 - distributed.utils_perf - INFO - full garbage collection released 24.10 MiB from 586 reference cycles (threshold: 9.54 MiB)
2023-05-01 15:46:56,291 - distributed.utils_perf - INFO - full garbage collection released 15.15 MiB from 588 reference cycles (threshold: 9.54 MiB)
2023-05-01 15:48:44,738 - distributed.utils_perf - INFO - full garbage collection released 25.39 MiB from 784 reference cycles (threshold: 9.54 MiB)
HDF5-DIAG: Error detected in HDF5 (1.14.0) thread 1:
  #000: H5D.c line 1390 in H5Dwrite(): can't synchronously write data
    major: Dataset
    minor: Write failed
  #001: H5D.c line 1333 in H5D__write_api_common(): can't write data
    major: Dataset
    minor: Write failed
  #002: H5VLcallback.c line 2282 in H5VL_dataset_write_direct(): dataset write failed
    major: Virtual Object Layer
    minor: Write failed
  #003: H5VLcallback.c line 2237 in H5VL__dataset_write(): dataset write failed
    major: Virtual Object Layer
    minor: Write failed
  #004: H5VLnative_dataset.c line 408 in H5VL__native_dataset_write(): can't write data
    major: Dataset
    minor: Write failed
  #005: H5Dio.c line 739 in H5D__write(): can't write data
    major: Dataset
    minor: Write failed
  #006: H5Dcontig.c line 921 in H5D__contig_write(): contiguous write failed
    major: Dataset
    minor: Write failed
  #007: H5Dselect.c line 493 in H5D__select_write(): write error
    major: Dataspace
    minor: Write failed
  #008: H5Dselect.c line 230 in H5D__select_io(): write error
    major: Dataspace
    minor: Write failed
  #009: H5Dcontig.c line 1530 in H5D__contig_writevv(): can't perform vectorized sieve buffer write
    major: Dataset
    minor: Can't operate on object
  #010: H5VM.c line 1400 in H5VM_opvv(): can't perform operation
    major: Internal error (too specific to document in detail)
    minor: Can't operate on object
  #011: H5Dcontig.c line 1283 in H5D__contig_writevv_sieve_cb(): block write failed
    major: Dataset
    minor: Write failed
  #012: H5Fio.c line 190 in H5F_shared_block_write(): write through page buffer failed
    major: Low-level I/O
    minor: Write failed
  #013: H5PB.c line 1017 in H5PB_write(): write through metadata accumulator failed
    major: Page Buffering
    minor: Write failed
    major: Low-level I/O
    minor: Write failed
thread 22023-05-01 16:08:40,282 - distributed.worker - WARNING - Compute Failed
Key:       ('astype-store-map-ec06254cf0adce1d1c77fd526bc2b14b', 1037, 1, 0, 0)
Function:  execute_task
args:      ((<function store_chunk at 0x2aab37e22b90>, (subgraph_callable-6d38a6af-542e-4ae5-87ae-7c7b9489e528, array(-32767., dtype=float32), 0.0007324442267417908, array([[[[25.407116, 25.419569, 25.42909 , ...,       nan,       nan,
                nan],
         [25.375622, 25.368298, 25.363903, ...,       nan,       nan,
                nan],
         [25.347057, 25.345592, 25.352917, ...,       nan,       nan,
                nan],
         ...,
         [      nan,       nan,       nan, ...,       nan,       nan,
                nan],
         [      nan,       nan,       nan, ...,       nan,       nan,
                nan],
         [      nan,       nan,       nan, ...,       nan,       nan,
                nan]],

        [[25.399792, 25.412975, 25.422499, ...,       nan,       nan,
                nan],
         [25.36903 , 25.361706, 25.357311, ...,       nan,       nan,
                nan],
         [25.340466, 25.339   , 25.346325, ...,       nan,       nan,
                nan],
 
kwargs:    {}
Exception: "RuntimeError('NetCDF: HDF error')"

--- Logging error ---
2023-05-01 16:08:40,445 - distributed.worker - WARNING - Compute Failed
Key:       ('astype-store-map-ec06254cf0adce1d1c77fd526bc2b14b', 1037, 0, 0, 0)
Function:  execute_task
args:      ((<function store_chunk at 0x2aab37e22b90>, (subgraph_callable-6d38a6af-542e-4ae5-87ae-7c7b9489e528, array(-32767., dtype=float32), 0.0007324442267417908, array([[[[25.467178, 25.478165, 25.486221, ...,       nan,       nan,
                nan],
         [25.43495 , 25.426893, 25.422499, ...,       nan,       nan,
                nan],
         [25.404919, 25.403454, 25.410046, ...,       nan,       nan,
                nan],
         ...,
         [      nan,       nan,       nan, ...,       nan,       nan,
                nan],
         [      nan,       nan,       nan, ...,       nan,       nan,
                nan],
         [      nan,       nan,       nan, ...,       nan,       nan,
                nan]],

        [[25.45326 , 25.464981, 25.47377 , ...,       nan,       nan,
                nan],
         [25.421766, 25.413708, 25.409313, ...,       nan,       nan,
                nan],
         [25.392467, 25.391003, 25.396862, ...,       nan,       nan,
                nan],
 
kwargs:    {}
Exception: "RuntimeError('NetCDF: HDF error')"

--- Logging error ---
2023-05-01 16:08:40,464 - distributed.worker - WARNING - Compute Failed
Key:       ('astype-store-map-ec06254cf0adce1d1c77fd526bc2b14b', 1037, 2, 0, 0)
Function:  execute_task
args:      ((<function store_chunk at 0x2aab37e22b90>, (subgraph_callable-6d38a6af-542e-4ae5-87ae-7c7b9489e528, array(-32767., dtype=float32), 0.0007324442267417908, array([[[[25.375622, 25.388073, 25.398327, ...,       nan,       nan,
                nan],
         [25.34486 , 25.337536, 25.333872, ...,       nan,       nan,
                nan],
         [25.317026, 25.315561, 25.32142 , ...,       nan,       nan,
                nan],
         ...,
         [      nan,       nan,       nan, ...,       nan,       nan,
                nan],
         [      nan,       nan,       nan, ...,       nan,       nan,
                nan],
         [      nan,       nan,       nan, ...,       nan,       nan,
                nan]],

        [[25.370495, 25.382214, 25.392467, ...,       nan,       nan,
                nan],
         [25.338268, 25.331675, 25.328012, ...,       nan,       nan,
                nan],
         [25.310434, 25.30897 , 25.315561, ...,       nan,       nan,
                nan],
 
kwargs:    {}
Exception: "RuntimeError('NetCDF: HDF error')"

--- Logging error ---
2023-05-01 16:08:40,859 - distributed.worker - WARNING - Compute Failed
Key:       ('astype-store-map-ec06254cf0adce1d1c77fd526bc2b14b', 1037, 3, 0, 0)
Function:  execute_task
args:      ((<function store_chunk at 0x2aab37e22b90>, (subgraph_callable-6d38a6af-542e-4ae5-87ae-7c7b9489e528, array(-32767., dtype=float32), 0.0007324442267417908, array([[[[25.35365 , 25.361706, 25.372692, ...,       nan,       nan,
                nan],
         [25.308237, 25.307505, 25.309702, ...,       nan,       nan,
                nan],
         [25.283333, 25.281868, 25.286263, ...,       nan,       nan,
                nan],
         ...,
         [      nan,       nan,       nan, ...,       nan,       nan,
                nan],
         [      nan,       nan,       nan, ...,       nan,       nan,
                nan],
         [      nan,       nan,       nan, ...,       nan,       nan,
                nan]],

        [[25.354382, 25.36024 , 25.371227, ...,       nan,       nan,
                nan],
         [25.299448, 25.302378, 25.307505, ...,       nan,       nan,
                nan],
         [25.274544, 25.273811, 25.278206, ...,       nan,       nan,
                nan],
 
kwargs:    {}
Exception: "RuntimeError('NetCDF: HDF error')"

--- Logging error ---
2023-05-01 16:08:41,244 - distributed.worker - WARNING - Compute Failed
Key:       ('astype-store-map-ec06254cf0adce1d1c77fd526bc2b14b', 1037, 4, 0, 0)
Function:  execute_task
args:      ((<function store_chunk at 0x2aab37e22b90>, (subgraph_callable-6d38a6af-542e-4ae5-87ae-7c7b9489e528, array(-32767., dtype=float32), 0.0007324442267417908, array([[[[25.449598, 25.45912 , 25.464981, ...,       nan,       nan,
                nan],
         [25.319956, 25.34193 , 25.365368, ...,       nan,       nan,
                nan],
         [25.27015 , 25.277473, 25.289192, ...,       nan,       nan,
                nan],
         ...,
         [      nan,       nan,       nan, ...,       nan,       nan,
                nan],
         [      nan,       nan,       nan, ...,       nan,       nan,
                nan],
         [      nan,       nan,       nan, ...,       nan,       nan,
                nan]]]], dtype=float32), 21.0), <xarray.backends.netCDF4_.NetCDF4ArrayWrapper object at 0x2aab69b19540>, (slice(1037, 1038, None), slice(20, 21, None), slice(0, 745, None), slice(0, 901, None)), None, False))
kwargs:    {}
Exception: "RuntimeError('NetCDF: HDF error')"

--- Logging error ---
2023-05-01 16:08:41,710 - distributed.worker - WARNING - Compute Failed
Key:       ('astype-store-map-ec06254cf0adce1d1c77fd526bc2b14b', 7699, 0, 0, 0)
Function:  execute_task
args:      ((<function store_chunk at 0x2aab37e22b90>, (subgraph_callable-6d38a6af-542e-4ae5-87ae-7c7b9489e528, array(-32767., dtype=float32), 0.0007324442267417908, array([[[[25.248177, 25.26136 , 25.271614, ...,       nan,       nan,
                nan],
         [25.232796, 25.246712, 25.259895, ...,       nan,       nan,
                nan],
         [25.224007, 25.236458, 25.251106, ...,       nan,       nan,
                nan],
         ...,
         [      nan,       nan,       nan, ...,       nan,       nan,
                nan],
         [      nan,       nan,       nan, ...,       nan,       nan,
                nan],
         [      nan,       nan,       nan, ...,       nan,       nan,
                nan]],

        [[25.236458, 25.248909, 25.259163, ...,       nan,       nan,
                nan],
         [25.220345, 25.23426 , 25.246712, ...,       nan,       nan,
                nan],
         [25.210821, 25.224007, 25.237923, ...,       nan,       nan,
                nan],
 
kwargs:    {}
Exception: "RuntimeError('NetCDF: HDF error')"

--- Logging error ---
2023-05-01 16:08:51,849 - distributed.worker - WARNING - Compute Failed
Key:       ('astype-store-map-ec06254cf0adce1d1c77fd526bc2b14b', 7699, 1, 0, 0)
Function:  execute_task
args:      ((<function store_chunk at 0x2aab37e22b90>, (subgraph_callable-6d38a6af-542e-4ae5-87ae-7c7b9489e528, array(-32767., dtype=float32), 0.0007324442267417908, array([[[[25.176397, 25.188848, 25.197638, ...,       nan,       nan,
                nan],
         [25.15955 , 25.172735, 25.184454, ...,       nan,       nan,
                nan],
         [25.149296, 25.161747, 25.174932, ...,       nan,       nan,
                nan],
         ...,
         [      nan,       nan,       nan, ...,       nan,       nan,
                nan],
         [      nan,       nan,       nan, ...,       nan,       nan,
                nan],
         [      nan,       nan,       nan, ...,       nan,       nan,
                nan]],

        [[25.167608, 25.179327, 25.188116, ...,       nan,       nan,
                nan],
         [25.150028, 25.163212, 25.174932, ...,       nan,       nan,
                nan],
         [25.139774, 25.152225, 25.165411, ...,       nan,       nan,
                nan],
 
kwargs:    {}
Exception: "RuntimeError('NetCDF: HDF error')"

--- Logging error ---
2023-05-01 16:08:52,239 - distributed.worker - WARNING - Compute Failed
Key:       ('astype-store-map-ec06254cf0adce1d1c77fd526bc2b14b', 7699, 2, 0, 0)
Function:  execute_task
args:      ((<function store_chunk at 0x2aab37e22b90>, (subgraph_callable-6d38a6af-542e-4ae5-87ae-7c7b9489e528, array(-32767., dtype=float32), 0.0007324442267417908, array([[[[25.13538 , 25.145634, 25.154423, ...,       nan,       nan,
                nan],
         [25.116337, 25.128788, 25.139042, ...,       nan,       nan,
                nan],
         [25.104618, 25.116337, 25.128788, ...,       nan,       nan,
                nan],
         ...,
         [      nan,       nan,       nan, ...,       nan,       nan,
                nan],
         [      nan,       nan,       nan, ...,       nan,       nan,
                nan],
         [      nan,       nan,       nan, ...,       nan,       nan,
                nan]],

        [[25.128056, 25.13831 , 25.146366, ...,       nan,       nan,
                nan],
         [25.10828 , 25.119999, 25.130253, ...,       nan,       nan,
                nan],
         [25.095829, 25.106815, 25.119267, ...,       nan,       nan,
                nan],
 
kwargs:    {}
Exception: "RuntimeError('NetCDF: HDF error')"

--- Logging error ---
2023-05-01 16:08:56,683 - distributed.worker - WARNING - Compute Failed
Key:       ('astype-store-map-ec06254cf0adce1d1c77fd526bc2b14b', 7699, 3, 0, 0)
Function:  execute_task
args:      ((<function store_chunk at 0x2aab37e22b90>, (subgraph_callable-6d38a6af-542e-4ae5-87ae-7c7b9489e528, array(-32767., dtype=float32), 0.0007324442267417908, array([[[[25.107548, 25.113407, 25.119999, ...,       nan,       nan,
                nan],
         [25.081179, 25.088505, 25.095829, ...,       nan,       nan,
                nan],
         [25.061403, 25.068727, 25.077517, ...,       nan,       nan,
                nan],
         ...,
         [      nan,       nan,       nan, ...,       nan,       nan,
                nan],
         [      nan,       nan,       nan, ...,       nan,       nan,
                nan],
         [      nan,       nan,       nan, ...,       nan,       nan,
                nan]],

        [[25.106815, 25.11121 , 25.11707 , ...,       nan,       nan,
                nan],
         [25.077517, 25.083376, 25.08997 , ...,       nan,       nan,
                nan],
         [25.05408 , 25.06067 , 25.067995, ...,       nan,       nan,
                nan],
 
kwargs:    {}
Exception: "RuntimeError('NetCDF: HDF error')"

--- Logging error ---
2023-05-01 16:08:58,859 - distributed.worker - WARNING - Compute Failed
Key:       ('astype-store-map-ec06254cf0adce1d1c77fd526bc2b14b', 5496, 0, 0, 0)
Function:  execute_task
args:      ((<function store_chunk at 0x2aab37e22b90>, (subgraph_callable-6d38a6af-542e-4ae5-87ae-7c7b9489e528, array(-32767., dtype=float32), 0.0007324442267417908, array([[[[23.795008, 23.832361, 23.87704 , ...,       nan,       nan,
                nan],
         [23.775963, 23.814783, 23.860195, ...,       nan,       nan,
                nan],
         [23.750328, 23.797205, 23.841885, ...,       nan,       nan,
                nan],
         ...,
         [      nan,       nan,       nan, ...,       nan,       nan,
                nan],
         [      nan,       nan,       nan, ...,       nan,       nan,
                nan],
         [      nan,       nan,       nan, ...,       nan,       nan,
                nan]],

        [[23.783287, 23.820642, 23.865322, ...,       nan,       nan,
                nan],
         [23.76278 , 23.8016  , 23.847744, ...,       nan,       nan,
                nan],
         [23.736412, 23.783287, 23.827967, ...,       nan,       nan,
                nan],
 
kwargs:    {}
Exception: "RuntimeError('NetCDF: HDF error')"

--- Logging error ---
2023-05-01 16:08:59,250 - distributed.worker - WARNING - Compute Failed
Key:       ('astype-store-map-ec06254cf0adce1d1c77fd526bc2b14b', 5496, 1, 0, 0)
Function:  execute_task
args:      ((<function store_chunk at 0x2aab37e22b90>, (subgraph_callable-6d38a6af-542e-4ae5-87ae-7c7b9489e528, array(-32767., dtype=float32), 0.0007324442267417908, array([[[[23.722496, 23.75985 , 23.80453 , ...,       nan,       nan,
                nan],
         [23.701254, 23.740074, 23.786219, ...,       nan,       nan,
                nan],
         [23.673422, 23.720299, 23.764977, ...,       nan,       nan,
                nan],
         ...,
         [      nan,       nan,       nan, ...,       nan,       nan,
                nan],
         [      nan,       nan,       nan, ...,       nan,       nan,
                nan],
         [      nan,       nan,       nan, ...,       nan,       nan,
                nan]],

        [[23.712973, 23.750328, 23.795008, ...,       nan,       nan,
                nan],
         [23.691   , 23.72982 , 23.776695, ...,       nan,       nan,
                nan],
         [23.663168, 23.710043, 23.755455, ...,       nan,       nan,
                nan],
 
kwargs:    {}
Exception: "RuntimeError('NetCDF: HDF error')"

--- Logging error ---
2023-05-01 16:08:59,651 - distributed.worker - WARNING - Compute Failed
Key:       ('astype-store-map-ec06254cf0adce1d1c77fd526bc2b14b', 5496, 2, 0, 0)
Function:  execute_task
args:      ((<function store_chunk at 0x2aab37e22b90>, (subgraph_callable-6d38a6af-542e-4ae5-87ae-7c7b9489e528, array(-32767., dtype=float32), 0.0007324442267417908, array([[[[23.67269 , 23.710043, 23.75399 , ...,       nan,       nan,
                nan],
         [23.64925 , 23.689535, 23.734215, ...,       nan,       nan,
                nan],
         [23.621418, 23.668295, 23.71224 , ...,       nan,       nan,
                nan],
         ...,
         [      nan,       nan,       nan, ...,       nan,       nan,
                nan],
         [      nan,       nan,       nan, ...,       nan,       nan,
                nan],
         [      nan,       nan,       nan, ...,       nan,       nan,
                nan]],

        [[23.660236, 23.69686 , 23.740074, ...,       nan,       nan,
                nan],
         [23.636799, 23.676352, 23.719566, ...,       nan,       nan,
                nan],
         [23.608234, 23.655842, 23.697592, ...,       nan,       nan,
                nan],
 
kwargs:    {}
Exception: "RuntimeError('NetCDF: HDF error')"

--- Logging error ---
2023-05-01 16:09:00,037 - distributed.worker - WARNING - Compute Failed
Key:       ('astype-store-map-ec06254cf0adce1d1c77fd526bc2b14b', 5496, 3, 0, 0)
Function:  execute_task
args:      ((<function store_chunk at 0x2aab37e22b90>, (subgraph_callable-6d38a6af-542e-4ae5-87ae-7c7b9489e528, array(-32767., dtype=float32), 0.0007324442267417908, array([[[[23.587725, 23.617023, 23.647785, ...,       nan,       nan,
                nan],
         [23.56209 , 23.598713, 23.628742, ...,       nan,       nan,
                nan],
         [23.532791, 23.579668, 23.608967, ...,       nan,       nan,
                nan],
         ...,
         [      nan,       nan,       nan, ...,       nan,       nan,
                nan],
         [      nan,       nan,       nan, ...,       nan,       nan,
                nan],
         [      nan,       nan,       nan, ...,       nan,       nan,
                nan]],

        [[23.560625, 23.586992, 23.612629, ...,       nan,       nan,
                nan],
         [23.533524, 23.570147, 23.59505 , ...,       nan,       nan,
                nan],
         [23.50496 , 23.550371, 23.576738, ...,       nan,       nan,
                nan],
 
kwargs:    {}
Exception: "RuntimeError('NetCDF: HDF error')"

--- Logging error ---
2023-05-01 16:09:00,491 - distributed.worker - WARNING - Compute Failed
Key:       ('astype-store-map-ec06254cf0adce1d1c77fd526bc2b14b', 3609, 0, 0, 0)
Function:  execute_task
args:      ((<function store_chunk at 0x2aab37e22b90>, (subgraph_callable-6d38a6af-542e-4ae5-87ae-7c7b9489e528, array(-32767., dtype=float32), 0.0007324442267417908, array([[[[28.487778, 28.4702  , 28.451155, ...,       nan,       nan,
                nan],
         [28.492905, 28.475327, 28.456282, ...,       nan,       nan,
                nan],
         [28.506088, 28.487045, 28.468002, ...,       nan,       nan,
                nan],
         ...,
         [      nan,       nan,       nan, ...,       nan,       nan,
                nan],
         [      nan,       nan,       nan, ...,       nan,       nan,
                nan],
         [      nan,       nan,       nan, ...,       nan,       nan,
                nan]],

        [[28.486313, 28.469467, 28.450422, ...,       nan,       nan,
                nan],
         [28.492172, 28.474594, 28.45555 , ...,       nan,       nan,
                nan],
         [28.505356, 28.486313, 28.466537, ...,       nan,       nan,
                nan],
 
kwargs:    {}
Exception: "RuntimeError('NetCDF: HDF error')"

--- Logging error ---
2023-05-01 16:09:00,887 - distributed.worker - WARNING - Compute Failed
Key:       ('astype-store-map-ec06254cf0adce1d1c77fd526bc2b14b', 3609, 4, 0, 0)
Function:  execute_task
args:      ((<function store_chunk at 0x2aab37e22b90>, (subgraph_callable-6d38a6af-542e-4ae5-87ae-7c7b9489e528, array(-32767., dtype=float32), 0.0007324442267417908, array([[[[28.430647, 28.415266, 28.397686, ...,       nan,       nan,
                nan],
         [28.435774, 28.41966 , 28.40208 , ...,       nan,       nan,
                nan],
         [28.448957, 28.43138 , 28.4138  , ...,       nan,       nan,
                nan],
         ...,
         [      nan,       nan,       nan, ...,       nan,       nan,
                nan],
         [      nan,       nan,       nan, ...,       nan,       nan,
                nan],
         [      nan,       nan,       nan, ...,       nan,       nan,
                nan]]]], dtype=float32), 21.0), <xarray.backends.netCDF4_.NetCDF4ArrayWrapper object at 0x2aab884261c0>, (slice(3609, 3610, None), slice(20, 21, None), slice(0, 745, None), slice(0, 901, None)), None, False))
kwargs:    {}
Exception: "RuntimeError('NetCDF: HDF error')"

--- Logging error ---
2023-05-01 16:09:01,277 - distributed.worker - WARNING - Compute Failed
Key:       ('astype-store-map-ec06254cf0adce1d1c77fd526bc2b14b', 3609, 1, 0, 0)
Function:  execute_task
args:      ((<function store_chunk at 0x2aab37e22b90>, (subgraph_callable-6d38a6af-542e-4ae5-87ae-7c7b9489e528, array(-32767., dtype=float32), 0.0007324442267417908, array([[[[28.473862, 28.457014, 28.437971, ...,       nan,       nan,
                nan],
         [28.478989, 28.462143, 28.44383 , ...,       nan,       nan,
                nan],
         [28.492172, 28.473862, 28.454817, ...,       nan,       nan,
                nan],
         ...,
         [      nan,       nan,       nan, ...,       nan,       nan,
                nan],
         [      nan,       nan,       nan, ...,       nan,       nan,
                nan],
         [      nan,       nan,       nan, ...,       nan,       nan,
                nan]],

        [[28.469467, 28.453352, 28.434309, ...,       nan,       nan,
                nan],
         [28.475327, 28.457747, 28.439436, ...,       nan,       nan,
                nan],
         [28.48851 , 28.469467, 28.450422, ...,       nan,       nan,
                nan],
 
kwargs:    {}
Exception: "RuntimeError('NetCDF: HDF error')"

--- Logging error ---
2023-05-01 16:09:12,552 - distributed.worker - WARNING - Compute Failed
Key:       ('astype-store-map-ec06254cf0adce1d1c77fd526bc2b14b', 3609, 2, 0, 0)
Function:  execute_task
args:      ((<function store_chunk at 0x2aab37e22b90>, (subgraph_callable-6d38a6af-542e-4ae5-87ae-7c7b9489e528, array(-32767., dtype=float32), 0.0007324442267417908, array([[[[28.454084, 28.437971, 28.418928, ...,       nan,       nan,
                nan],
         [28.459211, 28.442366, 28.424055, ...,       nan,       nan,
                nan],
         [28.472397, 28.454084, 28.435041, ...,       nan,       nan,
                nan],
         ...,
         [      nan,       nan,       nan, ...,       nan,       nan,
                nan],
         [      nan,       nan,       nan, ...,       nan,       nan,
                nan],
         [      nan,       nan,       nan, ...,       nan,       nan,
                nan]],

        [[28.450422, 28.434309, 28.415266, ...,       nan,       nan,
                nan],
         [28.45555 , 28.438704, 28.420393, ...,       nan,       nan,
                nan],
         [28.468735, 28.450422, 28.43138 , ...,       nan,       nan,
                nan],
 
kwargs:    {}
Exception: "RuntimeError('NetCDF: HDF error')"

--- Logging error ---
2023-05-01 16:09:12,943 - distributed.worker - WARNING - Compute Failed
Key:       ('astype-store-map-ec06254cf0adce1d1c77fd526bc2b14b', 3609, 3, 0, 0)
Function:  execute_task
args:      ((<function store_chunk at 0x2aab37e22b90>, (subgraph_callable-6d38a6af-542e-4ae5-87ae-7c7b9489e528, array(-32767., dtype=float32), 0.0007324442267417908, array([[[[28.436506, 28.420393, 28.40208 , ...,       nan,       nan,
                nan],
         [28.441633, 28.424788, 28.406475, ...,       nan,       nan,
                nan],
         [28.454817, 28.436506, 28.418196, ...,       nan,       nan,
                nan],
         ...,
         [      nan,       nan,       nan, ...,       nan,       nan,
                nan],
         [      nan,       nan,       nan, ...,       nan,       nan,
                nan],
         [      nan,       nan,       nan, ...,       nan,       nan,
                nan]],

        [[28.433577, 28.417463, 28.39915 , ...,       nan,       nan,
                nan],
         [28.438704, 28.421858, 28.404278, ...,       nan,       nan,
                nan],
         [28.451887, 28.433577, 28.415266, ...,       nan,       nan,
                nan],
 
kwargs:    {}
Exception: "RuntimeError('NetCDF: HDF error')"

--- Logging error ---
2023-05-01 16:09:13,421 - distributed.worker - WARNING - Compute Failed
Key:       ('astype-store-map-ec06254cf0adce1d1c77fd526bc2b14b', 3732, 0, 0, 0)
Function:  execute_task
args:      ((<function store_chunk at 0x2aab37e22b90>, (subgraph_callable-6d38a6af-542e-4ae5-87ae-7c7b9489e528, array(-32767., dtype=float32), 0.0007324442267417908, array([[[[28.352276, 28.336895, 28.322977, ...,       nan,       nan,
                nan],
         [28.345684, 28.331766, 28.31785 , ...,       nan,       nan,
                nan],
         [28.336163, 28.32371 , 28.311258, ...,       nan,       nan,
                nan],
         ...,
         [      nan,       nan,       nan, ...,       nan,       nan,
                nan],
         [      nan,       nan,       nan, ...,       nan,       nan,
                nan],
         [      nan,       nan,       nan, ...,       nan,       nan,
                nan]],

        [[28.34422 , 28.328104, 28.313456, ...,       nan,       nan,
                nan],
         [28.336895, 28.322977, 28.308329, ...,       nan,       nan,
                nan],
         [28.327372, 28.31492 , 28.301737, ...,       nan,       nan,
                nan],
 
kwargs:    {}
Exception: "RuntimeError('NetCDF: HDF error')"

--- Logging error ---
2023-05-01 16:09:13,815 - distributed.worker - WARNING - Compute Failed
Key:       ('astype-store-map-ec06254cf0adce1d1c77fd526bc2b14b', 3732, 1, 0, 0)
Function:  execute_task
args:      ((<function store_chunk at 0x2aab37e22b90>, (subgraph_callable-6d38a6af-542e-4ae5-87ae-7c7b9489e528, array(-32767., dtype=float32), 0.0007324442267417908, array([[[[28.291483, 28.275368, 28.259254, ...,       nan,       nan,
                nan],
         [28.28489 , 28.269508, 28.254128, ...,       nan,       nan,
                nan],
         [28.275368, 28.261452, 28.247536, ...,       nan,       nan,
                nan],
         ...,
         [      nan,       nan,       nan, ...,       nan,       nan,
                nan],
         [      nan,       nan,       nan, ...,       nan,       nan,
                nan],
         [      nan,       nan,       nan, ...,       nan,       nan,
                nan]],

        [[28.282692, 28.265846, 28.249733, ...,       nan,       nan,
                nan],
         [28.275368, 28.259987, 28.244606, ...,       nan,       nan,
                nan],
         [28.265846, 28.252663, 28.238014, ...,       nan,       nan,
                nan],
 
kwargs:    {}
Exception: "RuntimeError('NetCDF: HDF error')"

--- Logging error ---
2023-05-01 16:09:14,219 - distributed.worker - WARNING - Compute Failed
Key:       ('astype-store-map-ec06254cf0adce1d1c77fd526bc2b14b', 3732, 2, 0, 0)
Function:  execute_task
args:      ((<function store_chunk at 0x2aab37e22b90>, (subgraph_callable-6d38a6af-542e-4ae5-87ae-7c7b9489e528, array(-32767., dtype=float32), 0.0007324442267417908, array([[[[28.25193 , 28.235085, 28.218239, ...,       nan,       nan,
                nan],
         [28.244606, 28.229225, 28.213844, ...,       nan,       nan,
                nan],
         [28.235085, 28.221169, 28.206518, ...,       nan,       nan,
                nan],
         ...,
         [      nan,       nan,       nan, ...,       nan,       nan,
                nan],
         [      nan,       nan,       nan, ...,       nan,       nan,
                nan],
         [      nan,       nan,       nan, ...,       nan,       nan,
                nan]],

        [[28.243874, 28.227028, 28.21018 , ...,       nan,       nan,
                nan],
         [28.23655 , 28.221169, 28.205053, ...,       nan,       nan,
                nan],
         [28.226295, 28.21238 , 28.19773 , ...,       nan,       nan,
                nan],
 
kwargs:    {}
Exception: "RuntimeError('NetCDF: HDF error')"

--- Logging error ---
2023-05-01 16:09:14,619 - distributed.worker - WARNING - Compute Failed
Key:       ('astype-store-map-ec06254cf0adce1d1c77fd526bc2b14b', 3732, 3, 0, 0)
Function:  execute_task
args:      ((<function store_chunk at 0x2aab37e22b90>, (subgraph_callable-6d38a6af-542e-4ae5-87ae-7c7b9489e528, array(-32767., dtype=float32), 0.0007324442267417908, array([[[[28.178686, 28.159641, 28.139866, ...,       nan,       nan,
                nan],
         [28.166967, 28.150852, 28.133274, ...,       nan,       nan,
                nan],
         [28.150852, 28.136936, 28.121555, ...,       nan,       nan,
                nan],
         ...,
         [      nan,       nan,       nan, ...,       nan,       nan,
                nan],
         [      nan,       nan,       nan, ...,       nan,       nan,
                nan],
         [      nan,       nan,       nan, ...,       nan,       nan,
                nan]],

        [[28.13181 , 28.109104, 28.0842  , ...,       nan,       nan,
                nan],
         [28.117893, 28.09885 , 28.076143, ...,       nan,       nan,
                nan],
         [28.09592 , 28.082003, 28.062227, ...,       nan,       nan,
                nan],
 
kwargs:    {}
Exception: "RuntimeError('NetCDF: HDF error')"

--- Logging error ---
2023-05-01 16:09:15,010 - distributed.worker - WARNING - Compute Failed
Key:       ('astype-store-map-ec06254cf0adce1d1c77fd526bc2b14b', 3732, 4, 0, 0)
Function:  execute_task
args:      ((<function store_chunk at 0x2aab37e22b90>, (subgraph_callable-6d38a6af-542e-4ae5-87ae-7c7b9489e528, array(-32767., dtype=float32), 0.0007324442267417908, array([[[[26.694021, 26.698416, 26.686697, ...,       nan,       nan,
                nan],
         [26.567308, 26.57683 , 26.574633, ...,       nan,       nan,
                nan],
         [26.449385, 26.44792 , 26.44206 , ...,       nan,       nan,
                nan],
         ...,
         [      nan,       nan,       nan, ...,       nan,       nan,
                nan],
         [      nan,       nan,       nan, ...,       nan,       nan,
                nan],
         [      nan,       nan,       nan, ...,       nan,       nan,
                nan]]]], dtype=float32), 21.0), <xarray.backends.netCDF4_.NetCDF4ArrayWrapper object at 0x2aab83831240>, (slice(3732, 3733, None), slice(20, 21, None), slice(0, 745, None), slice(0, 901, None)), None, False))
kwargs:    {}
Exception: "RuntimeError('NetCDF: HDF error')"

--- Logging error ---
2023-05-01 16:09:38,571 - distributed.worker - WARNING - Compute Failed
Key:       ('astype-store-map-ec06254cf0adce1d1c77fd526bc2b14b', 6111, 0, 0, 0)
Function:  execute_task
args:      ((<function store_chunk at 0x2aab37e22b90>, (subgraph_callable-6d38a6af-542e-4ae5-87ae-7c7b9489e528, array(-32767., dtype=float32), 0.0007324442267417908, array([[[[27.704062, 27.696737, 27.698202, ...,       nan,       nan,
                nan],
         [27.701132, 27.695272, 27.690145, ...,       nan,       nan,
                nan],
         [27.699667, 27.693075, 27.687216, ...,       nan,       nan,
                nan],
         ...,
         [      nan,       nan,       nan, ...,       nan,       nan,
                nan],
         [      nan,       nan,       nan, ...,       nan,       nan,
                nan],
         [      nan,       nan,       nan, ...,       nan,       nan,
                nan]],

        [[27.702597, 27.695272, 27.696737, ...,       nan,       nan,
                nan],
         [27.699667, 27.693808, 27.68868 , ...,       nan,       nan,
                nan],
         [27.698202, 27.69161 , 27.685751, ...,       nan,       nan,
                nan],
 
kwargs:    {}
Exception: "RuntimeError('NetCDF: HDF error')"

--- Logging error ---
2023-05-01 16:10:01,126 - distributed.worker - WARNING - Compute Failed
Key:       ('astype-store-map-ec06254cf0adce1d1c77fd526bc2b14b', 6111, 1, 0, 0)
Function:  execute_task
args:      ((<function store_chunk at 0x2aab37e22b90>, (subgraph_callable-6d38a6af-542e-4ae5-87ae-7c7b9489e528, array(-32767., dtype=float32), 0.0007324442267417908, array([[[[27.677694, 27.67037 , 27.671835, ...,       nan,       nan,
                nan],
         [27.675497, 27.669638, 27.663776, ...,       nan,       nan,
                nan],
         [27.674765, 27.66744 , 27.660847, ...,       nan,       nan,
                nan],
         ...,
         [      nan,       nan,       nan, ...,       nan,       nan,
                nan],
         [      nan,       nan,       nan, ...,       nan,       nan,
                nan],
         [      nan,       nan,       nan, ...,       nan,       nan,
                nan]],

        [[27.671835, 27.66451 , 27.665976, ...,       nan,       nan,
                nan],
         [27.669638, 27.663776, 27.657917, ...,       nan,       nan,
                nan],
         [27.669638, 27.66158 , 27.654987, ...,       nan,       nan,
                nan],
 
kwargs:    {}
Exception: "RuntimeError('NetCDF: HDF error')"

--- Logging error ---
2023-05-01 17:23:41,043 - distributed.utils_perf - INFO - full garbage collection released 415.60 MiB from 7970 reference cycles (threshold: 9.54 MiB)
--- Logging error ---
2023-05-01 17:28:20,464 - distributed.core - INFO - Connection to tcp://172.16.3.62:43030 has been closed.
2023-05-01 17:28:20,465 - distributed.worker - INFO - Stopping worker at tcp://172.16.3.92:42373. Reason: worker-handle-scheduler-connection-broken
2023-05-01 17:28:20,466 - distributed.worker - ERROR - Failed to communicate with scheduler during heartbeat.
Traceback (most recent call last):
  File "/vortexfs1/home/anthony.meza/mambaforge/envs/atm_rivers/lib/python3.10/site-packages/tornado/iostream.py", line 861, in _read_to_buffer
    bytes_read = self.read_from_fd(buf)
  File "/vortexfs1/home/anthony.meza/mambaforge/envs/atm_rivers/lib/python3.10/site-packages/tornado/iostream.py", line 1116, in read_from_fd
    return self.socket.recv_into(buf, len(buf))
ConnectionResetError: [Errno 104] Connection reset by peer

The above exception was the direct cause of the following exception:

Traceback (most recent call last):
  File "/vortexfs1/home/anthony.meza/mambaforge/envs/atm_rivers/lib/python3.10/site-packages/distributed/worker.py", line 1234, in heartbeat
    response = await retry_operation(
  File "/vortexfs1/home/anthony.meza/mambaforge/envs/atm_rivers/lib/python3.10/site-packages/distributed/utils_comm.py", line 434, in retry_operation
    return await retry(
  File "/vortexfs1/home/anthony.meza/mambaforge/envs/atm_rivers/lib/python3.10/site-packages/distributed/utils_comm.py", line 413, in retry
    return await coro()
  File "/vortexfs1/home/anthony.meza/mambaforge/envs/atm_rivers/lib/python3.10/site-packages/distributed/core.py", line 1268, in send_recv_from_rpc
    return await send_recv(comm=comm, op=key, **kwargs)
  File "/vortexfs1/home/anthony.meza/mambaforge/envs/atm_rivers/lib/python3.10/site-packages/distributed/core.py", line 1027, in send_recv
    response = await comm.read(deserializers=deserializers)
  File "/vortexfs1/home/anthony.meza/mambaforge/envs/atm_rivers/lib/python3.10/site-packages/distributed/comm/tcp.py", line 241, in read
    convert_stream_closed_error(self, e)
  File "/vortexfs1/home/anthony.meza/mambaforge/envs/atm_rivers/lib/python3.10/site-packages/distributed/comm/tcp.py", line 142, in convert_stream_closed_error
    raise CommClosedError(f"in {obj}: {exc.__class__.__name__}: {exc}") from exc
distributed.comm.core.CommClosedError: in <TCP (closed) ConnectionPool.heartbeat_worker local=tcp://172.16.3.92:38918 remote=tcp://172.16.3.62:43030>: ConnectionResetError: [Errno 104] Connection reset by peer
2023-05-01 17:28:20,472 - distributed.nanny - INFO - Closing Nanny gracefully at 'tcp://172.16.3.92:36463'. Reason: worker-handle-scheduler-connection-broken
2023-05-01 17:28:22,585 - distributed.client - ERROR - 
ConnectionRefusedError: [Errno 111] Connection refused

The above exception was the direct cause of the following exception:

Traceback (most recent call last):
  File "/vortexfs1/home/anthony.meza/mambaforge/envs/atm_rivers/lib/python3.10/site-packages/distributed/comm/core.py", line 292, in connect
    comm = await wait_for(
  File "/vortexfs1/home/anthony.meza/mambaforge/envs/atm_rivers/lib/python3.10/site-packages/distributed/utils.py", line 1850, in wait_for
    return await asyncio.wait_for(fut, timeout)
  File "/vortexfs1/home/anthony.meza/mambaforge/envs/atm_rivers/lib/python3.10/asyncio/tasks.py", line 445, in wait_for
    return fut.result()
  File "/vortexfs1/home/anthony.meza/mambaforge/envs/atm_rivers/lib/python3.10/site-packages/distributed/comm/tcp.py", line 511, in connect
    convert_stream_closed_error(self, e)
  File "/vortexfs1/home/anthony.meza/mambaforge/envs/atm_rivers/lib/python3.10/site-packages/distributed/comm/tcp.py", line 142, in convert_stream_closed_error
    raise CommClosedError(f"in {obj}: {exc.__class__.__name__}: {exc}") from exc
distributed.comm.core.CommClosedError: in <distributed.comm.tcp.TCPConnector object at 0x2aab37afb9d0>: ConnectionRefusedError: [Errno 111] Connection refused

During handling of the above exception, another exception occurred:

Traceback (most recent call last):
  File "/vortexfs1/home/anthony.meza/mambaforge/envs/atm_rivers/lib/python3.10/site-packages/distributed/utils.py", line 752, in wrapper
    return await func(*args, **kwargs)
  File "/vortexfs1/home/anthony.meza/mambaforge/envs/atm_rivers/lib/python3.10/site-packages/distributed/client.py", line 1321, in _reconnect
    await self._ensure_connected(timeout=timeout)
  File "/vortexfs1/home/anthony.meza/mambaforge/envs/atm_rivers/lib/python3.10/site-packages/distributed/client.py", line 1351, in _ensure_connected
    comm = await connect(
  File "/vortexfs1/home/anthony.meza/mambaforge/envs/atm_rivers/lib/python3.10/site-packages/distributed/comm/core.py", line 316, in connect
    await asyncio.sleep(backoff)
  File "/vortexfs1/home/anthony.meza/mambaforge/envs/atm_rivers/lib/python3.10/asyncio/tasks.py", line 605, in sleep
    return await future
asyncio.exceptions.CancelledError
2023-05-01 17:28:52,605 - distributed.nanny - INFO - Worker closed
2023-05-01 17:28:55,638 - distributed.nanny - INFO - Closing Nanny at 'tcp://172.16.3.92:36463'. Reason: nanny-close-gracefully
2023-05-01 17:28:55,639 - distributed.dask_worker - INFO - End worker
