2023-05-01 15:13:45,711 - distributed.nanny - INFO -         Start Nanny at: 'tcp://172.16.3.158:46276'
2023-05-01 15:13:46,087 - distributed.diskutils - INFO - Found stale lock file and directory '/tmp/dask-worker-space/worker-w58al3c0', purging
2023-05-01 15:13:47,692 - distributed.worker - INFO -       Start worker at:   tcp://172.16.3.158:38185
2023-05-01 15:13:47,693 - distributed.worker - INFO -          Listening to:   tcp://172.16.3.158:38185
2023-05-01 15:13:47,693 - distributed.worker - INFO -           Worker name:             SLURMCluster-1
2023-05-01 15:13:47,693 - distributed.worker - INFO -          dashboard at:         172.16.3.158:34401
2023-05-01 15:13:47,693 - distributed.worker - INFO - Waiting to connect to:    tcp://172.16.3.62:33071
2023-05-01 15:13:47,693 - distributed.worker - INFO - -------------------------------------------------
2023-05-01 15:13:47,693 - distributed.worker - INFO -               Threads:                         36
2023-05-01 15:13:47,693 - distributed.worker - INFO -                Memory:                  46.57 GiB
2023-05-01 15:13:47,693 - distributed.worker - INFO -       Local Directory: /tmp/dask-worker-space/worker-ann7j5vx
2023-05-01 15:13:47,693 - distributed.worker - INFO - -------------------------------------------------
2023-05-01 15:13:47,697 - distributed.worker - INFO -         Registered to:    tcp://172.16.3.62:33071
2023-05-01 15:13:47,698 - distributed.worker - INFO - -------------------------------------------------
2023-05-01 15:13:47,698 - distributed.core - INFO - Starting established connection to tcp://172.16.3.62:33071
2023-05-01 15:20:57,780 - distributed.core - INFO - Connection to tcp://172.16.3.62:33071 has been closed.
2023-05-01 15:20:57,781 - distributed.worker - INFO - Stopping worker at tcp://172.16.3.158:38185. Reason: worker-handle-scheduler-connection-broken
2023-05-01 15:20:57,784 - distributed.worker - ERROR - Failed to communicate with scheduler during heartbeat.
Traceback (most recent call last):
  File "/vortexfs1/home/anthony.meza/mambaforge/envs/atm_rivers/lib/python3.10/site-packages/tornado/iostream.py", line 861, in _read_to_buffer
    bytes_read = self.read_from_fd(buf)
  File "/vortexfs1/home/anthony.meza/mambaforge/envs/atm_rivers/lib/python3.10/site-packages/tornado/iostream.py", line 1116, in read_from_fd
    return self.socket.recv_into(buf, len(buf))
ConnectionResetError: [Errno 104] Connection reset by peer

The above exception was the direct cause of the following exception:

Traceback (most recent call last):
  File "/vortexfs1/home/anthony.meza/mambaforge/envs/atm_rivers/lib/python3.10/site-packages/distributed/worker.py", line 1234, in heartbeat
    response = await retry_operation(
  File "/vortexfs1/home/anthony.meza/mambaforge/envs/atm_rivers/lib/python3.10/site-packages/distributed/utils_comm.py", line 434, in retry_operation
    return await retry(
  File "/vortexfs1/home/anthony.meza/mambaforge/envs/atm_rivers/lib/python3.10/site-packages/distributed/utils_comm.py", line 413, in retry
    return await coro()
  File "/vortexfs1/home/anthony.meza/mambaforge/envs/atm_rivers/lib/python3.10/site-packages/distributed/core.py", line 1268, in send_recv_from_rpc
    return await send_recv(comm=comm, op=key, **kwargs)
  File "/vortexfs1/home/anthony.meza/mambaforge/envs/atm_rivers/lib/python3.10/site-packages/distributed/core.py", line 1027, in send_recv
    response = await comm.read(deserializers=deserializers)
  File "/vortexfs1/home/anthony.meza/mambaforge/envs/atm_rivers/lib/python3.10/site-packages/distributed/comm/tcp.py", line 241, in read
    convert_stream_closed_error(self, e)
  File "/vortexfs1/home/anthony.meza/mambaforge/envs/atm_rivers/lib/python3.10/site-packages/distributed/comm/tcp.py", line 142, in convert_stream_closed_error
    raise CommClosedError(f"in {obj}: {exc.__class__.__name__}: {exc}") from exc
distributed.comm.core.CommClosedError: in <TCP (closed) ConnectionPool.heartbeat_worker local=tcp://172.16.3.158:48153 remote=tcp://172.16.3.62:33071>: ConnectionResetError: [Errno 104] Connection reset by peer
2023-05-01 15:20:57,799 - distributed.nanny - INFO - Closing Nanny gracefully at 'tcp://172.16.3.158:46276'. Reason: worker-handle-scheduler-connection-broken
2023-05-01 15:21:04,247 - distributed.client - ERROR - 
ConnectionRefusedError: [Errno 111] Connection refused

The above exception was the direct cause of the following exception:

Traceback (most recent call last):
  File "/vortexfs1/home/anthony.meza/mambaforge/envs/atm_rivers/lib/python3.10/site-packages/distributed/comm/core.py", line 292, in connect
    comm = await wait_for(
  File "/vortexfs1/home/anthony.meza/mambaforge/envs/atm_rivers/lib/python3.10/site-packages/distributed/utils.py", line 1850, in wait_for
    return await asyncio.wait_for(fut, timeout)
  File "/vortexfs1/home/anthony.meza/mambaforge/envs/atm_rivers/lib/python3.10/asyncio/tasks.py", line 445, in wait_for
    return fut.result()
  File "/vortexfs1/home/anthony.meza/mambaforge/envs/atm_rivers/lib/python3.10/site-packages/distributed/comm/tcp.py", line 511, in connect
    convert_stream_closed_error(self, e)
  File "/vortexfs1/home/anthony.meza/mambaforge/envs/atm_rivers/lib/python3.10/site-packages/distributed/comm/tcp.py", line 142, in convert_stream_closed_error
    raise CommClosedError(f"in {obj}: {exc.__class__.__name__}: {exc}") from exc
distributed.comm.core.CommClosedError: in <distributed.comm.tcp.TCPConnector object at 0x2aab365ca620>: ConnectionRefusedError: [Errno 111] Connection refused

During handling of the above exception, another exception occurred:

Traceback (most recent call last):
  File "/vortexfs1/home/anthony.meza/mambaforge/envs/atm_rivers/lib/python3.10/site-packages/distributed/utils.py", line 752, in wrapper
    return await func(*args, **kwargs)
  File "/vortexfs1/home/anthony.meza/mambaforge/envs/atm_rivers/lib/python3.10/site-packages/distributed/client.py", line 1321, in _reconnect
    await self._ensure_connected(timeout=timeout)
  File "/vortexfs1/home/anthony.meza/mambaforge/envs/atm_rivers/lib/python3.10/site-packages/distributed/client.py", line 1351, in _ensure_connected
    comm = await connect(
  File "/vortexfs1/home/anthony.meza/mambaforge/envs/atm_rivers/lib/python3.10/site-packages/distributed/comm/core.py", line 316, in connect
    await asyncio.sleep(backoff)
  File "/vortexfs1/home/anthony.meza/mambaforge/envs/atm_rivers/lib/python3.10/asyncio/tasks.py", line 605, in sleep
    return await future
asyncio.exceptions.CancelledError
2023-05-01 15:21:34,393 - distributed.nanny - INFO - Worker closed
HDF5-DIAG: Error detected in HDF5 (1.14.0) thread 1:
  #000: H5D.c line 1390 in H5Dwrite(): can't synchronously write data
    major: Dataset
    minor: Write failed
  #001: H5D.c line 1333 in H5D__write_api_common(): can't write data
    major: Dataset
    minor: Write failed
  #002: H5VLcallback.c line 2282 in H5VL_dataset_write_direct(): dataset write failed
    major: Virtual Object Layer
    minor: Write failed
  #003: H5VLcallback.c line 2237 in H5VL__dataset_write(): dataset write failed
    major: Virtual Object Layer
    minor: Write failed
  #004: H5VLnative_dataset.c line 408 in H5VL__native_dataset_write(): can't write data
    major: Dataset
    minor: Write failed
  #005: H5Dio.c line 648 in H5D__write(): unable to initialize storage
    major: Dataset
    minor: Unable to initialize object
  #006: H5Dint.c line 2346 in H5D__alloc_storage(): unable to initialize dataset with fill value
    major: Dataset
    minor: Unable to initialize object
  #007: H5Dint.c line 2404 in H5D__init_storage(): unable to allocate all chunks of dataset
    major: Dataset
    minor: Unable to initialize object
  #008: H5Dcontig.c line 312 in H5D__contig_fill(): unable to write fill value to dataset
    major: Dataset
    minor: Unable to initialize object
  #009: H5Dcontig.c line 958 in H5D__contig_write_one(): vector write failed
    major: Low-level I/O
    minor: Write failed
  #010: H5Dcontig.c line 1530 in H5D__contig_writevv(): can't perform vectorized sieve buffer write
    major: Dataset
    minor: Can't operate on object
  #011: H5VM.c line 1400 in H5VM_opvv(): can't perform operation
    major: Internal error (too specific to document in detail)
    minor: Can't operate on object
  #012: H5Dcontig.c line 1283 in H5D__contig_writevv_sieve_cb(): block write failed
    major: Dataset
    minor: Write failed
  #013: H5Fio.c line 190 in H5F_shared_block_write(): write through page buffer failed
    major: Low-level I/O
    minor: Write failed
  #014: H5PB.c line 1017 in H5PB_write(): write through metadata accumulator failed
    major: Page Buffering
    minor: Write failed
  #015: H5Faccum.c line 832 in H5F__accum_write(): file write failed
    major: Low-level I/O
    minor: Write failed
  #016: H5FDint.c line 306 in H5FD_write(): driver write request failed
    major: Virtual File Layer
    minor: Write failed
  #017: H5FDsec2.c line 850 in H5FD__sec2_write(): file write failed: time = Mon May  1 15:23:26 2023
, filename = '/vortexfs1/home/anthony.meza/Atmospheric Rivers and Waves/GLORYS_processed/GLORYS_NE_PAC.nc', file descriptor = 89, errno = 122, error message = 'Disk quota exceeded', buf = 0x2aab975e8010, total write size = 1048576, bytes this sub-write = 1048576, bytes actually written = 18446744073709551615, offset = 0
    major: Low-level I/O
    minor: Write failed
2023-05-01 15:23:33,259 - distributed.nanny - INFO - Closing Nanny at 'tcp://172.16.3.158:46276'. Reason: nanny-close-gracefully
2023-05-01 15:23:33,260 - distributed.dask_worker - INFO - End worker
