2023-04-16 23:19:40,255 - distributed.nanny - INFO -         Start Nanny at: 'tcp://172.16.3.82:38552'
2023-04-16 23:20:01,588 - distributed.worker - INFO -       Start worker at:    tcp://172.16.3.82:38159
2023-04-16 23:20:01,588 - distributed.worker - INFO -          Listening to:    tcp://172.16.3.82:38159
2023-04-16 23:20:01,588 - distributed.worker - INFO -           Worker name:             SLURMCluster-1
2023-04-16 23:20:01,588 - distributed.worker - INFO -          dashboard at:          172.16.3.82:46627
2023-04-16 23:20:01,588 - distributed.worker - INFO - Waiting to connect to:   tcp://172.16.3.167:43521
2023-04-16 23:20:01,588 - distributed.worker - INFO - -------------------------------------------------
2023-04-16 23:20:01,588 - distributed.worker - INFO -               Threads:                         36
2023-04-16 23:20:01,588 - distributed.worker - INFO -                Memory:                 166.71 GiB
2023-04-16 23:20:01,588 - distributed.worker - INFO -       Local Directory: /tmp/dask-worker-space/worker-mbpzl1nw
2023-04-16 23:20:01,588 - distributed.worker - INFO - -------------------------------------------------
2023-04-16 23:20:01,596 - distributed.worker - INFO -         Registered to:   tcp://172.16.3.167:43521
2023-04-16 23:20:01,597 - distributed.worker - INFO - -------------------------------------------------
2023-04-16 23:20:01,597 - distributed.core - INFO - Starting established connection to tcp://172.16.3.167:43521
/vortexfs1/home/anthony.meza/.conda/envs/notebook_env/lib/python3.10/site-packages/dask/core.py:119: RuntimeWarning: invalid value encountered in divide
  return func(*(_execute_task(a, cache) for a in args))
2023-04-16 23:24:03,200 - distributed.utils_perf - INFO - full garbage collection released 1.76 GiB from 376 reference cycles (threshold: 9.54 MiB)
2023-04-16 23:34:26,188 - distributed.worker - WARNING - Compute Failed
Key:       ('open_dataset-5541357c74aee28d587fddb8f4a7065fGC_E-2bb7d22e7ed85b554cc235457d9d0825', 0, 0)
Function:  getter
args:      (ImplicitToExplicitIndexingAdapter(array=CopyOnWriteArray(array=LazilyIndexedArray(array=<xarray.backends.netCDF4_.NetCDF4ArrayWrapper object at 0x2aaaefcc3480>, key=BasicIndexer((slice(None, None, None), slice(None, None, None)))))), (slice(0, 745, None), slice(0, 901, None)))
kwargs:    {}
Exception: "KeyError('GC_E')"

2023-04-16 23:35:55,471 - distributed.worker - WARNING - Compute Failed
Key:       ('open_dataset-5541357c74aee28d587fddb8f4a7065fGC_E-2bb7d22e7ed85b554cc235457d9d0825', 0, 0)
Function:  getter
args:      (ImplicitToExplicitIndexingAdapter(array=CopyOnWriteArray(array=LazilyIndexedArray(array=<xarray.backends.netCDF4_.NetCDF4ArrayWrapper object at 0x2aab60548e80>, key=BasicIndexer((slice(None, None, None), slice(None, None, None)))))), (slice(0, 745, None), slice(0, 901, None)))
kwargs:    {}
Exception: "KeyError('GC_E')"

2023-04-16 23:35:55,471 - distributed.worker - WARNING - Compute Failed
Key:       ('open_dataset-5541357c74aee28d587fddb8f4a7065fGC_C-0213748d723970e6bc5fbb4aef244a90', 0, 0)
Function:  getter
args:      (ImplicitToExplicitIndexingAdapter(array=CopyOnWriteArray(array=LazilyIndexedArray(array=<xarray.backends.netCDF4_.NetCDF4ArrayWrapper object at 0x2aab6054a880>, key=BasicIndexer((slice(None, None, None), slice(None, None, None)))))), (slice(0, 745, None), slice(0, 901, None)))
kwargs:    {}
Exception: "KeyError('GC_C')"

Exception ignored in: <function CachingFileManager.__del__ at 0x2aaac79dff40>
Traceback (most recent call last):
  File "/vortexfs1/home/anthony.meza/.conda/envs/notebook_env/lib/python3.10/site-packages/xarray/backends/file_manager.py", line 248, in __del__
    self.close(needs_lock=False)
  File "/vortexfs1/home/anthony.meza/.conda/envs/notebook_env/lib/python3.10/site-packages/xarray/backends/file_manager.py", line 232, in close
    file.close()
  File "src/netCDF4/_netCDF4.pyx", line 2624, in netCDF4._netCDF4.Dataset.close
  File "src/netCDF4/_netCDF4.pyx", line 2587, in netCDF4._netCDF4.Dataset._close
  File "src/netCDF4/_netCDF4.pyx", line 2028, in netCDF4._netCDF4._ensure_nc_success
RuntimeError: NetCDF: Not a valid ID
slurmstepd: error: *** JOB 3065164 ON pn032 CANCELLED AT 2023-04-17T01:19:40 DUE TO TIME LIMIT ***
