2023-05-01 15:31:29,593 - distributed.nanny - INFO -         Start Nanny at: 'tcp://172.16.3.78:38407'
2023-05-01 15:31:31,489 - distributed.worker - INFO -       Start worker at:    tcp://172.16.3.78:40248
2023-05-01 15:31:31,489 - distributed.worker - INFO -          Listening to:    tcp://172.16.3.78:40248
2023-05-01 15:31:31,489 - distributed.worker - INFO -           Worker name:             SLURMCluster-1
2023-05-01 15:31:31,490 - distributed.worker - INFO -          dashboard at:          172.16.3.78:38073
2023-05-01 15:31:31,490 - distributed.worker - INFO - Waiting to connect to:    tcp://172.16.3.62:43030
2023-05-01 15:31:31,490 - distributed.worker - INFO - -------------------------------------------------
2023-05-01 15:31:31,490 - distributed.worker - INFO -               Threads:                         36
2023-05-01 15:31:31,490 - distributed.worker - INFO -                Memory:                  46.57 GiB
2023-05-01 15:31:31,490 - distributed.worker - INFO -       Local Directory: /tmp/dask-worker-space/worker-ijjmjsdc
2023-05-01 15:31:31,490 - distributed.worker - INFO - -------------------------------------------------
2023-05-01 15:31:31,496 - distributed.worker - INFO -         Registered to:    tcp://172.16.3.62:43030
2023-05-01 15:31:31,496 - distributed.worker - INFO - -------------------------------------------------
2023-05-01 15:31:31,496 - distributed.core - INFO - Starting established connection to tcp://172.16.3.62:43030
2023-05-01 15:34:40,786 - distributed.utils_perf - INFO - full garbage collection released 16.67 MiB from 170 reference cycles (threshold: 9.54 MiB)
2023-05-01 15:40:20,325 - distributed.utils_perf - INFO - full garbage collection released 11.09 MiB from 468 reference cycles (threshold: 9.54 MiB)
2023-05-01 15:45:27,157 - distributed.utils_perf - INFO - full garbage collection released 33.27 MiB from 594 reference cycles (threshold: 9.54 MiB)
HDF5-DIAG: Error detected in HDF5 (1.14.0) thread 1:
  #000: H5D.c line 1390 in H5Dwrite(): can't synchronously write data
    major: Dataset
    minor: Write failed
  #001: H5D.c line 1333 in H5D__write_api_common(): can't write data
    major: Dataset
    minor: Write failed
  #002: H5VLcallback.c line 2282 in H5VL_dataset_write_direct(): dataset write failed
    major: Virtual Object Layer
    minor: Write failed
  #003: H5VLcallback.c line 2237 in H5VL__dataset_write(): dataset write failed
    major: Virtual Object Layer
    minor: Write failed
  #004: H5VLnative_dataset.c line 408 in H5VL__native_dataset_write(): can't write data
    major: Dataset
    minor: Write failed
  #005: H5Dio.c line 739 in H5D__write(): can't write data
    major: Dataset
    minor: Write failed
  #006: H5Dcontig.c line 921 in H5D__contig_write(): contiguous write failed
    major: Dataset
    minor: Write failed
  #007: H5Dselect.c line 493 in H5D__select_write(): write error
    major: Dataspace
    minor: Write failed
  #008: H5Dselect.c line 230 in H5D__select_io(): write error
    major: Dataspace
    minor: Write failed
  #009: H5Dcontig.c line 1530 in H5D__contig_writevv(): can't perform vectorized sieve buffer write
    major: Dataset
    minor: Can't operate on object
  #010: H5VM.c line 1400 in H5VM_opvv(): can't perform operation
    major: Internal error (too specific to document in detail)
    minor: Can't operate on object
  #011: H5Dcontig.c line 1283 in H5D__contig_writevv_sieve_cb(): block write failed
    major: Dataset
    minor: Write failed
  #012: H5Fio.c line 190 in H5F_shared_block_write(): write through page buffer failed
    major: Low-level I/O
    minor: Write failed
  #013: H5PB.c line 1017 in H5PB_write(): write through metadata accumulator failed
    major: Page Buffering
    minor: Write failed
  #014: H5Faccum.c line 832 in H5F__accum_write(): file write failed
    major: Low-level I/O
    minor: Write failed
  #015: H5FDint.c line 306 in H5FD_write(): driver write request failed
thread 2:
:
:
:
2023-05-01 16:08:23,177 - distributed.worker - WARNING - Compute Failed
Key:       ('astype-store-map-ec06254cf0adce1d1c77fd526bc2b14b', 7221, 0, 0, 0)
Function:  execute_task
args:      ((<function store_chunk at 0x2aab2b96edd0>, (subgraph_callable-6d38a6af-542e-4ae5-87ae-7c7b9489e528, array(-32767., dtype=float32), 0.0007324442267417908, array([[[[27.278511, 27.288765, 27.296824, ...,       nan,       nan,
                nan],
         [27.232368, 27.251411, 27.26899 , ...,       nan,       nan,
                nan],
         [27.157658, 27.183294, 27.212593, ...,       nan,       nan,
                nan],
         ...,
         [      nan,       nan,       nan, ...,       nan,       nan,
                nan],
         [      nan,       nan,       nan, ...,       nan,       nan,
                nan],
         [      nan,       nan,       nan, ...,       nan,       nan,
                nan]],

        [[27.276314, 27.2873  , 27.294626, ...,       nan,       nan,
                nan],
         [27.230171, 27.249947, 27.267525, ...,       nan,       nan,
                nan],
         [27.156193, 27.181097, 27.210394, ...,       nan,       nan,
                nan],
 
kwargs:    {}
Exception: "RuntimeError('NetCDF: HDF error')"

--- Logging error ---
2023-05-01 16:08:46,997 - distributed.worker - WARNING - Compute Failed
Key:       ('astype-store-map-ec06254cf0adce1d1c77fd526bc2b14b', 7221, 1, 0, 0)
Function:  execute_task
args:      ((<function store_chunk at 0x2aab2b96edd0>, (subgraph_callable-6d38a6af-542e-4ae5-87ae-7c7b9489e528, array(-32767., dtype=float32), 0.0007324442267417908, array([[[[27.252144, 27.26313 , 27.271187, ...,       nan,       nan,
                nan],
         [27.204535, 27.224312, 27.243355, ...,       nan,       nan,
                nan],
         [27.12836 , 27.154728, 27.18476 , ...,       nan,       nan,
                nan],
         ...,
         [      nan,       nan,       nan, ...,       nan,       nan,
                nan],
         [      nan,       nan,       nan, ...,       nan,       nan,
                nan],
         [      nan,       nan,       nan, ...,       nan,       nan,
                nan]],

        [[27.246284, 27.25727 , 27.265327, ...,       nan,       nan,
                nan],
         [27.198675, 27.218452, 27.236763, ...,       nan,       nan,
                nan],
         [27.122501, 27.148136, 27.1789  , ...,       nan,       nan,
                nan],
 
kwargs:    {}
Exception: "RuntimeError('NetCDF: HDF error')"

--- Logging error ---
2023-05-01 16:08:47,377 - distributed.worker - WARNING - Compute Failed
Key:       ('astype-store-map-ec06254cf0adce1d1c77fd526bc2b14b', 7221, 2, 0, 0)
Function:  execute_task
args:      ((<function store_chunk at 0x2aab2b96edd0>, (subgraph_callable-6d38a6af-542e-4ae5-87ae-7c7b9489e528, array(-32767., dtype=float32), 0.0007324442267417908, array([[[[27.22358 , 27.234566, 27.243355, ...,       nan,       nan,
                nan],
         [27.174505, 27.195013, 27.214058, ...,       nan,       nan,
                nan],
         [27.097599, 27.123234, 27.153996, ...,       nan,       nan,
                nan],
         ...,
         [      nan,       nan,       nan, ...,       nan,       nan,
                nan],
         [      nan,       nan,       nan, ...,       nan,       nan,
                nan],
         [      nan,       nan,       nan, ...,       nan,       nan,
                nan]],

        [[27.21772 , 27.228706, 27.238228, ...,       nan,       nan,
                nan],
         [27.168646, 27.188421, 27.207464, ...,       nan,       nan,
                nan],
         [27.091007, 27.116642, 27.147404, ...,       nan,       nan,
                nan],
 
kwargs:    {}
Exception: "RuntimeError('NetCDF: HDF error')"

--- Logging error ---
2023-05-01 16:08:47,750 - distributed.worker - WARNING - Compute Failed
Key:       ('astype-store-map-ec06254cf0adce1d1c77fd526bc2b14b', 7221, 4, 0, 0)
Function:  execute_task
args:      ((<function store_chunk at 0x2aab2b96edd0>, (subgraph_callable-6d38a6af-542e-4ae5-87ae-7c7b9489e528, array(-32767., dtype=float32), 0.0007324442267417908, array([[[[27.11005 , 27.134953, 27.148869, ...,       nan,       nan,
                nan],
         [27.049257, 27.07416 , 27.098331, ...,       nan,       nan,
                nan],
         [26.982605, 26.997253, 27.018494, ...,       nan,       nan,
                nan],
         ...,
         [      nan,       nan,       nan, ...,       nan,       nan,
                nan],
         [      nan,       nan,       nan, ...,       nan,       nan,
                nan],
         [      nan,       nan,       nan, ...,       nan,       nan,
                nan]]]], dtype=float32), 21.0), <xarray.backends.netCDF4_.NetCDF4ArrayWrapper object at 0x2aab71201d40>, (slice(7221, 7222, None), slice(20, 21, None), slice(0, 745, None), slice(0, 901, None)), None, False))
kwargs:    {}
Exception: "RuntimeError('NetCDF: HDF error')"

--- Logging error ---
2023-05-01 16:08:48,145 - distributed.worker - WARNING - Compute Failed
Key:       ('astype-store-map-ec06254cf0adce1d1c77fd526bc2b14b', 7221, 3, 0, 0)
Function:  execute_task
args:      ((<function store_chunk at 0x2aab2b96edd0>, (subgraph_callable-6d38a6af-542e-4ae5-87ae-7c7b9489e528, array(-32767., dtype=float32), 0.0007324442267417908, array([[[[27.186956, 27.20014 , 27.210394, ...,       nan,       nan,
                nan],
         [27.13422 , 27.15546 , 27.174505, ...,       nan,       nan,
                nan],
         [27.055117, 27.080019, 27.108585, ...,       nan,       nan,
                nan],
         ...,
         [      nan,       nan,       nan, ...,       nan,       nan,
                nan],
         [      nan,       nan,       nan, ...,       nan,       nan,
                nan],
         [      nan,       nan,       nan, ...,       nan,       nan,
                nan]],

        [[27.17597 , 27.189886, 27.199408, ...,       nan,       nan,
                nan],
         [27.121769, 27.142277, 27.162052, ...,       nan,       nan,
                nan],
         [27.0412  , 27.06537 , 27.093204, ...,       nan,       nan,
                nan],
 
kwargs:    {}
Exception: "RuntimeError('NetCDF: HDF error')"

--- Logging error ---
2023-05-01 16:08:55,463 - distributed.worker - WARNING - Compute Failed
Key:       ('astype-store-map-ec06254cf0adce1d1c77fd526bc2b14b', 3203, 0, 0, 0)
Function:  execute_task
args:      ((<function store_chunk at 0x2aab2b96edd0>, (subgraph_callable-6d38a6af-542e-4ae5-87ae-7c7b9489e528, array(-32767., dtype=float32), 0.0007324442267417908, array([[[[26.913021, 26.89471 , 26.877865, ...,       nan,       nan,
                nan],
         [26.90643 , 26.893246, 26.880062, ...,       nan,       nan,
                nan],
         [26.868343, 26.866146, 26.86102 , ...,       nan,       nan,
                nan],
         ...,
         [      nan,       nan,       nan, ...,       nan,       nan,
                nan],
         [      nan,       nan,       nan, ...,       nan,       nan,
                nan],
         [      nan,       nan,       nan, ...,       nan,       nan,
                nan]],

        [[26.911556, 26.893246, 26.8764  , ...,       nan,       nan,
                nan],
         [26.904964, 26.89178 , 26.878597, ...,       nan,       nan,
                nan],
         [26.866879, 26.864681, 26.859554, ...,       nan,       nan,
                nan],
 
kwargs:    {}
Exception: "RuntimeError('NetCDF: HDF error')"

--- Logging error ---
2023-05-01 16:08:55,903 - distributed.worker - WARNING - Compute Failed
Key:       ('astype-store-map-ec06254cf0adce1d1c77fd526bc2b14b', 3203, 1, 0, 0)
Function:  execute_task
args:      ((<function store_chunk at 0x2aab2b96edd0>, (subgraph_callable-6d38a6af-542e-4ae5-87ae-7c7b9489e528, array(-32767., dtype=float32), 0.0007324442267417908, array([[[[26.896908, 26.877865, 26.86102 , ...,       nan,       nan,
                nan],
         [26.891048, 26.877132, 26.863949, ...,       nan,       nan,
                nan],
         [26.852962, 26.850765, 26.845638, ...,       nan,       nan,
                nan],
         ...,
         [      nan,       nan,       nan, ...,       nan,       nan,
                nan],
         [      nan,       nan,       nan, ...,       nan,       nan,
                nan],
         [      nan,       nan,       nan, ...,       nan,       nan,
                nan]],

        [[26.892513, 26.87347 , 26.856625, ...,       nan,       nan,
                nan],
         [26.886654, 26.87347 , 26.859554, ...,       nan,       nan,
                nan],
         [26.8493  , 26.84637 , 26.841976, ...,       nan,       nan,
                nan],
 
kwargs:    {}
Exception: "RuntimeError('NetCDF: HDF error')"

--- Logging error ---
2023-05-01 16:08:56,294 - distributed.worker - WARNING - Compute Failed
Key:       ('astype-store-map-ec06254cf0adce1d1c77fd526bc2b14b', 3203, 2, 0, 0)
Function:  execute_task
args:      ((<function store_chunk at 0x2aab2b96edd0>, (subgraph_callable-6d38a6af-542e-4ae5-87ae-7c7b9489e528, array(-32767., dtype=float32), 0.0007324442267417908, array([[[[26.877132, 26.857357, 26.841244, ...,       nan,       nan,
                nan],
         [26.871273, 26.85809 , 26.844173, ...,       nan,       nan,
                nan],
         [26.833918, 26.830988, 26.826593, ...,       nan,       nan,
                nan],
         ...,
         [      nan,       nan,       nan, ...,       nan,       nan,
                nan],
         [      nan,       nan,       nan, ...,       nan,       nan,
                nan],
         [      nan,       nan,       nan, ...,       nan,       nan,
                nan]],

        [[26.872738, 26.853695, 26.83685 , ...,       nan,       nan,
                nan],
         [26.86761 , 26.854427, 26.840511, ...,       nan,       nan,
                nan],
         [26.829523, 26.827326, 26.822931, ...,       nan,       nan,
                nan],
 
kwargs:    {}
Exception: "RuntimeError('NetCDF: HDF error')"

--- Logging error ---
2023-05-01 16:09:25,136 - distributed.worker - WARNING - Compute Failed
Key:       ('astype-store-map-ec06254cf0adce1d1c77fd526bc2b14b', 3203, 3, 0, 0)
Function:  execute_task
args:      ((<function store_chunk at 0x2aab2b96edd0>, (subgraph_callable-6d38a6af-542e-4ae5-87ae-7c7b9489e528, array(-32767., dtype=float32), 0.0007324442267417908, array([[[[26.86102 , 26.841244, 26.824396, ...,       nan,       nan,
                nan],
         [26.854427, 26.841244, 26.827326, ...,       nan,       nan,
                nan],
         [26.815607, 26.81341 , 26.809015, ...,       nan,       nan,
                nan],
         ...,
         [      nan,       nan,       nan, ...,       nan,       nan,
                nan],
         [      nan,       nan,       nan, ...,       nan,       nan,
                nan],
         [      nan,       nan,       nan, ...,       nan,       nan,
                nan]],

        [[26.860287, 26.840511, 26.822931, ...,       nan,       nan,
                nan],
         [26.852962, 26.839779, 26.825861, ...,       nan,       nan,
                nan],
         [26.812677, 26.811213, 26.806818, ...,       nan,       nan,
                nan],
 
kwargs:    {}
Exception: "RuntimeError('NetCDF: HDF error')"

--- Logging error ---
2023-05-01 16:09:25,535 - distributed.worker - WARNING - Compute Failed
Key:       ('astype-store-map-ec06254cf0adce1d1c77fd526bc2b14b', 5624, 0, 0, 0)
Function:  execute_task
args:      ((<function store_chunk at 0x2aab2b96edd0>, (subgraph_callable-6d38a6af-542e-4ae5-87ae-7c7b9489e528, array(-32767., dtype=float32), 0.0007324442267417908, array([[[[27.244087, 27.235298, 27.244087, ...,       nan,       nan,
                nan],
         [27.202337, 27.180365, 27.175238, ...,       nan,       nan,
                nan],
         [27.17011 , 27.141544, 27.119572, ...,       nan,       nan,
                nan],
         ...,
         [      nan,       nan,       nan, ...,       nan,       nan,
                nan],
         [      nan,       nan,       nan, ...,       nan,       nan,
                nan],
         [      nan,       nan,       nan, ...,       nan,       nan,
                nan]],

        [[27.22358 , 27.21479 , 27.222847, ...,       nan,       nan,
                nan],
         [27.181097, 27.15839 , 27.15253 , ...,       nan,       nan,
                nan],
         [27.148869, 27.119572, 27.096134, ...,       nan,       nan,
                nan],
 
kwargs:    {}
Exception: "RuntimeError('NetCDF: HDF error')"

--- Logging error ---
2023-05-01 16:09:25,931 - distributed.worker - WARNING - Compute Failed
Key:       ('astype-store-map-ec06254cf0adce1d1c77fd526bc2b14b', 5624, 1, 0, 0)
Function:  execute_task
args:      ((<function store_chunk at 0x2aab2b96edd0>, (subgraph_callable-6d38a6af-542e-4ae5-87ae-7c7b9489e528, array(-32767., dtype=float32), 0.0007324442267417908, array([[[[27.167181, 27.156925, 27.163517, ...,       nan,       nan,
                nan],
         [27.123234, 27.099064, 27.09174 , ...,       nan,       nan,
                nan],
         [27.08881 , 27.057314, 27.03241 , ...,       nan,       nan,
                nan],
         ...,
         [      nan,       nan,       nan, ...,       nan,       nan,
                nan],
         [      nan,       nan,       nan, ...,       nan,       nan,
                nan],
         [      nan,       nan,       nan, ...,       nan,       nan,
                nan]],

        [[27.160587, 27.149601, 27.156193, ...,       nan,       nan,
                nan],
         [27.11591 , 27.09174 , 27.083681, ...,       nan,       nan,
                nan],
         [27.081484, 27.04999 , 27.024353, ...,       nan,       nan,
                nan],
 
kwargs:    {}
Exception: "RuntimeError('NetCDF: HDF error')"

--- Logging error ---
2023-05-01 16:09:26,315 - distributed.worker - WARNING - Compute Failed
Key:       ('astype-store-map-ec06254cf0adce1d1c77fd526bc2b14b', 5624, 2, 0, 0)
Function:  execute_task
args:      ((<function store_chunk at 0x2aab2b96edd0>, (subgraph_callable-6d38a6af-542e-4ae5-87ae-7c7b9489e528, array(-32767., dtype=float32), 0.0007324442267417908, array([[[[27.137882, 27.126163, 27.13129 , ...,       nan,       nan,
                nan],
         [27.093937, 27.0683  , 27.058779, ...,       nan,       nan,
                nan],
         [27.057314, 27.025818, 26.998718, ...,       nan,       nan,
                nan],
         ...,
         [      nan,       nan,       nan, ...,       nan,       nan,
                nan],
         [      nan,       nan,       nan, ...,       nan,       nan,
                nan],
         [      nan,       nan,       nan, ...,       nan,       nan,
                nan]],

        [[27.132755, 27.120304, 27.124699, ...,       nan,       nan,
                nan],
         [27.08881 , 27.063173, 27.052187, ...,       nan,       nan,
                nan],
         [27.051455, 27.019958, 26.992859, ...,       nan,       nan,
                nan],
 
kwargs:    {}
Exception: "RuntimeError('NetCDF: HDF error')"

--- Logging error ---
2023-05-01 16:09:26,710 - distributed.worker - WARNING - Compute Failed
Key:       ('astype-store-map-ec06254cf0adce1d1c77fd526bc2b14b', 5624, 3, 0, 0)
Function:  execute_task
args:      ((<function store_chunk at 0x2aab2b96edd0>, (subgraph_callable-6d38a6af-542e-4ae5-87ae-7c7b9489e528, array(-32767., dtype=float32), 0.0007324442267417908, array([[[[27.096867, 27.081484, 27.076357, ...,       nan,       nan,
                nan],
         [27.045595, 27.022156, 27.00531 , ...,       nan,       nan,
                nan],
         [27.00824 , 26.981873, 26.954039, ...,       nan,       nan,
                nan],
         ...,
         [      nan,       nan,       nan, ...,       nan,       nan,
                nan],
         [      nan,       nan,       nan, ...,       nan,       nan,
                nan],
         [      nan,       nan,       nan, ...,       nan,       nan,
                nan]],

        [[27.074892, 27.060244, 27.052187, ...,       nan,       nan,
                nan],
         [27.014832, 26.995056, 26.97821 , ...,       nan,       nan,
                nan],
         [26.979675, 26.958433, 26.932798, ...,       nan,       nan,
                nan],
 
kwargs:    {}
Exception: "RuntimeError('NetCDF: HDF error')"

--- Logging error ---
2023-05-01 16:09:27,102 - distributed.worker - WARNING - Compute Failed
Key:       ('astype-store-map-ec06254cf0adce1d1c77fd526bc2b14b', 5624, 4, 0, 0)
Function:  execute_task
args:      ((<function store_chunk at 0x2aab2b96edd0>, (subgraph_callable-6d38a6af-542e-4ae5-87ae-7c7b9489e528, array(-32767., dtype=float32), 0.0007324442267417908, array([[[[26.565111, 26.556322, 26.535812, ...,       nan,       nan,
                nan],
         [26.557055, 26.559252, 26.5468  , ...,       nan,       nan,
                nan],
         [26.351238, 26.37907 , 26.406902, ...,       nan,       nan,
                nan],
         ...,
         [      nan,       nan,       nan, ...,       nan,       nan,
                nan],
         [      nan,       nan,       nan, ...,       nan,       nan,
                nan],
         [      nan,       nan,       nan, ...,       nan,       nan,
                nan]]]], dtype=float32), 21.0), <xarray.backends.netCDF4_.NetCDF4ArrayWrapper object at 0x2aab7e4f4d00>, (slice(5624, 5625, None), slice(20, 21, None), slice(0, 745, None), slice(0, 901, None)), None, False))
kwargs:    {}
Exception: "RuntimeError('NetCDF: HDF error')"

--- Logging error ---
2023-05-01 16:09:27,572 - distributed.worker - WARNING - Compute Failed
Key:       ('astype-store-map-ec06254cf0adce1d1c77fd526bc2b14b', 581, 0, 0, 0)
Function:  execute_task
args:      ((<function store_chunk at 0x2aab2b96edd0>, (subgraph_callable-6d38a6af-542e-4ae5-87ae-7c7b9489e528, array(-32767., dtype=float32), 0.0007324442267417908, array([[[[28.221169, 28.224098, 28.223366, ...,       nan,       nan,
                nan],
         [28.202124, 28.21018 , 28.211647, ...,       nan,       nan,
                nan],
         [28.182348, 28.19187 , 28.195532, ...,       nan,       nan,
                nan],
         ...,
         [      nan,       nan,       nan, ...,       nan,       nan,
                nan],
         [      nan,       nan,       nan, ...,       nan,       nan,
                nan],
         [      nan,       nan,       nan, ...,       nan,       nan,
                nan]],

        [[28.194067, 28.195532, 28.192602, ...,       nan,       nan,
                nan],
         [28.175756, 28.181616, 28.181616, ...,       nan,       nan,
                nan],
         [28.15598 , 28.164036, 28.166235, ...,       nan,       nan,
                nan],
 
kwargs:    {}
Exception: "RuntimeError('NetCDF: HDF error')"

--- Logging error ---
2023-05-01 16:09:27,952 - distributed.worker - WARNING - Compute Failed
Key:       ('astype-store-map-ec06254cf0adce1d1c77fd526bc2b14b', 581, 1, 0, 0)
Function:  execute_task
args:      ((<function store_chunk at 0x2aab2b96edd0>, (subgraph_callable-6d38a6af-542e-4ae5-87ae-7c7b9489e528, array(-32767., dtype=float32), 0.0007324442267417908, array([[[[28.165503, 28.166967, 28.164036, ...,       nan,       nan,
                nan],
         [28.14719 , 28.15305 , 28.15305 , ...,       nan,       nan,
                nan],
         [28.127415, 28.135471, 28.137669, ...,       nan,       nan,
                nan],
         ...,
         [      nan,       nan,       nan, ...,       nan,       nan,
                nan],
         [      nan,       nan,       nan, ...,       nan,       nan,
                nan],
         [      nan,       nan,       nan, ...,       nan,       nan,
                nan]],

        [[28.164036, 28.165503, 28.16257 , ...,       nan,       nan,
                nan],
         [28.145725, 28.151585, 28.151585, ...,       nan,       nan,
                nan],
         [28.12595 , 28.134007, 28.135471, ...,       nan,       nan,
                nan],
 
kwargs:    {}
Exception: "RuntimeError('NetCDF: HDF error')"

--- Logging error ---
2023-05-01 16:09:28,340 - distributed.worker - WARNING - Compute Failed
Key:       ('astype-store-map-ec06254cf0adce1d1c77fd526bc2b14b', 581, 2, 0, 0)
Function:  execute_task
args:      ((<function store_chunk at 0x2aab2b96edd0>, (subgraph_callable-6d38a6af-542e-4ae5-87ae-7c7b9489e528, array(-32767., dtype=float32), 0.0007324442267417908, array([[[[28.156712, 28.158176, 28.155247, ...,       nan,       nan,
                nan],
         [28.137669, 28.14426 , 28.143528, ...,       nan,       nan,
                nan],
         [28.117893, 28.12595 , 28.128147, ...,       nan,       nan,
                nan],
         ...,
         [      nan,       nan,       nan, ...,       nan,       nan,
                nan],
         [      nan,       nan,       nan, ...,       nan,       nan,
                nan],
         [      nan,       nan,       nan, ...,       nan,       nan,
                nan]],

        [[28.154514, 28.15598 , 28.15305 , ...,       nan,       nan,
                nan],
         [28.135471, 28.14133 , 28.14133 , ...,       nan,       nan,
                nan],
         [28.115696, 28.123753, 28.12595 , ...,       nan,       nan,
                nan],
 
kwargs:    {}
Exception: "RuntimeError('NetCDF: HDF error')"

--- Logging error ---
2023-05-01 16:09:28,757 - distributed.worker - WARNING - Compute Failed
Key:       ('astype-store-map-ec06254cf0adce1d1c77fd526bc2b14b', 581, 3, 0, 0)
Function:  execute_task
args:      ((<function store_chunk at 0x2aab2b96edd0>, (subgraph_callable-6d38a6af-542e-4ae5-87ae-7c7b9489e528, array(-32767., dtype=float32), 0.0007324442267417908, array([[[[28.143528, 28.144993, 28.142796, ...,       nan,       nan,
                nan],
         [28.124485, 28.131077, 28.130344, ...,       nan,       nan,
                nan],
         [28.10471 , 28.112034, 28.114964, ...,       nan,       nan,
                nan],
         ...,
         [      nan,       nan,       nan, ...,       nan,       nan,
                nan],
         [      nan,       nan,       nan, ...,       nan,       nan,
                nan],
         [      nan,       nan,       nan, ...,       nan,       nan,
                nan]],

        [[28.140598, 28.142063, 28.139866, ...,       nan,       nan,
                nan],
         [28.121555, 28.128147, 28.128147, ...,       nan,       nan,
                nan],
         [28.10178 , 28.109104, 28.112034, ...,       nan,       nan,
                nan],
 
kwargs:    {}
Exception: "RuntimeError('NetCDF: HDF error')"

--- Logging error ---
2023-05-01 16:09:29,211 - distributed.worker - WARNING - Compute Failed
Key:       ('astype-store-map-ec06254cf0adce1d1c77fd526bc2b14b', 4387, 1, 0, 0)
Function:  execute_task
args:      ((<function store_chunk at 0x2aab2b96edd0>, (subgraph_callable-6d38a6af-542e-4ae5-87ae-7c7b9489e528, array(-32767., dtype=float32), 0.0007324442267417908, array([[[[27.367138, 27.31367 , 27.249947, ...,       nan,       nan,
                nan],
         [27.339306, 27.286568, 27.260933, ...,       nan,       nan,
                nan],
         [27.279976, 27.278511, 27.268257, ...,       nan,       nan,
                nan],
         ...,
         [      nan,       nan,       nan, ...,       nan,       nan,
                nan],
         [      nan,       nan,       nan, ...,       nan,       nan,
                nan],
         [      nan,       nan,       nan, ...,       nan,       nan,
                nan]],

        [[27.362011, 27.309275, 27.24482 , ...,       nan,       nan,
                nan],
         [27.334177, 27.28144 , 27.255806, ...,       nan,       nan,
                nan],
         [27.274117, 27.273384, 27.26313 , ...,       nan,       nan,
                nan],
 
kwargs:    {}
Exception: "RuntimeError('NetCDF: HDF error')"

--- Logging error ---
2023-05-01 16:09:29,616 - distributed.worker - WARNING - Compute Failed
Key:       ('astype-store-map-ec06254cf0adce1d1c77fd526bc2b14b', 4387, 0, 0, 0)
Function:  execute_task
args:      ((<function store_chunk at 0x2aab2b96edd0>, (subgraph_callable-6d38a6af-542e-4ae5-87ae-7c7b9489e528, array(-32767., dtype=float32), 0.0007324442267417908, array([[[[27.380322, 27.328318, 27.26606 , ...,       nan,       nan,
                nan],
         [27.353954, 27.30195 , 27.277046, ...,       nan,       nan,
                nan],
         [27.296091, 27.295359, 27.285103, ...,       nan,       nan,
                nan],
         ...,
         [      nan,       nan,       nan, ...,       nan,       nan,
                nan],
         [      nan,       nan,       nan, ...,       nan,       nan,
                nan],
         [      nan,       nan,       nan, ...,       nan,       nan,
                nan]],

        [[27.37959 , 27.327585, 27.264595, ...,       nan,       nan,
                nan],
         [27.353222, 27.301218, 27.275581, ...,       nan,       nan,
                nan],
         [27.294626, 27.293894, 27.28437 , ...,       nan,       nan,
                nan],
 
kwargs:    {}
Exception: "RuntimeError('NetCDF: HDF error')"

--- Logging error ---
2023-05-01 16:09:30,013 - distributed.worker - WARNING - Compute Failed
Key:       ('astype-store-map-ec06254cf0adce1d1c77fd526bc2b14b', 4387, 4, 0, 0)
Function:  execute_task
args:      ((<function store_chunk at 0x2aab2b96edd0>, (subgraph_callable-6d38a6af-542e-4ae5-87ae-7c7b9489e528, array(-32767., dtype=float32), 0.0007324442267417908, array([[[[27.324656, 27.282173, 27.239693, ...,       nan,       nan,
                nan],
         [27.309275, 27.286568, 27.279243, ...,       nan,       nan,
                nan],
         [27.258736, 27.2895  , 27.273384, ...,       nan,       nan,
                nan],
         ...,
         [      nan,       nan,       nan, ...,       nan,       nan,
                nan],
         [      nan,       nan,       nan, ...,       nan,       nan,
                nan],
         [      nan,       nan,       nan, ...,       nan,       nan,
                nan]]]], dtype=float32), 21.0), <xarray.backends.netCDF4_.NetCDF4ArrayWrapper object at 0x2aab828f3bc0>, (slice(4387, 4388, None), slice(20, 21, None), slice(0, 745, None), slice(0, 901, None)), None, False))
kwargs:    {}
Exception: "RuntimeError('NetCDF: HDF error')"

--- Logging error ---
2023-05-01 16:09:30,410 - distributed.worker - WARNING - Compute Failed
Key:       ('astype-store-map-ec06254cf0adce1d1c77fd526bc2b14b', 4387, 2, 0, 0)
Function:  execute_task
args:      ((<function store_chunk at 0x2aab2b96edd0>, (subgraph_callable-6d38a6af-542e-4ae5-87ae-7c7b9489e528, array(-32767., dtype=float32), 0.0007324442267417908, array([[[[27.342968, 27.2895  , 27.225777, ...,       nan,       nan,
                nan],
         [27.314402, 27.260933, 27.235298, ...,       nan,       nan,
                nan],
         [27.252876, 27.252144, 27.242622, ...,       nan,       nan,
                nan],
         ...,
         [      nan,       nan,       nan, ...,       nan,       nan,
                nan],
         [      nan,       nan,       nan, ...,       nan,       nan,
                nan],
         [      nan,       nan,       nan, ...,       nan,       nan,
                nan]],

        [[27.337841, 27.285103, 27.22065 , ...,       nan,       nan,
                nan],
         [27.309275, 27.255806, 27.230171, ...,       nan,       nan,
                nan],
         [27.24775 , 27.247017, 27.237495, ...,       nan,       nan,
                nan],
 
kwargs:    {}
Exception: "RuntimeError('NetCDF: HDF error')"

--- Logging error ---
2023-05-01 16:09:30,799 - distributed.worker - WARNING - Compute Failed
Key:       ('astype-store-map-ec06254cf0adce1d1c77fd526bc2b14b', 4387, 3, 0, 0)
Function:  execute_task
args:      ((<function store_chunk at 0x2aab2b96edd0>, (subgraph_callable-6d38a6af-542e-4ae5-87ae-7c7b9489e528, array(-32767., dtype=float32), 0.0007324442267417908, array([[[[27.319529, 27.268257, 27.205267, ...,       nan,       nan,
                nan],
         [27.291697, 27.237495, 27.213326, ...,       nan,       nan,
                nan],
         [27.230171, 27.232368, 27.225777, ...,       nan,       nan,
                nan],
         ...,
         [      nan,       nan,       nan, ...,       nan,       nan,
                nan],
         [      nan,       nan,       nan, ...,       nan,       nan,
                nan],
         [      nan,       nan,       nan, ...,       nan,       nan,
                nan]],

        [[27.315866, 27.264595, 27.20307 , ...,       nan,       nan,
                nan],
         [27.2895  , 27.234566, 27.21186 , ...,       nan,       nan,
                nan],
         [27.229439, 27.233833, 27.228706, ...,       nan,       nan,
                nan],
 
kwargs:    {}
Exception: "RuntimeError('NetCDF: HDF error')"

--- Logging error ---
2023-05-01 16:09:37,334 - distributed.worker - WARNING - Compute Failed
Key:       ('astype-store-map-ec06254cf0adce1d1c77fd526bc2b14b', 5046, 0, 0, 0)
Function:  execute_task
args:      ((<function store_chunk at 0x2aab2b96edd0>, (subgraph_callable-6d38a6af-542e-4ae5-87ae-7c7b9489e528, array(-32767., dtype=float32), 0.0007324442267417908, array([[[[27.660847, 27.623493, 27.583208, ...,       nan,       nan,
                nan],
         [27.633747, 27.589802, 27.542192, ...,       nan,       nan,
                nan],
         [27.60152 , 27.552446, 27.498978, ...,       nan,       nan,
                nan],
         ...,
         [      nan,       nan,       nan, ...,       nan,       nan,
                nan],
         [      nan,       nan,       nan, ...,       nan,       nan,
                nan],
         [      nan,       nan,       nan, ...,       nan,       nan,
                nan]],

        [[27.624226, 27.58907 , 27.550982, ...,       nan,       nan,
                nan],
         [27.596394, 27.554644, 27.509232, ...,       nan,       nan,
                nan],
         [27.5627  , 27.516556, 27.464554, ...,       nan,       nan,
                nan],
 
kwargs:    {}
Exception: "RuntimeError('NetCDF: HDF error')"

--- Logging error ---
2023-05-01 16:09:37,720 - distributed.worker - WARNING - Compute Failed
Key:       ('astype-store-map-ec06254cf0adce1d1c77fd526bc2b14b', 5046, 1, 0, 0)
Function:  execute_task
args:      ((<function store_chunk at 0x2aab2b96edd0>, (subgraph_callable-6d38a6af-542e-4ae5-87ae-7c7b9489e528, array(-32767., dtype=float32), 0.0007324442267417908, array([[[[27.564165, 27.528275, 27.490189, ...,       nan,       nan,
                nan],
         [27.536331, 27.49385 , 27.447706, ...,       nan,       nan,
                nan],
         [27.50264 , 27.45503 , 27.403027, ...,       nan,       nan,
                nan],
         ...,
         [      nan,       nan,       nan, ...,       nan,       nan,
                nan],
         [      nan,       nan,       nan, ...,       nan,       nan,
                nan],
         [      nan,       nan,       nan, ...,       nan,       nan,
                nan]],

        [[27.557573, 27.521683, 27.483597, ...,       nan,       nan,
                nan],
         [27.530472, 27.487259, 27.441114, ...,       nan,       nan,
                nan],
         [27.496048, 27.448439, 27.395702, ...,       nan,       nan,
                nan],
 
kwargs:    {}
Exception: "RuntimeError('NetCDF: HDF error')"

--- Logging error ---
2023-05-01 16:09:38,104 - distributed.worker - WARNING - Compute Failed
Key:       ('astype-store-map-ec06254cf0adce1d1c77fd526bc2b14b', 5046, 2, 0, 0)
Function:  execute_task
args:      ((<function store_chunk at 0x2aab2b96edd0>, (subgraph_callable-6d38a6af-542e-4ae5-87ae-7c7b9489e528, array(-32767., dtype=float32), 0.0007324442267417908, array([[[[27.534866, 27.498245, 27.460157, ...,       nan,       nan,
                nan],
         [27.507034, 27.463821, 27.416945, ...,       nan,       nan,
                nan],
         [27.47261 , 27.425001, 27.371532, ...,       nan,       nan,
                nan],
         ...,
         [      nan,       nan,       nan, ...,       nan,       nan,
                nan],
         [      nan,       nan,       nan, ...,       nan,       nan,
                nan],
         [      nan,       nan,       nan, ...,       nan,       nan,
                nan]],

        [[27.529007, 27.493118, 27.454298, ...,       nan,       nan,
                nan],
         [27.501175, 27.45796 , 27.411816, ...,       nan,       nan,
                nan],
         [27.467484, 27.419142, 27.366405, ...,       nan,       nan,
                nan],
 
kwargs:    {}
Exception: "RuntimeError('NetCDF: HDF error')"

--- Logging error ---
2023-05-01 16:09:41,292 - distributed.worker - WARNING - Compute Failed
Key:       ('astype-store-map-ec06254cf0adce1d1c77fd526bc2b14b', 5046, 3, 0, 0)
Function:  execute_task
args:      ((<function store_chunk at 0x2aab2b96edd0>, (subgraph_callable-6d38a6af-542e-4ae5-87ae-7c7b9489e528, array(-32767., dtype=float32), 0.0007324442267417908, array([[[[27.506302, 27.468948, 27.429396, ...,       nan,       nan,
                nan],
         [27.477737, 27.435255, 27.389843, ...,       nan,       nan,
                nan],
         [27.446241, 27.40083 , 27.350292, ...,       nan,       nan,
                nan],
         ...,
         [      nan,       nan,       nan, ...,       nan,       nan,
                nan],
         [      nan,       nan,       nan, ...,       nan,       nan,
                nan],
         [      nan,       nan,       nan, ...,       nan,       nan,
                nan]],

        [[27.49971 , 27.462357, 27.422804, ...,       nan,       nan,
                nan],
         [27.471878, 27.43086 , 27.38618 , ...,       nan,       nan,
                nan],
         [27.443312, 27.399364, 27.350292, ...,       nan,       nan,
                nan],
 
kwargs:    {}
Exception: "RuntimeError('NetCDF: HDF error')"

--- Logging error ---
2023-05-01 16:09:41,672 - distributed.worker - WARNING - Compute Failed
Key:       ('astype-store-map-ec06254cf0adce1d1c77fd526bc2b14b', 5046, 4, 0, 0)
Function:  execute_task
args:      ((<function store_chunk at 0x2aab2b96edd0>, (subgraph_callable-6d38a6af-542e-4ae5-87ae-7c7b9489e528, array(-32767., dtype=float32), 0.0007324442267417908, array([[[[27.500443, 27.474808, 27.446974, ...,       nan,       nan,
                nan],
         [27.497513, 27.467484, 27.431593, ...,       nan,       nan,
                nan],
         [27.471878, 27.432325, 27.38911 , ...,       nan,       nan,
                nan],
         ...,
         [      nan,       nan,       nan, ...,       nan,       nan,
                nan],
         [      nan,       nan,       nan, ...,       nan,       nan,
                nan],
         [      nan,       nan,       nan, ...,       nan,       nan,
                nan]]]], dtype=float32), 21.0), <xarray.backends.netCDF4_.NetCDF4ArrayWrapper object at 0x2aab86b60f00>, (slice(5046, 5047, None), slice(20, 21, None), slice(0, 745, None), slice(0, 901, None)), None, False))
kwargs:    {}
Exception: "RuntimeError('NetCDF: HDF error')"

--- Logging error ---
2023-05-01 16:09:42,104 - distributed.worker - WARNING - Compute Failed
Key:       ('astype-store-map-ec06254cf0adce1d1c77fd526bc2b14b', 5814, 0, 0, 0)
Function:  execute_task
args:      ((<function store_chunk at 0x2aab2b96edd0>, (subgraph_callable-6d38a6af-542e-4ae5-87ae-7c7b9489e528, array(-32767., dtype=float32), 0.0007324442267417908, array([[[[25.883938, 25.92056 , 25.957182, ...,       nan,       nan,
                nan],
         [25.886135, 25.922758, 25.961578, ...,       nan,       nan,
                nan],
         [25.8876  , 25.924955, 25.963043, ...,       nan,       nan,
                nan],
         ...,
         [      nan,       nan,       nan, ...,       nan,       nan,
                nan],
         [      nan,       nan,       nan, ...,       nan,       nan,
                nan],
         [      nan,       nan,       nan, ...,       nan,       nan,
                nan]],

        [[25.883205, 25.919096, 25.95645 , ...,       nan,       nan,
                nan],
         [25.885403, 25.922026, 25.960112, ...,       nan,       nan,
                nan],
         [25.886135, 25.92349 , 25.96231 , ...,       nan,       nan,
                nan],
 
kwargs:    {}
Exception: "RuntimeError('NetCDF: HDF error')"

--- Logging error ---
2023-05-01 17:23:45,026 - distributed.utils_perf - INFO - full garbage collection released 493.67 MiB from 10294 reference cycles (threshold: 9.54 MiB)
--- Logging error ---
2023-05-01 17:28:20,461 - distributed.core - INFO - Connection to tcp://172.16.3.62:43030 has been closed.
2023-05-01 17:28:20,463 - distributed.worker - INFO - Stopping worker at tcp://172.16.3.78:40248. Reason: worker-handle-scheduler-connection-broken
2023-05-01 17:28:20,467 - distributed.worker - ERROR - Failed to communicate with scheduler during heartbeat.
Traceback (most recent call last):
  File "/vortexfs1/home/anthony.meza/mambaforge/envs/atm_rivers/lib/python3.10/site-packages/tornado/iostream.py", line 861, in _read_to_buffer
    bytes_read = self.read_from_fd(buf)
  File "/vortexfs1/home/anthony.meza/mambaforge/envs/atm_rivers/lib/python3.10/site-packages/tornado/iostream.py", line 1116, in read_from_fd
    return self.socket.recv_into(buf, len(buf))
ConnectionResetError: [Errno 104] Connection reset by peer

The above exception was the direct cause of the following exception:

Traceback (most recent call last):
  File "/vortexfs1/home/anthony.meza/mambaforge/envs/atm_rivers/lib/python3.10/site-packages/distributed/worker.py", line 1234, in heartbeat
    response = await retry_operation(
  File "/vortexfs1/home/anthony.meza/mambaforge/envs/atm_rivers/lib/python3.10/site-packages/distributed/utils_comm.py", line 434, in retry_operation
    return await retry(
  File "/vortexfs1/home/anthony.meza/mambaforge/envs/atm_rivers/lib/python3.10/site-packages/distributed/utils_comm.py", line 413, in retry
    return await coro()
  File "/vortexfs1/home/anthony.meza/mambaforge/envs/atm_rivers/lib/python3.10/site-packages/distributed/core.py", line 1268, in send_recv_from_rpc
    return await send_recv(comm=comm, op=key, **kwargs)
  File "/vortexfs1/home/anthony.meza/mambaforge/envs/atm_rivers/lib/python3.10/site-packages/distributed/core.py", line 1027, in send_recv
    response = await comm.read(deserializers=deserializers)
  File "/vortexfs1/home/anthony.meza/mambaforge/envs/atm_rivers/lib/python3.10/site-packages/distributed/comm/tcp.py", line 241, in read
    convert_stream_closed_error(self, e)
  File "/vortexfs1/home/anthony.meza/mambaforge/envs/atm_rivers/lib/python3.10/site-packages/distributed/comm/tcp.py", line 142, in convert_stream_closed_error
    raise CommClosedError(f"in {obj}: {exc.__class__.__name__}: {exc}") from exc
distributed.comm.core.CommClosedError: in <TCP (closed) ConnectionPool.heartbeat_worker local=tcp://172.16.3.78:37883 remote=tcp://172.16.3.62:43030>: ConnectionResetError: [Errno 104] Connection reset by peer
2023-05-01 17:28:20,475 - distributed.nanny - INFO - Closing Nanny gracefully at 'tcp://172.16.3.78:38407'. Reason: worker-handle-scheduler-connection-broken
2023-05-01 17:28:22,591 - distributed.client - ERROR - 
ConnectionRefusedError: [Errno 111] Connection refused

The above exception was the direct cause of the following exception:

Traceback (most recent call last):
  File "/vortexfs1/home/anthony.meza/mambaforge/envs/atm_rivers/lib/python3.10/site-packages/distributed/comm/core.py", line 292, in connect
    comm = await wait_for(
  File "/vortexfs1/home/anthony.meza/mambaforge/envs/atm_rivers/lib/python3.10/site-packages/distributed/utils.py", line 1850, in wait_for
    return await asyncio.wait_for(fut, timeout)
  File "/vortexfs1/home/anthony.meza/mambaforge/envs/atm_rivers/lib/python3.10/asyncio/tasks.py", line 445, in wait_for
    return fut.result()
  File "/vortexfs1/home/anthony.meza/mambaforge/envs/atm_rivers/lib/python3.10/site-packages/distributed/comm/tcp.py", line 511, in connect
    convert_stream_closed_error(self, e)
  File "/vortexfs1/home/anthony.meza/mambaforge/envs/atm_rivers/lib/python3.10/site-packages/distributed/comm/tcp.py", line 142, in convert_stream_closed_error
    raise CommClosedError(f"in {obj}: {exc.__class__.__name__}: {exc}") from exc
distributed.comm.core.CommClosedError: in <distributed.comm.tcp.TCPConnector object at 0x2aab28424e20>: ConnectionRefusedError: [Errno 111] Connection refused

During handling of the above exception, another exception occurred:

Traceback (most recent call last):
  File "/vortexfs1/home/anthony.meza/mambaforge/envs/atm_rivers/lib/python3.10/site-packages/distributed/utils.py", line 752, in wrapper
    return await func(*args, **kwargs)
  File "/vortexfs1/home/anthony.meza/mambaforge/envs/atm_rivers/lib/python3.10/site-packages/distributed/client.py", line 1321, in _reconnect
    await self._ensure_connected(timeout=timeout)
  File "/vortexfs1/home/anthony.meza/mambaforge/envs/atm_rivers/lib/python3.10/site-packages/distributed/client.py", line 1351, in _ensure_connected
    comm = await connect(
  File "/vortexfs1/home/anthony.meza/mambaforge/envs/atm_rivers/lib/python3.10/site-packages/distributed/comm/core.py", line 316, in connect
    await asyncio.sleep(backoff)
  File "/vortexfs1/home/anthony.meza/mambaforge/envs/atm_rivers/lib/python3.10/asyncio/tasks.py", line 605, in sleep
    return await future
asyncio.exceptions.CancelledError
2023-05-01 17:28:52,596 - distributed.nanny - INFO - Worker closed
2023-05-01 17:28:55,710 - distributed.nanny - INFO - Closing Nanny at 'tcp://172.16.3.78:38407'. Reason: nanny-close-gracefully
2023-05-01 17:28:55,711 - distributed.dask_worker - INFO - End worker
