2023-04-18 16:37:51,226 - distributed.nanny - INFO -         Start Nanny at: 'tcp://172.16.3.165:44407'
2023-04-18 16:37:51,618 - distributed.diskutils - INFO - Found stale lock file and directory '/tmp/dask-worker-space/worker-a5k1uuym', purging
/vortexfs1/home/anthony.meza/.conda/envs/notebook_env/lib/python3.10/contextlib.py:142: UserWarning: Creating scratch directories is taking a surprisingly long time. (1.08s) This is often due to running workers on a network file system. Consider specifying a local-directory to point workers to write scratch data to a local disk.
  next(self.gen)
2023-04-18 16:37:53,621 - distributed.worker - INFO -       Start worker at:   tcp://172.16.3.165:42046
2023-04-18 16:37:53,621 - distributed.worker - INFO -          Listening to:   tcp://172.16.3.165:42046
2023-04-18 16:37:53,621 - distributed.worker - INFO -           Worker name:             SLURMCluster-7
2023-04-18 16:37:53,621 - distributed.worker - INFO -          dashboard at:         172.16.3.165:36169
2023-04-18 16:37:53,621 - distributed.worker - INFO - Waiting to connect to:    tcp://172.16.3.91:35010
2023-04-18 16:37:53,621 - distributed.worker - INFO - -------------------------------------------------
2023-04-18 16:37:53,621 - distributed.worker - INFO -               Threads:                         30
2023-04-18 16:37:53,621 - distributed.worker - INFO -                Memory:                 139.70 GiB
2023-04-18 16:37:53,621 - distributed.worker - INFO -       Local Directory: /tmp/dask-worker-space/worker-gpu07fcb
2023-04-18 16:37:53,621 - distributed.worker - INFO - -------------------------------------------------
2023-04-18 16:37:53,627 - distributed.worker - INFO -         Registered to:    tcp://172.16.3.91:35010
2023-04-18 16:37:53,627 - distributed.worker - INFO - -------------------------------------------------
2023-04-18 16:37:53,627 - distributed.core - INFO - Starting established connection to tcp://172.16.3.91:35010
2023-04-18 16:42:28,950 - distributed.core - INFO - Event loop was unresponsive in Worker for 6.43s.  This is often caused by long-running GIL-holding functions or moving large chunks of data. This can cause timeouts and instability.
2023-04-18 16:42:53,193 - distributed.core - INFO - Event loop was unresponsive in Worker for 4.44s.  This is often caused by long-running GIL-holding functions or moving large chunks of data. This can cause timeouts and instability.
2023-04-18 16:43:31,404 - distributed.core - INFO - Event loop was unresponsive in Worker for 3.90s.  This is often caused by long-running GIL-holding functions or moving large chunks of data. This can cause timeouts and instability.
2023-04-18 16:45:31,415 - distributed.core - INFO - Event loop was unresponsive in Worker for 6.23s.  This is often caused by long-running GIL-holding functions or moving large chunks of data. This can cause timeouts and instability.
2023-04-18 16:46:12,995 - distributed.core - INFO - Event loop was unresponsive in Worker for 3.59s.  This is often caused by long-running GIL-holding functions or moving large chunks of data. This can cause timeouts and instability.
2023-04-18 16:46:17,303 - distributed.core - INFO - Event loop was unresponsive in Worker for 4.31s.  This is often caused by long-running GIL-holding functions or moving large chunks of data. This can cause timeouts and instability.
2023-04-18 16:48:26,981 - distributed.core - INFO - Event loop was unresponsive in Worker for 4.71s.  This is often caused by long-running GIL-holding functions or moving large chunks of data. This can cause timeouts and instability.
2023-04-18 16:50:53,290 - distributed.core - INFO - Event loop was unresponsive in Worker for 4.96s.  This is often caused by long-running GIL-holding functions or moving large chunks of data. This can cause timeouts and instability.
2023-04-18 16:52:57,234 - distributed.core - INFO - Event loop was unresponsive in Worker for 4.23s.  This is often caused by long-running GIL-holding functions or moving large chunks of data. This can cause timeouts and instability.
2023-04-18 16:54:07,806 - distributed.core - INFO - Event loop was unresponsive in Worker for 3.58s.  This is often caused by long-running GIL-holding functions or moving large chunks of data. This can cause timeouts and instability.
2023-04-18 16:55:34,719 - distributed.core - INFO - Event loop was unresponsive in Worker for 3.03s.  This is often caused by long-running GIL-holding functions or moving large chunks of data. This can cause timeouts and instability.
2023-04-18 16:55:47,768 - distributed.core - INFO - Event loop was unresponsive in Worker for 6.12s.  This is often caused by long-running GIL-holding functions or moving large chunks of data. This can cause timeouts and instability.
2023-04-18 16:55:59,405 - distributed.core - INFO - Event loop was unresponsive in Worker for 8.28s.  This is often caused by long-running GIL-holding functions or moving large chunks of data. This can cause timeouts and instability.
2023-04-18 16:59:32,384 - distributed.core - INFO - Event loop was unresponsive in Worker for 4.42s.  This is often caused by long-running GIL-holding functions or moving large chunks of data. This can cause timeouts and instability.
2023-04-18 16:59:41,431 - distributed.core - INFO - Event loop was unresponsive in Worker for 3.44s.  This is often caused by long-running GIL-holding functions or moving large chunks of data. This can cause timeouts and instability.
2023-04-18 17:00:32,700 - distributed.core - INFO - Event loop was unresponsive in Worker for 5.99s.  This is often caused by long-running GIL-holding functions or moving large chunks of data. This can cause timeouts and instability.
2023-04-18 17:00:46,293 - distributed.core - INFO - Event loop was unresponsive in Worker for 6.41s.  This is often caused by long-running GIL-holding functions or moving large chunks of data. This can cause timeouts and instability.
2023-04-18 17:01:53,820 - distributed.core - INFO - Event loop was unresponsive in Worker for 4.39s.  This is often caused by long-running GIL-holding functions or moving large chunks of data. This can cause timeouts and instability.
2023-04-18 17:02:53,415 - distributed.core - INFO - Event loop was unresponsive in Worker for 4.85s.  This is often caused by long-running GIL-holding functions or moving large chunks of data. This can cause timeouts and instability.
2023-04-18 17:03:08,384 - distributed.core - INFO - Event loop was unresponsive in Worker for 4.34s.  This is often caused by long-running GIL-holding functions or moving large chunks of data. This can cause timeouts and instability.
2023-04-18 17:07:02,832 - distributed.core - INFO - Event loop was unresponsive in Worker for 4.36s.  This is often caused by long-running GIL-holding functions or moving large chunks of data. This can cause timeouts and instability.
2023-04-18 17:09:24,901 - distributed.core - INFO - Event loop was unresponsive in Worker for 4.28s.  This is often caused by long-running GIL-holding functions or moving large chunks of data. This can cause timeouts and instability.
2023-04-18 17:11:38,997 - distributed.core - INFO - Event loop was unresponsive in Worker for 4.15s.  This is often caused by long-running GIL-holding functions or moving large chunks of data. This can cause timeouts and instability.
2023-04-18 17:11:48,633 - distributed.core - INFO - Event loop was unresponsive in Worker for 5.69s.  This is often caused by long-running GIL-holding functions or moving large chunks of data. This can cause timeouts and instability.
2023-04-18 17:12:03,555 - distributed.core - INFO - Event loop was unresponsive in Worker for 6.99s.  This is often caused by long-running GIL-holding functions or moving large chunks of data. This can cause timeouts and instability.
2023-04-18 17:12:15,693 - distributed.core - INFO - Event loop was unresponsive in Worker for 4.13s.  This is often caused by long-running GIL-holding functions or moving large chunks of data. This can cause timeouts and instability.
2023-04-18 17:12:35,917 - distributed.core - INFO - Event loop was unresponsive in Worker for 4.13s.  This is often caused by long-running GIL-holding functions or moving large chunks of data. This can cause timeouts and instability.
2023-04-18 17:18:19,029 - distributed.core - INFO - Event loop was unresponsive in Worker for 5.82s.  This is often caused by long-running GIL-holding functions or moving large chunks of data. This can cause timeouts and instability.
2023-04-18 17:18:53,868 - distributed.core - INFO - Event loop was unresponsive in Worker for 4.10s.  This is often caused by long-running GIL-holding functions or moving large chunks of data. This can cause timeouts and instability.
2023-04-18 17:20:34,107 - distributed.core - INFO - Event loop was unresponsive in Worker for 4.20s.  This is often caused by long-running GIL-holding functions or moving large chunks of data. This can cause timeouts and instability.
2023-04-18 17:20:38,935 - distributed.core - INFO - Event loop was unresponsive in Worker for 4.63s.  This is often caused by long-running GIL-holding functions or moving large chunks of data. This can cause timeouts and instability.
2023-04-18 17:20:45,028 - distributed.core - INFO - Event loop was unresponsive in Worker for 5.94s.  This is often caused by long-running GIL-holding functions or moving large chunks of data. This can cause timeouts and instability.
2023-04-18 17:20:58,274 - distributed.core - INFO - Event loop was unresponsive in Worker for 5.97s.  This is often caused by long-running GIL-holding functions or moving large chunks of data. This can cause timeouts and instability.
2023-04-18 17:21:05,697 - distributed.core - INFO - Event loop was unresponsive in Worker for 5.95s.  This is often caused by long-running GIL-holding functions or moving large chunks of data. This can cause timeouts and instability.
2023-04-18 17:21:14,821 - distributed.core - INFO - Event loop was unresponsive in Worker for 5.05s.  This is often caused by long-running GIL-holding functions or moving large chunks of data. This can cause timeouts and instability.
2023-04-18 17:22:30,909 - distributed.core - INFO - Event loop was unresponsive in Worker for 5.28s.  This is often caused by long-running GIL-holding functions or moving large chunks of data. This can cause timeouts and instability.
2023-04-18 17:23:35,687 - distributed.core - INFO - Event loop was unresponsive in Worker for 11.44s.  This is often caused by long-running GIL-holding functions or moving large chunks of data. This can cause timeouts and instability.
2023-04-18 17:23:41,539 - distributed.core - INFO - Event loop was unresponsive in Worker for 5.75s.  This is often caused by long-running GIL-holding functions or moving large chunks of data. This can cause timeouts and instability.
slurmstepd: error: *** JOB 3066598 ON pn115 CANCELLED AT 2023-04-18T18:37:49 DUE TO TIME LIMIT ***
