2023-05-10 08:37:53,995 - distributed.nanny - INFO -         Start Nanny at: 'tcp://172.16.3.102:35359'
2023-05-10 08:37:54,416 - distributed.diskutils - INFO - Found stale lock file and directory '/tmp/dask-worker-space/worker-p5gxdnr3', purging
2023-05-10 08:38:01,993 - distributed.worker - INFO -       Start worker at:   tcp://172.16.3.102:42970
2023-05-10 08:38:01,993 - distributed.worker - INFO -          Listening to:   tcp://172.16.3.102:42970
2023-05-10 08:38:01,993 - distributed.worker - INFO -           Worker name:             SLURMCluster-7
2023-05-10 08:38:01,993 - distributed.worker - INFO -          dashboard at:         172.16.3.102:36368
2023-05-10 08:38:01,993 - distributed.worker - INFO - Waiting to connect to:    tcp://172.16.3.56:37266
2023-05-10 08:38:01,993 - distributed.worker - INFO - -------------------------------------------------
2023-05-10 08:38:01,993 - distributed.worker - INFO -               Threads:                         30
2023-05-10 08:38:01,993 - distributed.worker - INFO -                Memory:                  46.57 GiB
2023-05-10 08:38:01,993 - distributed.worker - INFO -       Local Directory: /tmp/dask-worker-space/worker-w_qwt616
2023-05-10 08:38:01,993 - distributed.worker - INFO - -------------------------------------------------
2023-05-10 08:38:02,004 - distributed.worker - INFO -         Registered to:    tcp://172.16.3.56:37266
2023-05-10 08:38:02,004 - distributed.worker - INFO - -------------------------------------------------
2023-05-10 08:38:02,004 - distributed.core - INFO - Starting established connection to tcp://172.16.3.56:37266
Exception ignored in: <function CachingFileManager.__del__ at 0x2aaacb6d1b40>
Traceback (most recent call last):
  File "/vortexfs1/home/anthony.meza/mambaforge/envs/atm_rivers/lib/python3.10/site-packages/xarray/backends/file_manager.py", line 249, in __del__
    self.close(needs_lock=False)
  File "/vortexfs1/home/anthony.meza/mambaforge/envs/atm_rivers/lib/python3.10/site-packages/xarray/backends/file_manager.py", line 233, in close
    file.close()
  File "src/netCDF4/_netCDF4.pyx", line 2607, in netCDF4._netCDF4.Dataset.close
  File "src/netCDF4/_netCDF4.pyx", line 2570, in netCDF4._netCDF4.Dataset._close
  File "src/netCDF4/_netCDF4.pyx", line 2014, in netCDF4._netCDF4._ensure_nc_success
RuntimeError: NetCDF: Not a valid ID
Exception ignored in: <function CachingFileManager.__del__ at 0x2aaacb6d1b40>
Traceback (most recent call last):
  File "/vortexfs1/home/anthony.meza/mambaforge/envs/atm_rivers/lib/python3.10/site-packages/xarray/backends/file_manager.py", line 249, in __del__
    self.close(needs_lock=False)
  File "/vortexfs1/home/anthony.meza/mambaforge/envs/atm_rivers/lib/python3.10/site-packages/xarray/backends/file_manager.py", line 233, in close
    file.close()
  File "src/netCDF4/_netCDF4.pyx", line 2607, in netCDF4._netCDF4.Dataset.close
  File "src/netCDF4/_netCDF4.pyx", line 2570, in netCDF4._netCDF4.Dataset._close
  File "src/netCDF4/_netCDF4.pyx", line 2014, in netCDF4._netCDF4._ensure_nc_success
RuntimeError: NetCDF: Not a valid ID
Exception ignored in: <function CachingFileManager.__del__ at 0x2aaacb6d1b40>
Traceback (most recent call last):
  File "/vortexfs1/home/anthony.meza/mambaforge/envs/atm_rivers/lib/python3.10/site-packages/xarray/backends/file_manager.py", line 249, in __del__
    self.close(needs_lock=False)
  File "/vortexfs1/home/anthony.meza/mambaforge/envs/atm_rivers/lib/python3.10/site-packages/xarray/backends/file_manager.py", line 233, in close
    file.close()
  File "src/netCDF4/_netCDF4.pyx", line 2607, in netCDF4._netCDF4.Dataset.close
  File "src/netCDF4/_netCDF4.pyx", line 2570, in netCDF4._netCDF4.Dataset._close
  File "src/netCDF4/_netCDF4.pyx", line 2014, in netCDF4._netCDF4._ensure_nc_success
RuntimeError: NetCDF: Not a valid ID
Exception ignored in: <function CachingFileManager.__del__ at 0x2aaacb6d1b40>
Traceback (most recent call last):
  File "/vortexfs1/home/anthony.meza/mambaforge/envs/atm_rivers/lib/python3.10/site-packages/xarray/backends/file_manager.py", line 249, in __del__
    self.close(needs_lock=False)
  File "/vortexfs1/home/anthony.meza/mambaforge/envs/atm_rivers/lib/python3.10/site-packages/xarray/backends/file_manager.py", line 233, in close
    file.close()
  File "src/netCDF4/_netCDF4.pyx", line 2607, in netCDF4._netCDF4.Dataset.close
  File "src/netCDF4/_netCDF4.pyx", line 2570, in netCDF4._netCDF4.Dataset._close
  File "src/netCDF4/_netCDF4.pyx", line 2014, in netCDF4._netCDF4._ensure_nc_success
RuntimeError: NetCDF: Not a valid ID
2023-05-10 08:42:22,724 - distributed.worker.memory - WARNING - Unmanaged memory use is high. This may indicate a memory leak or the memory may not be released to the OS; see https://distributed.dask.org/en/latest/worker-memory.html#memory-not-released-back-to-the-os for more information. -- Unmanaged memory: 34.08 GiB -- Worker memory limit: 46.57 GiB
2023-05-10 08:42:24,001 - distributed.utils_perf - INFO - full garbage collection released 3.54 GiB from 56 reference cycles (threshold: 9.54 MiB)
2023-05-10 08:42:24,001 - distributed.worker.memory - WARNING - Worker is at 80% memory usage. Pausing worker.  Process memory: 37.45 GiB -- Worker memory limit: 46.57 GiB
2023-05-10 08:42:24,006 - distributed.worker.memory - WARNING - Worker is at 73% memory usage. Resuming worker. Process memory: 34.01 GiB -- Worker memory limit: 46.57 GiB
2023-05-10 08:42:24,305 - distributed.worker.memory - WARNING - Worker is at 83% memory usage. Pausing worker.  Process memory: 38.75 GiB -- Worker memory limit: 46.57 GiB
2023-05-10 08:42:29,240 - distributed.worker.memory - WARNING - Worker is at 42% memory usage. Resuming worker. Process memory: 20.02 GiB -- Worker memory limit: 46.57 GiB
2023-05-10 08:42:29,242 - distributed.core - INFO - Removing comms to tcp://172.16.3.185:33858
2023-05-10 08:42:29,243 - distributed.core - INFO - Event loop was unresponsive in Worker for 4.64s.  This is often caused by long-running GIL-holding functions or moving large chunks of data. This can cause timeouts and instability.
2023-05-10 08:42:37,722 - distributed.nanny.memory - WARNING - Worker tcp://172.16.3.102:42970 (pid=278527) exceeded 95% memory budget. Restarting...
2023-05-10 08:42:41,658 - distributed.nanny - INFO - Worker process 278527 was killed by signal 15
2023-05-10 08:42:45,822 - distributed.nanny - WARNING - Restarting worker
2023-05-10 08:42:49,963 - distributed.worker - INFO -       Start worker at:   tcp://172.16.3.102:39990
2023-05-10 08:42:49,963 - distributed.worker - INFO -          Listening to:   tcp://172.16.3.102:39990
2023-05-10 08:42:49,963 - distributed.worker - INFO -           Worker name:             SLURMCluster-7
2023-05-10 08:42:49,963 - distributed.worker - INFO -          dashboard at:         172.16.3.102:44346
2023-05-10 08:42:49,963 - distributed.worker - INFO - Waiting to connect to:    tcp://172.16.3.56:37266
2023-05-10 08:42:49,963 - distributed.worker - INFO - -------------------------------------------------
2023-05-10 08:42:49,963 - distributed.worker - INFO -               Threads:                         30
2023-05-10 08:42:49,964 - distributed.worker - INFO -                Memory:                  46.57 GiB
2023-05-10 08:42:49,964 - distributed.worker - INFO -       Local Directory: /tmp/dask-worker-space/worker-5cdczdvv
2023-05-10 08:42:49,964 - distributed.worker - INFO - -------------------------------------------------
2023-05-10 08:42:49,971 - distributed.worker - INFO -         Registered to:    tcp://172.16.3.56:37266
2023-05-10 08:42:49,971 - distributed.worker - INFO - -------------------------------------------------
2023-05-10 08:42:49,971 - distributed.core - INFO - Starting established connection to tcp://172.16.3.56:37266
slurmstepd: error: *** JOB 3085331 ON pn052 CANCELLED AT 2023-05-10T08:42:50 ***
