2023-05-01 12:52:36,805 - distributed.nanny - INFO -         Start Nanny at: 'tcp://172.16.3.92:42935'
2023-05-01 12:52:38,943 - distributed.worker - INFO -       Start worker at:    tcp://172.16.3.92:41496
2023-05-01 12:52:38,943 - distributed.worker - INFO -          Listening to:    tcp://172.16.3.92:41496
2023-05-01 12:52:38,943 - distributed.worker - INFO -           Worker name:             SLURMCluster-2
2023-05-01 12:52:38,943 - distributed.worker - INFO -          dashboard at:          172.16.3.92:38314
2023-05-01 12:52:38,943 - distributed.worker - INFO - Waiting to connect to:    tcp://172.16.3.62:46243
2023-05-01 12:52:38,943 - distributed.worker - INFO - -------------------------------------------------
2023-05-01 12:52:38,943 - distributed.worker - INFO -               Threads:                         36
2023-05-01 12:52:38,943 - distributed.worker - INFO -                Memory:                 178.81 GiB
2023-05-01 12:52:38,943 - distributed.worker - INFO -       Local Directory: /tmp/dask-worker-space/worker-oo6zzov_
2023-05-01 12:52:38,943 - distributed.worker - INFO - -------------------------------------------------
2023-05-01 12:52:38,949 - distributed.worker - INFO -         Registered to:    tcp://172.16.3.62:46243
2023-05-01 12:52:38,950 - distributed.worker - INFO - -------------------------------------------------
2023-05-01 12:52:38,950 - distributed.core - INFO - Starting established connection to tcp://172.16.3.62:46243
/vortexfs1/home/anthony.meza/mambaforge/envs/atm_rivers/lib/python3.10/site-packages/scipy/io/_netcdf.py:305: RuntimeWarning: Cannot close a netcdf_file opened with mmap=True, when netcdf_variables or arrays referring to its data still exist. All data arrays obtained from such files refer directly to data on disk, and must be copied before the file can be cleanly closed. (See netcdf_file docstring for more information on mmap.)
  warnings.warn((
2023-05-01 12:53:13,888 - distributed.utils_perf - INFO - full garbage collection released 10.66 MiB from 160 reference cycles (threshold: 9.54 MiB)
/vortexfs1/home/anthony.meza/mambaforge/envs/atm_rivers/lib/python3.10/site-packages/scipy/io/_netcdf.py:305: RuntimeWarning: Cannot close a netcdf_file opened with mmap=True, when netcdf_variables or arrays referring to its data still exist. All data arrays obtained from such files refer directly to data on disk, and must be copied before the file can be cleanly closed. (See netcdf_file docstring for more information on mmap.)
  warnings.warn((
/vortexfs1/home/anthony.meza/mambaforge/envs/atm_rivers/lib/python3.10/site-packages/scipy/io/_netcdf.py:305: RuntimeWarning: Cannot close a netcdf_file opened with mmap=True, when netcdf_variables or arrays referring to its data still exist. All data arrays obtained from such files refer directly to data on disk, and must be copied before the file can be cleanly closed. (See netcdf_file docstring for more information on mmap.)
  warnings.warn((
/vortexfs1/home/anthony.meza/mambaforge/envs/atm_rivers/lib/python3.10/site-packages/scipy/io/_netcdf.py:305: RuntimeWarning: Cannot close a netcdf_file opened with mmap=True, when netcdf_variables or arrays referring to its data still exist. All data arrays obtained from such files refer directly to data on disk, and must be copied before the file can be cleanly closed. (See netcdf_file docstring for more information on mmap.)
  warnings.warn((
/vortexfs1/home/anthony.meza/mambaforge/envs/atm_rivers/lib/python3.10/site-packages/scipy/io/_netcdf.py:305: RuntimeWarning: Cannot close a netcdf_file opened with mmap=True, when netcdf_variables or arrays referring to its data still exist. All data arrays obtained from such files refer directly to data on disk, and must be copied before the file can be cleanly closed. (See netcdf_file docstring for more information on mmap.)
  warnings.warn((
/vortexfs1/home/anthony.meza/mambaforge/envs/atm_rivers/lib/python3.10/site-packages/scipy/io/_netcdf.py:305: RuntimeWarning: Cannot close a netcdf_file opened with mmap=True, when netcdf_variables or arrays referring to its data still exist. All data arrays obtained from such files refer directly to data on disk, and must be copied before the file can be cleanly closed. (See netcdf_file docstring for more information on mmap.)
  warnings.warn((
/vortexfs1/home/anthony.meza/mambaforge/envs/atm_rivers/lib/python3.10/site-packages/scipy/io/_netcdf.py:305: RuntimeWarning: Cannot close a netcdf_file opened with mmap=True, when netcdf_variables or arrays referring to its data still exist. All data arrays obtained from such files refer directly to data on disk, and must be copied before the file can be cleanly closed. (See netcdf_file docstring for more information on mmap.)
  warnings.warn((
/vortexfs1/home/anthony.meza/mambaforge/envs/atm_rivers/lib/python3.10/site-packages/scipy/io/_netcdf.py:305: RuntimeWarning: Cannot close a netcdf_file opened with mmap=True, when netcdf_variables or arrays referring to its data still exist. All data arrays obtained from such files refer directly to data on disk, and must be copied before the file can be cleanly closed. (See netcdf_file docstring for more information on mmap.)
  warnings.warn((
/vortexfs1/home/anthony.meza/mambaforge/envs/atm_rivers/lib/python3.10/site-packages/scipy/io/_netcdf.py:305: RuntimeWarning: Cannot close a netcdf_file opened with mmap=True, when netcdf_variables or arrays referring to its data still exist. All data arrays obtained from such files refer directly to data on disk, and must be copied before the file can be cleanly closed. (See netcdf_file docstring for more information on mmap.)
  warnings.warn((
/vortexfs1/home/anthony.meza/mambaforge/envs/atm_rivers/lib/python3.10/site-packages/scipy/io/_netcdf.py:305: RuntimeWarning: Cannot close a netcdf_file opened with mmap=True, when netcdf_variables or arrays referring to its data still exist. All data arrays obtained from such files refer directly to data on disk, and must be copied before the file can be cleanly closed. (See netcdf_file docstring for more information on mmap.)
  warnings.warn((
/vortexfs1/home/anthony.meza/mambaforge/envs/atm_rivers/lib/python3.10/site-packages/scipy/io/_netcdf.py:305: RuntimeWarning: Cannot close a netcdf_file opened with mmap=True, when netcdf_variables or arrays referring to its data still exist. All data arrays obtained from such files refer directly to data on disk, and must be copied before the file can be cleanly closed. (See netcdf_file docstring for more information on mmap.)
  warnings.warn((
/vortexfs1/home/anthony.meza/mambaforge/envs/atm_rivers/lib/python3.10/site-packages/scipy/io/_netcdf.py:305: RuntimeWarning: Cannot close a netcdf_file opened with mmap=True, when netcdf_variables or arrays referring to its data still exist. All data arrays obtained from such files refer directly to data on disk, and must be copied before the file can be cleanly closed. (See netcdf_file docstring for more information on mmap.)
  warnings.warn((
/vortexfs1/home/anthony.meza/mambaforge/envs/atm_rivers/lib/python3.10/site-packages/scipy/io/_netcdf.py:305: RuntimeWarning: Cannot close a netcdf_file opened with mmap=True, when netcdf_variables or arrays referring to its data still exist. All data arrays obtained from such files refer directly to data on disk, and must be copied before the file can be cleanly closed. (See netcdf_file docstring for more information on mmap.)
  warnings.warn((
2023-05-01 13:22:38,757 - distributed.utils_perf - INFO - full garbage collection released 70.99 MiB from 141 reference cycles (threshold: 9.54 MiB)
slurmstepd: error: *** JOB 3079871 ON pn042 CANCELLED AT 2023-05-01T13:52:55 ***
