2023-04-17 21:51:54,878 - distributed.nanny - INFO -         Start Nanny at: 'tcp://172.16.3.86:40919'
2023-04-17 21:51:58,288 - distributed.worker - INFO -       Start worker at:    tcp://172.16.3.86:36315
2023-04-17 21:51:58,288 - distributed.worker - INFO -          Listening to:    tcp://172.16.3.86:36315
2023-04-17 21:51:58,288 - distributed.worker - INFO -           Worker name:             SLURMCluster-2
2023-04-17 21:51:58,288 - distributed.worker - INFO -          dashboard at:          172.16.3.86:37990
2023-04-17 21:51:58,288 - distributed.worker - INFO - Waiting to connect to:    tcp://172.16.3.64:33062
2023-04-17 21:51:58,288 - distributed.worker - INFO - -------------------------------------------------
2023-04-17 21:51:58,288 - distributed.worker - INFO -               Threads:                         36
2023-04-17 21:51:58,288 - distributed.worker - INFO -                Memory:                 178.81 GiB
2023-04-17 21:51:58,288 - distributed.worker - INFO -       Local Directory: /tmp/dask-worker-space/worker-w4pgt9qb
2023-04-17 21:51:58,288 - distributed.worker - INFO - -------------------------------------------------
2023-04-17 21:51:58,296 - distributed.worker - INFO -         Registered to:    tcp://172.16.3.64:33062
2023-04-17 21:51:58,296 - distributed.worker - INFO - -------------------------------------------------
2023-04-17 21:51:58,296 - distributed.core - INFO - Starting established connection to tcp://172.16.3.64:33062
2023-04-17 22:02:21,135 - distributed.worker - ERROR - Exception during execution of task ('open_dataset-03d38549a6907cf3d03893dfccc6ea18thetao-b39b105a6f8077dd152610ac610e4def', 27, 0, 1, 1).
Traceback (most recent call last):
  File "/vortexfs1/home/anthony.meza/.conda/envs/notebook_env/lib/python3.10/site-packages/distributed/worker.py", line 2337, in _prepare_args_for_execution
    data[k] = self.data[k]
  File "/vortexfs1/home/anthony.meza/.conda/envs/notebook_env/lib/python3.10/site-packages/zict/buffer.py", line 108, in __getitem__
    raise KeyError(key)
KeyError: 'original-open_dataset-03d38549a6907cf3d03893dfccc6ea18thetao-b39b105a6f8077dd152610ac610e4def'

During handling of the above exception, another exception occurred:

Traceback (most recent call last):
  File "/vortexfs1/home/anthony.meza/.conda/envs/notebook_env/lib/python3.10/site-packages/distributed/worker.py", line 2235, in execute
    args2, kwargs2 = self._prepare_args_for_execution(ts, args, kwargs)
  File "/vortexfs1/home/anthony.meza/.conda/envs/notebook_env/lib/python3.10/site-packages/distributed/worker.py", line 2341, in _prepare_args_for_execution
    data[k] = Actor(type(self.state.actors[k]), self.address, k, self)
KeyError: 'original-open_dataset-03d38549a6907cf3d03893dfccc6ea18thetao-b39b105a6f8077dd152610ac610e4def'
2023-04-17 22:02:21,165 - distributed.worker - ERROR - Exception during execution of task ('open_dataset-03d38549a6907cf3d03893dfccc6ea18thetao-b39b105a6f8077dd152610ac610e4def', 6, 0, 3, 1).
Traceback (most recent call last):
  File "/vortexfs1/home/anthony.meza/.conda/envs/notebook_env/lib/python3.10/site-packages/distributed/worker.py", line 2337, in _prepare_args_for_execution
    data[k] = self.data[k]
  File "/vortexfs1/home/anthony.meza/.conda/envs/notebook_env/lib/python3.10/site-packages/zict/buffer.py", line 108, in __getitem__
    raise KeyError(key)
KeyError: 'original-open_dataset-03d38549a6907cf3d03893dfccc6ea18thetao-b39b105a6f8077dd152610ac610e4def'

During handling of the above exception, another exception occurred:

Traceback (most recent call last):
  File "/vortexfs1/home/anthony.meza/.conda/envs/notebook_env/lib/python3.10/site-packages/distributed/worker.py", line 2235, in execute
    args2, kwargs2 = self._prepare_args_for_execution(ts, args, kwargs)
  File "/vortexfs1/home/anthony.meza/.conda/envs/notebook_env/lib/python3.10/site-packages/distributed/worker.py", line 2341, in _prepare_args_for_execution
    data[k] = Actor(type(self.state.actors[k]), self.address, k, self)
KeyError: 'original-open_dataset-03d38549a6907cf3d03893dfccc6ea18thetao-b39b105a6f8077dd152610ac610e4def'
2023-04-17 22:02:21,173 - distributed.core - INFO - Event loop was unresponsive in Worker for 59.48s.  This is often caused by long-running GIL-holding functions or moving large chunks of data. This can cause timeouts and instability.
2023-04-17 22:02:21,177 - distributed.worker - ERROR - Worker stream died during communication: tcp://172.16.3.95:45777
Traceback (most recent call last):
  File "/vortexfs1/home/anthony.meza/.conda/envs/notebook_env/lib/python3.10/site-packages/tornado/iostream.py", line 867, in _read_to_buffer
    bytes_read = self.read_from_fd(buf)
  File "/vortexfs1/home/anthony.meza/.conda/envs/notebook_env/lib/python3.10/site-packages/tornado/iostream.py", line 1140, in read_from_fd
    return self.socket.recv_into(buf, len(buf))
ConnectionResetError: [Errno 104] Connection reset by peer

The above exception was the direct cause of the following exception:

Traceback (most recent call last):
  File "/vortexfs1/home/anthony.meza/.conda/envs/notebook_env/lib/python3.10/site-packages/distributed/worker.py", line 2051, in gather_dep
    response = await get_data_from_worker(
  File "/vortexfs1/home/anthony.meza/.conda/envs/notebook_env/lib/python3.10/site-packages/distributed/worker.py", line 2840, in get_data_from_worker
    return await retry_operation(_get_data, operation="get_data_from_worker")
  File "/vortexfs1/home/anthony.meza/.conda/envs/notebook_env/lib/python3.10/site-packages/distributed/utils_comm.py", line 386, in retry_operation
    return await retry(
  File "/vortexfs1/home/anthony.meza/.conda/envs/notebook_env/lib/python3.10/site-packages/distributed/utils_comm.py", line 371, in retry
    return await coro()
  File "/vortexfs1/home/anthony.meza/.conda/envs/notebook_env/lib/python3.10/site-packages/distributed/worker.py", line 2820, in _get_data
    response = await send_recv(
  File "/vortexfs1/home/anthony.meza/.conda/envs/notebook_env/lib/python3.10/site-packages/distributed/core.py", line 928, in send_recv
    response = await comm.read(deserializers=deserializers)
  File "/vortexfs1/home/anthony.meza/.conda/envs/notebook_env/lib/python3.10/site-packages/distributed/comm/tcp.py", line 241, in read
    convert_stream_closed_error(self, e)
  File "/vortexfs1/home/anthony.meza/.conda/envs/notebook_env/lib/python3.10/site-packages/distributed/comm/tcp.py", line 142, in convert_stream_closed_error
    raise CommClosedError(f"in {obj}: {exc.__class__.__name__}: {exc}") from exc
distributed.comm.core.CommClosedError: in <TCP (closed) Ephemeral Worker->Worker for gather local=tcp://172.16.3.86:35191 remote=tcp://172.16.3.95:45777>: ConnectionResetError: [Errno 104] Connection reset by peer
slurmstepd: error: *** JOB 3065797 ON pn036 CANCELLED AT 2023-04-17T22:04:17 ***
