2023-05-10 10:17:20,104 - distributed.nanny - INFO -         Start Nanny at: 'tcp://172.16.3.102:40405'
2023-05-10 10:17:20,534 - distributed.diskutils - INFO - Found stale lock file and directory '/tmp/dask-worker-space/worker-ov750sjm', purging
2023-05-10 10:17:25,659 - distributed.worker - INFO -       Start worker at:   tcp://172.16.3.102:45966
2023-05-10 10:17:25,659 - distributed.worker - INFO -          Listening to:   tcp://172.16.3.102:45966
2023-05-10 10:17:25,659 - distributed.worker - INFO -           Worker name:             SLURMCluster-0
2023-05-10 10:17:25,659 - distributed.worker - INFO -          dashboard at:         172.16.3.102:36123
2023-05-10 10:17:25,659 - distributed.worker - INFO - Waiting to connect to:    tcp://172.16.3.56:40509
2023-05-10 10:17:25,659 - distributed.worker - INFO - -------------------------------------------------
2023-05-10 10:17:25,659 - distributed.worker - INFO -               Threads:                         30
2023-05-10 10:17:25,659 - distributed.worker - INFO -                Memory:                 139.70 GiB
2023-05-10 10:17:25,659 - distributed.worker - INFO -       Local Directory: /tmp/dask-worker-space/worker-0lvk7jsv
2023-05-10 10:17:25,659 - distributed.worker - INFO - -------------------------------------------------
2023-05-10 10:17:25,935 - distributed.worker - INFO -         Registered to:    tcp://172.16.3.56:40509
2023-05-10 10:17:25,935 - distributed.worker - INFO - -------------------------------------------------
2023-05-10 10:17:25,936 - distributed.core - INFO - Starting established connection to tcp://172.16.3.56:40509
2023-05-10 10:18:41,200 - distributed.utils_perf - INFO - full garbage collection released 2.43 GiB from 56 reference cycles (threshold: 9.54 MiB)
2023-05-10 10:19:00,591 - distributed.worker - ERROR - failed during get data with tcp://172.16.3.102:45966 -> tcp://172.16.3.128:41087
Traceback (most recent call last):
  File "/vortexfs1/home/anthony.meza/mambaforge/envs/atm_rivers/lib/python3.10/site-packages/tornado/iostream.py", line 861, in _read_to_buffer
    bytes_read = self.read_from_fd(buf)
  File "/vortexfs1/home/anthony.meza/mambaforge/envs/atm_rivers/lib/python3.10/site-packages/tornado/iostream.py", line 1116, in read_from_fd
    return self.socket.recv_into(buf, len(buf))
ConnectionResetError: [Errno 104] Connection reset by peer

The above exception was the direct cause of the following exception:

Traceback (most recent call last):
  File "/vortexfs1/home/anthony.meza/mambaforge/envs/atm_rivers/lib/python3.10/site-packages/distributed/worker.py", line 1787, in get_data
    response = await comm.read(deserializers=serializers)
  File "/vortexfs1/home/anthony.meza/mambaforge/envs/atm_rivers/lib/python3.10/site-packages/distributed/comm/tcp.py", line 241, in read
    convert_stream_closed_error(self, e)
  File "/vortexfs1/home/anthony.meza/mambaforge/envs/atm_rivers/lib/python3.10/site-packages/distributed/comm/tcp.py", line 142, in convert_stream_closed_error
    raise CommClosedError(f"in {obj}: {exc.__class__.__name__}: {exc}") from exc
distributed.comm.core.CommClosedError: in <TCP (closed)  local=tcp://172.16.3.102:45966 remote=tcp://172.16.3.128:54507>: ConnectionResetError: [Errno 104] Connection reset by peer
2023-05-10 10:19:00,592 - distributed.core - INFO - Lost connection to 'tcp://172.16.3.128:54507'
Traceback (most recent call last):
  File "/vortexfs1/home/anthony.meza/mambaforge/envs/atm_rivers/lib/python3.10/site-packages/tornado/iostream.py", line 861, in _read_to_buffer
    bytes_read = self.read_from_fd(buf)
  File "/vortexfs1/home/anthony.meza/mambaforge/envs/atm_rivers/lib/python3.10/site-packages/tornado/iostream.py", line 1116, in read_from_fd
    return self.socket.recv_into(buf, len(buf))
ConnectionResetError: [Errno 104] Connection reset by peer

The above exception was the direct cause of the following exception:

Traceback (most recent call last):
  File "/vortexfs1/home/anthony.meza/mambaforge/envs/atm_rivers/lib/python3.10/site-packages/distributed/core.py", line 832, in _handle_comm
    result = await result
  File "/vortexfs1/home/anthony.meza/mambaforge/envs/atm_rivers/lib/python3.10/site-packages/distributed/core.py", line 991, in wrapper
    return await func(self, *args, **kwargs)
  File "/vortexfs1/home/anthony.meza/mambaforge/envs/atm_rivers/lib/python3.10/site-packages/distributed/worker.py", line 1787, in get_data
    response = await comm.read(deserializers=serializers)
  File "/vortexfs1/home/anthony.meza/mambaforge/envs/atm_rivers/lib/python3.10/site-packages/distributed/comm/tcp.py", line 241, in read
    convert_stream_closed_error(self, e)
  File "/vortexfs1/home/anthony.meza/mambaforge/envs/atm_rivers/lib/python3.10/site-packages/distributed/comm/tcp.py", line 142, in convert_stream_closed_error
    raise CommClosedError(f"in {obj}: {exc.__class__.__name__}: {exc}") from exc
distributed.comm.core.CommClosedError: in <TCP (closed)  local=tcp://172.16.3.102:45966 remote=tcp://172.16.3.128:54507>: ConnectionResetError: [Errno 104] Connection reset by peer
2023-05-10 10:19:00,789 - distributed.core - INFO - Removing comms to tcp://172.16.3.128:41087
2023-05-10 10:19:58,877 - distributed.utils_perf - WARNING - full garbage collections took 10% CPU time recently (threshold: 10%)
2023-05-10 10:20:06,026 - distributed.utils_perf - WARNING - full garbage collections took 10% CPU time recently (threshold: 10%)
2023-05-10 10:20:06,557 - distributed.utils_perf - WARNING - full garbage collections took 10% CPU time recently (threshold: 10%)
2023-05-10 10:20:09,684 - distributed.utils_perf - WARNING - full garbage collections took 12% CPU time recently (threshold: 10%)
2023-05-10 10:20:10,475 - distributed.utils_perf - WARNING - full garbage collections took 12% CPU time recently (threshold: 10%)
2023-05-10 10:20:12,810 - distributed.utils_perf - WARNING - full garbage collections took 12% CPU time recently (threshold: 10%)
2023-05-10 10:20:16,130 - distributed.utils_perf - WARNING - full garbage collections took 12% CPU time recently (threshold: 10%)
2023-05-10 10:20:16,922 - distributed.utils_perf - WARNING - full garbage collections took 13% CPU time recently (threshold: 10%)
2023-05-10 10:20:19,161 - distributed.utils_perf - WARNING - full garbage collections took 13% CPU time recently (threshold: 10%)
2023-05-10 10:20:21,959 - distributed.utils_perf - WARNING - full garbage collections took 13% CPU time recently (threshold: 10%)
2023-05-10 10:20:23,735 - distributed.utils_perf - WARNING - full garbage collections took 13% CPU time recently (threshold: 10%)
2023-05-10 10:20:26,017 - distributed.utils_perf - WARNING - full garbage collections took 14% CPU time recently (threshold: 10%)
2023-05-10 10:20:28,193 - distributed.utils_perf - WARNING - full garbage collections took 14% CPU time recently (threshold: 10%)
2023-05-10 10:20:28,812 - distributed.utils_perf - WARNING - full garbage collections took 14% CPU time recently (threshold: 10%)
2023-05-10 10:20:32,604 - distributed.utils_perf - WARNING - full garbage collections took 14% CPU time recently (threshold: 10%)
2023-05-10 10:20:34,561 - distributed.utils_perf - WARNING - full garbage collections took 14% CPU time recently (threshold: 10%)
2023-05-10 10:20:35,266 - distributed.utils_perf - WARNING - full garbage collections took 14% CPU time recently (threshold: 10%)
2023-05-10 10:20:38,823 - distributed.utils_perf - WARNING - full garbage collections took 14% CPU time recently (threshold: 10%)
2023-05-10 10:20:39,633 - distributed.utils_perf - WARNING - full garbage collections took 14% CPU time recently (threshold: 10%)
2023-05-10 10:20:42,408 - distributed.utils_perf - WARNING - full garbage collections took 14% CPU time recently (threshold: 10%)
2023-05-10 10:20:45,751 - distributed.utils_perf - WARNING - full garbage collections took 14% CPU time recently (threshold: 10%)
2023-05-10 10:20:46,342 - distributed.utils_perf - WARNING - full garbage collections took 14% CPU time recently (threshold: 10%)
2023-05-10 10:20:48,449 - distributed.utils_perf - WARNING - full garbage collections took 14% CPU time recently (threshold: 10%)
2023-05-10 10:20:51,702 - distributed.utils_perf - WARNING - full garbage collections took 14% CPU time recently (threshold: 10%)
2023-05-10 10:20:54,783 - distributed.utils_perf - WARNING - full garbage collections took 14% CPU time recently (threshold: 10%)
2023-05-10 10:20:55,431 - distributed.utils_perf - WARNING - full garbage collections took 14% CPU time recently (threshold: 10%)
2023-05-10 10:20:59,017 - distributed.utils_perf - WARNING - full garbage collections took 14% CPU time recently (threshold: 10%)
2023-05-10 10:21:05,603 - distributed.utils_perf - WARNING - full garbage collections took 13% CPU time recently (threshold: 10%)
2023-05-10 10:21:06,224 - distributed.utils_perf - WARNING - full garbage collections took 14% CPU time recently (threshold: 10%)
2023-05-10 10:21:09,666 - distributed.utils_perf - WARNING - full garbage collections took 13% CPU time recently (threshold: 10%)
2023-05-10 10:21:13,876 - distributed.utils_perf - WARNING - full garbage collections took 13% CPU time recently (threshold: 10%)
2023-05-10 10:21:17,240 - distributed.utils_perf - WARNING - full garbage collections took 13% CPU time recently (threshold: 10%)
2023-05-10 10:21:17,850 - distributed.utils_perf - WARNING - full garbage collections took 13% CPU time recently (threshold: 10%)
2023-05-10 10:21:21,037 - distributed.utils_perf - WARNING - full garbage collections took 14% CPU time recently (threshold: 10%)
2023-05-10 10:21:23,293 - distributed.utils_perf - WARNING - full garbage collections took 13% CPU time recently (threshold: 10%)
2023-05-10 10:21:26,760 - distributed.utils_perf - WARNING - full garbage collections took 13% CPU time recently (threshold: 10%)
2023-05-10 10:21:27,374 - distributed.utils_perf - WARNING - full garbage collections took 14% CPU time recently (threshold: 10%)
2023-05-10 10:21:29,966 - distributed.utils_perf - WARNING - full garbage collections took 14% CPU time recently (threshold: 10%)
2023-05-10 10:21:32,631 - distributed.utils_perf - WARNING - full garbage collections took 14% CPU time recently (threshold: 10%)
2023-05-10 10:21:36,759 - distributed.utils_perf - WARNING - full garbage collections took 14% CPU time recently (threshold: 10%)
2023-05-10 10:21:41,274 - distributed.utils_perf - WARNING - full garbage collections took 13% CPU time recently (threshold: 10%)
2023-05-10 10:21:41,944 - distributed.utils_perf - WARNING - full garbage collections took 13% CPU time recently (threshold: 10%)
2023-05-10 10:21:44,304 - distributed.utils_perf - WARNING - full garbage collections took 14% CPU time recently (threshold: 10%)
2023-05-10 10:21:47,399 - distributed.utils_perf - WARNING - full garbage collections took 13% CPU time recently (threshold: 10%)
2023-05-10 10:21:49,992 - distributed.utils_perf - WARNING - full garbage collections took 14% CPU time recently (threshold: 10%)
2023-05-10 10:21:53,640 - distributed.utils_perf - WARNING - full garbage collections took 13% CPU time recently (threshold: 10%)
2023-05-10 10:21:54,485 - distributed.utils_perf - WARNING - full garbage collections took 13% CPU time recently (threshold: 10%)
2023-05-10 10:21:57,620 - distributed.utils_perf - WARNING - full garbage collections took 13% CPU time recently (threshold: 10%)
2023-05-10 10:22:02,714 - distributed.utils_perf - WARNING - full garbage collections took 13% CPU time recently (threshold: 10%)
2023-05-10 10:22:07,025 - distributed.utils_perf - WARNING - full garbage collections took 13% CPU time recently (threshold: 10%)
2023-05-10 10:22:10,955 - distributed.utils_perf - WARNING - full garbage collections took 13% CPU time recently (threshold: 10%)
2023-05-10 10:22:13,964 - distributed.utils_perf - WARNING - full garbage collections took 13% CPU time recently (threshold: 10%)
2023-05-10 10:22:15,029 - distributed.utils_perf - WARNING - full garbage collections took 13% CPU time recently (threshold: 10%)
2023-05-10 10:22:18,991 - distributed.utils_perf - WARNING - full garbage collections took 13% CPU time recently (threshold: 10%)
2023-05-10 10:22:22,326 - distributed.utils_perf - WARNING - full garbage collections took 13% CPU time recently (threshold: 10%)
2023-05-10 10:22:24,568 - distributed.utils_perf - WARNING - full garbage collections took 13% CPU time recently (threshold: 10%)
2023-05-10 10:22:27,273 - distributed.utils_perf - WARNING - full garbage collections took 13% CPU time recently (threshold: 10%)
2023-05-10 10:22:28,145 - distributed.utils_perf - WARNING - full garbage collections took 14% CPU time recently (threshold: 10%)
2023-05-10 10:22:30,867 - distributed.utils_perf - WARNING - full garbage collections took 13% CPU time recently (threshold: 10%)
2023-05-10 10:22:34,791 - distributed.utils_perf - WARNING - full garbage collections took 14% CPU time recently (threshold: 10%)
2023-05-10 10:22:38,420 - distributed.utils_perf - WARNING - full garbage collections took 14% CPU time recently (threshold: 10%)
2023-05-10 10:22:43,702 - distributed.utils_perf - WARNING - full garbage collections took 14% CPU time recently (threshold: 10%)
2023-05-10 10:22:49,554 - distributed.utils_perf - WARNING - full garbage collections took 13% CPU time recently (threshold: 10%)
2023-05-10 10:22:52,211 - distributed.utils_perf - WARNING - full garbage collections took 13% CPU time recently (threshold: 10%)
2023-05-10 10:22:57,108 - distributed.utils_perf - WARNING - full garbage collections took 13% CPU time recently (threshold: 10%)
2023-05-10 10:22:59,639 - distributed.utils_perf - WARNING - full garbage collections took 13% CPU time recently (threshold: 10%)
2023-05-10 10:23:03,056 - distributed.utils_perf - WARNING - full garbage collections took 13% CPU time recently (threshold: 10%)
2023-05-10 10:23:07,631 - distributed.utils_perf - WARNING - full garbage collections took 12% CPU time recently (threshold: 10%)
2023-05-10 10:23:09,900 - distributed.utils_perf - WARNING - full garbage collections took 12% CPU time recently (threshold: 10%)
2023-05-10 10:23:12,635 - distributed.utils_perf - WARNING - full garbage collections took 13% CPU time recently (threshold: 10%)
2023-05-10 10:23:15,836 - distributed.utils_perf - WARNING - full garbage collections took 13% CPU time recently (threshold: 10%)
2023-05-10 10:23:19,618 - distributed.utils_perf - WARNING - full garbage collections took 13% CPU time recently (threshold: 10%)
2023-05-10 10:23:22,506 - distributed.utils_perf - WARNING - full garbage collections took 13% CPU time recently (threshold: 10%)
2023-05-10 10:23:26,862 - distributed.utils_perf - WARNING - full garbage collections took 13% CPU time recently (threshold: 10%)
2023-05-10 10:23:29,697 - distributed.utils_perf - WARNING - full garbage collections took 13% CPU time recently (threshold: 10%)
2023-05-10 10:23:33,553 - distributed.utils_perf - WARNING - full garbage collections took 13% CPU time recently (threshold: 10%)
2023-05-10 10:23:37,673 - distributed.utils_perf - WARNING - full garbage collections took 13% CPU time recently (threshold: 10%)
2023-05-10 10:23:41,381 - distributed.utils_perf - WARNING - full garbage collections took 13% CPU time recently (threshold: 10%)
2023-05-10 10:23:44,282 - distributed.utils_perf - WARNING - full garbage collections took 13% CPU time recently (threshold: 10%)
2023-05-10 10:23:49,375 - distributed.utils_perf - WARNING - full garbage collections took 13% CPU time recently (threshold: 10%)
2023-05-10 10:23:53,720 - distributed.utils_perf - WARNING - full garbage collections took 13% CPU time recently (threshold: 10%)
2023-05-10 10:23:58,152 - distributed.utils_perf - WARNING - full garbage collections took 13% CPU time recently (threshold: 10%)
2023-05-10 10:24:01,750 - distributed.utils_perf - WARNING - full garbage collections took 13% CPU time recently (threshold: 10%)
2023-05-10 10:24:05,075 - distributed.utils_perf - WARNING - full garbage collections took 13% CPU time recently (threshold: 10%)
2023-05-10 10:24:10,407 - distributed.utils_perf - WARNING - full garbage collections took 13% CPU time recently (threshold: 10%)
2023-05-10 10:24:12,825 - distributed.utils_perf - WARNING - full garbage collections took 13% CPU time recently (threshold: 10%)
2023-05-10 10:24:17,931 - distributed.utils_perf - WARNING - full garbage collections took 13% CPU time recently (threshold: 10%)
2023-05-10 10:24:19,084 - distributed.utils_perf - WARNING - full garbage collections took 13% CPU time recently (threshold: 10%)
2023-05-10 10:24:22,608 - distributed.utils_perf - WARNING - full garbage collections took 13% CPU time recently (threshold: 10%)
2023-05-10 10:24:26,254 - distributed.utils_perf - WARNING - full garbage collections took 13% CPU time recently (threshold: 10%)
2023-05-10 10:24:31,738 - distributed.utils_perf - WARNING - full garbage collections took 13% CPU time recently (threshold: 10%)
2023-05-10 10:24:34,362 - distributed.utils_perf - WARNING - full garbage collections took 13% CPU time recently (threshold: 10%)
2023-05-10 10:24:37,375 - distributed.utils_perf - WARNING - full garbage collections took 14% CPU time recently (threshold: 10%)
2023-05-10 10:24:42,438 - distributed.utils_perf - WARNING - full garbage collections took 14% CPU time recently (threshold: 10%)
2023-05-10 10:24:48,114 - distributed.utils_perf - WARNING - full garbage collections took 14% CPU time recently (threshold: 10%)
2023-05-10 10:24:48,114 - distributed.utils_perf - INFO - full garbage collection released 14.17 MiB from 20 reference cycles (threshold: 9.54 MiB)
2023-05-10 10:24:51,237 - distributed.utils_perf - WARNING - full garbage collections took 14% CPU time recently (threshold: 10%)
2023-05-10 10:24:54,128 - distributed.utils_perf - WARNING - full garbage collections took 14% CPU time recently (threshold: 10%)
2023-05-10 10:24:55,327 - distributed.utils_perf - WARNING - full garbage collections took 14% CPU time recently (threshold: 10%)
2023-05-10 10:24:58,995 - distributed.utils_perf - WARNING - full garbage collections took 14% CPU time recently (threshold: 10%)
2023-05-10 10:25:02,145 - distributed.utils_perf - WARNING - full garbage collections took 14% CPU time recently (threshold: 10%)
2023-05-10 10:25:07,258 - distributed.utils_perf - WARNING - full garbage collections took 14% CPU time recently (threshold: 10%)
2023-05-10 10:25:10,881 - distributed.utils_perf - WARNING - full garbage collections took 14% CPU time recently (threshold: 10%)
2023-05-10 10:25:13,539 - distributed.utils_perf - WARNING - full garbage collections took 13% CPU time recently (threshold: 10%)
2023-05-10 10:25:18,365 - distributed.utils_perf - WARNING - full garbage collections took 13% CPU time recently (threshold: 10%)
2023-05-10 10:25:21,190 - distributed.utils_perf - WARNING - full garbage collections took 13% CPU time recently (threshold: 10%)
2023-05-10 10:25:25,204 - distributed.utils_perf - WARNING - full garbage collections took 13% CPU time recently (threshold: 10%)
2023-05-10 10:25:29,508 - distributed.utils_perf - WARNING - full garbage collections took 13% CPU time recently (threshold: 10%)
2023-05-10 10:25:34,639 - distributed.utils_perf - WARNING - full garbage collections took 13% CPU time recently (threshold: 10%)
2023-05-10 10:25:37,382 - distributed.utils_perf - WARNING - full garbage collections took 13% CPU time recently (threshold: 10%)
2023-05-10 10:25:40,276 - distributed.utils_perf - WARNING - full garbage collections took 13% CPU time recently (threshold: 10%)
2023-05-10 10:25:44,182 - distributed.utils_perf - WARNING - full garbage collections took 14% CPU time recently (threshold: 10%)
2023-05-10 10:25:47,599 - distributed.utils_perf - WARNING - full garbage collections took 14% CPU time recently (threshold: 10%)
2023-05-10 10:25:50,494 - distributed.utils_perf - WARNING - full garbage collections took 14% CPU time recently (threshold: 10%)
2023-05-10 10:25:55,967 - distributed.utils_perf - WARNING - full garbage collections took 14% CPU time recently (threshold: 10%)
2023-05-10 10:26:00,780 - distributed.utils_perf - WARNING - full garbage collections took 14% CPU time recently (threshold: 10%)
2023-05-10 10:26:05,384 - distributed.utils_perf - WARNING - full garbage collections took 14% CPU time recently (threshold: 10%)
2023-05-10 10:26:09,283 - distributed.utils_perf - WARNING - full garbage collections took 14% CPU time recently (threshold: 10%)
2023-05-10 10:26:13,568 - distributed.utils_perf - WARNING - full garbage collections took 14% CPU time recently (threshold: 10%)
2023-05-10 10:26:18,780 - distributed.utils_perf - WARNING - full garbage collections took 14% CPU time recently (threshold: 10%)
2023-05-10 10:26:25,126 - distributed.utils_perf - WARNING - full garbage collections took 13% CPU time recently (threshold: 10%)
2023-05-10 10:26:27,429 - distributed.utils_perf - WARNING - full garbage collections took 13% CPU time recently (threshold: 10%)
2023-05-10 10:26:32,110 - distributed.utils_perf - WARNING - full garbage collections took 13% CPU time recently (threshold: 10%)
2023-05-10 10:26:35,994 - distributed.utils_perf - WARNING - full garbage collections took 14% CPU time recently (threshold: 10%)
2023-05-10 10:26:42,916 - distributed.utils_perf - WARNING - full garbage collections took 13% CPU time recently (threshold: 10%)
2023-05-10 10:26:47,560 - distributed.utils_perf - WARNING - full garbage collections took 14% CPU time recently (threshold: 10%)
2023-05-10 10:26:51,438 - distributed.utils_perf - WARNING - full garbage collections took 14% CPU time recently (threshold: 10%)
2023-05-10 10:26:54,156 - distributed.utils_perf - WARNING - full garbage collections took 14% CPU time recently (threshold: 10%)
2023-05-10 10:26:58,211 - distributed.utils_perf - WARNING - full garbage collections took 14% CPU time recently (threshold: 10%)
2023-05-10 10:27:04,982 - distributed.utils_perf - WARNING - full garbage collections took 14% CPU time recently (threshold: 10%)
2023-05-10 10:27:11,125 - distributed.utils_perf - WARNING - full garbage collections took 14% CPU time recently (threshold: 10%)
2023-05-10 10:27:15,687 - distributed.utils_perf - WARNING - full garbage collections took 15% CPU time recently (threshold: 10%)
2023-05-10 10:27:19,661 - distributed.utils_perf - WARNING - full garbage collections took 15% CPU time recently (threshold: 10%)
2023-05-10 10:27:26,501 - distributed.utils_perf - WARNING - full garbage collections took 15% CPU time recently (threshold: 10%)
2023-05-10 10:27:30,831 - distributed.utils_perf - WARNING - full garbage collections took 15% CPU time recently (threshold: 10%)
2023-05-10 10:27:35,336 - distributed.utils_perf - WARNING - full garbage collections took 16% CPU time recently (threshold: 10%)
2023-05-10 10:27:41,973 - distributed.utils_perf - WARNING - full garbage collections took 16% CPU time recently (threshold: 10%)
2023-05-10 10:27:46,658 - distributed.utils_perf - WARNING - full garbage collections took 16% CPU time recently (threshold: 10%)
2023-05-10 10:27:49,181 - distributed.utils_perf - WARNING - full garbage collections took 16% CPU time recently (threshold: 10%)
2023-05-10 10:27:56,551 - distributed.utils_perf - WARNING - full garbage collections took 15% CPU time recently (threshold: 10%)
2023-05-10 10:28:00,571 - distributed.utils_perf - WARNING - full garbage collections took 16% CPU time recently (threshold: 10%)
2023-05-10 10:28:03,791 - distributed.utils_perf - WARNING - full garbage collections took 16% CPU time recently (threshold: 10%)
2023-05-10 10:28:09,863 - distributed.utils_perf - WARNING - full garbage collections took 16% CPU time recently (threshold: 10%)
2023-05-10 10:28:13,828 - distributed.utils_perf - WARNING - full garbage collections took 16% CPU time recently (threshold: 10%)
2023-05-10 10:28:18,743 - distributed.utils_perf - WARNING - full garbage collections took 16% CPU time recently (threshold: 10%)
2023-05-10 10:28:21,991 - distributed.utils_perf - WARNING - full garbage collections took 17% CPU time recently (threshold: 10%)
2023-05-10 10:28:26,166 - distributed.utils_perf - WARNING - full garbage collections took 17% CPU time recently (threshold: 10%)
2023-05-10 10:28:31,815 - distributed.utils_perf - WARNING - full garbage collections took 17% CPU time recently (threshold: 10%)
2023-05-10 10:28:36,950 - distributed.utils_perf - WARNING - full garbage collections took 17% CPU time recently (threshold: 10%)
2023-05-10 10:28:44,544 - distributed.utils_perf - WARNING - full garbage collections took 17% CPU time recently (threshold: 10%)
2023-05-10 10:28:47,666 - distributed.utils_perf - WARNING - full garbage collections took 18% CPU time recently (threshold: 10%)
2023-05-10 10:28:52,660 - distributed.utils_perf - WARNING - full garbage collections took 17% CPU time recently (threshold: 10%)
2023-05-10 10:28:58,692 - distributed.utils_perf - WARNING - full garbage collections took 17% CPU time recently (threshold: 10%)
2023-05-10 10:29:02,142 - distributed.utils_perf - WARNING - full garbage collections took 17% CPU time recently (threshold: 10%)
2023-05-10 10:29:10,867 - distributed.utils_perf - WARNING - full garbage collections took 17% CPU time recently (threshold: 10%)
2023-05-10 10:29:15,529 - distributed.utils_perf - WARNING - full garbage collections took 17% CPU time recently (threshold: 10%)
2023-05-10 10:29:23,136 - distributed.utils_perf - WARNING - full garbage collections took 16% CPU time recently (threshold: 10%)
2023-05-10 10:29:27,215 - distributed.utils_perf - WARNING - full garbage collections took 17% CPU time recently (threshold: 10%)
2023-05-10 10:29:33,147 - distributed.utils_perf - WARNING - full garbage collections took 16% CPU time recently (threshold: 10%)
2023-05-10 10:29:39,430 - distributed.utils_perf - WARNING - full garbage collections took 16% CPU time recently (threshold: 10%)
2023-05-10 10:29:45,592 - distributed.utils_perf - WARNING - full garbage collections took 16% CPU time recently (threshold: 10%)
2023-05-10 10:29:49,302 - distributed.utils_perf - WARNING - full garbage collections took 16% CPU time recently (threshold: 10%)
2023-05-10 10:30:00,647 - distributed.utils_perf - WARNING - full garbage collections took 15% CPU time recently (threshold: 10%)
2023-05-10 10:30:05,035 - distributed.utils_perf - WARNING - full garbage collections took 15% CPU time recently (threshold: 10%)
2023-05-10 10:30:12,275 - distributed.utils_perf - WARNING - full garbage collections took 15% CPU time recently (threshold: 10%)
2023-05-10 10:30:18,866 - distributed.utils_perf - WARNING - full garbage collections took 15% CPU time recently (threshold: 10%)
2023-05-10 10:30:26,778 - distributed.utils_perf - WARNING - full garbage collections took 14% CPU time recently (threshold: 10%)
2023-05-10 10:30:30,768 - distributed.utils_perf - WARNING - full garbage collections took 14% CPU time recently (threshold: 10%)
2023-05-10 10:30:37,779 - distributed.utils_perf - WARNING - full garbage collections took 14% CPU time recently (threshold: 10%)
2023-05-10 10:30:42,960 - distributed.utils_perf - WARNING - full garbage collections took 15% CPU time recently (threshold: 10%)
2023-05-10 10:30:51,563 - distributed.utils_perf - WARNING - full garbage collections took 14% CPU time recently (threshold: 10%)
2023-05-10 10:30:57,642 - distributed.utils_perf - WARNING - full garbage collections took 14% CPU time recently (threshold: 10%)
2023-05-10 10:31:01,563 - distributed.utils_perf - WARNING - full garbage collections took 14% CPU time recently (threshold: 10%)
2023-05-10 10:31:09,731 - distributed.utils_perf - WARNING - full garbage collections took 14% CPU time recently (threshold: 10%)
2023-05-10 10:31:15,134 - distributed.utils_perf - WARNING - full garbage collections took 13% CPU time recently (threshold: 10%)
2023-05-10 10:31:21,504 - distributed.utils_perf - WARNING - full garbage collections took 13% CPU time recently (threshold: 10%)
2023-05-10 10:31:28,564 - distributed.utils_perf - WARNING - full garbage collections took 13% CPU time recently (threshold: 10%)
2023-05-10 10:31:34,284 - distributed.utils_perf - WARNING - full garbage collections took 13% CPU time recently (threshold: 10%)
2023-05-10 10:31:39,739 - distributed.utils_perf - WARNING - full garbage collections took 13% CPU time recently (threshold: 10%)
2023-05-10 10:31:46,616 - distributed.utils_perf - WARNING - full garbage collections took 13% CPU time recently (threshold: 10%)
2023-05-10 10:31:52,273 - distributed.utils_perf - WARNING - full garbage collections took 13% CPU time recently (threshold: 10%)
2023-05-10 10:31:59,556 - distributed.utils_perf - WARNING - full garbage collections took 13% CPU time recently (threshold: 10%)
2023-05-10 10:32:05,357 - distributed.utils_perf - WARNING - full garbage collections took 13% CPU time recently (threshold: 10%)
2023-05-10 10:32:10,951 - distributed.utils_perf - WARNING - full garbage collections took 13% CPU time recently (threshold: 10%)
2023-05-10 10:32:17,472 - distributed.utils_perf - WARNING - full garbage collections took 13% CPU time recently (threshold: 10%)
2023-05-10 10:32:26,428 - distributed.utils_perf - WARNING - full garbage collections took 13% CPU time recently (threshold: 10%)
2023-05-10 10:32:31,702 - distributed.utils_perf - WARNING - full garbage collections took 13% CPU time recently (threshold: 10%)
2023-05-10 10:32:37,727 - distributed.utils_perf - WARNING - full garbage collections took 13% CPU time recently (threshold: 10%)
2023-05-10 10:32:44,199 - distributed.utils_perf - WARNING - full garbage collections took 13% CPU time recently (threshold: 10%)
2023-05-10 10:32:52,239 - distributed.utils_perf - WARNING - full garbage collections took 13% CPU time recently (threshold: 10%)
2023-05-10 10:33:00,212 - distributed.utils_perf - WARNING - full garbage collections took 13% CPU time recently (threshold: 10%)
2023-05-10 10:33:07,874 - distributed.utils_perf - WARNING - full garbage collections took 13% CPU time recently (threshold: 10%)
2023-05-10 10:33:11,955 - distributed.utils_perf - WARNING - full garbage collections took 13% CPU time recently (threshold: 10%)
2023-05-10 10:33:19,099 - distributed.utils_perf - WARNING - full garbage collections took 13% CPU time recently (threshold: 10%)
2023-05-10 10:33:25,791 - distributed.utils_perf - WARNING - full garbage collections took 13% CPU time recently (threshold: 10%)
2023-05-10 10:33:30,980 - distributed.utils_perf - WARNING - full garbage collections took 14% CPU time recently (threshold: 10%)
2023-05-10 10:33:41,179 - distributed.utils_perf - WARNING - full garbage collections took 14% CPU time recently (threshold: 10%)
2023-05-10 10:33:45,909 - distributed.utils_perf - WARNING - full garbage collections took 14% CPU time recently (threshold: 10%)
2023-05-10 10:33:53,686 - distributed.utils_perf - WARNING - full garbage collections took 14% CPU time recently (threshold: 10%)
2023-05-10 10:34:01,364 - distributed.utils_perf - WARNING - full garbage collections took 14% CPU time recently (threshold: 10%)
2023-05-10 10:34:08,181 - distributed.utils_perf - WARNING - full garbage collections took 14% CPU time recently (threshold: 10%)
2023-05-10 10:34:15,224 - distributed.utils_perf - WARNING - full garbage collections took 14% CPU time recently (threshold: 10%)
2023-05-10 10:34:20,513 - distributed.utils_perf - WARNING - full garbage collections took 14% CPU time recently (threshold: 10%)
2023-05-10 10:34:26,879 - distributed.utils_perf - WARNING - full garbage collections took 14% CPU time recently (threshold: 10%)
2023-05-10 10:34:32,380 - distributed.utils_perf - WARNING - full garbage collections took 15% CPU time recently (threshold: 10%)
2023-05-10 10:34:40,447 - distributed.utils_perf - WARNING - full garbage collections took 15% CPU time recently (threshold: 10%)
2023-05-10 10:34:49,278 - distributed.utils_perf - WARNING - full garbage collections took 15% CPU time recently (threshold: 10%)
2023-05-10 10:34:55,302 - distributed.utils_perf - WARNING - full garbage collections took 15% CPU time recently (threshold: 10%)
2023-05-10 10:35:05,605 - distributed.utils_perf - WARNING - full garbage collections took 15% CPU time recently (threshold: 10%)
2023-05-10 10:35:12,202 - distributed.utils_perf - WARNING - full garbage collections took 16% CPU time recently (threshold: 10%)
2023-05-10 10:35:20,208 - distributed.utils_perf - WARNING - full garbage collections took 16% CPU time recently (threshold: 10%)
2023-05-10 10:35:28,102 - distributed.utils_perf - WARNING - full garbage collections took 16% CPU time recently (threshold: 10%)
2023-05-10 10:35:34,954 - distributed.utils_perf - WARNING - full garbage collections took 16% CPU time recently (threshold: 10%)
2023-05-10 10:35:42,087 - distributed.utils_perf - WARNING - full garbage collections took 16% CPU time recently (threshold: 10%)
2023-05-10 10:35:48,285 - distributed.utils_perf - WARNING - full garbage collections took 16% CPU time recently (threshold: 10%)
2023-05-10 10:35:54,898 - distributed.utils_perf - WARNING - full garbage collections took 16% CPU time recently (threshold: 10%)
2023-05-10 10:36:02,367 - distributed.utils_perf - WARNING - full garbage collections took 16% CPU time recently (threshold: 10%)
2023-05-10 10:36:08,013 - distributed.utils_perf - WARNING - full garbage collections took 16% CPU time recently (threshold: 10%)
2023-05-10 10:36:14,546 - distributed.utils_perf - WARNING - full garbage collections took 16% CPU time recently (threshold: 10%)
2023-05-10 10:36:21,172 - distributed.utils_perf - WARNING - full garbage collections took 16% CPU time recently (threshold: 10%)
2023-05-10 10:36:30,846 - distributed.utils_perf - WARNING - full garbage collections took 16% CPU time recently (threshold: 10%)
2023-05-10 10:36:38,013 - distributed.utils_perf - WARNING - full garbage collections took 16% CPU time recently (threshold: 10%)
2023-05-10 10:36:49,810 - distributed.utils_perf - WARNING - full garbage collections took 16% CPU time recently (threshold: 10%)
2023-05-10 10:36:57,772 - distributed.utils_perf - WARNING - full garbage collections took 16% CPU time recently (threshold: 10%)
2023-05-10 10:37:05,316 - distributed.utils_perf - WARNING - full garbage collections took 16% CPU time recently (threshold: 10%)
2023-05-10 10:37:16,310 - distributed.utils_perf - WARNING - full garbage collections took 16% CPU time recently (threshold: 10%)
2023-05-10 10:37:25,663 - distributed.utils_perf - WARNING - full garbage collections took 16% CPU time recently (threshold: 10%)
2023-05-10 10:37:34,457 - distributed.utils_perf - WARNING - full garbage collections took 16% CPU time recently (threshold: 10%)
2023-05-10 10:37:43,554 - distributed.utils_perf - WARNING - full garbage collections took 16% CPU time recently (threshold: 10%)
2023-05-10 10:37:55,313 - distributed.utils_perf - WARNING - full garbage collections took 15% CPU time recently (threshold: 10%)
2023-05-10 10:38:04,110 - distributed.utils_perf - WARNING - full garbage collections took 15% CPU time recently (threshold: 10%)
2023-05-10 10:38:12,963 - distributed.utils_perf - WARNING - full garbage collections took 15% CPU time recently (threshold: 10%)
2023-05-10 10:38:21,359 - distributed.utils_perf - WARNING - full garbage collections took 15% CPU time recently (threshold: 10%)
2023-05-10 10:38:29,984 - distributed.utils_perf - WARNING - full garbage collections took 15% CPU time recently (threshold: 10%)
2023-05-10 10:38:36,787 - distributed.utils_perf - WARNING - full garbage collections took 15% CPU time recently (threshold: 10%)
2023-05-10 10:38:43,900 - distributed.utils_perf - WARNING - full garbage collections took 15% CPU time recently (threshold: 10%)
2023-05-10 10:38:53,279 - distributed.utils_perf - WARNING - full garbage collections took 15% CPU time recently (threshold: 10%)
2023-05-10 10:39:01,344 - distributed.utils_perf - WARNING - full garbage collections took 15% CPU time recently (threshold: 10%)
2023-05-10 10:39:10,611 - distributed.utils_perf - WARNING - full garbage collections took 15% CPU time recently (threshold: 10%)
2023-05-10 10:39:20,332 - distributed.utils_perf - WARNING - full garbage collections took 15% CPU time recently (threshold: 10%)
2023-05-10 10:39:29,784 - distributed.utils_perf - WARNING - full garbage collections took 15% CPU time recently (threshold: 10%)
2023-05-10 10:39:40,757 - distributed.utils_perf - WARNING - full garbage collections took 15% CPU time recently (threshold: 10%)
2023-05-10 10:39:48,668 - distributed.utils_perf - WARNING - full garbage collections took 15% CPU time recently (threshold: 10%)
2023-05-10 10:39:54,733 - distributed.utils_perf - WARNING - full garbage collections took 15% CPU time recently (threshold: 10%)
2023-05-10 10:40:06,618 - distributed.utils_perf - WARNING - full garbage collections took 15% CPU time recently (threshold: 10%)
2023-05-10 10:40:14,057 - distributed.utils_perf - WARNING - full garbage collections took 15% CPU time recently (threshold: 10%)
2023-05-10 10:40:21,193 - distributed.utils_perf - WARNING - full garbage collections took 16% CPU time recently (threshold: 10%)
2023-05-10 10:40:29,092 - distributed.utils_perf - WARNING - full garbage collections took 16% CPU time recently (threshold: 10%)
2023-05-10 10:40:38,793 - distributed.utils_perf - WARNING - full garbage collections took 16% CPU time recently (threshold: 10%)
2023-05-10 10:40:49,843 - distributed.utils_perf - WARNING - full garbage collections took 16% CPU time recently (threshold: 10%)
2023-05-10 10:40:57,036 - distributed.utils_perf - WARNING - full garbage collections took 16% CPU time recently (threshold: 10%)
2023-05-10 10:41:08,344 - distributed.utils_perf - WARNING - full garbage collections took 16% CPU time recently (threshold: 10%)
2023-05-10 10:41:16,060 - distributed.utils_perf - WARNING - full garbage collections took 17% CPU time recently (threshold: 10%)
2023-05-10 10:41:29,453 - distributed.utils_perf - WARNING - full garbage collections took 16% CPU time recently (threshold: 10%)
2023-05-10 10:41:39,412 - distributed.utils_perf - WARNING - full garbage collections took 16% CPU time recently (threshold: 10%)
2023-05-10 10:41:49,597 - distributed.utils_perf - WARNING - full garbage collections took 16% CPU time recently (threshold: 10%)
2023-05-10 10:41:56,556 - distributed.utils_perf - WARNING - full garbage collections took 16% CPU time recently (threshold: 10%)
2023-05-10 10:42:06,746 - distributed.utils_perf - WARNING - full garbage collections took 17% CPU time recently (threshold: 10%)
2023-05-10 10:42:18,881 - distributed.utils_perf - WARNING - full garbage collections took 17% CPU time recently (threshold: 10%)
2023-05-10 10:42:27,052 - distributed.utils_perf - WARNING - full garbage collections took 17% CPU time recently (threshold: 10%)
2023-05-10 10:42:36,562 - distributed.utils_perf - WARNING - full garbage collections took 17% CPU time recently (threshold: 10%)
2023-05-10 10:42:47,620 - distributed.utils_perf - WARNING - full garbage collections took 16% CPU time recently (threshold: 10%)
2023-05-10 10:42:55,952 - distributed.utils_perf - WARNING - full garbage collections took 16% CPU time recently (threshold: 10%)
2023-05-10 10:43:05,220 - distributed.utils_perf - WARNING - full garbage collections took 16% CPU time recently (threshold: 10%)
2023-05-10 10:43:15,465 - distributed.utils_perf - WARNING - full garbage collections took 16% CPU time recently (threshold: 10%)
2023-05-10 10:43:25,442 - distributed.utils_perf - WARNING - full garbage collections took 16% CPU time recently (threshold: 10%)
2023-05-10 10:43:32,491 - distributed.utils_perf - WARNING - full garbage collections took 16% CPU time recently (threshold: 10%)
2023-05-10 10:43:44,411 - distributed.utils_perf - WARNING - full garbage collections took 16% CPU time recently (threshold: 10%)
2023-05-10 10:43:54,448 - distributed.utils_perf - WARNING - full garbage collections took 16% CPU time recently (threshold: 10%)
2023-05-10 10:44:04,541 - distributed.utils_perf - WARNING - full garbage collections took 16% CPU time recently (threshold: 10%)
2023-05-10 10:44:14,115 - distributed.utils_perf - WARNING - full garbage collections took 16% CPU time recently (threshold: 10%)
2023-05-10 10:44:27,456 - distributed.utils_perf - WARNING - full garbage collections took 16% CPU time recently (threshold: 10%)
2023-05-10 10:44:37,528 - distributed.utils_perf - WARNING - full garbage collections took 16% CPU time recently (threshold: 10%)
2023-05-10 10:44:50,013 - distributed.utils_perf - WARNING - full garbage collections took 16% CPU time recently (threshold: 10%)
2023-05-10 10:45:01,694 - distributed.utils_perf - WARNING - full garbage collections took 16% CPU time recently (threshold: 10%)
2023-05-10 10:45:12,721 - distributed.utils_perf - WARNING - full garbage collections took 16% CPU time recently (threshold: 10%)
2023-05-10 10:45:24,761 - distributed.utils_perf - WARNING - full garbage collections took 16% CPU time recently (threshold: 10%)
2023-05-10 10:45:35,340 - distributed.utils_perf - WARNING - full garbage collections took 16% CPU time recently (threshold: 10%)
2023-05-10 10:45:46,654 - distributed.utils_perf - WARNING - full garbage collections took 15% CPU time recently (threshold: 10%)
2023-05-10 10:45:59,258 - distributed.utils_perf - WARNING - full garbage collections took 16% CPU time recently (threshold: 10%)
2023-05-10 10:46:13,627 - distributed.utils_perf - WARNING - full garbage collections took 15% CPU time recently (threshold: 10%)
2023-05-10 10:46:27,609 - distributed.utils_perf - WARNING - full garbage collections took 15% CPU time recently (threshold: 10%)
2023-05-10 10:46:37,544 - distributed.utils_perf - WARNING - full garbage collections took 15% CPU time recently (threshold: 10%)
2023-05-10 10:46:49,691 - distributed.utils_perf - WARNING - full garbage collections took 15% CPU time recently (threshold: 10%)
2023-05-10 10:47:00,600 - distributed.utils_perf - WARNING - full garbage collections took 15% CPU time recently (threshold: 10%)
2023-05-10 10:47:09,502 - distributed.utils_perf - WARNING - full garbage collections took 15% CPU time recently (threshold: 10%)
2023-05-10 10:47:22,098 - distributed.utils_perf - WARNING - full garbage collections took 15% CPU time recently (threshold: 10%)
2023-05-10 10:47:34,483 - distributed.utils_perf - WARNING - full garbage collections took 15% CPU time recently (threshold: 10%)
2023-05-10 10:47:45,182 - distributed.utils_perf - WARNING - full garbage collections took 15% CPU time recently (threshold: 10%)
2023-05-10 10:47:59,298 - distributed.utils_perf - WARNING - full garbage collections took 15% CPU time recently (threshold: 10%)
2023-05-10 10:48:13,435 - distributed.utils_perf - WARNING - full garbage collections took 15% CPU time recently (threshold: 10%)
2023-05-10 10:48:24,755 - distributed.utils_perf - WARNING - full garbage collections took 15% CPU time recently (threshold: 10%)
2023-05-10 10:48:39,169 - distributed.utils_perf - WARNING - full garbage collections took 15% CPU time recently (threshold: 10%)
2023-05-10 10:48:52,590 - distributed.utils_perf - WARNING - full garbage collections took 15% CPU time recently (threshold: 10%)
2023-05-10 10:49:05,167 - distributed.utils_perf - WARNING - full garbage collections took 15% CPU time recently (threshold: 10%)
2023-05-10 10:49:18,043 - distributed.utils_perf - WARNING - full garbage collections took 15% CPU time recently (threshold: 10%)
2023-05-10 10:49:30,317 - distributed.utils_perf - WARNING - full garbage collections took 15% CPU time recently (threshold: 10%)
2023-05-10 10:49:45,136 - distributed.utils_perf - WARNING - full garbage collections took 15% CPU time recently (threshold: 10%)
2023-05-10 10:49:55,708 - distributed.utils_perf - WARNING - full garbage collections took 15% CPU time recently (threshold: 10%)
2023-05-10 10:50:10,261 - distributed.utils_perf - WARNING - full garbage collections took 15% CPU time recently (threshold: 10%)
2023-05-10 10:50:21,236 - distributed.utils_perf - WARNING - full garbage collections took 15% CPU time recently (threshold: 10%)
2023-05-10 10:50:33,742 - distributed.utils_perf - WARNING - full garbage collections took 15% CPU time recently (threshold: 10%)
2023-05-10 10:50:45,882 - distributed.utils_perf - WARNING - full garbage collections took 15% CPU time recently (threshold: 10%)
2023-05-10 10:50:57,908 - distributed.utils_perf - WARNING - full garbage collections took 15% CPU time recently (threshold: 10%)
2023-05-10 10:51:10,524 - distributed.utils_perf - WARNING - full garbage collections took 15% CPU time recently (threshold: 10%)
2023-05-10 10:51:22,418 - distributed.utils_perf - WARNING - full garbage collections took 15% CPU time recently (threshold: 10%)
2023-05-10 10:51:36,451 - distributed.utils_perf - WARNING - full garbage collections took 15% CPU time recently (threshold: 10%)
2023-05-10 10:51:48,354 - distributed.utils_perf - WARNING - full garbage collections took 15% CPU time recently (threshold: 10%)
2023-05-10 10:51:58,148 - distributed.utils_perf - WARNING - full garbage collections took 16% CPU time recently (threshold: 10%)
2023-05-10 10:52:12,347 - distributed.utils_perf - WARNING - full garbage collections took 15% CPU time recently (threshold: 10%)
2023-05-10 10:52:22,646 - distributed.utils_perf - WARNING - full garbage collections took 16% CPU time recently (threshold: 10%)
2023-05-10 10:52:35,440 - distributed.utils_perf - WARNING - full garbage collections took 16% CPU time recently (threshold: 10%)
2023-05-10 10:52:49,495 - distributed.utils_perf - WARNING - full garbage collections took 16% CPU time recently (threshold: 10%)
2023-05-10 10:53:02,430 - distributed.utils_perf - WARNING - full garbage collections took 16% CPU time recently (threshold: 10%)
2023-05-10 10:53:16,183 - distributed.utils_perf - WARNING - full garbage collections took 16% CPU time recently (threshold: 10%)
2023-05-10 10:53:28,772 - distributed.utils_perf - WARNING - full garbage collections took 16% CPU time recently (threshold: 10%)
2023-05-10 10:53:42,893 - distributed.utils_perf - WARNING - full garbage collections took 16% CPU time recently (threshold: 10%)
2023-05-10 10:53:56,553 - distributed.utils_perf - WARNING - full garbage collections took 16% CPU time recently (threshold: 10%)
2023-05-10 10:54:12,199 - distributed.utils_perf - WARNING - full garbage collections took 16% CPU time recently (threshold: 10%)
2023-05-10 10:54:23,677 - distributed.utils_perf - WARNING - full garbage collections took 16% CPU time recently (threshold: 10%)
2023-05-10 10:54:35,531 - distributed.utils_perf - WARNING - full garbage collections took 16% CPU time recently (threshold: 10%)
2023-05-10 10:54:46,992 - distributed.utils_perf - WARNING - full garbage collections took 16% CPU time recently (threshold: 10%)
2023-05-10 10:55:04,571 - distributed.utils_perf - WARNING - full garbage collections took 16% CPU time recently (threshold: 10%)
2023-05-10 10:55:20,618 - distributed.utils_perf - WARNING - full garbage collections took 16% CPU time recently (threshold: 10%)
2023-05-10 10:55:32,134 - distributed.utils_perf - WARNING - full garbage collections took 16% CPU time recently (threshold: 10%)
2023-05-10 10:55:49,261 - distributed.utils_perf - WARNING - full garbage collections took 16% CPU time recently (threshold: 10%)
2023-05-10 10:56:03,441 - distributed.utils_perf - WARNING - full garbage collections took 16% CPU time recently (threshold: 10%)
2023-05-10 10:56:22,136 - distributed.utils_perf - WARNING - full garbage collections took 16% CPU time recently (threshold: 10%)
2023-05-10 10:56:34,700 - distributed.utils_perf - WARNING - full garbage collections took 16% CPU time recently (threshold: 10%)
2023-05-10 10:56:50,334 - distributed.utils_perf - WARNING - full garbage collections took 16% CPU time recently (threshold: 10%)
2023-05-10 10:57:06,719 - distributed.utils_perf - WARNING - full garbage collections took 16% CPU time recently (threshold: 10%)
2023-05-10 10:57:24,845 - distributed.utils_perf - WARNING - full garbage collections took 16% CPU time recently (threshold: 10%)
2023-05-10 10:57:36,591 - distributed.utils_perf - WARNING - full garbage collections took 15% CPU time recently (threshold: 10%)
2023-05-10 10:57:52,783 - distributed.utils_perf - WARNING - full garbage collections took 15% CPU time recently (threshold: 10%)
2023-05-10 10:58:06,525 - distributed.utils_perf - WARNING - full garbage collections took 15% CPU time recently (threshold: 10%)
2023-05-10 10:58:24,013 - distributed.utils_perf - WARNING - full garbage collections took 15% CPU time recently (threshold: 10%)
2023-05-10 10:58:42,253 - distributed.utils_perf - WARNING - full garbage collections took 15% CPU time recently (threshold: 10%)
2023-05-10 10:58:55,290 - distributed.utils_perf - WARNING - full garbage collections took 15% CPU time recently (threshold: 10%)
2023-05-10 10:59:10,223 - distributed.utils_perf - WARNING - full garbage collections took 15% CPU time recently (threshold: 10%)
2023-05-10 10:59:26,564 - distributed.utils_perf - WARNING - full garbage collections took 15% CPU time recently (threshold: 10%)
2023-05-10 10:59:39,531 - distributed.utils_perf - WARNING - full garbage collections took 15% CPU time recently (threshold: 10%)
2023-05-10 10:59:52,767 - distributed.utils_perf - WARNING - full garbage collections took 15% CPU time recently (threshold: 10%)
2023-05-10 11:00:05,607 - distributed.utils_perf - WARNING - full garbage collections took 15% CPU time recently (threshold: 10%)
2023-05-10 11:00:19,370 - distributed.utils_perf - WARNING - full garbage collections took 16% CPU time recently (threshold: 10%)
2023-05-10 11:00:35,441 - distributed.utils_perf - WARNING - full garbage collections took 15% CPU time recently (threshold: 10%)
2023-05-10 11:00:50,912 - distributed.utils_perf - WARNING - full garbage collections took 15% CPU time recently (threshold: 10%)
2023-05-10 11:00:50,912 - distributed.utils_perf - INFO - full garbage collection released 319.82 MiB from 120 reference cycles (threshold: 9.54 MiB)
2023-05-10 11:01:04,318 - distributed.utils_perf - WARNING - full garbage collections took 15% CPU time recently (threshold: 10%)
2023-05-10 11:01:19,594 - distributed.utils_perf - WARNING - full garbage collections took 15% CPU time recently (threshold: 10%)
2023-05-10 11:01:35,954 - distributed.utils_perf - WARNING - full garbage collections took 15% CPU time recently (threshold: 10%)
2023-05-10 11:01:53,161 - distributed.utils_perf - WARNING - full garbage collections took 15% CPU time recently (threshold: 10%)
2023-05-10 11:02:10,119 - distributed.utils_perf - WARNING - full garbage collections took 15% CPU time recently (threshold: 10%)
2023-05-10 11:02:29,883 - distributed.utils_perf - WARNING - full garbage collections took 15% CPU time recently (threshold: 10%)
2023-05-10 11:02:48,204 - distributed.utils_perf - WARNING - full garbage collections took 15% CPU time recently (threshold: 10%)
2023-05-10 11:03:03,892 - distributed.utils_perf - WARNING - full garbage collections took 15% CPU time recently (threshold: 10%)
2023-05-10 11:03:22,088 - distributed.utils_perf - WARNING - full garbage collections took 15% CPU time recently (threshold: 10%)
2023-05-10 11:03:39,948 - distributed.utils_perf - WARNING - full garbage collections took 15% CPU time recently (threshold: 10%)
2023-05-10 11:03:54,280 - distributed.utils_perf - WARNING - full garbage collections took 15% CPU time recently (threshold: 10%)
2023-05-10 11:04:15,720 - distributed.utils_perf - WARNING - full garbage collections took 15% CPU time recently (threshold: 10%)
2023-05-10 11:04:32,474 - distributed.utils_perf - WARNING - full garbage collections took 15% CPU time recently (threshold: 10%)
2023-05-10 11:04:46,836 - distributed.utils_perf - WARNING - full garbage collections took 15% CPU time recently (threshold: 10%)
2023-05-10 11:05:04,199 - distributed.utils_perf - WARNING - full garbage collections took 15% CPU time recently (threshold: 10%)
2023-05-10 11:05:20,171 - distributed.utils_perf - WARNING - full garbage collections took 15% CPU time recently (threshold: 10%)
2023-05-10 11:05:38,521 - distributed.utils_perf - WARNING - full garbage collections took 15% CPU time recently (threshold: 10%)
2023-05-10 11:05:58,409 - distributed.utils_perf - WARNING - full garbage collections took 15% CPU time recently (threshold: 10%)
2023-05-10 11:06:16,673 - distributed.utils_perf - WARNING - full garbage collections took 15% CPU time recently (threshold: 10%)
2023-05-10 11:06:35,953 - distributed.utils_perf - WARNING - full garbage collections took 15% CPU time recently (threshold: 10%)
2023-05-10 11:06:52,547 - distributed.utils_perf - WARNING - full garbage collections took 16% CPU time recently (threshold: 10%)
2023-05-10 11:06:52,569 - distributed.core - INFO - Event loop was unresponsive in Worker for 3.24s.  This is often caused by long-running GIL-holding functions or moving large chunks of data. This can cause timeouts and instability.
2023-05-10 11:07:10,736 - distributed.utils_perf - WARNING - full garbage collections took 16% CPU time recently (threshold: 10%)
2023-05-10 11:07:32,997 - distributed.utils_perf - WARNING - full garbage collections took 15% CPU time recently (threshold: 10%)
2023-05-10 11:07:54,642 - distributed.utils_perf - WARNING - full garbage collections took 15% CPU time recently (threshold: 10%)
2023-05-10 11:08:13,274 - distributed.utils_perf - WARNING - full garbage collections took 15% CPU time recently (threshold: 10%)
2023-05-10 11:08:29,192 - distributed.utils_perf - WARNING - full garbage collections took 15% CPU time recently (threshold: 10%)
2023-05-10 11:08:50,318 - distributed.utils_perf - WARNING - full garbage collections took 15% CPU time recently (threshold: 10%)
2023-05-10 11:09:10,111 - distributed.utils_perf - WARNING - full garbage collections took 15% CPU time recently (threshold: 10%)
2023-05-10 11:09:10,121 - distributed.core - INFO - Event loop was unresponsive in Worker for 3.21s.  This is often caused by long-running GIL-holding functions or moving large chunks of data. This can cause timeouts and instability.
2023-05-10 11:09:29,128 - distributed.utils_perf - WARNING - full garbage collections took 15% CPU time recently (threshold: 10%)
2023-05-10 11:09:45,167 - distributed.utils_perf - WARNING - full garbage collections took 15% CPU time recently (threshold: 10%)
2023-05-10 11:10:01,817 - distributed.utils_perf - WARNING - full garbage collections took 15% CPU time recently (threshold: 10%)
2023-05-10 11:10:23,256 - distributed.utils_perf - WARNING - full garbage collections took 15% CPU time recently (threshold: 10%)
2023-05-10 11:10:40,407 - distributed.utils_perf - WARNING - full garbage collections took 15% CPU time recently (threshold: 10%)
2023-05-10 11:10:59,336 - distributed.utils_perf - WARNING - full garbage collections took 15% CPU time recently (threshold: 10%)
2023-05-10 11:11:19,685 - distributed.utils_perf - WARNING - full garbage collections took 15% CPU time recently (threshold: 10%)
2023-05-10 11:11:36,709 - distributed.utils_perf - WARNING - full garbage collections took 15% CPU time recently (threshold: 10%)
2023-05-10 11:11:53,022 - distributed.utils_perf - WARNING - full garbage collections took 15% CPU time recently (threshold: 10%)
2023-05-10 11:12:15,240 - distributed.utils_perf - WARNING - full garbage collections took 15% CPU time recently (threshold: 10%)
2023-05-10 11:12:31,937 - distributed.utils_perf - WARNING - full garbage collections took 15% CPU time recently (threshold: 10%)
2023-05-10 11:12:52,239 - distributed.utils_perf - WARNING - full garbage collections took 15% CPU time recently (threshold: 10%)
2023-05-10 11:12:52,253 - distributed.core - INFO - Event loop was unresponsive in Worker for 3.07s.  This is often caused by long-running GIL-holding functions or moving large chunks of data. This can cause timeouts and instability.
2023-05-10 11:13:09,273 - distributed.utils_perf - WARNING - full garbage collections took 16% CPU time recently (threshold: 10%)
2023-05-10 11:13:25,859 - distributed.utils_perf - WARNING - full garbage collections took 16% CPU time recently (threshold: 10%)
2023-05-10 11:13:39,959 - distributed.utils_perf - WARNING - full garbage collections took 16% CPU time recently (threshold: 10%)
2023-05-10 11:14:05,219 - distributed.utils_perf - WARNING - full garbage collections took 16% CPU time recently (threshold: 10%)
2023-05-10 11:14:23,750 - distributed.utils_perf - WARNING - full garbage collections took 16% CPU time recently (threshold: 10%)
2023-05-10 11:14:45,461 - distributed.utils_perf - WARNING - full garbage collections took 16% CPU time recently (threshold: 10%)
2023-05-10 11:15:07,740 - distributed.utils_perf - WARNING - full garbage collections took 16% CPU time recently (threshold: 10%)
2023-05-10 11:15:29,454 - distributed.utils_perf - WARNING - full garbage collections took 16% CPU time recently (threshold: 10%)
2023-05-10 11:15:54,743 - distributed.utils_perf - WARNING - full garbage collections took 16% CPU time recently (threshold: 10%)
2023-05-10 11:16:12,600 - distributed.utils_perf - WARNING - full garbage collections took 16% CPU time recently (threshold: 10%)
2023-05-10 11:16:32,562 - distributed.utils_perf - WARNING - full garbage collections took 16% CPU time recently (threshold: 10%)
2023-05-10 11:16:55,053 - distributed.utils_perf - WARNING - full garbage collections took 16% CPU time recently (threshold: 10%)
2023-05-10 11:17:16,613 - distributed.utils_perf - WARNING - full garbage collections took 16% CPU time recently (threshold: 10%)
2023-05-10 11:17:40,042 - distributed.utils_perf - WARNING - full garbage collections took 16% CPU time recently (threshold: 10%)
2023-05-10 11:17:40,089 - distributed.core - INFO - Event loop was unresponsive in Worker for 3.13s.  This is often caused by long-running GIL-holding functions or moving large chunks of data. This can cause timeouts and instability.
2023-05-10 11:18:03,162 - distributed.utils_perf - WARNING - full garbage collections took 16% CPU time recently (threshold: 10%)
2023-05-10 11:18:03,205 - distributed.core - INFO - Event loop was unresponsive in Worker for 3.18s.  This is often caused by long-running GIL-holding functions or moving large chunks of data. This can cause timeouts and instability.
2023-05-10 11:18:23,476 - distributed.utils_perf - WARNING - full garbage collections took 16% CPU time recently (threshold: 10%)
2023-05-10 11:18:49,079 - distributed.utils_perf - WARNING - full garbage collections took 16% CPU time recently (threshold: 10%)
2023-05-10 11:18:49,088 - distributed.core - INFO - Event loop was unresponsive in Worker for 4.16s.  This is often caused by long-running GIL-holding functions or moving large chunks of data. This can cause timeouts and instability.
2023-05-10 11:19:08,785 - distributed.utils_perf - WARNING - full garbage collections took 16% CPU time recently (threshold: 10%)
2023-05-10 11:19:32,941 - distributed.utils_perf - WARNING - full garbage collections took 16% CPU time recently (threshold: 10%)
2023-05-10 11:19:57,489 - distributed.utils_perf - WARNING - full garbage collections took 16% CPU time recently (threshold: 10%)
2023-05-10 11:20:22,430 - distributed.utils_perf - WARNING - full garbage collections took 16% CPU time recently (threshold: 10%)
2023-05-10 11:20:22,451 - distributed.core - INFO - Event loop was unresponsive in Worker for 3.30s.  This is often caused by long-running GIL-holding functions or moving large chunks of data. This can cause timeouts and instability.
2023-05-10 11:20:43,872 - distributed.utils_perf - WARNING - full garbage collections took 16% CPU time recently (threshold: 10%)
2023-05-10 11:21:09,728 - distributed.utils_perf - WARNING - full garbage collections took 16% CPU time recently (threshold: 10%)
2023-05-10 11:21:31,500 - distributed.utils_perf - WARNING - full garbage collections took 16% CPU time recently (threshold: 10%)
2023-05-10 11:21:50,790 - distributed.utils_perf - WARNING - full garbage collections took 16% CPU time recently (threshold: 10%)
2023-05-10 11:22:13,213 - distributed.utils_perf - WARNING - full garbage collections took 16% CPU time recently (threshold: 10%)
2023-05-10 11:22:35,015 - distributed.utils_perf - WARNING - full garbage collections took 16% CPU time recently (threshold: 10%)
2023-05-10 11:22:57,314 - distributed.utils_perf - WARNING - full garbage collections took 15% CPU time recently (threshold: 10%)
2023-05-10 11:22:57,327 - distributed.core - INFO - Event loop was unresponsive in Worker for 3.27s.  This is often caused by long-running GIL-holding functions or moving large chunks of data. This can cause timeouts and instability.
2023-05-10 11:23:17,246 - distributed.utils_perf - WARNING - full garbage collections took 15% CPU time recently (threshold: 10%)
2023-05-10 11:23:40,129 - distributed.utils_perf - WARNING - full garbage collections took 15% CPU time recently (threshold: 10%)
2023-05-10 11:23:40,161 - distributed.core - INFO - Event loop was unresponsive in Worker for 3.40s.  This is often caused by long-running GIL-holding functions or moving large chunks of data. This can cause timeouts and instability.
2023-05-10 11:24:00,613 - distributed.utils_perf - WARNING - full garbage collections took 16% CPU time recently (threshold: 10%)
2023-05-10 11:24:00,644 - distributed.core - INFO - Event loop was unresponsive in Worker for 3.12s.  This is often caused by long-running GIL-holding functions or moving large chunks of data. This can cause timeouts and instability.
2023-05-10 11:24:23,875 - distributed.utils_perf - WARNING - full garbage collections took 16% CPU time recently (threshold: 10%)
2023-05-10 11:24:50,966 - distributed.utils_perf - WARNING - full garbage collections took 15% CPU time recently (threshold: 10%)
2023-05-10 11:25:13,735 - distributed.utils_perf - WARNING - full garbage collections took 15% CPU time recently (threshold: 10%)
2023-05-10 11:25:33,170 - distributed.utils_perf - WARNING - full garbage collections took 16% CPU time recently (threshold: 10%)
2023-05-10 11:25:56,558 - distributed.utils_perf - WARNING - full garbage collections took 16% CPU time recently (threshold: 10%)
2023-05-10 11:25:56,595 - distributed.core - INFO - Event loop was unresponsive in Worker for 3.38s.  This is often caused by long-running GIL-holding functions or moving large chunks of data. This can cause timeouts and instability.
2023-05-10 11:26:24,262 - distributed.utils_perf - WARNING - full garbage collections took 16% CPU time recently (threshold: 10%)
2023-05-10 11:26:47,483 - distributed.utils_perf - WARNING - full garbage collections took 16% CPU time recently (threshold: 10%)
2023-05-10 11:27:08,489 - distributed.utils_perf - WARNING - full garbage collections took 16% CPU time recently (threshold: 10%)
2023-05-10 11:27:32,059 - distributed.utils_perf - WARNING - full garbage collections took 16% CPU time recently (threshold: 10%)
2023-05-10 11:27:53,397 - distributed.utils_perf - WARNING - full garbage collections took 16% CPU time recently (threshold: 10%)
2023-05-10 11:28:17,141 - distributed.utils_perf - WARNING - full garbage collections took 16% CPU time recently (threshold: 10%)
2023-05-10 11:28:43,319 - distributed.utils_perf - WARNING - full garbage collections took 16% CPU time recently (threshold: 10%)
2023-05-10 11:29:16,212 - distributed.utils_perf - WARNING - full garbage collections took 16% CPU time recently (threshold: 10%)
2023-05-10 11:29:37,050 - distributed.utils_perf - WARNING - full garbage collections took 16% CPU time recently (threshold: 10%)
2023-05-10 11:29:59,276 - distributed.utils_perf - WARNING - full garbage collections took 16% CPU time recently (threshold: 10%)
2023-05-10 11:30:28,690 - distributed.utils_perf - WARNING - full garbage collections took 16% CPU time recently (threshold: 10%)
2023-05-10 11:30:52,194 - distributed.utils_perf - WARNING - full garbage collections took 16% CPU time recently (threshold: 10%)
2023-05-10 11:31:13,234 - distributed.utils_perf - WARNING - full garbage collections took 16% CPU time recently (threshold: 10%)
2023-05-10 11:31:36,210 - distributed.utils_perf - WARNING - full garbage collections took 16% CPU time recently (threshold: 10%)
2023-05-10 11:31:59,964 - distributed.utils_perf - WARNING - full garbage collections took 16% CPU time recently (threshold: 10%)
2023-05-10 11:32:25,008 - distributed.utils_perf - WARNING - full garbage collections took 16% CPU time recently (threshold: 10%)
2023-05-10 11:32:53,223 - distributed.utils_perf - WARNING - full garbage collections took 16% CPU time recently (threshold: 10%)
2023-05-10 11:32:53,263 - distributed.core - INFO - Event loop was unresponsive in Worker for 3.87s.  This is often caused by long-running GIL-holding functions or moving large chunks of data. This can cause timeouts and instability.
2023-05-10 11:33:20,577 - distributed.utils_perf - WARNING - full garbage collections took 16% CPU time recently (threshold: 10%)
2023-05-10 11:33:20,604 - distributed.core - INFO - Event loop was unresponsive in Worker for 3.25s.  This is often caused by long-running GIL-holding functions or moving large chunks of data. This can cause timeouts and instability.
2023-05-10 11:33:46,866 - distributed.utils_perf - WARNING - full garbage collections took 16% CPU time recently (threshold: 10%)
2023-05-10 11:34:16,160 - distributed.utils_perf - WARNING - full garbage collections took 16% CPU time recently (threshold: 10%)
2023-05-10 11:34:35,200 - distributed.utils_perf - WARNING - full garbage collections took 16% CPU time recently (threshold: 10%)
2023-05-10 11:35:05,793 - distributed.utils_perf - WARNING - full garbage collections took 16% CPU time recently (threshold: 10%)
2023-05-10 11:35:05,808 - distributed.core - INFO - Event loop was unresponsive in Worker for 3.55s.  This is often caused by long-running GIL-holding functions or moving large chunks of data. This can cause timeouts and instability.
2023-05-10 11:35:36,018 - distributed.utils_perf - WARNING - full garbage collections took 16% CPU time recently (threshold: 10%)
2023-05-10 11:35:36,034 - distributed.core - INFO - Event loop was unresponsive in Worker for 3.68s.  This is often caused by long-running GIL-holding functions or moving large chunks of data. This can cause timeouts and instability.
2023-05-10 11:35:56,754 - distributed.utils_perf - WARNING - full garbage collections took 16% CPU time recently (threshold: 10%)
2023-05-10 11:36:23,428 - distributed.utils_perf - WARNING - full garbage collections took 16% CPU time recently (threshold: 10%)
2023-05-10 11:36:51,534 - distributed.utils_perf - WARNING - full garbage collections took 16% CPU time recently (threshold: 10%)
2023-05-10 11:36:51,589 - distributed.core - INFO - Event loop was unresponsive in Worker for 3.89s.  This is often caused by long-running GIL-holding functions or moving large chunks of data. This can cause timeouts and instability.
2023-05-10 11:37:21,926 - distributed.utils_perf - WARNING - full garbage collections took 16% CPU time recently (threshold: 10%)
2023-05-10 11:37:47,955 - distributed.utils_perf - WARNING - full garbage collections took 16% CPU time recently (threshold: 10%)
2023-05-10 11:37:48,005 - distributed.core - INFO - Event loop was unresponsive in Worker for 3.69s.  This is often caused by long-running GIL-holding functions or moving large chunks of data. This can cause timeouts and instability.
2023-05-10 11:38:16,802 - distributed.utils_perf - WARNING - full garbage collections took 16% CPU time recently (threshold: 10%)
2023-05-10 11:38:16,850 - distributed.core - INFO - Event loop was unresponsive in Worker for 3.44s.  This is often caused by long-running GIL-holding functions or moving large chunks of data. This can cause timeouts and instability.
2023-05-10 11:38:43,579 - distributed.utils_perf - WARNING - full garbage collections took 16% CPU time recently (threshold: 10%)
2023-05-10 11:38:43,603 - distributed.core - INFO - Event loop was unresponsive in Worker for 3.76s.  This is often caused by long-running GIL-holding functions or moving large chunks of data. This can cause timeouts and instability.
2023-05-10 11:39:08,417 - distributed.utils_perf - WARNING - full garbage collections took 16% CPU time recently (threshold: 10%)
2023-05-10 11:39:32,738 - distributed.utils_perf - WARNING - full garbage collections took 16% CPU time recently (threshold: 10%)
2023-05-10 11:40:00,482 - distributed.utils_perf - WARNING - full garbage collections took 16% CPU time recently (threshold: 10%)
2023-05-10 11:40:00,502 - distributed.core - INFO - Event loop was unresponsive in Worker for 3.79s.  This is often caused by long-running GIL-holding functions or moving large chunks of data. This can cause timeouts and instability.
2023-05-10 11:40:26,980 - distributed.utils_perf - WARNING - full garbage collections took 16% CPU time recently (threshold: 10%)
2023-05-10 11:40:47,902 - distributed.utils_perf - WARNING - full garbage collections took 16% CPU time recently (threshold: 10%)
2023-05-10 11:41:14,604 - distributed.utils_perf - WARNING - full garbage collections took 16% CPU time recently (threshold: 10%)
2023-05-10 11:41:43,694 - distributed.utils_perf - WARNING - full garbage collections took 16% CPU time recently (threshold: 10%)
2023-05-10 11:42:06,742 - distributed.utils_perf - WARNING - full garbage collections took 16% CPU time recently (threshold: 10%)
2023-05-10 11:42:35,180 - distributed.utils_perf - WARNING - full garbage collections took 16% CPU time recently (threshold: 10%)
2023-05-10 11:43:04,694 - distributed.utils_perf - WARNING - full garbage collections took 15% CPU time recently (threshold: 10%)
2023-05-10 11:43:27,648 - distributed.utils_perf - WARNING - full garbage collections took 16% CPU time recently (threshold: 10%)
2023-05-10 11:43:50,998 - distributed.utils_perf - WARNING - full garbage collections took 15% CPU time recently (threshold: 10%)
2023-05-10 11:44:19,747 - distributed.utils_perf - WARNING - full garbage collections took 15% CPU time recently (threshold: 10%)
2023-05-10 11:44:52,355 - distributed.utils_perf - WARNING - full garbage collections took 15% CPU time recently (threshold: 10%)
2023-05-10 11:44:52,374 - distributed.core - INFO - Event loop was unresponsive in Worker for 3.80s.  This is often caused by long-running GIL-holding functions or moving large chunks of data. This can cause timeouts and instability.
2023-05-10 11:45:21,846 - distributed.utils_perf - WARNING - full garbage collections took 15% CPU time recently (threshold: 10%)
2023-05-10 11:45:54,463 - distributed.utils_perf - WARNING - full garbage collections took 15% CPU time recently (threshold: 10%)
2023-05-10 11:45:54,478 - distributed.core - INFO - Event loop was unresponsive in Worker for 3.26s.  This is often caused by long-running GIL-holding functions or moving large chunks of data. This can cause timeouts and instability.
2023-05-10 11:46:22,079 - distributed.utils_perf - WARNING - full garbage collections took 15% CPU time recently (threshold: 10%)
2023-05-10 11:46:52,677 - distributed.utils_perf - WARNING - full garbage collections took 15% CPU time recently (threshold: 10%)
2023-05-10 11:47:15,152 - distributed.utils_perf - WARNING - full garbage collections took 15% CPU time recently (threshold: 10%)
2023-05-10 11:47:47,835 - distributed.utils_perf - WARNING - full garbage collections took 14% CPU time recently (threshold: 10%)
2023-05-10 11:48:16,351 - distributed.utils_perf - WARNING - full garbage collections took 14% CPU time recently (threshold: 10%)
2023-05-10 11:48:41,836 - distributed.utils_perf - WARNING - full garbage collections took 14% CPU time recently (threshold: 10%)
2023-05-10 11:49:14,022 - distributed.utils_perf - WARNING - full garbage collections took 14% CPU time recently (threshold: 10%)
2023-05-10 11:49:39,892 - distributed.utils_perf - WARNING - full garbage collections took 14% CPU time recently (threshold: 10%)
2023-05-10 11:50:09,305 - distributed.utils_perf - WARNING - full garbage collections took 14% CPU time recently (threshold: 10%)
2023-05-10 11:50:09,340 - distributed.core - INFO - Event loop was unresponsive in Worker for 3.94s.  This is often caused by long-running GIL-holding functions or moving large chunks of data. This can cause timeouts and instability.
2023-05-10 11:50:40,304 - distributed.utils_perf - WARNING - full garbage collections took 14% CPU time recently (threshold: 10%)
2023-05-10 11:51:09,395 - distributed.utils_perf - WARNING - full garbage collections took 14% CPU time recently (threshold: 10%)
2023-05-10 11:51:09,405 - distributed.core - INFO - Event loop was unresponsive in Worker for 3.87s.  This is often caused by long-running GIL-holding functions or moving large chunks of data. This can cause timeouts and instability.
2023-05-10 11:51:33,375 - distributed.utils_perf - WARNING - full garbage collections took 14% CPU time recently (threshold: 10%)
2023-05-10 11:51:59,051 - distributed.utils_perf - WARNING - full garbage collections took 14% CPU time recently (threshold: 10%)
2023-05-10 11:52:27,113 - distributed.utils_perf - WARNING - full garbage collections took 14% CPU time recently (threshold: 10%)
2023-05-10 11:52:55,642 - distributed.utils_perf - WARNING - full garbage collections took 14% CPU time recently (threshold: 10%)
2023-05-10 11:53:25,574 - distributed.utils_perf - WARNING - full garbage collections took 14% CPU time recently (threshold: 10%)
2023-05-10 11:53:56,510 - distributed.utils_perf - WARNING - full garbage collections took 14% CPU time recently (threshold: 10%)
2023-05-10 11:54:24,397 - distributed.utils_perf - WARNING - full garbage collections took 14% CPU time recently (threshold: 10%)
2023-05-10 11:54:55,189 - distributed.utils_perf - WARNING - full garbage collections took 14% CPU time recently (threshold: 10%)
2023-05-10 11:54:55,221 - distributed.core - INFO - Event loop was unresponsive in Worker for 3.22s.  This is often caused by long-running GIL-holding functions or moving large chunks of data. This can cause timeouts and instability.
2023-05-10 11:55:26,335 - distributed.utils_perf - WARNING - full garbage collections took 14% CPU time recently (threshold: 10%)
2023-05-10 11:55:56,995 - distributed.utils_perf - WARNING - full garbage collections took 14% CPU time recently (threshold: 10%)
2023-05-10 11:56:31,849 - distributed.utils_perf - WARNING - full garbage collections took 14% CPU time recently (threshold: 10%)
2023-05-10 11:57:04,476 - distributed.utils_perf - WARNING - full garbage collections took 14% CPU time recently (threshold: 10%)
2023-05-10 11:57:33,925 - distributed.utils_perf - WARNING - full garbage collections took 14% CPU time recently (threshold: 10%)
2023-05-10 11:58:01,978 - distributed.utils_perf - WARNING - full garbage collections took 14% CPU time recently (threshold: 10%)
2023-05-10 11:58:32,972 - distributed.utils_perf - WARNING - full garbage collections took 14% CPU time recently (threshold: 10%)
2023-05-10 11:59:12,030 - distributed.utils_perf - WARNING - full garbage collections took 14% CPU time recently (threshold: 10%)
2023-05-10 11:59:47,345 - distributed.utils_perf - WARNING - full garbage collections took 13% CPU time recently (threshold: 10%)
2023-05-10 12:00:20,348 - distributed.utils_perf - WARNING - full garbage collections took 13% CPU time recently (threshold: 10%)
2023-05-10 12:00:55,227 - distributed.utils_perf - WARNING - full garbage collections took 13% CPU time recently (threshold: 10%)
2023-05-10 12:01:22,751 - distributed.utils_perf - WARNING - full garbage collections took 13% CPU time recently (threshold: 10%)
2023-05-10 12:01:54,328 - distributed.utils_perf - WARNING - full garbage collections took 13% CPU time recently (threshold: 10%)
2023-05-10 12:02:27,749 - distributed.utils_perf - WARNING - full garbage collections took 13% CPU time recently (threshold: 10%)
2023-05-10 12:02:55,564 - distributed.utils_perf - WARNING - full garbage collections took 14% CPU time recently (threshold: 10%)
2023-05-10 12:03:24,230 - distributed.utils_perf - WARNING - full garbage collections took 14% CPU time recently (threshold: 10%)
2023-05-10 12:03:55,669 - distributed.utils_perf - WARNING - full garbage collections took 14% CPU time recently (threshold: 10%)
2023-05-10 12:04:29,104 - distributed.utils_perf - WARNING - full garbage collections took 14% CPU time recently (threshold: 10%)
2023-05-10 12:04:29,123 - distributed.core - INFO - Event loop was unresponsive in Worker for 4.57s.  This is often caused by long-running GIL-holding functions or moving large chunks of data. This can cause timeouts and instability.
2023-05-10 12:05:10,211 - distributed.utils_perf - WARNING - full garbage collections took 14% CPU time recently (threshold: 10%)
2023-05-10 12:05:10,254 - distributed.core - INFO - Event loop was unresponsive in Worker for 3.36s.  This is often caused by long-running GIL-holding functions or moving large chunks of data. This can cause timeouts and instability.
2023-05-10 12:05:47,130 - distributed.utils_perf - WARNING - full garbage collections took 14% CPU time recently (threshold: 10%)
2023-05-10 12:06:18,861 - distributed.utils_perf - WARNING - full garbage collections took 14% CPU time recently (threshold: 10%)
2023-05-10 12:06:18,906 - distributed.core - INFO - Event loop was unresponsive in Worker for 4.30s.  This is often caused by long-running GIL-holding functions or moving large chunks of data. This can cause timeouts and instability.
2023-05-10 12:06:53,942 - distributed.utils_perf - WARNING - full garbage collections took 13% CPU time recently (threshold: 10%)
2023-05-10 12:07:30,268 - distributed.utils_perf - WARNING - full garbage collections took 14% CPU time recently (threshold: 10%)
2023-05-10 12:07:30,293 - distributed.core - INFO - Event loop was unresponsive in Worker for 4.64s.  This is often caused by long-running GIL-holding functions or moving large chunks of data. This can cause timeouts and instability.
2023-05-10 12:08:08,106 - distributed.utils_perf - WARNING - full garbage collections took 14% CPU time recently (threshold: 10%)
2023-05-10 12:08:08,145 - distributed.core - INFO - Event loop was unresponsive in Worker for 3.40s.  This is often caused by long-running GIL-holding functions or moving large chunks of data. This can cause timeouts and instability.
2023-05-10 12:08:45,008 - distributed.utils_perf - WARNING - full garbage collections took 14% CPU time recently (threshold: 10%)
2023-05-10 12:08:45,035 - distributed.core - INFO - Event loop was unresponsive in Worker for 3.03s.  This is often caused by long-running GIL-holding functions or moving large chunks of data. This can cause timeouts and instability.
2023-05-10 12:09:17,439 - distributed.utils_perf - WARNING - full garbage collections took 14% CPU time recently (threshold: 10%)
2023-05-10 12:09:17,480 - distributed.core - INFO - Event loop was unresponsive in Worker for 3.08s.  This is often caused by long-running GIL-holding functions or moving large chunks of data. This can cause timeouts and instability.
2023-05-10 12:09:56,305 - distributed.utils_perf - WARNING - full garbage collections took 13% CPU time recently (threshold: 10%)
2023-05-10 12:09:56,312 - distributed.core - INFO - Event loop was unresponsive in Worker for 3.09s.  This is often caused by long-running GIL-holding functions or moving large chunks of data. This can cause timeouts and instability.
2023-05-10 12:10:35,908 - distributed.utils_perf - WARNING - full garbage collections took 14% CPU time recently (threshold: 10%)
2023-05-10 12:10:35,936 - distributed.core - INFO - Event loop was unresponsive in Worker for 4.83s.  This is often caused by long-running GIL-holding functions or moving large chunks of data. This can cause timeouts and instability.
2023-05-10 12:11:10,267 - distributed.utils_perf - WARNING - full garbage collections took 14% CPU time recently (threshold: 10%)
2023-05-10 12:11:10,300 - distributed.core - INFO - Event loop was unresponsive in Worker for 3.49s.  This is often caused by long-running GIL-holding functions or moving large chunks of data. This can cause timeouts and instability.
2023-05-10 12:11:47,230 - distributed.utils_perf - WARNING - full garbage collections took 13% CPU time recently (threshold: 10%)
2023-05-10 12:11:47,242 - distributed.core - INFO - Event loop was unresponsive in Worker for 3.13s.  This is often caused by long-running GIL-holding functions or moving large chunks of data. This can cause timeouts and instability.
2023-05-10 12:12:23,511 - distributed.utils_perf - WARNING - full garbage collections took 13% CPU time recently (threshold: 10%)
2023-05-10 12:12:23,543 - distributed.core - INFO - Event loop was unresponsive in Worker for 3.14s.  This is often caused by long-running GIL-holding functions or moving large chunks of data. This can cause timeouts and instability.
2023-05-10 12:12:57,612 - distributed.utils_perf - WARNING - full garbage collections took 13% CPU time recently (threshold: 10%)
2023-05-10 12:12:57,642 - distributed.core - INFO - Event loop was unresponsive in Worker for 3.17s.  This is often caused by long-running GIL-holding functions or moving large chunks of data. This can cause timeouts and instability.
2023-05-10 12:13:34,175 - distributed.utils_perf - WARNING - full garbage collections took 14% CPU time recently (threshold: 10%)
2023-05-10 12:13:34,217 - distributed.core - INFO - Event loop was unresponsive in Worker for 3.16s.  This is often caused by long-running GIL-holding functions or moving large chunks of data. This can cause timeouts and instability.
2023-05-10 12:14:08,558 - distributed.utils_perf - WARNING - full garbage collections took 14% CPU time recently (threshold: 10%)
2023-05-10 12:14:08,690 - distributed.core - INFO - Event loop was unresponsive in Worker for 3.33s.  This is often caused by long-running GIL-holding functions or moving large chunks of data. This can cause timeouts and instability.
2023-05-10 12:14:47,408 - distributed.utils_perf - WARNING - full garbage collections took 14% CPU time recently (threshold: 10%)
2023-05-10 12:14:47,419 - distributed.core - INFO - Event loop was unresponsive in Worker for 3.35s.  This is often caused by long-running GIL-holding functions or moving large chunks of data. This can cause timeouts and instability.
2023-05-10 12:15:28,023 - distributed.utils_perf - WARNING - full garbage collections took 14% CPU time recently (threshold: 10%)
2023-05-10 12:15:28,063 - distributed.core - INFO - Event loop was unresponsive in Worker for 3.24s.  This is often caused by long-running GIL-holding functions or moving large chunks of data. This can cause timeouts and instability.
2023-05-10 12:16:02,250 - distributed.utils_perf - WARNING - full garbage collections took 14% CPU time recently (threshold: 10%)
2023-05-10 12:16:02,258 - distributed.core - INFO - Event loop was unresponsive in Worker for 3.29s.  This is often caused by long-running GIL-holding functions or moving large chunks of data. This can cause timeouts and instability.
2023-05-10 12:16:41,112 - distributed.utils_perf - WARNING - full garbage collections took 14% CPU time recently (threshold: 10%)
2023-05-10 12:16:41,117 - distributed.core - INFO - Event loop was unresponsive in Worker for 3.27s.  This is often caused by long-running GIL-holding functions or moving large chunks of data. This can cause timeouts and instability.
2023-05-10 12:17:20,931 - distributed.utils_perf - WARNING - full garbage collections took 14% CPU time recently (threshold: 10%)
2023-05-10 12:17:20,948 - distributed.core - INFO - Event loop was unresponsive in Worker for 3.34s.  This is often caused by long-running GIL-holding functions or moving large chunks of data. This can cause timeouts and instability.
slurmstepd: error: *** JOB 3085684 ON pn052 CANCELLED AT 2023-05-10T12:17:33 DUE TO TIME LIMIT ***
