2023-05-10 09:17:14,384 - distributed.nanny - INFO -         Start Nanny at: 'tcp://172.16.3.101:45529'
2023-05-10 09:17:14,757 - distributed.diskutils - INFO - Found stale lock file and directory '/tmp/dask-worker-space/worker-jbib_qhl', purging
2023-05-10 09:17:15,743 - distributed.worker - INFO -       Start worker at:   tcp://172.16.3.101:44215
2023-05-10 09:17:15,743 - distributed.worker - INFO -          Listening to:   tcp://172.16.3.101:44215
2023-05-10 09:17:15,743 - distributed.worker - INFO -           Worker name:             SLURMCluster-6
2023-05-10 09:17:15,743 - distributed.worker - INFO -          dashboard at:         172.16.3.101:32848
2023-05-10 09:17:15,743 - distributed.worker - INFO - Waiting to connect to:    tcp://172.16.3.56:46646
2023-05-10 09:17:15,743 - distributed.worker - INFO - -------------------------------------------------
2023-05-10 09:17:15,743 - distributed.worker - INFO -               Threads:                         30
2023-05-10 09:17:15,743 - distributed.worker - INFO -                Memory:                 139.70 GiB
2023-05-10 09:17:15,743 - distributed.worker - INFO -       Local Directory: /tmp/dask-worker-space/worker-k_wbo7xt
2023-05-10 09:17:15,743 - distributed.worker - INFO - -------------------------------------------------
2023-05-10 09:17:15,749 - distributed.worker - INFO -         Registered to:    tcp://172.16.3.56:46646
2023-05-10 09:17:15,749 - distributed.worker - INFO - -------------------------------------------------
2023-05-10 09:17:15,749 - distributed.core - INFO - Starting established connection to tcp://172.16.3.56:46646
2023-05-10 09:23:05,776 - distributed.core - INFO - Event loop was unresponsive in Worker for 3.25s.  This is often caused by long-running GIL-holding functions or moving large chunks of data. This can cause timeouts and instability.
2023-05-10 09:23:30,632 - distributed.core - INFO - Event loop was unresponsive in Worker for 3.79s.  This is often caused by long-running GIL-holding functions or moving large chunks of data. This can cause timeouts and instability.
2023-05-10 09:23:59,908 - distributed.core - INFO - Event loop was unresponsive in Worker for 3.32s.  This is often caused by long-running GIL-holding functions or moving large chunks of data. This can cause timeouts and instability.
2023-05-10 09:24:43,522 - distributed.core - INFO - Event loop was unresponsive in Worker for 3.06s.  This is often caused by long-running GIL-holding functions or moving large chunks of data. This can cause timeouts and instability.
2023-05-10 09:24:59,523 - distributed.core - INFO - Event loop was unresponsive in Worker for 3.02s.  This is often caused by long-running GIL-holding functions or moving large chunks of data. This can cause timeouts and instability.
2023-05-10 09:25:49,335 - distributed.core - INFO - Event loop was unresponsive in Worker for 32.43s.  This is often caused by long-running GIL-holding functions or moving large chunks of data. This can cause timeouts and instability.
2023-05-10 09:25:59,665 - distributed.core - INFO - Event loop was unresponsive in Worker for 3.46s.  This is often caused by long-running GIL-holding functions or moving large chunks of data. This can cause timeouts and instability.
2023-05-10 09:26:09,828 - distributed.core - INFO - Event loop was unresponsive in Worker for 7.07s.  This is often caused by long-running GIL-holding functions or moving large chunks of data. This can cause timeouts and instability.
2023-05-10 09:26:18,330 - distributed.core - INFO - Event loop was unresponsive in Worker for 5.83s.  This is often caused by long-running GIL-holding functions or moving large chunks of data. This can cause timeouts and instability.
2023-05-10 09:26:30,162 - distributed.core - INFO - Event loop was unresponsive in Worker for 5.43s.  This is often caused by long-running GIL-holding functions or moving large chunks of data. This can cause timeouts and instability.
2023-05-10 09:26:43,209 - distributed.core - INFO - Event loop was unresponsive in Worker for 7.22s.  This is often caused by long-running GIL-holding functions or moving large chunks of data. This can cause timeouts and instability.
2023-05-10 09:26:52,570 - distributed.core - INFO - Event loop was unresponsive in Worker for 5.04s.  This is often caused by long-running GIL-holding functions or moving large chunks of data. This can cause timeouts and instability.
2023-05-10 09:27:04,759 - distributed.core - INFO - Event loop was unresponsive in Worker for 12.19s.  This is often caused by long-running GIL-holding functions or moving large chunks of data. This can cause timeouts and instability.
2023-05-10 09:27:12,161 - distributed.core - INFO - Event loop was unresponsive in Worker for 7.40s.  This is often caused by long-running GIL-holding functions or moving large chunks of data. This can cause timeouts and instability.
2023-05-10 09:27:19,798 - distributed.core - INFO - Event loop was unresponsive in Worker for 3.32s.  This is often caused by long-running GIL-holding functions or moving large chunks of data. This can cause timeouts and instability.
2023-05-10 09:27:27,621 - distributed.core - INFO - Event loop was unresponsive in Worker for 7.82s.  This is often caused by long-running GIL-holding functions or moving large chunks of data. This can cause timeouts and instability.
2023-05-10 09:27:32,902 - distributed.core - INFO - Event loop was unresponsive in Worker for 5.28s.  This is often caused by long-running GIL-holding functions or moving large chunks of data. This can cause timeouts and instability.
2023-05-10 09:27:48,908 - distributed.core - INFO - Event loop was unresponsive in Worker for 9.48s.  This is often caused by long-running GIL-holding functions or moving large chunks of data. This can cause timeouts and instability.
2023-05-10 09:28:03,296 - distributed.core - INFO - Event loop was unresponsive in Worker for 7.46s.  This is often caused by long-running GIL-holding functions or moving large chunks of data. This can cause timeouts and instability.
2023-05-10 09:28:16,197 - distributed.core - INFO - Event loop was unresponsive in Worker for 5.44s.  This is often caused by long-running GIL-holding functions or moving large chunks of data. This can cause timeouts and instability.
2023-05-10 09:28:24,944 - distributed.core - INFO - Event loop was unresponsive in Worker for 8.19s.  This is often caused by long-running GIL-holding functions or moving large chunks of data. This can cause timeouts and instability.
slurmstepd: error: *** JOB 3085340 ON pn051 CANCELLED AT 2023-05-10T09:28:52 ***
