2023-05-02 17:05:52,612 - distributed.nanny - INFO -         Start Nanny at: 'tcp://172.16.3.65:41084'
2023-05-02 17:06:00,936 - distributed.worker - INFO -       Start worker at:    tcp://172.16.3.65:37796
2023-05-02 17:06:00,938 - distributed.worker - INFO -          Listening to:    tcp://172.16.3.65:37796
2023-05-02 17:06:00,938 - distributed.worker - INFO -           Worker name:            SLURMCluster-11
2023-05-02 17:06:00,938 - distributed.worker - INFO -          dashboard at:          172.16.3.65:36504
2023-05-02 17:06:00,938 - distributed.worker - INFO - Waiting to connect to:   tcp://172.16.3.106:33609
2023-05-02 17:06:00,938 - distributed.worker - INFO - -------------------------------------------------
2023-05-02 17:06:00,938 - distributed.worker - INFO -               Threads:                         36
2023-05-02 17:06:00,938 - distributed.worker - INFO -                Memory:                  46.57 GiB
2023-05-02 17:06:00,938 - distributed.worker - INFO -       Local Directory: /tmp/dask-worker-space/worker-49tt25na
2023-05-02 17:06:00,938 - distributed.worker - INFO - -------------------------------------------------
2023-05-02 17:06:00,949 - distributed.worker - INFO -         Registered to:   tcp://172.16.3.106:33609
2023-05-02 17:06:00,949 - distributed.worker - INFO - -------------------------------------------------
2023-05-02 17:06:00,949 - distributed.core - INFO - Starting established connection to tcp://172.16.3.106:33609
2023-05-02 17:06:29,364 - distributed.core - INFO - Event loop was unresponsive in Worker for 8.73s.  This is often caused by long-running GIL-holding functions or moving large chunks of data. This can cause timeouts and instability.
2023-05-02 17:06:51,958 - distributed.core - INFO - Removing comms to tcp://172.16.3.187:42359
2023-05-02 17:06:58,117 - distributed.core - INFO - Removing comms to tcp://172.16.3.188:34732
2023-05-02 17:06:59,269 - distributed.core - INFO - Removing comms to tcp://172.16.3.167:44601
2023-05-02 17:07:00,462 - distributed.core - INFO - Removing comms to tcp://172.16.3.105:33978
2023-05-02 17:07:01,340 - distributed.worker.memory - WARNING - Worker is at 80% memory usage. Pausing worker.  Process memory: 37.48 GiB -- Worker memory limit: 46.57 GiB
2023-05-02 17:07:01,518 - distributed.core - INFO - Removing comms to tcp://172.16.3.189:37163
2023-05-02 17:07:03,250 - distributed.core - INFO - Removing comms to tcp://172.16.3.92:44975
2023-05-02 17:07:03,471 - distributed.worker.memory - WARNING - Unmanaged memory use is high. This may indicate a memory leak or the memory may not be released to the OS; see https://distributed.dask.org/en/latest/worker-memory.html#memory-not-released-back-to-the-os for more information. -- Unmanaged memory: 41.49 GiB -- Worker memory limit: 46.57 GiB
2023-05-02 17:07:03,475 - distributed.worker - ERROR - Worker stream died during communication: tcp://172.16.3.92:44975
Traceback (most recent call last):
  File "/vortexfs1/home/anthony.meza/mambaforge/envs/atm_rivers/lib/python3.10/site-packages/tornado/iostream.py", line 861, in _read_to_buffer
    bytes_read = self.read_from_fd(buf)
  File "/vortexfs1/home/anthony.meza/mambaforge/envs/atm_rivers/lib/python3.10/site-packages/tornado/iostream.py", line 1116, in read_from_fd
    return self.socket.recv_into(buf, len(buf))
ConnectionResetError: [Errno 104] Connection reset by peer

The above exception was the direct cause of the following exception:

Traceback (most recent call last):
  File "/vortexfs1/home/anthony.meza/mambaforge/envs/atm_rivers/lib/python3.10/site-packages/distributed/comm/core.py", line 329, in connect
    handshake = await wait_for(comm.read(), time_left())
  File "/vortexfs1/home/anthony.meza/mambaforge/envs/atm_rivers/lib/python3.10/site-packages/distributed/utils.py", line 1850, in wait_for
    return await asyncio.wait_for(fut, timeout)
  File "/vortexfs1/home/anthony.meza/mambaforge/envs/atm_rivers/lib/python3.10/asyncio/tasks.py", line 445, in wait_for
    return fut.result()
  File "/vortexfs1/home/anthony.meza/mambaforge/envs/atm_rivers/lib/python3.10/site-packages/distributed/comm/tcp.py", line 241, in read
    convert_stream_closed_error(self, e)
  File "/vortexfs1/home/anthony.meza/mambaforge/envs/atm_rivers/lib/python3.10/site-packages/distributed/comm/tcp.py", line 142, in convert_stream_closed_error
    raise CommClosedError(f"in {obj}: {exc.__class__.__name__}: {exc}") from exc
distributed.comm.core.CommClosedError: in <TCP (closed)  local=tcp://172.16.3.65:54273 remote=tcp://172.16.3.92:44975>: ConnectionResetError: [Errno 104] Connection reset by peer

The above exception was the direct cause of the following exception:

Traceback (most recent call last):
  File "/vortexfs1/home/anthony.meza/mambaforge/envs/atm_rivers/lib/python3.10/site-packages/distributed/worker.py", line 2056, in gather_dep
    response = await get_data_from_worker(
  File "/vortexfs1/home/anthony.meza/mambaforge/envs/atm_rivers/lib/python3.10/site-packages/distributed/worker.py", line 2888, in get_data_from_worker
    comm = await rpc.connect(worker)
  File "/vortexfs1/home/anthony.meza/mambaforge/envs/atm_rivers/lib/python3.10/site-packages/distributed/core.py", line 1509, in connect
    return await connect_attempt
  File "/vortexfs1/home/anthony.meza/mambaforge/envs/atm_rivers/lib/python3.10/site-packages/distributed/core.py", line 1430, in _connect
    comm = await connect(
  File "/vortexfs1/home/anthony.meza/mambaforge/envs/atm_rivers/lib/python3.10/site-packages/distributed/comm/core.py", line 334, in connect
    raise OSError(
OSError: Timed out during handshake while connecting to tcp://172.16.3.92:44975 after 30 s
2023-05-02 17:07:04,087 - distributed.nanny.memory - WARNING - Worker tcp://172.16.3.65:37796 (pid=153042) exceeded 95% memory budget. Restarting...
2023-05-02 17:07:05,520 - distributed.nanny - INFO - Worker process 153042 was killed by signal 15
2023-05-02 17:07:05,616 - distributed.nanny - WARNING - Restarting worker
2023-05-02 17:07:10,151 - distributed.worker - INFO -       Start worker at:    tcp://172.16.3.65:45683
2023-05-02 17:07:10,152 - distributed.worker - INFO -          Listening to:    tcp://172.16.3.65:45683
2023-05-02 17:07:10,152 - distributed.worker - INFO -           Worker name:            SLURMCluster-11
2023-05-02 17:07:10,152 - distributed.worker - INFO -          dashboard at:          172.16.3.65:46794
2023-05-02 17:07:10,152 - distributed.worker - INFO - Waiting to connect to:   tcp://172.16.3.106:33609
2023-05-02 17:07:10,152 - distributed.worker - INFO - -------------------------------------------------
2023-05-02 17:07:10,152 - distributed.worker - INFO -               Threads:                         36
2023-05-02 17:07:10,152 - distributed.worker - INFO -                Memory:                  46.57 GiB
2023-05-02 17:07:10,152 - distributed.worker - INFO -       Local Directory: /tmp/dask-worker-space/worker-a68d_d9n
2023-05-02 17:07:10,152 - distributed.worker - INFO - -------------------------------------------------
2023-05-02 17:07:40,153 - distributed.worker - INFO - Waiting to connect to:   tcp://172.16.3.106:33609
2023-05-02 17:08:05,617 - distributed.nanny - ERROR - Timed out connecting Nanny '<Nanny: tcp://172.16.3.65:37796, threads: 36>' to scheduler 'tcp://172.16.3.106:33609'
2023-05-02 17:08:05,618 - distributed.nanny - INFO - Closing Nanny at 'tcp://172.16.3.65:41084'. Reason: nanny-instantiate-timeout
2023-05-02 17:08:08,279 - distributed.worker - INFO - Stopping worker at tcp://172.16.3.65:45683. Reason: worker-close
2023-05-02 17:08:08,280 - distributed.worker - INFO - Closed worker has not yet started: Status.init
2023-05-02 17:08:08,282 - distributed.nanny - ERROR - Failed to start worker
ConnectionRefusedError: [Errno 111] Connection refused

The above exception was the direct cause of the following exception:

Traceback (most recent call last):
  File "/vortexfs1/home/anthony.meza/mambaforge/envs/atm_rivers/lib/python3.10/site-packages/distributed/comm/core.py", line 292, in connect
    comm = await wait_for(
  File "/vortexfs1/home/anthony.meza/mambaforge/envs/atm_rivers/lib/python3.10/site-packages/distributed/utils.py", line 1850, in wait_for
    return await asyncio.wait_for(fut, timeout)
  File "/vortexfs1/home/anthony.meza/mambaforge/envs/atm_rivers/lib/python3.10/asyncio/tasks.py", line 445, in wait_for
    return fut.result()
  File "/vortexfs1/home/anthony.meza/mambaforge/envs/atm_rivers/lib/python3.10/site-packages/distributed/comm/tcp.py", line 511, in connect
    convert_stream_closed_error(self, e)
  File "/vortexfs1/home/anthony.meza/mambaforge/envs/atm_rivers/lib/python3.10/site-packages/distributed/comm/tcp.py", line 142, in convert_stream_closed_error
    raise CommClosedError(f"in {obj}: {exc.__class__.__name__}: {exc}") from exc
distributed.comm.core.CommClosedError: in <distributed.comm.tcp.TCPConnector object at 0x2aaacb10ee90>: ConnectionRefusedError: [Errno 111] Connection refused

During handling of the above exception, another exception occurred:

Traceback (most recent call last):
  File "/vortexfs1/home/anthony.meza/mambaforge/envs/atm_rivers/lib/python3.10/site-packages/distributed/worker.py", line 1472, in start_unsafe
    await self._register_with_scheduler()
  File "/vortexfs1/home/anthony.meza/mambaforge/envs/atm_rivers/lib/python3.10/site-packages/distributed/worker.py", line 1163, in _register_with_scheduler
    comm = await connect(self.scheduler.address, **self.connection_args)
  File "/vortexfs1/home/anthony.meza/mambaforge/envs/atm_rivers/lib/python3.10/site-packages/distributed/comm/core.py", line 316, in connect
    await asyncio.sleep(backoff)
  File "/vortexfs1/home/anthony.meza/mambaforge/envs/atm_rivers/lib/python3.10/asyncio/tasks.py", line 605, in sleep
    return await future
asyncio.exceptions.CancelledError

During handling of the above exception, another exception occurred:

Traceback (most recent call last):
  File "/vortexfs1/home/anthony.meza/mambaforge/envs/atm_rivers/lib/python3.10/asyncio/tasks.py", line 456, in wait_for
    return fut.result()
asyncio.exceptions.CancelledError

The above exception was the direct cause of the following exception:

Traceback (most recent call last):
  File "/vortexfs1/home/anthony.meza/mambaforge/envs/atm_rivers/lib/python3.10/site-packages/distributed/core.py", line 537, in start
    await wait_for(self.start_unsafe(), timeout=timeout)
  File "/vortexfs1/home/anthony.meza/mambaforge/envs/atm_rivers/lib/python3.10/site-packages/distributed/utils.py", line 1850, in wait_for
    return await asyncio.wait_for(fut, timeout)
  File "/vortexfs1/home/anthony.meza/mambaforge/envs/atm_rivers/lib/python3.10/asyncio/tasks.py", line 458, in wait_for
    raise exceptions.TimeoutError() from exc
asyncio.exceptions.TimeoutError

The above exception was the direct cause of the following exception:

Traceback (most recent call last):
  File "/vortexfs1/home/anthony.meza/mambaforge/envs/atm_rivers/lib/python3.10/site-packages/distributed/nanny.py", line 930, in run
    async with worker:
  File "/vortexfs1/home/anthony.meza/mambaforge/envs/atm_rivers/lib/python3.10/site-packages/distributed/core.py", line 550, in __aenter__
    await self
  File "/vortexfs1/home/anthony.meza/mambaforge/envs/atm_rivers/lib/python3.10/site-packages/distributed/core.py", line 540, in start
    raise asyncio.TimeoutError(
asyncio.exceptions.TimeoutError: Worker start timed out after 60s.
slurmstepd: error: *** JOB 3081330 ON pn015 CANCELLED AT 2023-05-02T19:06:06 DUE TO TIME LIMIT ***
