2023-05-03 13:33:30,189 - distributed.nanny - INFO -         Start Nanny at: 'tcp://172.16.3.169:33760'
2023-05-03 13:33:30,602 - distributed.diskutils - INFO - Found stale lock file and directory '/tmp/dask-worker-space/worker-xddtv08i', purging
2023-05-03 13:33:37,885 - distributed.worker - INFO -       Start worker at:   tcp://172.16.3.169:39030
2023-05-03 13:33:37,885 - distributed.worker - INFO -          Listening to:   tcp://172.16.3.169:39030
2023-05-03 13:33:37,885 - distributed.worker - INFO -           Worker name:             SLURMCluster-0
2023-05-03 13:33:37,885 - distributed.worker - INFO -          dashboard at:         172.16.3.169:38347
2023-05-03 13:33:37,885 - distributed.worker - INFO - Waiting to connect to:    tcp://172.16.3.87:37981
2023-05-03 13:33:37,885 - distributed.worker - INFO - -------------------------------------------------
2023-05-03 13:33:37,885 - distributed.worker - INFO -               Threads:                         36
2023-05-03 13:33:37,886 - distributed.worker - INFO -                Memory:                 178.81 GiB
2023-05-03 13:33:37,886 - distributed.worker - INFO -       Local Directory: /tmp/dask-worker-space/worker-217_hc7g
2023-05-03 13:33:37,886 - distributed.worker - INFO - -------------------------------------------------
2023-05-03 13:33:37,891 - distributed.worker - INFO -         Registered to:    tcp://172.16.3.87:37981
2023-05-03 13:33:37,891 - distributed.worker - INFO - -------------------------------------------------
2023-05-03 13:33:37,891 - distributed.core - INFO - Starting established connection to tcp://172.16.3.87:37981
/vortexfs1/home/anthony.meza/mambaforge/envs/atm_rivers/lib/python3.10/site-packages/scipy/io/_netcdf.py:305: RuntimeWarning: Cannot close a netcdf_file opened with mmap=True, when netcdf_variables or arrays referring to its data still exist. All data arrays obtained from such files refer directly to data on disk, and must be copied before the file can be cleanly closed. (See netcdf_file docstring for more information on mmap.)
  warnings.warn((
2023-05-03 13:40:58,060 - distributed.worker - WARNING - Compute Failed
Key:       ('broadcast_to-concatenate-store-map-7791f33e43c947d705213b399b223994', 82, 6, 0, 0)
Function:  execute_task
args:      ((<function store_chunk at 0x2aab327fc280>, (<function broadcast_to at 0x2aaab6a2a3b0>, (functools.partial(<function mean_agg at 0x2aab33136c20>, dtype=dtype('float32'), axis=(0,), keepdims=False), [{'n': array([[[[16., 16., 16., ..., 16., 16., 16.],
         [16., 16., 16., ..., 16., 16., 16.],
         [16., 16., 16., ..., 16., 16., 16.],
         ...,
         [16., 16., 16., ..., 16., 16., 16.],
         [16., 16., 16., ..., 16., 16., 16.],
         [16., 16., 16., ..., 16., 16., 16.]],

        [[16., 16., 16., ..., 16., 16., 16.],
         [16., 16., 16., ..., 16., 16., 16.],
         [16., 16., 16., ..., 16., 16., 16.],
         ...,
         [16., 16., 16., ..., 16., 16., 16.],
         [16., 16., 16., ..., 16., 16., 16.],
         [16., 16., 16., ..., 16., 16., 16.]]]], dtype=float32), 'total': array([[[[549.6979 , 549.71155, 549.7345 , ...,       nan,       nan,
                nan],
         [549.6628 , 549.69946, 549.7345 , ...,       nan,       nan,
                nan],
 
kwargs:    {}
Exception: "RuntimeError('NetCDF: HDF error')"

HDF5-DIAG: Error detected in HDF5 (1.14.0) thread 1:
  #000: H5D.c line 1390 in H5Dwrite(): can't synchronously write data
    major: Dataset
    minor: Write failed
  #001: H5D.c line 1333 in H5D__write_api_common(): can't write data
    major: Dataset
    minor: Write failed
  #002: H5VLcallback.c line 2282 in H5VL_dataset_write_direct(): dataset write failed
    major: Virtual Object Layer
    minor: Write failed
  #003: H5VLcallback.c line 2237 in H5VL__dataset_write(): dataset write failed
    major: Virtual Object Layer
    minor: Write failed
    major: Dataset
    minor: Write failed
    major: Dataset
thread 2:
:
:
:
