2023-05-04 14:58:06,986 - distributed.nanny - INFO -         Start Nanny at: 'tcp://172.16.3.102:36511'
2023-05-04 14:58:07,373 - distributed.diskutils - INFO - Found stale lock file and directory '/tmp/dask-worker-space/worker-716kn39r', purging
2023-05-04 14:58:09,255 - distributed.worker - INFO -       Start worker at:   tcp://172.16.3.102:38857
2023-05-04 14:58:09,255 - distributed.worker - INFO -          Listening to:   tcp://172.16.3.102:38857
2023-05-04 14:58:09,255 - distributed.worker - INFO -           Worker name:             SLURMCluster-4
2023-05-04 14:58:09,255 - distributed.worker - INFO -          dashboard at:         172.16.3.102:45616
2023-05-04 14:58:09,255 - distributed.worker - INFO - Waiting to connect to:   tcp://172.16.3.106:43862
2023-05-04 14:58:09,255 - distributed.worker - INFO - -------------------------------------------------
2023-05-04 14:58:09,256 - distributed.worker - INFO -               Threads:                         36
2023-05-04 14:58:09,256 - distributed.worker - INFO -                Memory:                 178.81 GiB
2023-05-04 14:58:09,256 - distributed.worker - INFO -       Local Directory: /tmp/dask-worker-space/worker-ycsczdpj
2023-05-04 14:58:09,256 - distributed.worker - INFO - -------------------------------------------------
2023-05-04 14:58:09,261 - distributed.worker - INFO -         Registered to:   tcp://172.16.3.106:43862
2023-05-04 14:58:09,261 - distributed.worker - INFO - -------------------------------------------------
2023-05-04 14:58:09,261 - distributed.core - INFO - Starting established connection to tcp://172.16.3.106:43862
2023-05-04 15:24:44,863 - distributed.core - INFO - Removing comms to tcp://172.16.3.185:41432
2023-05-04 16:25:43,280 - distributed.core - INFO - Removing comms to tcp://172.16.3.65:37409
2023-05-04 16:25:43,286 - distributed.core - INFO - Removing comms to tcp://172.16.3.67:44799
2023-05-04 16:25:43,286 - distributed.core - INFO - Removing comms to tcp://172.16.3.63:33229
2023-05-04 16:25:43,293 - distributed.core - INFO - Removing comms to tcp://172.16.3.68:32915
2023-05-04 16:25:43,324 - distributed.core - INFO - Removing comms to tcp://172.16.3.64:40969
2023-05-04 16:25:43,337 - distributed.core - INFO - Removing comms to tcp://172.16.3.70:38567
2023-05-04 16:25:43,343 - distributed.core - INFO - Removing comms to tcp://172.16.3.69:44899
2023-05-04 16:44:33,562 - distributed.utils_perf - INFO - full garbage collection released 509.42 MiB from 939 reference cycles (threshold: 9.54 MiB)
2023-05-04 16:45:13,683 - distributed.utils_perf - INFO - full garbage collection released 97.46 MiB from 759 reference cycles (threshold: 9.54 MiB)
2023-05-04 16:45:24,791 - distributed.utils_perf - INFO - full garbage collection released 28.82 MiB from 559 reference cycles (threshold: 9.54 MiB)
2023-05-04 16:46:36,296 - distributed.core - INFO - Removing comms to tcp://172.16.3.83:42714
2023-05-04 16:46:36,375 - distributed.worker - ERROR - Worker stream died during communication: tcp://172.16.3.83:42714
Traceback (most recent call last):
  File "/vortexfs1/home/anthony.meza/mambaforge/envs/atm_rivers/lib/python3.10/site-packages/distributed/comm/tcp.py", line 225, in read
    frames_nbytes = await stream.read_bytes(fmt_size)
tornado.iostream.StreamClosedError: Stream is closed

The above exception was the direct cause of the following exception:

Traceback (most recent call last):
  File "/vortexfs1/home/anthony.meza/mambaforge/envs/atm_rivers/lib/python3.10/site-packages/distributed/worker.py", line 2060, in gather_dep
    response = await get_data_from_worker(
  File "/vortexfs1/home/anthony.meza/mambaforge/envs/atm_rivers/lib/python3.10/site-packages/distributed/worker.py", line 2895, in get_data_from_worker
    response = await send_recv(
  File "/vortexfs1/home/anthony.meza/mambaforge/envs/atm_rivers/lib/python3.10/site-packages/distributed/core.py", line 1028, in send_recv
    response = await comm.read(deserializers=deserializers)
  File "/vortexfs1/home/anthony.meza/mambaforge/envs/atm_rivers/lib/python3.10/site-packages/distributed/comm/tcp.py", line 241, in read
    convert_stream_closed_error(self, e)
  File "/vortexfs1/home/anthony.meza/mambaforge/envs/atm_rivers/lib/python3.10/site-packages/distributed/comm/tcp.py", line 144, in convert_stream_closed_error
    raise CommClosedError(f"in {obj}: {exc}") from exc
distributed.comm.core.CommClosedError: in <TCP (closed) Ephemeral Worker->Worker for gather local=tcp://172.16.3.102:46715 remote=tcp://172.16.3.83:42714>: Stream is closed
2023-05-04 16:46:49,441 - distributed.core - INFO - Event loop was unresponsive in Worker for 3.23s.  This is often caused by long-running GIL-holding functions or moving large chunks of data. This can cause timeouts and instability.
2023-05-04 16:46:58,004 - distributed.worker - ERROR - failed during get data with tcp://172.16.3.102:38857 -> tcp://172.16.3.83:42714
Traceback (most recent call last):
  File "/vortexfs1/home/anthony.meza/mambaforge/envs/atm_rivers/lib/python3.10/site-packages/tornado/iostream.py", line 861, in _read_to_buffer
    bytes_read = self.read_from_fd(buf)
  File "/vortexfs1/home/anthony.meza/mambaforge/envs/atm_rivers/lib/python3.10/site-packages/tornado/iostream.py", line 1116, in read_from_fd
    return self.socket.recv_into(buf, len(buf))
ConnectionResetError: [Errno 104] Connection reset by peer

The above exception was the direct cause of the following exception:

Traceback (most recent call last):
  File "/vortexfs1/home/anthony.meza/mambaforge/envs/atm_rivers/lib/python3.10/site-packages/distributed/worker.py", line 1787, in get_data
    response = await comm.read(deserializers=serializers)
  File "/vortexfs1/home/anthony.meza/mambaforge/envs/atm_rivers/lib/python3.10/site-packages/distributed/comm/tcp.py", line 241, in read
    convert_stream_closed_error(self, e)
  File "/vortexfs1/home/anthony.meza/mambaforge/envs/atm_rivers/lib/python3.10/site-packages/distributed/comm/tcp.py", line 142, in convert_stream_closed_error
    raise CommClosedError(f"in {obj}: {exc.__class__.__name__}: {exc}") from exc
distributed.comm.core.CommClosedError: in <TCP (closed)  local=tcp://172.16.3.102:38857 remote=tcp://172.16.3.83:37247>: ConnectionResetError: [Errno 104] Connection reset by peer
2023-05-04 16:46:58,006 - distributed.core - INFO - Lost connection to 'tcp://172.16.3.83:37247'
Traceback (most recent call last):
  File "/vortexfs1/home/anthony.meza/mambaforge/envs/atm_rivers/lib/python3.10/site-packages/tornado/iostream.py", line 861, in _read_to_buffer
    bytes_read = self.read_from_fd(buf)
  File "/vortexfs1/home/anthony.meza/mambaforge/envs/atm_rivers/lib/python3.10/site-packages/tornado/iostream.py", line 1116, in read_from_fd
    return self.socket.recv_into(buf, len(buf))
ConnectionResetError: [Errno 104] Connection reset by peer

The above exception was the direct cause of the following exception:

Traceback (most recent call last):
  File "/vortexfs1/home/anthony.meza/mambaforge/envs/atm_rivers/lib/python3.10/site-packages/distributed/core.py", line 832, in _handle_comm
    result = await result
  File "/vortexfs1/home/anthony.meza/mambaforge/envs/atm_rivers/lib/python3.10/site-packages/distributed/core.py", line 991, in wrapper
    return await func(self, *args, **kwargs)
  File "/vortexfs1/home/anthony.meza/mambaforge/envs/atm_rivers/lib/python3.10/site-packages/distributed/worker.py", line 1787, in get_data
    response = await comm.read(deserializers=serializers)
  File "/vortexfs1/home/anthony.meza/mambaforge/envs/atm_rivers/lib/python3.10/site-packages/distributed/comm/tcp.py", line 241, in read
    convert_stream_closed_error(self, e)
  File "/vortexfs1/home/anthony.meza/mambaforge/envs/atm_rivers/lib/python3.10/site-packages/distributed/comm/tcp.py", line 142, in convert_stream_closed_error
    raise CommClosedError(f"in {obj}: {exc.__class__.__name__}: {exc}") from exc
distributed.comm.core.CommClosedError: in <TCP (closed)  local=tcp://172.16.3.102:38857 remote=tcp://172.16.3.83:37247>: ConnectionResetError: [Errno 104] Connection reset by peer
2023-05-04 16:46:58,006 - distributed.core - INFO - Event loop was unresponsive in Worker for 3.61s.  This is often caused by long-running GIL-holding functions or moving large chunks of data. This can cause timeouts and instability.
2023-05-04 16:47:08,080 - distributed.utils_perf - WARNING - full garbage collections took 13% CPU time recently (threshold: 10%)
2023-05-04 16:47:08,097 - distributed.core - INFO - Event loop was unresponsive in Worker for 3.61s.  This is often caused by long-running GIL-holding functions or moving large chunks of data. This can cause timeouts and instability.
2023-05-04 16:47:19,075 - distributed.utils_perf - WARNING - full garbage collections took 13% CPU time recently (threshold: 10%)
2023-05-04 16:47:19,083 - distributed.core - INFO - Event loop was unresponsive in Worker for 4.00s.  This is often caused by long-running GIL-holding functions or moving large chunks of data. This can cause timeouts and instability.
2023-05-04 16:47:30,133 - distributed.utils_perf - WARNING - full garbage collections took 19% CPU time recently (threshold: 10%)
2023-05-04 16:47:30,196 - distributed.core - INFO - Event loop was unresponsive in Worker for 4.05s.  This is often caused by long-running GIL-holding functions or moving large chunks of data. This can cause timeouts and instability.
2023-05-04 16:47:40,201 - distributed.utils_perf - WARNING - full garbage collections took 32% CPU time recently (threshold: 10%)
2023-05-04 16:47:40,284 - distributed.core - INFO - Event loop was unresponsive in Worker for 4.12s.  This is often caused by long-running GIL-holding functions or moving large chunks of data. This can cause timeouts and instability.
2023-05-04 16:47:51,704 - distributed.utils_perf - WARNING - full garbage collections took 34% CPU time recently (threshold: 10%)
2023-05-04 16:47:51,927 - distributed.core - INFO - Event loop was unresponsive in Worker for 5.17s.  This is often caused by long-running GIL-holding functions or moving large chunks of data. This can cause timeouts and instability.
2023-05-04 16:48:05,050 - distributed.utils_perf - WARNING - full garbage collections took 34% CPU time recently (threshold: 10%)
2023-05-04 16:48:05,053 - distributed.utils_perf - INFO - full garbage collection released 16.12 MiB from 799 reference cycles (threshold: 9.54 MiB)
2023-05-04 16:48:05,081 - distributed.core - INFO - Event loop was unresponsive in Worker for 5.05s.  This is often caused by long-running GIL-holding functions or moving large chunks of data. This can cause timeouts and instability.
2023-05-04 16:48:15,147 - distributed.utils_perf - WARNING - full garbage collections took 34% CPU time recently (threshold: 10%)
2023-05-04 16:48:15,299 - distributed.core - INFO - Event loop was unresponsive in Worker for 4.96s.  This is often caused by long-running GIL-holding functions or moving large chunks of data. This can cause timeouts and instability.
2023-05-04 16:48:27,054 - distributed.utils_perf - WARNING - full garbage collections took 35% CPU time recently (threshold: 10%)
2023-05-04 16:48:27,218 - distributed.core - INFO - Event loop was unresponsive in Worker for 4.80s.  This is often caused by long-running GIL-holding functions or moving large chunks of data. This can cause timeouts and instability.
2023-05-04 16:48:35,117 - distributed.core - INFO - Event loop was unresponsive in Worker for 5.35s.  This is often caused by long-running GIL-holding functions or moving large chunks of data. This can cause timeouts and instability.
2023-05-04 16:48:42,253 - distributed.core - INFO - Event loop was unresponsive in Worker for 7.14s.  This is often caused by long-running GIL-holding functions or moving large chunks of data. This can cause timeouts and instability.
2023-05-04 16:48:55,800 - distributed.utils_perf - WARNING - full garbage collections took 32% CPU time recently (threshold: 10%)
2023-05-04 16:49:07,129 - distributed.utils_perf - WARNING - full garbage collections took 33% CPU time recently (threshold: 10%)
2023-05-04 16:49:32,948 - distributed.worker - ERROR - failed during get data with tcp://172.16.3.102:38857 -> tcp://172.16.3.189:34085
Traceback (most recent call last):
  File "/vortexfs1/home/anthony.meza/mambaforge/envs/atm_rivers/lib/python3.10/site-packages/tornado/iostream.py", line 861, in _read_to_buffer
    bytes_read = self.read_from_fd(buf)
  File "/vortexfs1/home/anthony.meza/mambaforge/envs/atm_rivers/lib/python3.10/site-packages/tornado/iostream.py", line 1116, in read_from_fd
    return self.socket.recv_into(buf, len(buf))
TimeoutError: [Errno 110] Connection timed out

The above exception was the direct cause of the following exception:

Traceback (most recent call last):
  File "/vortexfs1/home/anthony.meza/mambaforge/envs/atm_rivers/lib/python3.10/site-packages/distributed/worker.py", line 1787, in get_data
    response = await comm.read(deserializers=serializers)
  File "/vortexfs1/home/anthony.meza/mambaforge/envs/atm_rivers/lib/python3.10/site-packages/distributed/comm/tcp.py", line 241, in read
    convert_stream_closed_error(self, e)
  File "/vortexfs1/home/anthony.meza/mambaforge/envs/atm_rivers/lib/python3.10/site-packages/distributed/comm/tcp.py", line 142, in convert_stream_closed_error
    raise CommClosedError(f"in {obj}: {exc.__class__.__name__}: {exc}") from exc
distributed.comm.core.CommClosedError: in <TCP (closed)  local=tcp://172.16.3.102:38857 remote=tcp://172.16.3.189:47550>: TimeoutError: [Errno 110] Connection timed out
2023-05-04 16:49:32,953 - distributed.core - INFO - Lost connection to 'tcp://172.16.3.189:47550'
Traceback (most recent call last):
  File "/vortexfs1/home/anthony.meza/mambaforge/envs/atm_rivers/lib/python3.10/site-packages/tornado/iostream.py", line 861, in _read_to_buffer
    bytes_read = self.read_from_fd(buf)
  File "/vortexfs1/home/anthony.meza/mambaforge/envs/atm_rivers/lib/python3.10/site-packages/tornado/iostream.py", line 1116, in read_from_fd
    return self.socket.recv_into(buf, len(buf))
TimeoutError: [Errno 110] Connection timed out

The above exception was the direct cause of the following exception:

Traceback (most recent call last):
  File "/vortexfs1/home/anthony.meza/mambaforge/envs/atm_rivers/lib/python3.10/site-packages/distributed/core.py", line 832, in _handle_comm
    result = await result
  File "/vortexfs1/home/anthony.meza/mambaforge/envs/atm_rivers/lib/python3.10/site-packages/distributed/core.py", line 991, in wrapper
    return await func(self, *args, **kwargs)
  File "/vortexfs1/home/anthony.meza/mambaforge/envs/atm_rivers/lib/python3.10/site-packages/distributed/worker.py", line 1787, in get_data
    response = await comm.read(deserializers=serializers)
  File "/vortexfs1/home/anthony.meza/mambaforge/envs/atm_rivers/lib/python3.10/site-packages/distributed/comm/tcp.py", line 241, in read
    convert_stream_closed_error(self, e)
  File "/vortexfs1/home/anthony.meza/mambaforge/envs/atm_rivers/lib/python3.10/site-packages/distributed/comm/tcp.py", line 142, in convert_stream_closed_error
    raise CommClosedError(f"in {obj}: {exc.__class__.__name__}: {exc}") from exc
distributed.comm.core.CommClosedError: in <TCP (closed)  local=tcp://172.16.3.102:38857 remote=tcp://172.16.3.189:47550>: TimeoutError: [Errno 110] Connection timed out
2023-05-04 16:49:42,168 - distributed.utils_perf - WARNING - full garbage collections took 33% CPU time recently (threshold: 10%)
2023-05-04 16:49:58,920 - distributed.utils_perf - WARNING - full garbage collections took 30% CPU time recently (threshold: 10%)
2023-05-04 16:50:44,232 - distributed.utils_perf - WARNING - full garbage collections took 30% CPU time recently (threshold: 10%)
2023-05-04 16:51:47,244 - distributed.utils_perf - WARNING - full garbage collections took 28% CPU time recently (threshold: 10%)
2023-05-04 16:51:48,460 - distributed.utils_perf - WARNING - full garbage collections took 28% CPU time recently (threshold: 10%)
2023-05-04 16:52:05,022 - distributed.utils_perf - WARNING - full garbage collections took 28% CPU time recently (threshold: 10%)
2023-05-04 16:53:01,970 - distributed.utils_perf - WARNING - full garbage collections took 26% CPU time recently (threshold: 10%)
2023-05-04 16:53:56,888 - distributed.utils_perf - WARNING - full garbage collections took 25% CPU time recently (threshold: 10%)
2023-05-04 16:54:06,636 - distributed.core - INFO - Connection to tcp://172.16.3.106:43862 has been closed.
2023-05-04 16:54:06,637 - distributed.worker - INFO - Stopping worker at tcp://172.16.3.102:38857. Reason: worker-handle-scheduler-connection-broken
2023-05-04 16:54:06,641 - distributed.worker - ERROR - Failed to communicate with scheduler during heartbeat.
Traceback (most recent call last):
  File "/vortexfs1/home/anthony.meza/mambaforge/envs/atm_rivers/lib/python3.10/site-packages/tornado/iostream.py", line 861, in _read_to_buffer
    bytes_read = self.read_from_fd(buf)
  File "/vortexfs1/home/anthony.meza/mambaforge/envs/atm_rivers/lib/python3.10/site-packages/tornado/iostream.py", line 1116, in read_from_fd
    return self.socket.recv_into(buf, len(buf))
ConnectionResetError: [Errno 104] Connection reset by peer

The above exception was the direct cause of the following exception:

Traceback (most recent call last):
  File "/vortexfs1/home/anthony.meza/mambaforge/envs/atm_rivers/lib/python3.10/site-packages/distributed/worker.py", line 1237, in heartbeat
    response = await retry_operation(
  File "/vortexfs1/home/anthony.meza/mambaforge/envs/atm_rivers/lib/python3.10/site-packages/distributed/utils_comm.py", line 434, in retry_operation
    return await retry(
  File "/vortexfs1/home/anthony.meza/mambaforge/envs/atm_rivers/lib/python3.10/site-packages/distributed/utils_comm.py", line 413, in retry
    return await coro()
  File "/vortexfs1/home/anthony.meza/mambaforge/envs/atm_rivers/lib/python3.10/site-packages/distributed/core.py", line 1269, in send_recv_from_rpc
    return await send_recv(comm=comm, op=key, **kwargs)
  File "/vortexfs1/home/anthony.meza/mambaforge/envs/atm_rivers/lib/python3.10/site-packages/distributed/core.py", line 1028, in send_recv
    response = await comm.read(deserializers=deserializers)
  File "/vortexfs1/home/anthony.meza/mambaforge/envs/atm_rivers/lib/python3.10/site-packages/distributed/comm/tcp.py", line 241, in read
    convert_stream_closed_error(self, e)
  File "/vortexfs1/home/anthony.meza/mambaforge/envs/atm_rivers/lib/python3.10/site-packages/distributed/comm/tcp.py", line 142, in convert_stream_closed_error
    raise CommClosedError(f"in {obj}: {exc.__class__.__name__}: {exc}") from exc
distributed.comm.core.CommClosedError: in <TCP (closed) ConnectionPool.heartbeat_worker local=tcp://172.16.3.102:43063 remote=tcp://172.16.3.106:43862>: ConnectionResetError: [Errno 104] Connection reset by peer
2023-05-04 16:54:06,656 - distributed.worker - ERROR - failed during get data with tcp://172.16.3.102:38857 -> tcp://172.16.3.189:34085
Traceback (most recent call last):
  File "/vortexfs1/home/anthony.meza/mambaforge/envs/atm_rivers/lib/python3.10/site-packages/distributed/comm/tcp.py", line 225, in read
    frames_nbytes = await stream.read_bytes(fmt_size)
tornado.iostream.StreamClosedError: Stream is closed

The above exception was the direct cause of the following exception:

Traceback (most recent call last):
  File "/vortexfs1/home/anthony.meza/mambaforge/envs/atm_rivers/lib/python3.10/site-packages/distributed/worker.py", line 1787, in get_data
    response = await comm.read(deserializers=serializers)
  File "/vortexfs1/home/anthony.meza/mambaforge/envs/atm_rivers/lib/python3.10/site-packages/distributed/comm/tcp.py", line 241, in read
    convert_stream_closed_error(self, e)
  File "/vortexfs1/home/anthony.meza/mambaforge/envs/atm_rivers/lib/python3.10/site-packages/distributed/comm/tcp.py", line 144, in convert_stream_closed_error
    raise CommClosedError(f"in {obj}: {exc}") from exc
distributed.comm.core.CommClosedError: in <TCP (closed)  local=tcp://172.16.3.102:38857 remote=tcp://172.16.3.189:47614>: Stream is closed
2023-05-04 16:54:06,661 - distributed.nanny - INFO - Closing Nanny gracefully at 'tcp://172.16.3.102:36511'. Reason: worker-handle-scheduler-connection-broken
2023-05-04 16:54:08,503 - distributed.worker - ERROR - failed during get data with tcp://172.16.3.102:38857 -> tcp://172.16.3.104:39749
Traceback (most recent call last):
  File "/vortexfs1/home/anthony.meza/mambaforge/envs/atm_rivers/lib/python3.10/site-packages/tornado/iostream.py", line 861, in _read_to_buffer
    bytes_read = self.read_from_fd(buf)
  File "/vortexfs1/home/anthony.meza/mambaforge/envs/atm_rivers/lib/python3.10/site-packages/tornado/iostream.py", line 1116, in read_from_fd
    return self.socket.recv_into(buf, len(buf))
ConnectionResetError: [Errno 104] Connection reset by peer

The above exception was the direct cause of the following exception:

Traceback (most recent call last):
  File "/vortexfs1/home/anthony.meza/mambaforge/envs/atm_rivers/lib/python3.10/site-packages/distributed/worker.py", line 1787, in get_data
    response = await comm.read(deserializers=serializers)
  File "/vortexfs1/home/anthony.meza/mambaforge/envs/atm_rivers/lib/python3.10/site-packages/distributed/comm/tcp.py", line 241, in read
    convert_stream_closed_error(self, e)
  File "/vortexfs1/home/anthony.meza/mambaforge/envs/atm_rivers/lib/python3.10/site-packages/distributed/comm/tcp.py", line 142, in convert_stream_closed_error
    raise CommClosedError(f"in {obj}: {exc.__class__.__name__}: {exc}") from exc
distributed.comm.core.CommClosedError: in <TCP (closed)  local=tcp://172.16.3.102:38857 remote=tcp://172.16.3.104:54910>: ConnectionResetError: [Errno 104] Connection reset by peer
2023-05-04 16:54:08,767 - distributed.client - ERROR - 
ConnectionRefusedError: [Errno 111] Connection refused

The above exception was the direct cause of the following exception:

Traceback (most recent call last):
  File "/vortexfs1/home/anthony.meza/mambaforge/envs/atm_rivers/lib/python3.10/site-packages/distributed/comm/core.py", line 292, in connect
    comm = await wait_for(
  File "/vortexfs1/home/anthony.meza/mambaforge/envs/atm_rivers/lib/python3.10/site-packages/distributed/utils.py", line 1878, in wait_for
    return await asyncio.wait_for(fut, timeout)
  File "/vortexfs1/home/anthony.meza/mambaforge/envs/atm_rivers/lib/python3.10/asyncio/tasks.py", line 445, in wait_for
    return fut.result()
  File "/vortexfs1/home/anthony.meza/mambaforge/envs/atm_rivers/lib/python3.10/site-packages/distributed/comm/tcp.py", line 511, in connect
    convert_stream_closed_error(self, e)
  File "/vortexfs1/home/anthony.meza/mambaforge/envs/atm_rivers/lib/python3.10/site-packages/distributed/comm/tcp.py", line 142, in convert_stream_closed_error
    raise CommClosedError(f"in {obj}: {exc.__class__.__name__}: {exc}") from exc
distributed.comm.core.CommClosedError: in <distributed.comm.tcp.TCPConnector object at 0x2aac24608280>: ConnectionRefusedError: [Errno 111] Connection refused

During handling of the above exception, another exception occurred:

Traceback (most recent call last):
  File "/vortexfs1/home/anthony.meza/mambaforge/envs/atm_rivers/lib/python3.10/site-packages/distributed/utils.py", line 754, in wrapper
    return await func(*args, **kwargs)
  File "/vortexfs1/home/anthony.meza/mambaforge/envs/atm_rivers/lib/python3.10/site-packages/distributed/client.py", line 1323, in _reconnect
    await self._ensure_connected(timeout=timeout)
  File "/vortexfs1/home/anthony.meza/mambaforge/envs/atm_rivers/lib/python3.10/site-packages/distributed/client.py", line 1353, in _ensure_connected
    comm = await connect(
  File "/vortexfs1/home/anthony.meza/mambaforge/envs/atm_rivers/lib/python3.10/site-packages/distributed/comm/core.py", line 316, in connect
    await asyncio.sleep(backoff)
  File "/vortexfs1/home/anthony.meza/mambaforge/envs/atm_rivers/lib/python3.10/asyncio/tasks.py", line 605, in sleep
    return await future
asyncio.exceptions.CancelledError
2023-05-04 16:54:10,881 - distributed.client - ERROR - 
ConnectionRefusedError: [Errno 111] Connection refused

The above exception was the direct cause of the following exception:

Traceback (most recent call last):
  File "/vortexfs1/home/anthony.meza/mambaforge/envs/atm_rivers/lib/python3.10/site-packages/distributed/comm/core.py", line 292, in connect
    comm = await wait_for(
  File "/vortexfs1/home/anthony.meza/mambaforge/envs/atm_rivers/lib/python3.10/site-packages/distributed/utils.py", line 1878, in wait_for
    return await asyncio.wait_for(fut, timeout)
  File "/vortexfs1/home/anthony.meza/mambaforge/envs/atm_rivers/lib/python3.10/asyncio/tasks.py", line 445, in wait_for
    return fut.result()
  File "/vortexfs1/home/anthony.meza/mambaforge/envs/atm_rivers/lib/python3.10/site-packages/distributed/comm/tcp.py", line 511, in connect
    convert_stream_closed_error(self, e)
  File "/vortexfs1/home/anthony.meza/mambaforge/envs/atm_rivers/lib/python3.10/site-packages/distributed/comm/tcp.py", line 142, in convert_stream_closed_error
    raise CommClosedError(f"in {obj}: {exc.__class__.__name__}: {exc}") from exc
distributed.comm.core.CommClosedError: in <distributed.comm.tcp.TCPConnector object at 0x2aac6d738c10>: ConnectionRefusedError: [Errno 111] Connection refused

During handling of the above exception, another exception occurred:

Traceback (most recent call last):
  File "/vortexfs1/home/anthony.meza/mambaforge/envs/atm_rivers/lib/python3.10/site-packages/distributed/utils.py", line 754, in wrapper
    return await func(*args, **kwargs)
  File "/vortexfs1/home/anthony.meza/mambaforge/envs/atm_rivers/lib/python3.10/site-packages/distributed/client.py", line 1323, in _reconnect
    await self._ensure_connected(timeout=timeout)
  File "/vortexfs1/home/anthony.meza/mambaforge/envs/atm_rivers/lib/python3.10/site-packages/distributed/client.py", line 1353, in _ensure_connected
    comm = await connect(
  File "/vortexfs1/home/anthony.meza/mambaforge/envs/atm_rivers/lib/python3.10/site-packages/distributed/comm/core.py", line 316, in connect
    await asyncio.sleep(backoff)
  File "/vortexfs1/home/anthony.meza/mambaforge/envs/atm_rivers/lib/python3.10/asyncio/tasks.py", line 605, in sleep
    return await future
asyncio.exceptions.CancelledError
2023-05-04 16:54:10,885 - distributed.nanny - INFO - Worker closed
2023-05-04 16:54:12,887 - distributed.nanny - ERROR - Worker process died unexpectedly
2023-05-04 16:54:22,133 - distributed.nanny - INFO - Closing Nanny at 'tcp://172.16.3.102:36511'. Reason: nanny-close-gracefully
2023-05-04 16:54:22,135 - distributed.dask_worker - INFO - End worker
