2023-04-16 23:19:40,252 - distributed.nanny - INFO -         Start Nanny at: 'tcp://172.16.3.161:34684'
2023-04-16 23:20:01,586 - distributed.worker - INFO -       Start worker at:   tcp://172.16.3.161:35445
2023-04-16 23:20:01,586 - distributed.worker - INFO -          Listening to:   tcp://172.16.3.161:35445
2023-04-16 23:20:01,587 - distributed.worker - INFO -           Worker name:             SLURMCluster-3
2023-04-16 23:20:01,587 - distributed.worker - INFO -          dashboard at:         172.16.3.161:35276
2023-04-16 23:20:01,587 - distributed.worker - INFO - Waiting to connect to:   tcp://172.16.3.167:43521
2023-04-16 23:20:01,587 - distributed.worker - INFO - -------------------------------------------------
2023-04-16 23:20:01,587 - distributed.worker - INFO -               Threads:                         36
2023-04-16 23:20:01,587 - distributed.worker - INFO -                Memory:                 166.71 GiB
2023-04-16 23:20:01,587 - distributed.worker - INFO -       Local Directory: /tmp/dask-worker-space/worker-8a_bhk72
2023-04-16 23:20:01,587 - distributed.worker - INFO - -------------------------------------------------
2023-04-16 23:20:01,594 - distributed.worker - INFO -         Registered to:   tcp://172.16.3.167:43521
2023-04-16 23:20:01,594 - distributed.worker - INFO - -------------------------------------------------
2023-04-16 23:20:01,594 - distributed.core - INFO - Starting established connection to tcp://172.16.3.167:43521
/vortexfs1/home/anthony.meza/.conda/envs/notebook_env/lib/python3.10/site-packages/dask/core.py:119: RuntimeWarning: invalid value encountered in divide
  return func(*(_execute_task(a, cache) for a in args))
2023-04-16 23:22:39,346 - distributed.core - INFO - Event loop was unresponsive in Worker for 5.13s.  This is often caused by long-running GIL-holding functions or moving large chunks of data. This can cause timeouts and instability.
2023-04-16 23:22:46,821 - distributed.core - INFO - Event loop was unresponsive in Worker for 6.83s.  This is often caused by long-running GIL-holding functions or moving large chunks of data. This can cause timeouts and instability.
2023-04-16 23:22:54,777 - distributed.core - INFO - Event loop was unresponsive in Worker for 6.34s.  This is often caused by long-running GIL-holding functions or moving large chunks of data. This can cause timeouts and instability.
2023-04-16 23:24:00,450 - distributed.core - INFO - Event loop was unresponsive in Worker for 4.43s.  This is often caused by long-running GIL-holding functions or moving large chunks of data. This can cause timeouts and instability.
2023-04-16 23:24:06,296 - distributed.core - INFO - Event loop was unresponsive in Worker for 4.24s.  This is often caused by long-running GIL-holding functions or moving large chunks of data. This can cause timeouts and instability.
2023-04-16 23:24:12,160 - distributed.core - INFO - Event loop was unresponsive in Worker for 4.30s.  This is often caused by long-running GIL-holding functions or moving large chunks of data. This can cause timeouts and instability.
2023-04-16 23:24:18,406 - distributed.core - INFO - Event loop was unresponsive in Worker for 4.71s.  This is often caused by long-running GIL-holding functions or moving large chunks of data. This can cause timeouts and instability.
2023-04-16 23:24:24,032 - distributed.core - INFO - Event loop was unresponsive in Worker for 4.10s.  This is often caused by long-running GIL-holding functions or moving large chunks of data. This can cause timeouts and instability.
2023-04-16 23:24:28,685 - distributed.core - INFO - Event loop was unresponsive in Worker for 3.17s.  This is often caused by long-running GIL-holding functions or moving large chunks of data. This can cause timeouts and instability.
2023-04-16 23:24:35,556 - distributed.core - INFO - Event loop was unresponsive in Worker for 4.04s.  This is often caused by long-running GIL-holding functions or moving large chunks of data. This can cause timeouts and instability.
2023-04-16 23:24:41,090 - distributed.core - INFO - Event loop was unresponsive in Worker for 4.06s.  This is often caused by long-running GIL-holding functions or moving large chunks of data. This can cause timeouts and instability.
2023-04-16 23:24:46,835 - distributed.core - INFO - Event loop was unresponsive in Worker for 4.28s.  This is often caused by long-running GIL-holding functions or moving large chunks of data. This can cause timeouts and instability.
2023-04-16 23:24:52,808 - distributed.core - INFO - Event loop was unresponsive in Worker for 4.51s.  This is often caused by long-running GIL-holding functions or moving large chunks of data. This can cause timeouts and instability.
2023-04-16 23:24:58,917 - distributed.core - INFO - Event loop was unresponsive in Worker for 4.64s.  This is often caused by long-running GIL-holding functions or moving large chunks of data. This can cause timeouts and instability.
2023-04-16 23:25:04,589 - distributed.core - INFO - Event loop was unresponsive in Worker for 4.21s.  This is often caused by long-running GIL-holding functions or moving large chunks of data. This can cause timeouts and instability.
2023-04-16 23:26:00,850 - distributed.core - INFO - Event loop was unresponsive in Worker for 4.21s.  This is often caused by long-running GIL-holding functions or moving large chunks of data. This can cause timeouts and instability.
2023-04-16 23:26:06,851 - distributed.core - INFO - Event loop was unresponsive in Worker for 4.44s.  This is often caused by long-running GIL-holding functions or moving large chunks of data. This can cause timeouts and instability.
2023-04-16 23:26:12,659 - distributed.core - INFO - Event loop was unresponsive in Worker for 4.30s.  This is often caused by long-running GIL-holding functions or moving large chunks of data. This can cause timeouts and instability.
2023-04-16 23:26:23,170 - distributed.core - INFO - Event loop was unresponsive in Worker for 6.76s.  This is often caused by long-running GIL-holding functions or moving large chunks of data. This can cause timeouts and instability.
2023-04-16 23:26:30,523 - distributed.core - INFO - Event loop was unresponsive in Worker for 5.79s.  This is often caused by long-running GIL-holding functions or moving large chunks of data. This can cause timeouts and instability.
2023-04-16 23:26:38,053 - distributed.core - INFO - Event loop was unresponsive in Worker for 6.08s.  This is often caused by long-running GIL-holding functions or moving large chunks of data. This can cause timeouts and instability.
2023-04-16 23:26:45,791 - distributed.core - INFO - Event loop was unresponsive in Worker for 6.14s.  This is often caused by long-running GIL-holding functions or moving large chunks of data. This can cause timeouts and instability.
2023-04-16 23:26:52,298 - distributed.core - INFO - Event loop was unresponsive in Worker for 5.06s.  This is often caused by long-running GIL-holding functions or moving large chunks of data. This can cause timeouts and instability.
2023-04-16 23:27:51,043 - distributed.core - INFO - Event loop was unresponsive in Worker for 4.35s.  This is often caused by long-running GIL-holding functions or moving large chunks of data. This can cause timeouts and instability.
2023-04-16 23:27:58,675 - distributed.core - INFO - Event loop was unresponsive in Worker for 6.70s.  This is often caused by long-running GIL-holding functions or moving large chunks of data. This can cause timeouts and instability.
2023-04-16 23:28:06,491 - distributed.core - INFO - Event loop was unresponsive in Worker for 6.28s.  This is often caused by long-running GIL-holding functions or moving large chunks of data. This can cause timeouts and instability.
2023-04-16 23:28:14,076 - distributed.core - INFO - Event loop was unresponsive in Worker for 6.04s.  This is often caused by long-running GIL-holding functions or moving large chunks of data. This can cause timeouts and instability.
2023-04-16 23:28:21,947 - distributed.core - INFO - Event loop was unresponsive in Worker for 6.39s.  This is often caused by long-running GIL-holding functions or moving large chunks of data. This can cause timeouts and instability.
2023-04-16 23:28:28,311 - distributed.core - INFO - Event loop was unresponsive in Worker for 4.88s.  This is often caused by long-running GIL-holding functions or moving large chunks of data. This can cause timeouts and instability.
2023-04-16 23:28:33,168 - distributed.core - INFO - Event loop was unresponsive in Worker for 4.23s.  This is often caused by long-running GIL-holding functions or moving large chunks of data. This can cause timeouts and instability.
2023-04-16 23:29:24,750 - distributed.core - INFO - Event loop was unresponsive in Worker for 4.30s.  This is often caused by long-running GIL-holding functions or moving large chunks of data. This can cause timeouts and instability.
2023-04-16 23:29:30,608 - distributed.core - INFO - Event loop was unresponsive in Worker for 4.29s.  This is often caused by long-running GIL-holding functions or moving large chunks of data. This can cause timeouts and instability.
2023-04-16 23:29:40,948 - distributed.core - INFO - Event loop was unresponsive in Worker for 6.45s.  This is often caused by long-running GIL-holding functions or moving large chunks of data. This can cause timeouts and instability.
2023-04-16 23:29:48,636 - distributed.core - INFO - Event loop was unresponsive in Worker for 6.08s.  This is often caused by long-running GIL-holding functions or moving large chunks of data. This can cause timeouts and instability.
2023-04-16 23:29:55,891 - distributed.core - INFO - Event loop was unresponsive in Worker for 5.80s.  This is often caused by long-running GIL-holding functions or moving large chunks of data. This can cause timeouts and instability.
2023-04-16 23:30:03,435 - distributed.core - INFO - Event loop was unresponsive in Worker for 6.06s.  This is often caused by long-running GIL-holding functions or moving large chunks of data. This can cause timeouts and instability.
2023-04-16 23:30:10,969 - distributed.core - INFO - Event loop was unresponsive in Worker for 6.06s.  This is often caused by long-running GIL-holding functions or moving large chunks of data. This can cause timeouts and instability.
2023-04-16 23:31:06,067 - distributed.core - INFO - Event loop was unresponsive in Worker for 4.21s.  This is often caused by long-running GIL-holding functions or moving large chunks of data. This can cause timeouts and instability.
2023-04-16 23:31:16,237 - distributed.core - INFO - Event loop was unresponsive in Worker for 6.64s.  This is often caused by long-running GIL-holding functions or moving large chunks of data. This can cause timeouts and instability.
2023-04-16 23:31:23,869 - distributed.core - INFO - Event loop was unresponsive in Worker for 6.03s.  This is often caused by long-running GIL-holding functions or moving large chunks of data. This can cause timeouts and instability.
2023-04-16 23:31:31,573 - distributed.core - INFO - Event loop was unresponsive in Worker for 6.18s.  This is often caused by long-running GIL-holding functions or moving large chunks of data. This can cause timeouts and instability.
2023-04-16 23:31:39,443 - distributed.core - INFO - Event loop was unresponsive in Worker for 6.33s.  This is often caused by long-running GIL-holding functions or moving large chunks of data. This can cause timeouts and instability.
2023-04-16 23:31:46,209 - distributed.core - INFO - Event loop was unresponsive in Worker for 5.27s.  This is often caused by long-running GIL-holding functions or moving large chunks of data. This can cause timeouts and instability.
2023-04-16 23:32:27,053 - distributed.core - INFO - Event loop was unresponsive in Worker for 4.32s.  This is often caused by long-running GIL-holding functions or moving large chunks of data. This can cause timeouts and instability.
2023-04-16 23:32:33,075 - distributed.core - INFO - Event loop was unresponsive in Worker for 4.40s.  This is often caused by long-running GIL-holding functions or moving large chunks of data. This can cause timeouts and instability.
2023-04-16 23:32:38,873 - distributed.core - INFO - Event loop was unresponsive in Worker for 4.28s.  This is often caused by long-running GIL-holding functions or moving large chunks of data. This can cause timeouts and instability.
2023-04-16 23:32:48,924 - distributed.core - INFO - Event loop was unresponsive in Worker for 6.47s.  This is often caused by long-running GIL-holding functions or moving large chunks of data. This can cause timeouts and instability.
2023-04-16 23:32:57,043 - distributed.core - INFO - Event loop was unresponsive in Worker for 6.57s.  This is often caused by long-running GIL-holding functions or moving large chunks of data. This can cause timeouts and instability.
2023-04-16 23:33:03,928 - distributed.core - INFO - Event loop was unresponsive in Worker for 5.31s.  This is often caused by long-running GIL-holding functions or moving large chunks of data. This can cause timeouts and instability.
2023-04-16 23:33:11,432 - distributed.core - INFO - Event loop was unresponsive in Worker for 6.84s.  This is often caused by long-running GIL-holding functions or moving large chunks of data. This can cause timeouts and instability.
slurmstepd: error: *** JOB 3065167 ON pn111 CANCELLED AT 2023-04-17T01:19:40 DUE TO TIME LIMIT ***
