2023-04-18 16:37:45,273 - distributed.nanny - INFO -         Start Nanny at: 'tcp://172.16.3.186:40892'
2023-04-18 16:37:45,668 - distributed.diskutils - INFO - Found stale lock file and directory '/tmp/dask-worker-space/worker-2doqf04z', purging
/vortexfs1/home/anthony.meza/.conda/envs/notebook_env/lib/python3.10/contextlib.py:142: UserWarning: Creating scratch directories is taking a surprisingly long time. (2.14s) This is often due to running workers on a network file system. Consider specifying a local-directory to point workers to write scratch data to a local disk.
  next(self.gen)
2023-04-18 16:37:48,687 - distributed.worker - INFO -       Start worker at:   tcp://172.16.3.186:46817
2023-04-18 16:37:48,688 - distributed.worker - INFO -          Listening to:   tcp://172.16.3.186:46817
2023-04-18 16:37:48,688 - distributed.worker - INFO -           Worker name:             SLURMCluster-3
2023-04-18 16:37:48,688 - distributed.worker - INFO -          dashboard at:         172.16.3.186:39189
2023-04-18 16:37:48,688 - distributed.worker - INFO - Waiting to connect to:    tcp://172.16.3.91:35010
2023-04-18 16:37:48,688 - distributed.worker - INFO - -------------------------------------------------
2023-04-18 16:37:48,688 - distributed.worker - INFO -               Threads:                         30
2023-04-18 16:37:48,688 - distributed.worker - INFO -                Memory:                 139.70 GiB
2023-04-18 16:37:48,688 - distributed.worker - INFO -       Local Directory: /tmp/dask-worker-space/worker-jr82tw5q
2023-04-18 16:37:48,688 - distributed.worker - INFO - -------------------------------------------------
2023-04-18 16:37:48,694 - distributed.worker - INFO -         Registered to:    tcp://172.16.3.91:35010
2023-04-18 16:37:48,694 - distributed.worker - INFO - -------------------------------------------------
2023-04-18 16:37:48,694 - distributed.core - INFO - Starting established connection to tcp://172.16.3.91:35010
/vortexfs1/home/anthony.meza/.conda/envs/notebook_env/lib/python3.10/site-packages/xarray/core/common.py:965: FutureWarning: 'base' in .resample() and in Grouper() is deprecated.
The new arguments that you should use are 'offset' or 'origin'.

>>> df.resample(freq="3s", base=2)

becomes:

>>> df.resample(freq="3s", offset="2s")

  grouper = pd.Grouper(
2023-04-18 16:39:18,093 - distributed.core - INFO - Event loop was unresponsive in Worker for 4.28s.  This is often caused by long-running GIL-holding functions or moving large chunks of data. This can cause timeouts and instability.
2023-04-18 16:41:48,853 - distributed.core - INFO - Event loop was unresponsive in Worker for 4.38s.  This is often caused by long-running GIL-holding functions or moving large chunks of data. This can cause timeouts and instability.
2023-04-18 16:42:08,368 - distributed.core - INFO - Event loop was unresponsive in Worker for 5.99s.  This is often caused by long-running GIL-holding functions or moving large chunks of data. This can cause timeouts and instability.
2023-04-18 16:42:32,617 - distributed.core - INFO - Event loop was unresponsive in Worker for 6.28s.  This is often caused by long-running GIL-holding functions or moving large chunks of data. This can cause timeouts and instability.
2023-04-18 16:46:29,660 - distributed.core - INFO - Event loop was unresponsive in Worker for 4.55s.  This is often caused by long-running GIL-holding functions or moving large chunks of data. This can cause timeouts and instability.
2023-04-18 16:47:20,135 - distributed.core - INFO - Event loop was unresponsive in Worker for 4.54s.  This is often caused by long-running GIL-holding functions or moving large chunks of data. This can cause timeouts and instability.
2023-04-18 16:51:41,987 - distributed.core - INFO - Event loop was unresponsive in Worker for 10.93s.  This is often caused by long-running GIL-holding functions or moving large chunks of data. This can cause timeouts and instability.
2023-04-18 16:51:46,312 - distributed.core - INFO - Event loop was unresponsive in Worker for 4.32s.  This is often caused by long-running GIL-holding functions or moving large chunks of data. This can cause timeouts and instability.
2023-04-18 16:52:18,300 - distributed.core - INFO - Event loop was unresponsive in Worker for 5.32s.  This is often caused by long-running GIL-holding functions or moving large chunks of data. This can cause timeouts and instability.
2023-04-18 16:52:25,427 - distributed.core - INFO - Event loop was unresponsive in Worker for 4.29s.  This is often caused by long-running GIL-holding functions or moving large chunks of data. This can cause timeouts and instability.
2023-04-18 16:53:31,738 - distributed.core - INFO - Event loop was unresponsive in Worker for 6.78s.  This is often caused by long-running GIL-holding functions or moving large chunks of data. This can cause timeouts and instability.
2023-04-18 16:54:21,190 - distributed.core - INFO - Event loop was unresponsive in Worker for 3.30s.  This is often caused by long-running GIL-holding functions or moving large chunks of data. This can cause timeouts and instability.
2023-04-18 16:55:31,087 - distributed.core - INFO - Event loop was unresponsive in Worker for 3.81s.  This is often caused by long-running GIL-holding functions or moving large chunks of data. This can cause timeouts and instability.
2023-04-18 16:55:41,556 - distributed.core - INFO - Event loop was unresponsive in Worker for 6.74s.  This is often caused by long-running GIL-holding functions or moving large chunks of data. This can cause timeouts and instability.
2023-04-18 16:56:23,020 - distributed.core - INFO - Event loop was unresponsive in Worker for 4.95s.  This is often caused by long-running GIL-holding functions or moving large chunks of data. This can cause timeouts and instability.
2023-04-18 16:56:38,184 - distributed.core - INFO - Event loop was unresponsive in Worker for 6.37s.  This is often caused by long-running GIL-holding functions or moving large chunks of data. This can cause timeouts and instability.
2023-04-18 16:56:45,092 - distributed.core - INFO - Event loop was unresponsive in Worker for 6.72s.  This is often caused by long-running GIL-holding functions or moving large chunks of data. This can cause timeouts and instability.
2023-04-18 16:58:11,451 - distributed.core - INFO - Event loop was unresponsive in Worker for 7.22s.  This is often caused by long-running GIL-holding functions or moving large chunks of data. This can cause timeouts and instability.
2023-04-18 16:58:55,886 - distributed.core - INFO - Event loop was unresponsive in Worker for 6.65s.  This is often caused by long-running GIL-holding functions or moving large chunks of data. This can cause timeouts and instability.
2023-04-18 16:59:38,021 - distributed.core - INFO - Event loop was unresponsive in Worker for 6.63s.  This is often caused by long-running GIL-holding functions or moving large chunks of data. This can cause timeouts and instability.
2023-04-18 17:00:30,669 - distributed.core - INFO - Event loop was unresponsive in Worker for 4.65s.  This is often caused by long-running GIL-holding functions or moving large chunks of data. This can cause timeouts and instability.
2023-04-18 17:01:47,674 - distributed.core - INFO - Event loop was unresponsive in Worker for 6.42s.  This is often caused by long-running GIL-holding functions or moving large chunks of data. This can cause timeouts and instability.
2023-04-18 17:02:07,010 - distributed.core - INFO - Event loop was unresponsive in Worker for 4.80s.  This is often caused by long-running GIL-holding functions or moving large chunks of data. This can cause timeouts and instability.
2023-04-18 17:02:51,941 - distributed.core - INFO - Event loop was unresponsive in Worker for 3.35s.  This is often caused by long-running GIL-holding functions or moving large chunks of data. This can cause timeouts and instability.
2023-04-18 17:03:05,682 - distributed.core - INFO - Event loop was unresponsive in Worker for 6.53s.  This is often caused by long-running GIL-holding functions or moving large chunks of data. This can cause timeouts and instability.
2023-04-18 17:07:39,510 - distributed.core - INFO - Event loop was unresponsive in Worker for 6.22s.  This is often caused by long-running GIL-holding functions or moving large chunks of data. This can cause timeouts and instability.
2023-04-18 17:09:39,621 - distributed.core - INFO - Event loop was unresponsive in Worker for 4.35s.  This is often caused by long-running GIL-holding functions or moving large chunks of data. This can cause timeouts and instability.
2023-04-18 17:10:27,384 - distributed.core - INFO - Event loop was unresponsive in Worker for 4.89s.  This is often caused by long-running GIL-holding functions or moving large chunks of data. This can cause timeouts and instability.
2023-04-18 17:12:29,199 - distributed.core - INFO - Event loop was unresponsive in Worker for 6.03s.  This is often caused by long-running GIL-holding functions or moving large chunks of data. This can cause timeouts and instability.
2023-04-18 17:13:12,822 - distributed.core - INFO - Event loop was unresponsive in Worker for 5.75s.  This is often caused by long-running GIL-holding functions or moving large chunks of data. This can cause timeouts and instability.
2023-04-18 17:13:55,288 - distributed.core - INFO - Event loop was unresponsive in Worker for 4.61s.  This is often caused by long-running GIL-holding functions or moving large chunks of data. This can cause timeouts and instability.
2023-04-18 17:14:06,536 - distributed.core - INFO - Event loop was unresponsive in Worker for 4.16s.  This is often caused by long-running GIL-holding functions or moving large chunks of data. This can cause timeouts and instability.
2023-04-18 17:14:13,779 - distributed.core - INFO - Event loop was unresponsive in Worker for 3.23s.  This is often caused by long-running GIL-holding functions or moving large chunks of data. This can cause timeouts and instability.
2023-04-18 17:15:33,526 - distributed.core - INFO - Event loop was unresponsive in Worker for 4.35s.  This is often caused by long-running GIL-holding functions or moving large chunks of data. This can cause timeouts and instability.
2023-04-18 17:16:16,835 - distributed.core - INFO - Event loop was unresponsive in Worker for 8.52s.  This is often caused by long-running GIL-holding functions or moving large chunks of data. This can cause timeouts and instability.
2023-04-18 17:16:26,180 - distributed.core - INFO - Event loop was unresponsive in Worker for 4.19s.  This is often caused by long-running GIL-holding functions or moving large chunks of data. This can cause timeouts and instability.
2023-04-18 17:16:55,544 - distributed.core - INFO - Event loop was unresponsive in Worker for 3.27s.  This is often caused by long-running GIL-holding functions or moving large chunks of data. This can cause timeouts and instability.
2023-04-18 17:17:10,000 - distributed.core - INFO - Event loop was unresponsive in Worker for 9.03s.  This is often caused by long-running GIL-holding functions or moving large chunks of data. This can cause timeouts and instability.
2023-04-18 17:17:48,436 - distributed.core - INFO - Event loop was unresponsive in Worker for 7.56s.  This is often caused by long-running GIL-holding functions or moving large chunks of data. This can cause timeouts and instability.
2023-04-18 17:18:07,459 - distributed.core - INFO - Event loop was unresponsive in Worker for 13.19s.  This is often caused by long-running GIL-holding functions or moving large chunks of data. This can cause timeouts and instability.
2023-04-18 17:18:17,333 - distributed.core - INFO - Event loop was unresponsive in Worker for 4.14s.  This is often caused by long-running GIL-holding functions or moving large chunks of data. This can cause timeouts and instability.
2023-04-18 17:20:00,197 - distributed.core - INFO - Event loop was unresponsive in Worker for 4.15s.  This is often caused by long-running GIL-holding functions or moving large chunks of data. This can cause timeouts and instability.
2023-04-18 17:20:06,110 - distributed.core - INFO - Event loop was unresponsive in Worker for 5.91s.  This is often caused by long-running GIL-holding functions or moving large chunks of data. This can cause timeouts and instability.
2023-04-18 17:20:18,141 - distributed.core - INFO - Event loop was unresponsive in Worker for 8.25s.  This is often caused by long-running GIL-holding functions or moving large chunks of data. This can cause timeouts and instability.
2023-04-18 17:21:54,878 - distributed.core - INFO - Event loop was unresponsive in Worker for 4.21s.  This is often caused by long-running GIL-holding functions or moving large chunks of data. This can cause timeouts and instability.
2023-04-18 17:22:07,786 - distributed.core - INFO - Event loop was unresponsive in Worker for 4.21s.  This is often caused by long-running GIL-holding functions or moving large chunks of data. This can cause timeouts and instability.
slurmstepd: error: *** JOB 3066596 ON pn136 CANCELLED AT 2023-04-18T18:37:49 DUE TO TIME LIMIT ***
