2023-04-18 10:50:21,228 - distributed.nanny - INFO -         Start Nanny at: 'tcp://172.16.3.100:36851'
2023-04-18 10:50:30,552 - distributed.worker - INFO -       Start worker at:   tcp://172.16.3.100:46427
2023-04-18 10:50:30,553 - distributed.worker - INFO -          Listening to:   tcp://172.16.3.100:46427
2023-04-18 10:50:30,553 - distributed.worker - INFO -           Worker name:             SLURMCluster-2
2023-04-18 10:50:30,553 - distributed.worker - INFO -          dashboard at:         172.16.3.100:39850
2023-04-18 10:50:30,553 - distributed.worker - INFO - Waiting to connect to:    tcp://172.16.3.91:40166
2023-04-18 10:50:30,553 - distributed.worker - INFO - -------------------------------------------------
2023-04-18 10:50:30,553 - distributed.worker - INFO -               Threads:                         36
2023-04-18 10:50:30,553 - distributed.worker - INFO -                Memory:                 178.81 GiB
2023-04-18 10:50:30,553 - distributed.worker - INFO -       Local Directory: /tmp/dask-worker-space/worker-e1t89rkl
2023-04-18 10:50:30,553 - distributed.worker - INFO - -------------------------------------------------
2023-04-18 10:50:30,560 - distributed.worker - INFO -         Registered to:    tcp://172.16.3.91:40166
2023-04-18 10:50:30,560 - distributed.worker - INFO - -------------------------------------------------
2023-04-18 10:50:30,560 - distributed.core - INFO - Starting established connection to tcp://172.16.3.91:40166
2023-04-18 10:58:04,304 - distributed.core - INFO - Event loop was unresponsive in Worker for 7.36s.  This is often caused by long-running GIL-holding functions or moving large chunks of data. This can cause timeouts and instability.
2023-04-18 11:56:47,309 - distributed.core - INFO - Event loop was unresponsive in Worker for 4.39s.  This is often caused by long-running GIL-holding functions or moving large chunks of data. This can cause timeouts and instability.
2023-04-18 12:05:10,657 - distributed.core - INFO - Event loop was unresponsive in Worker for 4.30s.  This is often caused by long-running GIL-holding functions or moving large chunks of data. This can cause timeouts and instability.
2023-04-18 12:06:36,838 - distributed.core - INFO - Event loop was unresponsive in Worker for 4.74s.  This is often caused by long-running GIL-holding functions or moving large chunks of data. This can cause timeouts and instability.
2023-04-18 12:06:49,398 - distributed.core - INFO - Event loop was unresponsive in Worker for 4.78s.  This is often caused by long-running GIL-holding functions or moving large chunks of data. This can cause timeouts and instability.
2023-04-18 12:06:50,682 - distributed.utils_perf - INFO - full garbage collection released 4.04 GiB from 290 reference cycles (threshold: 9.54 MiB)
2023-04-18 12:07:12,492 - distributed.core - INFO - Event loop was unresponsive in Worker for 4.34s.  This is often caused by long-running GIL-holding functions or moving large chunks of data. This can cause timeouts and instability.
2023-04-18 12:07:24,312 - distributed.core - INFO - Event loop was unresponsive in Worker for 3.16s.  This is often caused by long-running GIL-holding functions or moving large chunks of data. This can cause timeouts and instability.
2023-04-18 12:07:35,523 - distributed.core - INFO - Event loop was unresponsive in Worker for 4.40s.  This is often caused by long-running GIL-holding functions or moving large chunks of data. This can cause timeouts and instability.
2023-04-18 12:07:48,144 - distributed.core - INFO - Event loop was unresponsive in Worker for 4.39s.  This is often caused by long-running GIL-holding functions or moving large chunks of data. This can cause timeouts and instability.
2023-04-18 12:07:56,825 - distributed.core - INFO - Event loop was unresponsive in Worker for 4.37s.  This is often caused by long-running GIL-holding functions or moving large chunks of data. This can cause timeouts and instability.
2023-04-18 12:08:11,210 - distributed.core - INFO - Event loop was unresponsive in Worker for 4.33s.  This is often caused by long-running GIL-holding functions or moving large chunks of data. This can cause timeouts and instability.
2023-04-18 12:08:23,964 - distributed.core - INFO - Event loop was unresponsive in Worker for 4.35s.  This is often caused by long-running GIL-holding functions or moving large chunks of data. This can cause timeouts and instability.
2023-04-18 12:08:29,348 - distributed.core - INFO - Event loop was unresponsive in Worker for 4.30s.  This is often caused by long-running GIL-holding functions or moving large chunks of data. This can cause timeouts and instability.
2023-04-18 12:08:40,110 - distributed.core - INFO - Event loop was unresponsive in Worker for 4.36s.  This is often caused by long-running GIL-holding functions or moving large chunks of data. This can cause timeouts and instability.
2023-04-18 12:08:48,105 - distributed.core - INFO - Event loop was unresponsive in Worker for 4.42s.  This is often caused by long-running GIL-holding functions or moving large chunks of data. This can cause timeouts and instability.
2023-04-18 12:08:53,017 - distributed.core - INFO - Event loop was unresponsive in Worker for 4.32s.  This is often caused by long-running GIL-holding functions or moving large chunks of data. This can cause timeouts and instability.
2023-04-18 12:09:01,567 - distributed.core - INFO - Event loop was unresponsive in Worker for 4.38s.  This is often caused by long-running GIL-holding functions or moving large chunks of data. This can cause timeouts and instability.
2023-04-18 12:09:11,739 - distributed.core - INFO - Event loop was unresponsive in Worker for 8.58s.  This is often caused by long-running GIL-holding functions or moving large chunks of data. This can cause timeouts and instability.
2023-04-18 12:09:21,051 - distributed.core - INFO - Event loop was unresponsive in Worker for 4.33s.  This is often caused by long-running GIL-holding functions or moving large chunks of data. This can cause timeouts and instability.
2023-04-18 12:09:25,463 - distributed.core - INFO - Event loop was unresponsive in Worker for 4.41s.  This is often caused by long-running GIL-holding functions or moving large chunks of data. This can cause timeouts and instability.
2023-04-18 12:09:41,630 - distributed.core - INFO - Event loop was unresponsive in Worker for 13.19s.  This is often caused by long-running GIL-holding functions or moving large chunks of data. This can cause timeouts and instability.
2023-04-18 12:09:54,545 - distributed.core - INFO - Event loop was unresponsive in Worker for 8.87s.  This is often caused by long-running GIL-holding functions or moving large chunks of data. This can cause timeouts and instability.
2023-04-18 12:09:58,753 - distributed.core - INFO - Event loop was unresponsive in Worker for 4.21s.  This is often caused by long-running GIL-holding functions or moving large chunks of data. This can cause timeouts and instability.
2023-04-18 12:10:10,527 - distributed.core - INFO - Event loop was unresponsive in Worker for 8.41s.  This is often caused by long-running GIL-holding functions or moving large chunks of data. This can cause timeouts and instability.
2023-04-18 12:10:18,375 - distributed.core - INFO - Event loop was unresponsive in Worker for 4.36s.  This is often caused by long-running GIL-holding functions or moving large chunks of data. This can cause timeouts and instability.
2023-04-18 12:10:24,655 - distributed.core - INFO - Event loop was unresponsive in Worker for 4.36s.  This is often caused by long-running GIL-holding functions or moving large chunks of data. This can cause timeouts and instability.
2023-04-18 12:10:32,993 - distributed.core - INFO - Event loop was unresponsive in Worker for 4.36s.  This is often caused by long-running GIL-holding functions or moving large chunks of data. This can cause timeouts and instability.
2023-04-18 12:10:38,049 - distributed.core - INFO - Event loop was unresponsive in Worker for 5.03s.  This is often caused by long-running GIL-holding functions or moving large chunks of data. This can cause timeouts and instability.
2023-04-18 12:10:42,498 - distributed.core - INFO - Event loop was unresponsive in Worker for 4.45s.  This is often caused by long-running GIL-holding functions or moving large chunks of data. This can cause timeouts and instability.
2023-04-18 12:10:59,765 - distributed.core - INFO - Event loop was unresponsive in Worker for 4.50s.  This is often caused by long-running GIL-holding functions or moving large chunks of data. This can cause timeouts and instability.
2023-04-18 12:11:08,445 - distributed.core - INFO - Event loop was unresponsive in Worker for 4.42s.  This is often caused by long-running GIL-holding functions or moving large chunks of data. This can cause timeouts and instability.
2023-04-18 12:11:16,173 - distributed.core - INFO - Event loop was unresponsive in Worker for 4.62s.  This is often caused by long-running GIL-holding functions or moving large chunks of data. This can cause timeouts and instability.
2023-04-18 12:12:55,822 - distributed.core - INFO - Event loop was unresponsive in Nanny for 14.31s.  This is often caused by long-running GIL-holding functions or moving large chunks of data. This can cause timeouts and instability.
2023-04-18 12:13:33,216 - distributed.core - INFO - Event loop was unresponsive in Nanny for 10.22s.  This is often caused by long-running GIL-holding functions or moving large chunks of data. This can cause timeouts and instability.
2023-04-18 12:14:06,386 - distributed.core - INFO - Event loop was unresponsive in Nanny for 9.79s.  This is often caused by long-running GIL-holding functions or moving large chunks of data. This can cause timeouts and instability.
2023-04-18 12:14:13,280 - distributed.nanny - INFO - Worker process 389467 was killed by signal 9
2023-04-18 12:14:13,529 - distributed.nanny - WARNING - Restarting worker
slurmstepd: error: *** JOB 3065912 ON pn050 CANCELLED AT 2023-04-18T12:14:28 ***
