2023-05-01 12:52:36,594 - distributed.nanny - INFO -         Start Nanny at: 'tcp://172.16.3.93:34081'
2023-05-01 12:52:38,956 - distributed.worker - INFO -       Start worker at:    tcp://172.16.3.93:37421
2023-05-01 12:52:38,956 - distributed.worker - INFO -          Listening to:    tcp://172.16.3.93:37421
2023-05-01 12:52:38,957 - distributed.worker - INFO -           Worker name:             SLURMCluster-1
2023-05-01 12:52:38,957 - distributed.worker - INFO -          dashboard at:          172.16.3.93:41359
2023-05-01 12:52:38,957 - distributed.worker - INFO - Waiting to connect to:    tcp://172.16.3.62:46243
2023-05-01 12:52:38,957 - distributed.worker - INFO - -------------------------------------------------
2023-05-01 12:52:38,957 - distributed.worker - INFO -               Threads:                         36
2023-05-01 12:52:38,957 - distributed.worker - INFO -                Memory:                 178.81 GiB
2023-05-01 12:52:38,957 - distributed.worker - INFO -       Local Directory: /tmp/dask-worker-space/worker-2maim0v3
2023-05-01 12:52:38,957 - distributed.worker - INFO - -------------------------------------------------
2023-05-01 12:52:38,962 - distributed.worker - INFO -         Registered to:    tcp://172.16.3.62:46243
2023-05-01 12:52:38,962 - distributed.worker - INFO - -------------------------------------------------
2023-05-01 12:52:38,962 - distributed.core - INFO - Starting established connection to tcp://172.16.3.62:46243
/vortexfs1/home/anthony.meza/mambaforge/envs/atm_rivers/lib/python3.10/site-packages/scipy/io/_netcdf.py:305: RuntimeWarning: Cannot close a netcdf_file opened with mmap=True, when netcdf_variables or arrays referring to its data still exist. All data arrays obtained from such files refer directly to data on disk, and must be copied before the file can be cleanly closed. (See netcdf_file docstring for more information on mmap.)
  warnings.warn((
/vortexfs1/home/anthony.meza/mambaforge/envs/atm_rivers/lib/python3.10/site-packages/scipy/io/_netcdf.py:305: RuntimeWarning: Cannot close a netcdf_file opened with mmap=True, when netcdf_variables or arrays referring to its data still exist. All data arrays obtained from such files refer directly to data on disk, and must be copied before the file can be cleanly closed. (See netcdf_file docstring for more information on mmap.)
  warnings.warn((
2023-05-01 12:56:14,213 - distributed.utils_perf - INFO - full garbage collection released 9.81 MiB from 80 reference cycles (threshold: 9.54 MiB)
Exception ignored in: <function CachingFileManager.__del__ at 0x2aaacb8cbf40>
Traceback (most recent call last):
  File "/vortexfs1/home/anthony.meza/mambaforge/envs/atm_rivers/lib/python3.10/site-packages/xarray/backends/file_manager.py", line 249, in __del__
    self.close(needs_lock=False)
  File "/vortexfs1/home/anthony.meza/mambaforge/envs/atm_rivers/lib/python3.10/site-packages/xarray/backends/file_manager.py", line 233, in close
    file.close()
  File "src/netCDF4/_netCDF4.pyx", line 2607, in netCDF4._netCDF4.Dataset.close
  File "src/netCDF4/_netCDF4.pyx", line 2570, in netCDF4._netCDF4.Dataset._close
  File "src/netCDF4/_netCDF4.pyx", line 2014, in netCDF4._netCDF4._ensure_nc_success
RuntimeError: NetCDF: Not a valid ID
Exception ignored in: <function CachingFileManager.__del__ at 0x2aaacb8cbf40>
Traceback (most recent call last):
  File "/vortexfs1/home/anthony.meza/mambaforge/envs/atm_rivers/lib/python3.10/site-packages/xarray/backends/file_manager.py", line 249, in __del__
    self.close(needs_lock=False)
  File "/vortexfs1/home/anthony.meza/mambaforge/envs/atm_rivers/lib/python3.10/site-packages/xarray/backends/file_manager.py", line 233, in close
    file.close()
  File "src/netCDF4/_netCDF4.pyx", line 2607, in netCDF4._netCDF4.Dataset.close
  File "src/netCDF4/_netCDF4.pyx", line 2570, in netCDF4._netCDF4.Dataset._close
  File "src/netCDF4/_netCDF4.pyx", line 2014, in netCDF4._netCDF4._ensure_nc_success
RuntimeError: NetCDF: Not a valid ID
Exception ignored in: <function CachingFileManager.__del__ at 0x2aaacb8cbf40>
Traceback (most recent call last):
  File "/vortexfs1/home/anthony.meza/mambaforge/envs/atm_rivers/lib/python3.10/site-packages/xarray/backends/file_manager.py", line 249, in __del__
    self.close(needs_lock=False)
  File "/vortexfs1/home/anthony.meza/mambaforge/envs/atm_rivers/lib/python3.10/site-packages/xarray/backends/file_manager.py", line 233, in close
    file.close()
  File "src/netCDF4/_netCDF4.pyx", line 2607, in netCDF4._netCDF4.Dataset.close
  File "src/netCDF4/_netCDF4.pyx", line 2570, in netCDF4._netCDF4.Dataset._close
  File "src/netCDF4/_netCDF4.pyx", line 2014, in netCDF4._netCDF4._ensure_nc_success
RuntimeError: NetCDF: Not a valid ID
2023-05-01 12:59:45,578 - distributed.worker - WARNING - Compute Failed
Key:       open_dataset-0c37ddbe-e88e-463f-b677-d5b2a7f33447
Function:  execute_task
args:      ((<function apply at 0x2aaab31256c0>, <function open_dataset at 0x2aaacb90e170>, ['/vortexfs1/share/cdx/hseo/Data/MERCATOR/NEP_daily/1999/06/glorys_NEP_19990602.nc'], (<class 'dict'>, [['engine', 'netcdf4'], ['chunks', (<class 'dict'>, [['latitude', -1], ['longitude', -1], ['time', -1], ['depth', -1]])]])))
kwargs:    {}
Exception: "RuntimeError('NetCDF: Not a valid ID')"

/vortexfs1/home/anthony.meza/mambaforge/envs/atm_rivers/lib/python3.10/site-packages/scipy/io/_netcdf.py:305: RuntimeWarning: Cannot close a netcdf_file opened with mmap=True, when netcdf_variables or arrays referring to its data still exist. All data arrays obtained from such files refer directly to data on disk, and must be copied before the file can be cleanly closed. (See netcdf_file docstring for more information on mmap.)
  warnings.warn((
/vortexfs1/home/anthony.meza/mambaforge/envs/atm_rivers/lib/python3.10/site-packages/scipy/io/_netcdf.py:305: RuntimeWarning: Cannot close a netcdf_file opened with mmap=True, when netcdf_variables or arrays referring to its data still exist. All data arrays obtained from such files refer directly to data on disk, and must be copied before the file can be cleanly closed. (See netcdf_file docstring for more information on mmap.)
  warnings.warn((
/vortexfs1/home/anthony.meza/mambaforge/envs/atm_rivers/lib/python3.10/site-packages/scipy/io/_netcdf.py:305: RuntimeWarning: Cannot close a netcdf_file opened with mmap=True, when netcdf_variables or arrays referring to its data still exist. All data arrays obtained from such files refer directly to data on disk, and must be copied before the file can be cleanly closed. (See netcdf_file docstring for more information on mmap.)
  warnings.warn((
/vortexfs1/home/anthony.meza/mambaforge/envs/atm_rivers/lib/python3.10/site-packages/scipy/io/_netcdf.py:305: RuntimeWarning: Cannot close a netcdf_file opened with mmap=True, when netcdf_variables or arrays referring to its data still exist. All data arrays obtained from such files refer directly to data on disk, and must be copied before the file can be cleanly closed. (See netcdf_file docstring for more information on mmap.)
  warnings.warn((
/vortexfs1/home/anthony.meza/mambaforge/envs/atm_rivers/lib/python3.10/site-packages/scipy/io/_netcdf.py:305: RuntimeWarning: Cannot close a netcdf_file opened with mmap=True, when netcdf_variables or arrays referring to its data still exist. All data arrays obtained from such files refer directly to data on disk, and must be copied before the file can be cleanly closed. (See netcdf_file docstring for more information on mmap.)
  warnings.warn((
/vortexfs1/home/anthony.meza/mambaforge/envs/atm_rivers/lib/python3.10/site-packages/scipy/io/_netcdf.py:305: RuntimeWarning: Cannot close a netcdf_file opened with mmap=True, when netcdf_variables or arrays referring to its data still exist. All data arrays obtained from such files refer directly to data on disk, and must be copied before the file can be cleanly closed. (See netcdf_file docstring for more information on mmap.)
  warnings.warn((
/vortexfs1/home/anthony.meza/mambaforge/envs/atm_rivers/lib/python3.10/site-packages/scipy/io/_netcdf.py:305: RuntimeWarning: Cannot close a netcdf_file opened with mmap=True, when netcdf_variables or arrays referring to its data still exist. All data arrays obtained from such files refer directly to data on disk, and must be copied before the file can be cleanly closed. (See netcdf_file docstring for more information on mmap.)
  warnings.warn((
/vortexfs1/home/anthony.meza/mambaforge/envs/atm_rivers/lib/python3.10/site-packages/scipy/io/_netcdf.py:305: RuntimeWarning: Cannot close a netcdf_file opened with mmap=True, when netcdf_variables or arrays referring to its data still exist. All data arrays obtained from such files refer directly to data on disk, and must be copied before the file can be cleanly closed. (See netcdf_file docstring for more information on mmap.)
  warnings.warn((
/vortexfs1/home/anthony.meza/mambaforge/envs/atm_rivers/lib/python3.10/site-packages/scipy/io/_netcdf.py:305: RuntimeWarning: Cannot close a netcdf_file opened with mmap=True, when netcdf_variables or arrays referring to its data still exist. All data arrays obtained from such files refer directly to data on disk, and must be copied before the file can be cleanly closed. (See netcdf_file docstring for more information on mmap.)
  warnings.warn((
/vortexfs1/home/anthony.meza/mambaforge/envs/atm_rivers/lib/python3.10/site-packages/scipy/io/_netcdf.py:305: RuntimeWarning: Cannot close a netcdf_file opened with mmap=True, when netcdf_variables or arrays referring to its data still exist. All data arrays obtained from such files refer directly to data on disk, and must be copied before the file can be cleanly closed. (See netcdf_file docstring for more information on mmap.)
  warnings.warn((
/vortexfs1/home/anthony.meza/mambaforge/envs/atm_rivers/lib/python3.10/site-packages/scipy/io/_netcdf.py:305: RuntimeWarning: Cannot close a netcdf_file opened with mmap=True, when netcdf_variables or arrays referring to its data still exist. All data arrays obtained from such files refer directly to data on disk, and must be copied before the file can be cleanly closed. (See netcdf_file docstring for more information on mmap.)
  warnings.warn((
2023-05-01 13:20:13,443 - distributed.utils_perf - INFO - full garbage collection released 306.88 MiB from 243 reference cycles (threshold: 9.54 MiB)
slurmstepd: error: *** JOB 3079872 ON pn043 CANCELLED AT 2023-05-01T13:52:55 ***
