2023-05-01 15:31:30,361 - distributed.nanny - INFO -         Start Nanny at: 'tcp://172.16.3.93:33251'
2023-05-01 15:31:33,043 - distributed.worker - INFO -       Start worker at:    tcp://172.16.3.93:41683
2023-05-01 15:31:33,043 - distributed.worker - INFO -          Listening to:    tcp://172.16.3.93:41683
2023-05-01 15:31:33,043 - distributed.worker - INFO -           Worker name:             SLURMCluster-2
2023-05-01 15:31:33,043 - distributed.worker - INFO -          dashboard at:          172.16.3.93:37209
2023-05-01 15:31:33,043 - distributed.worker - INFO - Waiting to connect to:    tcp://172.16.3.62:43030
2023-05-01 15:31:33,043 - distributed.worker - INFO - -------------------------------------------------
2023-05-01 15:31:33,043 - distributed.worker - INFO -               Threads:                         36
2023-05-01 15:31:33,043 - distributed.worker - INFO -                Memory:                  46.57 GiB
2023-05-01 15:31:33,043 - distributed.worker - INFO -       Local Directory: /tmp/dask-worker-space/worker-vtghlc9b
2023-05-01 15:31:33,043 - distributed.worker - INFO - -------------------------------------------------
2023-05-01 15:31:33,048 - distributed.worker - INFO -         Registered to:    tcp://172.16.3.62:43030
2023-05-01 15:31:33,048 - distributed.worker - INFO - -------------------------------------------------
2023-05-01 15:31:33,049 - distributed.core - INFO - Starting established connection to tcp://172.16.3.62:43030
2023-05-01 15:35:12,653 - distributed.utils_perf - INFO - full garbage collection released 15.18 MiB from 229 reference cycles (threshold: 9.54 MiB)
2023-05-01 15:41:29,056 - distributed.utils_perf - INFO - full garbage collection released 10.95 MiB from 558 reference cycles (threshold: 9.54 MiB)
2023-05-01 15:57:19,584 - distributed.utils_perf - INFO - full garbage collection released 21.49 MiB from 1284 reference cycles (threshold: 9.54 MiB)
HDF5-DIAG: Error detected in HDF5 (1.14.0) thread 1:
  #000: H5D.c line 1390 in H5Dwrite(): can't synchronously write data
    major: Dataset
    minor: Write failed
  #001: H5D.c line 1333 in H5D__write_api_common(): can't write data
    major: Dataset
    minor: Write failed
  #002: H5VLcallback.c line 2282 in H5VL_dataset_write_direct(): dataset write failed
    major: Virtual Object Layer
    minor: Write failed
  #003: H5VLcallback.c line 2237 in H5VL__dataset_write(): dataset write failed
    major: Virtual Object Layer
    minor: Write failed
  #004: H5VLnative_dataset.c line 408 in H5VL__native_dataset_write(): can't write data
    major: Dataset
    minor: Write failed
  #005: H5Dio.c line 739 in H5D__write(): can't write data
    major: Dataset
    minor: Write failed
  #006: H5Dcontig.c line 921 in H5D__contig_write(): contiguous write failed
    major: Dataset
    minor: Write failed
  #007: H5Dselect.c line 493 in H5D__select_write(): write error
    major: Dataspace
    minor: Write failed
  #008: H5Dselect.c line 230 in H5D__select_io(): write error
    major: Dataspace
    minor: Write failed
  #009: H5Dcontig.c line 1530 in H5D__contig_writevv(): can't perform vectorized sieve buffer write
    major: Dataset
    minor: Can't operate on object
  #010: H5VM.c line 1400 in H5VM_opvv(): can't perform operation
    major: Internal error (too specific to document in detail)
    minor: Can't operate on object
  #011: H5Dcontig.c line 1283 in H5D__contig_writevv_sieve_cb(): block write failed
    major: Dataset
    minor: Write failed
  #012: H5Fio.c line 190 in H5F_shared_block_write(): write through page buffer failed
    major: Low-level I/O
    minor: Write failed
  #013: H5PB.c line 1017 in H5PB_write(): write through metadata accumulator failed
    major: Page Buffering
    minor: Write failed
  #014: H5Faccum.c line 832 in H5F__accum_write(): file write failed
    major: Low-level I/O
    minor: Write failed
  #015: H5FDint.c line 306 in H5FD_write(): driver write request failed
thread 2:
:
:
:
2023-05-01 16:08:23,141 - distributed.worker - WARNING - Compute Failed
Key:       ('astype-store-map-ec06254cf0adce1d1c77fd526bc2b14b', 677, 1, 0, 0)
Function:  execute_task
args:      ((<function store_chunk at 0x2aab37d94310>, (subgraph_callable-6d38a6af-542e-4ae5-87ae-7c7b9489e528, array(-32767., dtype=float32), 0.0007324442267417908, array([[[[27.980927, 28.009491, 28.04465 , ...,       nan,       nan,
                nan],
         [27.971405, 28.005829, 28.037323, ...,       nan,       nan,
                nan],
         [27.965546, 28.0029  , 28.043917, ...,       nan,       nan,
                nan],
         ...,
         [      nan,       nan,       nan, ...,       nan,       nan,
                nan],
         [      nan,       nan,       nan, ...,       nan,       nan,
                nan],
         [      nan,       nan,       nan, ...,       nan,       nan,
                nan]],

        [[27.971405, 28.000702, 28.035126, ...,       nan,       nan,
                nan],
         [27.961884, 27.996307, 28.028534, ...,       nan,       nan,
                nan],
         [27.956022, 27.993378, 28.034393, ...,       nan,       nan,
                nan],
 
kwargs:    {}
Exception: "RuntimeError('NetCDF: HDF error')"

--- Logging error ---
2023-05-01 16:08:39,081 - distributed.worker - WARNING - Compute Failed
Key:       ('astype-store-map-ec06254cf0adce1d1c77fd526bc2b14b', 677, 2, 0, 0)
Function:  execute_task
args:      ((<function store_chunk at 0x2aab37d94310>, (subgraph_callable-6d38a6af-542e-4ae5-87ae-7c7b9489e528, array(-32767., dtype=float32), 0.0007324442267417908, array([[[[27.947233, 27.976532, 28.010956, ...,       nan,       nan,
                nan],
         [27.93698 , 27.971405, 28.003632, ...,       nan,       nan,
                nan],
         [27.930387, 27.968475, 28.009491, ...,       nan,       nan,
                nan],
         ...,
         [      nan,       nan,       nan, ...,       nan,       nan,
                nan],
         [      nan,       nan,       nan, ...,       nan,       nan,
                nan],
         [      nan,       nan,       nan, ...,       nan,       nan,
                nan]],

        [[27.941374, 27.970673, 28.005096, ...,       nan,       nan,
                nan],
         [27.93112 , 27.965546, 27.997772, ...,       nan,       nan,
                nan],
         [27.924528, 27.962616, 28.0029  , ...,       nan,       nan,
                nan],
 
kwargs:    {}
Exception: "RuntimeError('NetCDF: HDF error')"

--- Logging error ---
2023-05-01 16:08:39,103 - distributed.worker - WARNING - Compute Failed
Key:       ('astype-store-map-ec06254cf0adce1d1c77fd526bc2b14b', 677, 3, 0, 0)
Function:  execute_task
args:      ((<function store_chunk at 0x2aab37d94310>, (subgraph_callable-6d38a6af-542e-4ae5-87ae-7c7b9489e528, array(-32767., dtype=float32), 0.0007324442267417908, array([[[[27.91061 , 27.93698 , 27.977264, ...,       nan,       nan,
                nan],
         [27.898891, 27.933317, 27.970673, ...,       nan,       nan,
                nan],
         [27.890102, 27.92819 , 27.971405, ...,       nan,       nan,
                nan],
         ...,
         [      nan,       nan,       nan, ...,       nan,       nan,
                nan],
         [      nan,       nan,       nan, ...,       nan,       nan,
                nan],
         [      nan,       nan,       nan, ...,       nan,       nan,
                nan]],

        [[27.898159, 27.920134, 27.966278, ...,       nan,       nan,
                nan],
         [27.884975, 27.917936, 27.961884, ...,       nan,       nan,
                nan],
         [27.87399 , 27.912075, 27.959684, ...,       nan,       nan,
                nan],
 
kwargs:    {}
Exception: "RuntimeError('NetCDF: HDF error')"

--- Logging error ---
2023-05-01 16:08:39,488 - distributed.worker - WARNING - Compute Failed
Key:       ('astype-store-map-ec06254cf0adce1d1c77fd526bc2b14b', 677, 4, 0, 0)
Function:  execute_task
args:      ((<function store_chunk at 0x2aab37d94310>, (subgraph_callable-6d38a6af-542e-4ae5-87ae-7c7b9489e528, array(-32767., dtype=float32), 0.0007324442267417908, array([[[[27.90475 , 27.906948, 27.90475 , ...,       nan,       nan,
                nan],
         [27.888638, 27.906216, 27.917936, ...,       nan,       nan,
                nan],
         [27.848354, 27.875454, 27.902554, ...,       nan,       nan,
                nan],
         ...,
         [      nan,       nan,       nan, ...,       nan,       nan,
                nan],
         [      nan,       nan,       nan, ...,       nan,       nan,
                nan],
         [      nan,       nan,       nan, ...,       nan,       nan,
                nan]]]], dtype=float32), 21.0), <xarray.backends.netCDF4_.NetCDF4ArrayWrapper object at 0x2aab7f2f9e80>, (slice(677, 678, None), slice(20, 21, None), slice(0, 745, None), slice(0, 901, None)), None, False))
kwargs:    {}
Exception: "RuntimeError('NetCDF: HDF error')"

--- Logging error ---
2023-05-01 16:09:04,114 - distributed.worker - WARNING - Compute Failed
Key:       ('astype-store-map-ec06254cf0adce1d1c77fd526bc2b14b', 1038, 0, 0, 0)
Function:  execute_task
args:      ((<function store_chunk at 0x2aab37d94310>, (subgraph_callable-6d38a6af-542e-4ae5-87ae-7c7b9489e528, array(-32767., dtype=float32), 0.0007324442267417908, array([[[[25.682516, 25.670797, 25.649555, ...,       nan,       nan,
                nan],
         [25.553606, 25.552874, 25.550676, ...,       nan,       nan,
                nan],
         [25.511124, 25.511124, 25.514053, ...,       nan,       nan,
                nan],
         ...,
         [      nan,       nan,       nan, ...,       nan,       nan,
                nan],
         [      nan,       nan,       nan, ...,       nan,       nan,
                nan],
         [      nan,       nan,       nan, ...,       nan,       nan,
                nan]],

        [[25.658344, 25.647358, 25.626118, ...,       nan,       nan,
                nan],
         [25.52797 , 25.52797 , 25.526505, ...,       nan,       nan,
                nan],
         [25.484756, 25.486221, 25.489883, ...,       nan,       nan,
                nan],
 
kwargs:    {}
Exception: "RuntimeError('NetCDF: HDF error')"

--- Logging error ---
2023-05-01 16:09:04,508 - distributed.worker - WARNING - Compute Failed
Key:       ('astype-store-map-ec06254cf0adce1d1c77fd526bc2b14b', 1038, 1, 0, 0)
Function:  execute_task
args:      ((<function store_chunk at 0x2aab37d94310>, (subgraph_callable-6d38a6af-542e-4ae5-87ae-7c7b9489e528, array(-32767., dtype=float32), 0.0007324442267417908, array([[[[25.58217 , 25.571917, 25.550676, ...,       nan,       nan,
                nan],
         [25.449598, 25.45033 , 25.45033 , ...,       nan,       nan,
                nan],
         [25.407848, 25.409313, 25.413708, ...,       nan,       nan,
                nan],
         ...,
         [      nan,       nan,       nan, ...,       nan,       nan,
                nan],
         [      nan,       nan,       nan, ...,       nan,       nan,
                nan],
         [      nan,       nan,       nan, ...,       nan,       nan,
                nan]],

        [[25.571184, 25.561663, 25.540422, ...,       nan,       nan,
                nan],
         [25.438612, 25.439344, 25.439344, ...,       nan,       nan,
                nan],
         [25.396862, 25.39906 , 25.403454, ...,       nan,       nan,
                nan],
 
kwargs:    {}
Exception: "RuntimeError('NetCDF: HDF error')"

--- Logging error ---
2023-05-01 16:09:04,891 - distributed.worker - WARNING - Compute Failed
Key:       ('astype-store-map-ec06254cf0adce1d1c77fd526bc2b14b', 1038, 2, 0, 0)
Function:  execute_task
args:      ((<function store_chunk at 0x2aab37d94310>, (subgraph_callable-6d38a6af-542e-4ae5-87ae-7c7b9489e528, array(-32767., dtype=float32), 0.0007324442267417908, array([[[[25.540422, 25.5309  , 25.509659, ...,       nan,       nan,
                nan],
         [25.405651, 25.406384, 25.406384, ...,       nan,       nan,
                nan],
         [25.36317 , 25.364635, 25.36903 , ...,       nan,       nan,
                nan],
         ...,
         [      nan,       nan,       nan, ...,       nan,       nan,
                nan],
         [      nan,       nan,       nan, ...,       nan,       nan,
                nan],
         [      nan,       nan,       nan, ...,       nan,       nan,
                nan]],

        [[25.534561, 25.52504 , 25.5038  , ...,       nan,       nan,
                nan],
         [25.398327, 25.399792, 25.39906 , ...,       nan,       nan,
                nan],
         [25.355114, 25.356579, 25.360973, ...,       nan,       nan,
                nan],
 
kwargs:    {}
Exception: "RuntimeError('NetCDF: HDF error')"

--- Logging error ---
2023-05-01 16:09:05,290 - distributed.worker - WARNING - Compute Failed
Key:       ('astype-store-map-ec06254cf0adce1d1c77fd526bc2b14b', 1038, 3, 0, 0)
Function:  execute_task
args:      ((<function store_chunk at 0x2aab37d94310>, (subgraph_callable-6d38a6af-542e-4ae5-87ae-7c7b9489e528, array(-32767., dtype=float32), 0.0007324442267417908, array([[[[25.52211 , 25.514053, 25.492813, ...,       nan,       nan,
                nan],
         [25.367565, 25.370495, 25.371227, ...,       nan,       nan,
                nan],
         [25.318491, 25.320688, 25.32435 , ...,       nan,       nan,
                nan],
         ...,
         [      nan,       nan,       nan, ...,       nan,       nan,
                nan],
         [      nan,       nan,       nan, ...,       nan,       nan,
                nan],
         [      nan,       nan,       nan, ...,       nan,       nan,
                nan]],

        [[25.526505, 25.51918 , 25.499405, ...,       nan,       nan,
                nan],
         [25.361706, 25.3661  , 25.367565, ...,       nan,       nan,
                nan],
         [25.308237, 25.310434, 25.313364, ...,       nan,       nan,
                nan],
 
kwargs:    {}
Exception: "RuntimeError('NetCDF: HDF error')"

--- Logging error ---
2023-05-01 16:09:05,682 - distributed.worker - WARNING - Compute Failed
Key:       ('astype-store-map-ec06254cf0adce1d1c77fd526bc2b14b', 1038, 4, 0, 0)
Function:  execute_task
args:      ((<function store_chunk at 0x2aab37d94310>, (subgraph_callable-6d38a6af-542e-4ae5-87ae-7c7b9489e528, array(-32767., dtype=float32), 0.0007324442267417908, array([[[[25.590961, 25.609272, 25.59975 , ...,       nan,       nan,
                nan],
         [25.407116, 25.43495 , 25.448866, ...,       nan,       nan,
                nan],
         [25.307505, 25.32142 , 25.33314 , ...,       nan,       nan,
                nan],
         ...,
         [      nan,       nan,       nan, ...,       nan,       nan,
                nan],
         [      nan,       nan,       nan, ...,       nan,       nan,
                nan],
         [      nan,       nan,       nan, ...,       nan,       nan,
                nan]]]], dtype=float32), 21.0), <xarray.backends.netCDF4_.NetCDF4ArrayWrapper object at 0x2aab74169240>, (slice(1038, 1039, None), slice(20, 21, None), slice(0, 745, None), slice(0, 901, None)), None, False))
kwargs:    {}
Exception: "RuntimeError('NetCDF: HDF error')"

--- Logging error ---
2023-05-01 16:09:55,414 - distributed.worker - WARNING - Compute Failed
Key:       ('astype-store-map-ec06254cf0adce1d1c77fd526bc2b14b', 7013, 1, 0, 0)
Function:  execute_task
args:      ((<function store_chunk at 0x2aab37d94310>, (subgraph_callable-6d38a6af-542e-4ae5-87ae-7c7b9489e528, array(-32767., dtype=float32), 0.0007324442267417908, array([[[[26.365887, 26.362957, 26.362957, ...,       nan,       nan,
                nan],
         [26.346111, 26.33952 , 26.335123, ...,       nan,       nan,
                nan],
         [26.328531, 26.31901 , 26.310953, ...,       nan,       nan,
                nan],
         ...,
         [      nan,       nan,       nan, ...,       nan,       nan,
                nan],
         [      nan,       nan,       nan, ...,       nan,       nan,
                nan],
         [      nan,       nan,       nan, ...,       nan,       nan,
                nan]],

        [[26.353436, 26.351238, 26.350506, ...,       nan,       nan,
                nan],
         [26.333658, 26.327066, 26.322672, ...,       nan,       nan,
                nan],
         [26.31608 , 26.306559, 26.298502, ...,       nan,       nan,
                nan],
 
kwargs:    {}
Exception: "RuntimeError('NetCDF: HDF error')"

--- Logging error ---
2023-05-01 16:09:57,562 - distributed.worker - WARNING - Compute Failed
Key:       ('astype-store-map-ec06254cf0adce1d1c77fd526bc2b14b', 7013, 0, 0, 0)
Function:  execute_task
args:      ((<function store_chunk at 0x2aab37d94310>, (subgraph_callable-6d38a6af-542e-4ae5-87ae-7c7b9489e528, array(-32767., dtype=float32), 0.0007324442267417908, array([[[[26.488205, 26.486008, 26.48674 , ...,       nan,       nan,
                nan],
         [26.46843 , 26.463303, 26.460371, ...,       nan,       nan,
                nan],
         [26.451582, 26.443525, 26.436934, ...,       nan,       nan,
                nan],
         ...,
         [      nan,       nan,       nan, ...,       nan,       nan,
                nan],
         [      nan,       nan,       nan, ...,       nan,       nan,
                nan],
         [      nan,       nan,       nan, ...,       nan,       nan,
                nan]],

        [[26.45378 , 26.451582, 26.451582, ...,       nan,       nan,
                nan],
         [26.434004, 26.428144, 26.425215, ...,       nan,       nan,
                nan],
         [26.416426, 26.408367, 26.401775, ...,       nan,       nan,
                nan],
 
kwargs:    {}
Exception: "RuntimeError('NetCDF: HDF error')"

--- Logging error ---
2023-05-01 16:09:57,959 - distributed.worker - WARNING - Compute Failed
Key:       ('astype-store-map-ec06254cf0adce1d1c77fd526bc2b14b', 7013, 2, 0, 0)
Function:  execute_task
args:      ((<function store_chunk at 0x2aab37d94310>, (subgraph_callable-6d38a6af-542e-4ae5-87ae-7c7b9489e528, array(-32767., dtype=float32), 0.0007324442267417908, array([[[[26.307291, 26.305094, 26.305826, ...,       nan,       nan,
                nan],
         [26.287514, 26.280922, 26.27726 , ...,       nan,       nan,
                nan],
         [26.269936, 26.260414, 26.252357, ...,       nan,       nan,
                nan],
         ...,
         [      nan,       nan,       nan, ...,       nan,       nan,
                nan],
         [      nan,       nan,       nan, ...,       nan,       nan,
                nan],
         [      nan,       nan,       nan, ...,       nan,       nan,
                nan]],

        [[26.294107, 26.292643, 26.293375, ...,       nan,       nan,
                nan],
         [26.27433 , 26.26847 , 26.264809, ...,       nan,       nan,
                nan],
         [26.257484, 26.24723 , 26.239174, ...,       nan,       nan,
                nan],
 
kwargs:    {}
Exception: "RuntimeError('NetCDF: HDF error')"

--- Logging error ---
2023-05-01 16:09:58,342 - distributed.worker - WARNING - Compute Failed
Key:       ('astype-store-map-ec06254cf0adce1d1c77fd526bc2b14b', 7013, 3, 0, 0)
Function:  execute_task
args:      ((<function store_chunk at 0x2aab37d94310>, (subgraph_callable-6d38a6af-542e-4ae5-87ae-7c7b9489e528, array(-32767., dtype=float32), 0.0007324442267417908, array([[[[26.223793, 26.228188, 26.235512, ...,       nan,       nan,
                nan],
         [26.204748, 26.20255 , 26.203283, ...,       nan,       nan,
                nan],
         [26.187902, 26.18131 , 26.176184, ...,       nan,       nan,
                nan],
         ...,
         [      nan,       nan,       nan, ...,       nan,       nan,
                nan],
         [      nan,       nan,       nan, ...,       nan,       nan,
                nan],
         [      nan,       nan,       nan, ...,       nan,       nan,
                nan]],

        [[26.201086, 26.20841 , 26.218666, ...,       nan,       nan,
                nan],
         [26.182043, 26.182775, 26.185705, ...,       nan,       nan,
                nan],
         [26.165197, 26.162266, 26.159336, ...,       nan,       nan,
                nan],
 
kwargs:    {}
Exception: "RuntimeError('NetCDF: HDF error')"

--- Logging error ---
2023-05-01 16:09:58,784 - distributed.worker - WARNING - Compute Failed
Key:       ('astype-store-map-ec06254cf0adce1d1c77fd526bc2b14b', 6065, 0, 0, 0)
Function:  execute_task
args:      ((<function store_chunk at 0x2aab37d94310>, (subgraph_callable-6d38a6af-542e-4ae5-87ae-7c7b9489e528, array(-32767., dtype=float32), 0.0007324442267417908, array([[[[27.887173, 27.890835, 27.896694, ...,       nan,       nan,
                nan],
         [27.85934 , 27.866665, 27.871792, ...,       nan,       nan,
                nan],
         [27.838833, 27.844692, 27.84103 , ...,       nan,       nan,
                nan],
         ...,
         [      nan,       nan,       nan, ...,       nan,       nan,
                nan],
         [      nan,       nan,       nan, ...,       nan,       nan,
                nan],
         [      nan,       nan,       nan, ...,       nan,       nan,
                nan]],

        [[27.885708, 27.88937 , 27.89523 , ...,       nan,       nan,
                nan],
         [27.857876, 27.8652  , 27.870327, ...,       nan,       nan,
                nan],
         [27.837368, 27.842495, 27.839565, ...,       nan,       nan,
                nan],
 
kwargs:    {}
Exception: "RuntimeError('NetCDF: HDF error')"

--- Logging error ---
2023-05-01 16:09:59,174 - distributed.worker - WARNING - Compute Failed
Key:       ('astype-store-map-ec06254cf0adce1d1c77fd526bc2b14b', 6065, 1, 0, 0)
Function:  execute_task
args:      ((<function store_chunk at 0x2aab37d94310>, (subgraph_callable-6d38a6af-542e-4ae5-87ae-7c7b9489e528, array(-32767., dtype=float32), 0.0007324442267417908, array([[[[27.868862, 27.873257, 27.879848, ...,       nan,       nan,
                nan],
         [27.840298, 27.847622, 27.854214, ...,       nan,       nan,
                nan],
         [27.818323, 27.824915, 27.821985, ...,       nan,       nan,
                nan],
         ...,
         [      nan,       nan,       nan, ...,       nan,       nan,
                nan],
         [      nan,       nan,       nan, ...,       nan,       nan,
                nan],
         [      nan,       nan,       nan, ...,       nan,       nan,
                nan]],

        [[27.8652  , 27.869595, 27.875454, ...,       nan,       nan,
                nan],
         [27.836636, 27.84396 , 27.84982 , ...,       nan,       nan,
                nan],
         [27.814661, 27.82052 , 27.818323, ...,       nan,       nan,
                nan],
 
kwargs:    {}
Exception: "RuntimeError('NetCDF: HDF error')"

--- Logging error ---
2023-05-01 16:09:59,563 - distributed.worker - WARNING - Compute Failed
Key:       ('astype-store-map-ec06254cf0adce1d1c77fd526bc2b14b', 6065, 2, 0, 0)
Function:  execute_task
args:      ((<function store_chunk at 0x2aab37d94310>, (subgraph_callable-6d38a6af-542e-4ae5-87ae-7c7b9489e528, array(-32767., dtype=float32), 0.0007324442267417908, array([[[[27.84982 , 27.854946, 27.860806, ...,       nan,       nan,
                nan],
         [27.821253, 27.82931 , 27.835169, ...,       nan,       nan,
                nan],
         [27.79928 , 27.805872, 27.802942, ...,       nan,       nan,
                nan],
         ...,
         [      nan,       nan,       nan, ...,       nan,       nan,
                nan],
         [      nan,       nan,       nan, ...,       nan,       nan,
                nan],
         [      nan,       nan,       nan, ...,       nan,       nan,
                nan]],

        [[27.846157, 27.850552, 27.857143, ...,       nan,       nan,
                nan],
         [27.816858, 27.824915, 27.831507, ...,       nan,       nan,
                nan],
         [27.794886, 27.801477, 27.79928 , ...,       nan,       nan,
                nan],
 
kwargs:    {}
Exception: "RuntimeError('NetCDF: HDF error')"

--- Logging error ---
2023-05-01 16:09:59,958 - distributed.worker - WARNING - Compute Failed
Key:       ('astype-store-map-ec06254cf0adce1d1c77fd526bc2b14b', 6065, 3, 0, 0)
Function:  execute_task
args:      ((<function store_chunk at 0x2aab37d94310>, (subgraph_callable-6d38a6af-542e-4ae5-87ae-7c7b9489e528, array(-32767., dtype=float32), 0.0007324442267417908, array([[[[27.825647, 27.830774, 27.8381  , ...,       nan,       nan,
                nan],
         [27.797815, 27.806604, 27.813196, ...,       nan,       nan,
                nan],
         [27.77584 , 27.783165, 27.780968, ...,       nan,       nan,
                nan],
         ...,
         [      nan,       nan,       nan, ...,       nan,       nan,
                nan],
         [      nan,       nan,       nan, ...,       nan,       nan,
                nan],
         [      nan,       nan,       nan, ...,       nan,       nan,
                nan]],

        [[27.818323, 27.824183, 27.831507, ...,       nan,       nan,
                nan],
         [27.791224, 27.800745, 27.807337, ...,       nan,       nan,
                nan],
         [27.770714, 27.77877 , 27.77584 , ...,       nan,       nan,
                nan],
 
kwargs:    {}
Exception: "RuntimeError('NetCDF: HDF error')"

--- Logging error ---
2023-05-01 16:10:05,017 - distributed.worker - WARNING - Compute Failed
Key:       ('astype-store-map-ec06254cf0adce1d1c77fd526bc2b14b', 876, 0, 0, 0)
Function:  execute_task
args:      ((<function store_chunk at 0x2aab37d94310>, (subgraph_callable-6d38a6af-542e-4ae5-87ae-7c7b9489e528, array(-32767., dtype=float32), 0.0007324442267417908, array([[[[28.14719 , 28.137669, 28.127415, ...,       nan,       nan,
                nan],
         [28.087132, 28.07834 , 28.068087, ...,       nan,       nan,
                nan],
         [28.043184, 28.03366 , 28.02414 , ...,       nan,       nan,
                nan],
         ...,
         [      nan,       nan,       nan, ...,       nan,       nan,
                nan],
         [      nan,       nan,       nan, ...,       nan,       nan,
                nan],
         [      nan,       nan,       nan, ...,       nan,       nan,
                nan]],

        [[28.140598, 28.131077, 28.121555, ...,       nan,       nan,
                nan],
         [28.080538, 28.071749, 28.062227, ...,       nan,       nan,
                nan],
         [28.03659 , 28.027802, 28.017548, ...,       nan,       nan,
                nan],
 
kwargs:    {}
Exception: "RuntimeError('NetCDF: HDF error')"

--- Logging error ---
2023-05-01 16:10:05,397 - distributed.worker - WARNING - Compute Failed
Key:       ('astype-store-map-ec06254cf0adce1d1c77fd526bc2b14b', 876, 1, 0, 0)
Function:  execute_task
args:      ((<function store_chunk at 0x2aab37d94310>, (subgraph_callable-6d38a6af-542e-4ae5-87ae-7c7b9489e528, array(-32767., dtype=float32), 0.0007324442267417908, array([[[[28.109837, 28.101048, 28.091526, ...,       nan,       nan,
                nan],
         [28.048311, 28.040255, 28.030731, ...,       nan,       nan,
                nan],
         [28.003632, 27.994843, 27.986053, ...,       nan,       nan,
                nan],
         ...,
         [      nan,       nan,       nan, ...,       nan,       nan,
                nan],
         [      nan,       nan,       nan, ...,       nan,       nan,
                nan],
         [      nan,       nan,       nan, ...,       nan,       nan,
                nan]],

        [[28.103977, 28.095188, 28.085665, ...,       nan,       nan,
                nan],
         [28.04172 , 28.03366 , 28.024872, ...,       nan,       nan,
                nan],
         [27.99704 , 27.988983, 27.979462, ...,       nan,       nan,
                nan],
 
kwargs:    {}
Exception: "RuntimeError('NetCDF: HDF error')"

--- Logging error ---
2023-05-01 16:10:05,778 - distributed.worker - WARNING - Compute Failed
Key:       ('astype-store-map-ec06254cf0adce1d1c77fd526bc2b14b', 876, 2, 0, 0)
Function:  execute_task
args:      ((<function store_chunk at 0x2aab37d94310>, (subgraph_callable-6d38a6af-542e-4ae5-87ae-7c7b9489e528, array(-32767., dtype=float32), 0.0007324442267417908, array([[[[28.06296 , 28.05417 , 28.04465 , ...,       nan,       nan,
                nan],
         [27.993378, 27.985321, 27.977264, ...,       nan,       nan,
                nan],
         [27.956755, 27.948698, 27.939909, ...,       nan,       nan,
                nan],
         ...,
         [      nan,       nan,       nan, ...,       nan,       nan,
                nan],
         [      nan,       nan,       nan, ...,       nan,       nan,
                nan],
         [      nan,       nan,       nan, ...,       nan,       nan,
                nan]],

        [[28.035126, 28.026337, 28.016083, ...,       nan,       nan,
                nan],
         [27.959684, 27.950895, 27.943571, ...,       nan,       nan,
                nan],
         [27.926725, 27.919401, 27.911343, ...,       nan,       nan,
                nan],
 
kwargs:    {}
Exception: "RuntimeError('NetCDF: HDF error')"

--- Logging error ---
2023-05-01 17:23:38,684 - distributed.utils_perf - INFO - full garbage collection released 346.81 MiB from 8567 reference cycles (threshold: 9.54 MiB)
--- Logging error ---
2023-05-01 17:28:20,459 - distributed.core - INFO - Connection to tcp://172.16.3.62:43030 has been closed.
2023-05-01 17:28:20,461 - distributed.worker - INFO - Stopping worker at tcp://172.16.3.93:41683. Reason: worker-handle-scheduler-connection-broken
2023-05-01 17:28:20,463 - distributed.worker - ERROR - Failed to communicate with scheduler during heartbeat.
Traceback (most recent call last):
  File "/vortexfs1/home/anthony.meza/mambaforge/envs/atm_rivers/lib/python3.10/site-packages/tornado/iostream.py", line 861, in _read_to_buffer
    bytes_read = self.read_from_fd(buf)
  File "/vortexfs1/home/anthony.meza/mambaforge/envs/atm_rivers/lib/python3.10/site-packages/tornado/iostream.py", line 1116, in read_from_fd
    return self.socket.recv_into(buf, len(buf))
ConnectionResetError: [Errno 104] Connection reset by peer

The above exception was the direct cause of the following exception:

Traceback (most recent call last):
  File "/vortexfs1/home/anthony.meza/mambaforge/envs/atm_rivers/lib/python3.10/site-packages/distributed/worker.py", line 1234, in heartbeat
    response = await retry_operation(
  File "/vortexfs1/home/anthony.meza/mambaforge/envs/atm_rivers/lib/python3.10/site-packages/distributed/utils_comm.py", line 434, in retry_operation
    return await retry(
  File "/vortexfs1/home/anthony.meza/mambaforge/envs/atm_rivers/lib/python3.10/site-packages/distributed/utils_comm.py", line 413, in retry
    return await coro()
  File "/vortexfs1/home/anthony.meza/mambaforge/envs/atm_rivers/lib/python3.10/site-packages/distributed/core.py", line 1268, in send_recv_from_rpc
    return await send_recv(comm=comm, op=key, **kwargs)
  File "/vortexfs1/home/anthony.meza/mambaforge/envs/atm_rivers/lib/python3.10/site-packages/distributed/core.py", line 1027, in send_recv
    response = await comm.read(deserializers=deserializers)
  File "/vortexfs1/home/anthony.meza/mambaforge/envs/atm_rivers/lib/python3.10/site-packages/distributed/comm/tcp.py", line 241, in read
    convert_stream_closed_error(self, e)
  File "/vortexfs1/home/anthony.meza/mambaforge/envs/atm_rivers/lib/python3.10/site-packages/distributed/comm/tcp.py", line 142, in convert_stream_closed_error
    raise CommClosedError(f"in {obj}: {exc.__class__.__name__}: {exc}") from exc
distributed.comm.core.CommClosedError: in <TCP (closed) ConnectionPool.heartbeat_worker local=tcp://172.16.3.93:46323 remote=tcp://172.16.3.62:43030>: ConnectionResetError: [Errno 104] Connection reset by peer
2023-05-01 17:28:20,468 - distributed.nanny - INFO - Closing Nanny gracefully at 'tcp://172.16.3.93:33251'. Reason: worker-handle-scheduler-connection-broken
2023-05-01 17:28:22,585 - distributed.client - ERROR - 
ConnectionRefusedError: [Errno 111] Connection refused

The above exception was the direct cause of the following exception:

Traceback (most recent call last):
  File "/vortexfs1/home/anthony.meza/mambaforge/envs/atm_rivers/lib/python3.10/site-packages/distributed/comm/core.py", line 292, in connect
    comm = await wait_for(
  File "/vortexfs1/home/anthony.meza/mambaforge/envs/atm_rivers/lib/python3.10/site-packages/distributed/utils.py", line 1850, in wait_for
    return await asyncio.wait_for(fut, timeout)
  File "/vortexfs1/home/anthony.meza/mambaforge/envs/atm_rivers/lib/python3.10/asyncio/tasks.py", line 445, in wait_for
    return fut.result()
  File "/vortexfs1/home/anthony.meza/mambaforge/envs/atm_rivers/lib/python3.10/site-packages/distributed/comm/tcp.py", line 511, in connect
    convert_stream_closed_error(self, e)
  File "/vortexfs1/home/anthony.meza/mambaforge/envs/atm_rivers/lib/python3.10/site-packages/distributed/comm/tcp.py", line 142, in convert_stream_closed_error
    raise CommClosedError(f"in {obj}: {exc.__class__.__name__}: {exc}") from exc
distributed.comm.core.CommClosedError: in <distributed.comm.tcp.TCPConnector object at 0x2aac3b065f60>: ConnectionRefusedError: [Errno 111] Connection refused

During handling of the above exception, another exception occurred:

Traceback (most recent call last):
  File "/vortexfs1/home/anthony.meza/mambaforge/envs/atm_rivers/lib/python3.10/site-packages/distributed/utils.py", line 752, in wrapper
    return await func(*args, **kwargs)
  File "/vortexfs1/home/anthony.meza/mambaforge/envs/atm_rivers/lib/python3.10/site-packages/distributed/client.py", line 1321, in _reconnect
    await self._ensure_connected(timeout=timeout)
  File "/vortexfs1/home/anthony.meza/mambaforge/envs/atm_rivers/lib/python3.10/site-packages/distributed/client.py", line 1351, in _ensure_connected
    comm = await connect(
  File "/vortexfs1/home/anthony.meza/mambaforge/envs/atm_rivers/lib/python3.10/site-packages/distributed/comm/core.py", line 316, in connect
    await asyncio.sleep(backoff)
  File "/vortexfs1/home/anthony.meza/mambaforge/envs/atm_rivers/lib/python3.10/asyncio/tasks.py", line 605, in sleep
    return await future
asyncio.exceptions.CancelledError
2023-05-01 17:28:52,590 - distributed.nanny - INFO - Worker closed
2023-05-01 17:28:55,647 - distributed.nanny - INFO - Closing Nanny at 'tcp://172.16.3.93:33251'. Reason: nanny-close-gracefully
2023-05-01 17:28:55,648 - distributed.dask_worker - INFO - End worker
