2023-04-17 20:57:11,541 - distributed.nanny - INFO -         Start Nanny at: 'tcp://172.16.3.86:38127'
2023-04-17 20:57:12,297 - distributed.diskutils - INFO - Found stale lock file and directory '/tmp/dask-worker-space/worker-ivwcqmca', purging
2023-04-17 20:57:29,659 - distributed.worker - INFO -       Start worker at:    tcp://172.16.3.86:46194
2023-04-17 20:57:29,659 - distributed.worker - INFO -          Listening to:    tcp://172.16.3.86:46194
2023-04-17 20:57:29,659 - distributed.worker - INFO -           Worker name:             SLURMCluster-0
2023-04-17 20:57:29,659 - distributed.worker - INFO -          dashboard at:          172.16.3.86:33240
2023-04-17 20:57:29,659 - distributed.worker - INFO - Waiting to connect to:    tcp://172.16.3.64:44111
2023-04-17 20:57:29,659 - distributed.worker - INFO - -------------------------------------------------
2023-04-17 20:57:29,659 - distributed.worker - INFO -               Threads:                         36
2023-04-17 20:57:29,659 - distributed.worker - INFO -                Memory:                 178.81 GiB
2023-04-17 20:57:29,659 - distributed.worker - INFO -       Local Directory: /tmp/dask-worker-space/worker-x7lagysk
2023-04-17 20:57:29,659 - distributed.worker - INFO - -------------------------------------------------
2023-04-17 20:57:29,674 - distributed.worker - INFO -         Registered to:    tcp://172.16.3.64:44111
2023-04-17 20:57:29,674 - distributed.worker - INFO - -------------------------------------------------
2023-04-17 20:57:29,674 - distributed.core - INFO - Starting established connection to tcp://172.16.3.64:44111
2023-04-17 20:58:20,584 - distributed.core - INFO - Event loop was unresponsive in Worker for 3.89s.  This is often caused by long-running GIL-holding functions or moving large chunks of data. This can cause timeouts and instability.
2023-04-17 20:59:09,488 - distributed.core - INFO - Event loop was unresponsive in Worker for 3.01s.  This is often caused by long-running GIL-holding functions or moving large chunks of data. This can cause timeouts and instability.
2023-04-17 21:00:20,486 - distributed.core - INFO - Event loop was unresponsive in Worker for 3.11s.  This is often caused by long-running GIL-holding functions or moving large chunks of data. This can cause timeouts and instability.
2023-04-17 21:29:10,041 - distributed.core - INFO - Connection to tcp://172.16.3.64:44111 has been closed.
2023-04-17 21:29:10,041 - distributed.worker - INFO - Stopping worker at tcp://172.16.3.86:46194. Reason: worker-handle-scheduler-connection-broken
2023-04-17 21:29:10,047 - distributed.nanny - INFO - Closing Nanny gracefully at 'tcp://172.16.3.86:38127'. Reason: worker-handle-scheduler-connection-broken
2023-04-17 21:29:15,504 - distributed.client - ERROR - 
ConnectionRefusedError: [Errno 111] Connection refused

The above exception was the direct cause of the following exception:

Traceback (most recent call last):
  File "/vortexfs1/home/anthony.meza/.conda/envs/notebook_env/lib/python3.10/site-packages/distributed/comm/core.py", line 291, in connect
    comm = await asyncio.wait_for(
  File "/vortexfs1/home/anthony.meza/.conda/envs/notebook_env/lib/python3.10/asyncio/tasks.py", line 445, in wait_for
    return fut.result()
  File "/vortexfs1/home/anthony.meza/.conda/envs/notebook_env/lib/python3.10/site-packages/distributed/comm/tcp.py", line 511, in connect
    convert_stream_closed_error(self, e)
  File "/vortexfs1/home/anthony.meza/.conda/envs/notebook_env/lib/python3.10/site-packages/distributed/comm/tcp.py", line 142, in convert_stream_closed_error
    raise CommClosedError(f"in {obj}: {exc.__class__.__name__}: {exc}") from exc
distributed.comm.core.CommClosedError: in <distributed.comm.tcp.TCPConnector object at 0x2aaac76c4550>: ConnectionRefusedError: [Errno 111] Connection refused

During handling of the above exception, another exception occurred:

Traceback (most recent call last):
  File "/vortexfs1/home/anthony.meza/.conda/envs/notebook_env/lib/python3.10/site-packages/distributed/utils.py", line 742, in wrapper
    return await func(*args, **kwargs)
  File "/vortexfs1/home/anthony.meza/.conda/envs/notebook_env/lib/python3.10/site-packages/distributed/client.py", line 1298, in _reconnect
    await self._ensure_connected(timeout=timeout)
  File "/vortexfs1/home/anthony.meza/.conda/envs/notebook_env/lib/python3.10/site-packages/distributed/client.py", line 1328, in _ensure_connected
    comm = await connect(
  File "/vortexfs1/home/anthony.meza/.conda/envs/notebook_env/lib/python3.10/site-packages/distributed/comm/core.py", line 315, in connect
    await asyncio.sleep(backoff)
  File "/vortexfs1/home/anthony.meza/.conda/envs/notebook_env/lib/python3.10/asyncio/tasks.py", line 605, in sleep
    return await future
asyncio.exceptions.CancelledError

Traceback (most recent call last):
  File "/vortexfs1/home/anthony.meza/.conda/envs/notebook_env/lib/python3.10/site-packages/distributed/comm/tcp.py", line 225, in read
    frames_nbytes = await stream.read_bytes(fmt_size)
tornado.iostream.StreamClosedError: Stream is closed

The above exception was the direct cause of the following exception:

Traceback (most recent call last):
  File "/vortexfs1/home/anthony.meza/.conda/envs/notebook_env/lib/python3.10/site-packages/distributed/client.py", line 1500, in _handle_report
    msgs = await self.scheduler_comm.comm.read()
  File "/vortexfs1/home/anthony.meza/.conda/envs/notebook_env/lib/python3.10/site-packages/distributed/comm/tcp.py", line 241, in read
    convert_stream_closed_error(self, e)
  File "/vortexfs1/home/anthony.meza/.conda/envs/notebook_env/lib/python3.10/site-packages/distributed/comm/tcp.py", line 144, in convert_stream_closed_error
    raise CommClosedError(f"in {obj}: {exc}") from exc
distributed.comm.core.CommClosedError: in <TCP (closed) Client->Scheduler local=tcp://172.16.3.86:36717 remote=tcp://172.16.3.64:44111>: Stream is closed

During handling of the above exception, another exception occurred:

Traceback (most recent call last):
  File "/vortexfs1/home/anthony.meza/.conda/envs/notebook_env/lib/python3.10/site-packages/distributed/utils.py", line 742, in wrapper
    return await func(*args, **kwargs)
  File "/vortexfs1/home/anthony.meza/.conda/envs/notebook_env/lib/python3.10/site-packages/distributed/client.py", line 1508, in _handle_report
    await self._reconnect()
  File "/vortexfs1/home/anthony.meza/.conda/envs/notebook_env/lib/python3.10/site-packages/distributed/utils.py", line 742, in wrapper
    return await func(*args, **kwargs)
  File "/vortexfs1/home/anthony.meza/.conda/envs/notebook_env/lib/python3.10/site-packages/distributed/client.py", line 1298, in _reconnect
    await self._ensure_connected(timeout=timeout)
  File "/vortexfs1/home/anthony.meza/.conda/envs/notebook_env/lib/python3.10/site-packages/distributed/client.py", line 1328, in _ensure_connected
    comm = await connect(
  File "/vortexfs1/home/anthony.meza/.conda/envs/notebook_env/lib/python3.10/site-packages/distributed/comm/core.py", line 315, in connect
    await asyncio.sleep(backoff)
  File "/vortexfs1/home/anthony.meza/.conda/envs/notebook_env/lib/python3.10/asyncio/tasks.py", line 605, in sleep
    return await future
asyncio.exceptions.CancelledError
2023-04-17 21:29:45,623 - distributed.nanny - INFO - Worker closed
2023-04-17 21:29:48,046 - distributed.nanny - ERROR - Worker process died unexpectedly
slurmstepd: error: *** JOB 3065784 ON pn036 CANCELLED AT 2023-04-17T21:34:28 ***
